<?xml version="1.0" encoding="UTF-8" standalone="no"?>
<!DOCTYPE report PUBLIC "-//JACOCO//DTD Report 1.1//EN" "report.dtd"[]>
<report name="Pester (03/08/2026 18:14:49)">
  <sessioninfo id="this" start="1772993685121" dump="1772993689046" />
  <package name="netclean">
    <class name="netclean/NetClean" sourcefilename="NetClean.ps1">
      <method name="&lt;script&gt;" desc="()" line="47">
        <counter type="INSTRUCTION" missed="25" covered="0" />
        <counter type="LINE" missed="25" covered="0" />
        <counter type="METHOD" missed="1" covered="0" />
      </method>
      <method name="Start-NetCleanLog" desc="()" line="110">
        <counter type="INSTRUCTION" missed="12" covered="0" />
        <counter type="LINE" missed="6" covered="0" />
        <counter type="METHOD" missed="1" covered="0" />
      </method>
      <method name="Write-NetCleanLog" desc="()" line="146">
        <counter type="INSTRUCTION" missed="10" covered="0" />
        <counter type="LINE" missed="8" covered="0" />
        <counter type="METHOD" missed="1" covered="0" />
      </method>
      <method name="Test-NetCleanAdministrator" desc="()" line="178">
        <counter type="INSTRUCTION" missed="4" covered="0" />
        <counter type="LINE" missed="4" covered="0" />
        <counter type="METHOD" missed="1" covered="0" />
      </method>
      <method name="Read-YesNo" desc="()" line="212">
        <counter type="INSTRUCTION" missed="15" covered="0" />
        <counter type="LINE" missed="10" covered="0" />
        <counter type="METHOD" missed="1" covered="0" />
      </method>
      <method name="Show-NetCleanBanner" desc="()" line="243">
        <counter type="INSTRUCTION" missed="8" covered="0" />
        <counter type="LINE" missed="8" covered="0" />
        <counter type="METHOD" missed="1" covered="0" />
      </method>
      <method name="Show-NetCleanMenu" desc="()" line="265">
        <counter type="INSTRUCTION" missed="15" covered="0" />
        <counter type="LINE" missed="15" covered="0" />
        <counter type="METHOD" missed="1" covered="0" />
      </method>
      <method name="Read-NetCleanMenuSelection" desc="()" line="300">
        <counter type="INSTRUCTION" missed="12" covered="0" />
        <counter type="LINE" missed="12" covered="0" />
        <counter type="METHOD" missed="1" covered="0" />
      </method>
      <method name="Show-ModeExplanation" desc="()" line="337">
        <counter type="INSTRUCTION" missed="29" covered="0" />
        <counter type="LINE" missed="29" covered="0" />
        <counter type="METHOD" missed="1" covered="0" />
      </method>
      <method name="Read-NetCleanOption" desc="()" line="406">
        <counter type="INSTRUCTION" missed="28" covered="0" />
        <counter type="LINE" missed="23" covered="0" />
        <counter type="METHOD" missed="1" covered="0" />
      </method>
      <method name="Show-NetCleanSummary" desc="()" line="468">
        <counter type="INSTRUCTION" missed="62" covered="0" />
        <counter type="LINE" missed="41" covered="0" />
        <counter type="METHOD" missed="1" covered="0" />
      </method>
      <method name="Show-PreviewSummary" desc="()" line="543">
        <counter type="INSTRUCTION" missed="17" covered="0" />
        <counter type="LINE" missed="12" covered="0" />
        <counter type="METHOD" missed="1" covered="0" />
      </method>
      <method name="Read-PostRunAction" desc="()" line="563">
        <counter type="INSTRUCTION" missed="9" covered="0" />
        <counter type="LINE" missed="9" covered="0" />
        <counter type="METHOD" missed="1" covered="0" />
      </method>
      <method name="Invoke-PostRunAction" desc="()" line="604">
        <counter type="INSTRUCTION" missed="8" covered="0" />
        <counter type="LINE" missed="8" covered="0" />
        <counter type="METHOD" missed="1" covered="0" />
      </method>
      <method name="Invoke-NetCleanLauncher" desc="()" line="648">
        <counter type="INSTRUCTION" missed="24" covered="0" />
        <counter type="LINE" missed="22" covered="0" />
        <counter type="METHOD" missed="1" covered="0" />
      </method>
      <counter type="INSTRUCTION" missed="278" covered="0" />
      <counter type="LINE" missed="232" covered="0" />
      <counter type="METHOD" missed="15" covered="0" />
      <counter type="CLASS" missed="1" covered="0" />
    </class>
    <class name="netclean/NetClean" sourcefilename="NetClean.psm1">
      <method name="&lt;script&gt;" desc="()" line="24">
        <counter type="INSTRUCTION" missed="17" covered="0" />
        <counter type="LINE" missed="17" covered="0" />
        <counter type="METHOD" missed="1" covered="0" />
      </method>
      <method name="Convert-RegKeyPath" desc="()" line="50">
        <counter type="INSTRUCTION" missed="4" covered="12" />
        <counter type="LINE" missed="4" covered="9" />
        <counter type="METHOD" missed="0" covered="1" />
      </method>
      <method name="Convert-Guid" desc="()" line="95">
        <counter type="INSTRUCTION" missed="6" covered="0" />
        <counter type="LINE" missed="6" covered="0" />
        <counter type="METHOD" missed="1" covered="0" />
      </method>
      <method name="Convert-RegToProviderPath" desc="()" line="126">
        <counter type="INSTRUCTION" missed="23" covered="0" />
        <counter type="LINE" missed="13" covered="0" />
        <counter type="METHOD" missed="1" covered="0" />
      </method>
      <method name="Test-RegistryPathExist" desc="()" line="166">
        <counter type="INSTRUCTION" missed="4" covered="0" />
        <counter type="LINE" missed="3" covered="0" />
        <counter type="METHOD" missed="1" covered="0" />
      </method>
      <method name="Get-RegistryValuesSafe" desc="()" line="197">
        <counter type="INSTRUCTION" missed="3" covered="0" />
        <counter type="LINE" missed="3" covered="0" />
        <counter type="METHOD" missed="1" covered="0" />
      </method>
      <method name="Get-RegistryChildKeyNamesSafe" desc="()" line="228">
        <counter type="INSTRUCTION" missed="5" covered="0" />
        <counter type="LINE" missed="3" covered="0" />
        <counter type="METHOD" missed="1" covered="0" />
      </method>
      <method name="Get-UniqueNonEmptyString" desc="()" line="259">
        <counter type="INSTRUCTION" missed="5" covered="11" />
        <counter type="LINE" missed="5" covered="8" />
        <counter type="METHOD" missed="0" covered="1" />
      </method>
      <method name="Add-HashSetValue" desc="()" line="310">
        <counter type="INSTRUCTION" missed="12" covered="0" />
        <counter type="LINE" missed="11" covered="0" />
        <counter type="METHOD" missed="1" covered="0" />
      </method>
      <method name="Compare-StringSet" desc="()" line="358">
        <counter type="INSTRUCTION" missed="0" covered="15" />
        <counter type="LINE" missed="0" covered="7" />
        <counter type="METHOD" missed="0" covered="1" />
      </method>
      <method name="New-DirectoryIfNotExist" desc="()" line="391">
        <counter type="INSTRUCTION" missed="5" covered="0" />
        <counter type="LINE" missed="3" covered="0" />
        <counter type="METHOD" missed="1" covered="0" />
      </method>
      <method name="Get-NormalizedFilePathFromCommandLine" desc="()" line="425">
        <counter type="INSTRUCTION" missed="10" covered="0" />
        <counter type="LINE" missed="8" covered="0" />
        <counter type="METHOD" missed="1" covered="0" />
      </method>
      <method name="Resolve-VendorFromText" desc="()" line="463">
        <counter type="INSTRUCTION" missed="52" covered="0" />
        <counter type="LINE" missed="28" covered="0" />
        <counter type="METHOD" missed="1" covered="0" />
      </method>
      <method name="Get-FileMetadatum" desc="()" line="525">
        <counter type="INSTRUCTION" missed="36" covered="0" />
        <counter type="LINE" missed="35" covered="0" />
        <counter type="METHOD" missed="1" covered="0" />
      </method>
      <method name="Get-VendorRootsFromInstallPath" desc="()" line="608">
        <counter type="INSTRUCTION" missed="19" covered="0" />
        <counter type="LINE" missed="18" covered="0" />
        <counter type="METHOD" missed="1" covered="0" />
      </method>
      <method name="Invoke-ExternalCommandSafe" desc="()" line="681">
        <counter type="INSTRUCTION" missed="7" covered="27" />
        <counter type="LINE" missed="7" covered="25" />
        <counter type="METHOD" missed="0" covered="1" />
      </method>
      <method name="Test-RegistryPathProtected" desc="()" line="756">
        <counter type="INSTRUCTION" missed="8" covered="0" />
        <counter type="LINE" missed="7" covered="0" />
        <counter type="METHOD" missed="1" covered="0" />
      </method>
      <method name="Get-VendorSignature" desc="()" line="797">
        <counter type="INSTRUCTION" missed="127" covered="0" />
        <counter type="LINE" missed="75" covered="0" />
        <counter type="METHOD" missed="1" covered="0" />
      </method>
      <method name="Test-VendorPatternMatch" desc="()" line="914">
        <counter type="INSTRUCTION" missed="14" covered="0" />
        <counter type="LINE" missed="11" covered="0" />
        <counter type="METHOD" missed="1" covered="0" />
      </method>
      <method name="Get-WfpStateEvidence" desc="()" line="967">
        <counter type="INSTRUCTION" missed="54" covered="0" />
        <counter type="LINE" missed="40" covered="0" />
        <counter type="METHOD" missed="1" covered="0" />
      </method>
      <method name="Get-NdisFilterClassEvidence" desc="()" line="1055">
        <counter type="INSTRUCTION" missed="36" covered="0" />
        <counter type="LINE" missed="31" covered="0" />
        <counter type="METHOD" missed="1" covered="0" />
      </method>
      <method name="Get-NdisServiceBindingEvidence" desc="()" line="1120">
        <counter type="INSTRUCTION" missed="59" covered="0" />
        <counter type="LINE" missed="40" covered="0" />
        <counter type="METHOD" missed="1" covered="0" />
      </method>
      <method name="Get-MsiRegistryEvidence" desc="()" line="1194">
        <counter type="INSTRUCTION" missed="31" covered="0" />
        <counter type="LINE" missed="28" covered="0" />
        <counter type="METHOD" missed="1" covered="0" />
      </method>
      <method name="Get-InfFileEvidence" desc="()" line="1256">
        <counter type="INSTRUCTION" missed="52" covered="0" />
        <counter type="LINE" missed="46" covered="0" />
        <counter type="METHOD" missed="1" covered="0" />
      </method>
      <method name="Get-ScheduledTaskEvidence" desc="()" line="1347">
        <counter type="INSTRUCTION" missed="34" covered="0" />
        <counter type="LINE" missed="31" covered="0" />
        <counter type="METHOD" missed="1" covered="0" />
      </method>
      <method name="Get-AppxPackageEvidence" desc="()" line="1413">
        <counter type="INSTRUCTION" missed="26" covered="0" />
        <counter type="LINE" missed="25" covered="0" />
        <counter type="METHOD" missed="1" covered="0" />
      </method>
      <method name="Get-ProtectionEvidence" desc="()" line="1471">
        <counter type="INSTRUCTION" missed="300" covered="0" />
        <counter type="LINE" missed="201" covered="0" />
        <counter type="METHOD" missed="1" covered="0" />
      </method>
      <method name="Get-ServiceRegistryMap" desc="()" line="1763">
        <counter type="INSTRUCTION" missed="38" covered="0" />
        <counter type="LINE" missed="19" covered="0" />
        <counter type="METHOD" missed="1" covered="0" />
      </method>
      <method name="Get-AdapterRegistryCorrelation" desc="()" line="1795">
        <counter type="INSTRUCTION" missed="42" covered="0" />
        <counter type="LINE" missed="36" covered="0" />
        <counter type="METHOD" missed="1" covered="0" />
      </method>
      <method name="Get-ProtectionInventory" desc="()" line="1868">
        <counter type="INSTRUCTION" missed="199" covered="0" />
        <counter type="LINE" missed="139" covered="0" />
        <counter type="METHOD" missed="1" covered="0" />
      </method>
      <method name="Get-ProtectionRegistryMap" desc="()" line="2120">
        <counter type="INSTRUCTION" missed="47" covered="0" />
        <counter type="LINE" missed="36" covered="0" />
        <counter type="METHOD" missed="1" covered="0" />
      </method>
      <method name="Get-ProtectedInterfaceGuidSet" desc="()" line="2198">
        <counter type="INSTRUCTION" missed="13" covered="0" />
        <counter type="LINE" missed="8" covered="0" />
        <counter type="METHOD" missed="1" covered="0" />
      </method>
      <method name="Get-NetworkPrivacyArtifactCandidate" desc="()" line="2231">
        <counter type="INSTRUCTION" missed="62" covered="0" />
        <counter type="LINE" missed="52" covered="0" />
        <counter type="METHOD" missed="1" covered="0" />
      </method>
      <method name="Get-SanitizableNetworkArtifact" desc="()" line="2339">
        <counter type="INSTRUCTION" missed="8" covered="0" />
        <counter type="LINE" missed="3" covered="0" />
        <counter type="METHOD" missed="1" covered="0" />
      </method>
      <method name="Invoke-NetCleanPhase1Detect" desc="()" line="2359">
        <counter type="INSTRUCTION" missed="0" covered="36" />
        <counter type="LINE" missed="0" covered="25" />
        <counter type="METHOD" missed="0" covered="1" />
      </method>
      <method name="Invoke-RegExport" desc="()" line="2409">
        <counter type="INSTRUCTION" missed="14" covered="0" />
        <counter type="LINE" missed="11" covered="0" />
        <counter type="METHOD" missed="1" covered="0" />
      </method>
      <method name="Export-ProtectedRegistryKey" desc="()" line="2465">
        <counter type="INSTRUCTION" missed="15" covered="0" />
        <counter type="LINE" missed="10" covered="0" />
        <counter type="METHOD" missed="1" covered="0" />
      </method>
      <method name="Export-NetworkList" desc="()" line="2506">
        <counter type="INSTRUCTION" missed="6" covered="0" />
        <counter type="LINE" missed="4" covered="0" />
        <counter type="METHOD" missed="1" covered="0" />
      </method>
      <method name="Get-WiFiProfileName" desc="()" line="2526">
        <counter type="INSTRUCTION" missed="15" covered="0" />
        <counter type="LINE" missed="13" covered="0" />
        <counter type="METHOD" missed="1" covered="0" />
      </method>
      <method name="Export-WiFiProfile" desc="()" line="2580">
        <counter type="INSTRUCTION" missed="35" covered="0" />
        <counter type="LINE" missed="21" covered="0" />
        <counter type="METHOD" missed="1" covered="0" />
      </method>
      <method name="Export-FirewallPolicy" desc="()" line="2637">
        <counter type="INSTRUCTION" missed="9" covered="0" />
        <counter type="LINE" missed="6" covered="0" />
        <counter type="METHOD" missed="1" covered="0" />
      </method>
      <method name="Export-ProtectionInventory" desc="()" line="2674">
        <counter type="INSTRUCTION" missed="13" covered="0" />
        <counter type="LINE" missed="7" covered="0" />
        <counter type="METHOD" missed="1" covered="0" />
      </method>
      <method name="Export-ProtectionRegistryMap" desc="()" line="2717">
        <counter type="INSTRUCTION" missed="11" covered="0" />
        <counter type="LINE" missed="6" covered="0" />
        <counter type="METHOD" missed="1" covered="0" />
      </method>
      <method name="Export-SanitizableNetworkArtifact" desc="()" line="2757">
        <counter type="INSTRUCTION" missed="11" covered="0" />
        <counter type="LINE" missed="6" covered="0" />
        <counter type="METHOD" missed="1" covered="0" />
      </method>
      <method name="Export-NetCleanManifest" desc="()" line="2802">
        <counter type="INSTRUCTION" missed="9" covered="0" />
        <counter type="LINE" missed="5" covered="0" />
        <counter type="METHOD" missed="1" covered="0" />
      </method>
      <method name="Invoke-NetCleanPhase2Protect" desc="()" line="2840">
        <counter type="INSTRUCTION" missed="1" covered="46" />
        <counter type="LINE" missed="1" covered="37" />
        <counter type="METHOD" missed="0" covered="1" />
      </method>
      <method name="Remove-WiFiProfilesSafe" desc="()" line="2920">
        <counter type="INSTRUCTION" missed="24" covered="0" />
        <counter type="LINE" missed="14" covered="0" />
        <counter type="METHOD" missed="1" covered="0" />
      </method>
      <method name="Clear-DnsCacheSafe" desc="()" line="2962">
        <counter type="INSTRUCTION" missed="9" covered="0" />
        <counter type="LINE" missed="3" covered="0" />
        <counter type="METHOD" missed="1" covered="0" />
      </method>
      <method name="Clear-ArpCacheSafe" desc="()" line="2986">
        <counter type="INSTRUCTION" missed="9" covered="0" />
        <counter type="LINE" missed="3" covered="0" />
        <counter type="METHOD" missed="1" covered="0" />
      </method>
      <method name="Remove-RegistryPathSafe" desc="()" line="3020">
        <counter type="INSTRUCTION" missed="50" covered="0" />
        <counter type="LINE" missed="49" covered="0" />
        <counter type="METHOD" missed="1" covered="0" />
      </method>
      <method name="Remove-NetworkPrivacyArtifactsSafe" desc="()" line="3117">
        <counter type="INSTRUCTION" missed="19" covered="0" />
        <counter type="LINE" missed="10" covered="0" />
        <counter type="METHOD" missed="1" covered="0" />
      </method>
      <method name="Clear-NlaProbeStateSafe" desc="()" line="3154">
        <counter type="INSTRUCTION" missed="37" covered="0" />
        <counter type="LINE" missed="36" covered="0" />
        <counter type="METHOD" missed="1" covered="0" />
      </method>
      <method name="Clear-NetworkEventLogsSafe" desc="()" line="3241">
        <counter type="INSTRUCTION" missed="9" covered="0" />
        <counter type="LINE" missed="6" covered="0" />
        <counter type="METHOD" missed="1" covered="0" />
      </method>
      <method name="Clear-UserNetworkArtifactsSafe" desc="()" line="3283">
        <counter type="INSTRUCTION" missed="34" covered="0" />
        <counter type="LINE" missed="32" covered="0" />
        <counter type="METHOD" missed="1" covered="0" />
      </method>
      <method name="Invoke-AdvancedNetworkRepair" desc="()" line="3365">
        <counter type="INSTRUCTION" missed="20" covered="0" />
        <counter type="LINE" missed="8" covered="0" />
        <counter type="METHOD" missed="1" covered="0" />
      </method>
      <method name="Invoke-ConservativePerformanceTune" desc="()" line="3407">
        <counter type="INSTRUCTION" missed="20" covered="0" />
        <counter type="LINE" missed="15" covered="0" />
        <counter type="METHOD" missed="1" covered="0" />
      </method>
      <method name="Invoke-NetCleanPhase3Clean" desc="()" line="3494">
        <counter type="INSTRUCTION" missed="11" covered="56" />
        <counter type="LINE" missed="0" covered="36" />
        <counter type="METHOD" missed="0" covered="1" />
      </method>
      <method name="Test-NetCleanPostState" desc="()" line="3573">
        <counter type="INSTRUCTION" missed="0" covered="42" />
        <counter type="LINE" missed="0" covered="26" />
        <counter type="METHOD" missed="0" covered="1" />
      </method>
      <method name="Invoke-NetCleanPhase4Verify" desc="()" line="3639">
        <counter type="INSTRUCTION" missed="0" covered="20" />
        <counter type="LINE" missed="0" covered="16" />
        <counter type="METHOD" missed="0" covered="1" />
      </method>
      <method name="Invoke-NetCleanWorkflow" desc="()" line="3729">
        <counter type="INSTRUCTION" missed="0" covered="7" />
        <counter type="LINE" missed="0" covered="7" />
        <counter type="METHOD" missed="0" covered="1" />
      </method>
      <method name="Get-InstalledAV" desc="()" line="3770">
        <counter type="INSTRUCTION" missed="22" covered="0" />
        <counter type="LINE" missed="10" covered="0" />
        <counter type="METHOD" missed="1" covered="0" />
      </method>
      <method name="Get-AVServicePattern" desc="()" line="3819">
        <counter type="INSTRUCTION" missed="19" covered="0" />
        <counter type="LINE" missed="11" covered="0" />
        <counter type="METHOD" missed="1" covered="0" />
      </method>
      <method name="Get-ProtectionList" desc="()" line="3864">
        <counter type="INSTRUCTION" missed="35" covered="0" />
        <counter type="LINE" missed="16" covered="0" />
        <counter type="METHOD" missed="1" covered="0" />
      </method>
      <counter type="INSTRUCTION" missed="1815" covered="272" />
      <counter type="LINE" missed="1295" covered="196" />
      <counter type="METHOD" missed="53" covered="10" />
      <counter type="CLASS" missed="1" covered="0" />
    </class>
    <sourcefile name="NetClean.ps1">
      <line nr="47" mi="1" ci="0" mb="0" cb="0" />
      <line nr="48" mi="1" ci="0" mb="0" cb="0" />
      <line nr="51" mi="1" ci="0" mb="0" cb="0" />
      <line nr="52" mi="1" ci="0" mb="0" cb="0" />
      <line nr="55" mi="1" ci="0" mb="0" cb="0" />
      <line nr="56" mi="1" ci="0" mb="0" cb="0" />
      <line nr="57" mi="1" ci="0" mb="0" cb="0" />
      <line nr="58" mi="1" ci="0" mb="0" cb="0" />
      <line nr="59" mi="1" ci="0" mb="0" cb="0" />
      <line nr="60" mi="1" ci="0" mb="0" cb="0" />
      <line nr="61" mi="1" ci="0" mb="0" cb="0" />
      <line nr="62" mi="1" ci="0" mb="0" cb="0" />
      <line nr="63" mi="1" ci="0" mb="0" cb="0" />
      <line nr="64" mi="1" ci="0" mb="0" cb="0" />
      <line nr="65" mi="1" ci="0" mb="0" cb="0" />
      <line nr="66" mi="1" ci="0" mb="0" cb="0" />
      <line nr="67" mi="1" ci="0" mb="0" cb="0" />
      <line nr="68" mi="1" ci="0" mb="0" cb="0" />
      <line nr="71" mi="1" ci="0" mb="0" cb="0" />
      <line nr="72" mi="1" ci="0" mb="0" cb="0" />
      <line nr="78" mi="1" ci="0" mb="0" cb="0" />
      <line nr="79" mi="1" ci="0" mb="0" cb="0" />
      <line nr="85" mi="1" ci="0" mb="0" cb="0" />
      <line nr="110" mi="2" ci="0" mb="0" cb="0" />
      <line nr="111" mi="1" ci="0" mb="0" cb="0" />
      <line nr="112" mi="2" ci="0" mb="0" cb="0" />
      <line nr="116" mi="3" ci="0" mb="0" cb="0" />
      <line nr="117" mi="1" ci="0" mb="0" cb="0" />
      <line nr="118" mi="3" ci="0" mb="0" cb="0" />
      <line nr="146" mi="2" ci="0" mb="0" cb="0" />
      <line nr="148" mi="1" ci="0" mb="0" cb="0" />
      <line nr="149" mi="2" ci="0" mb="0" cb="0" />
      <line nr="152" mi="1" ci="0" mb="0" cb="0" />
      <line nr="153" mi="1" ci="0" mb="0" cb="0" />
      <line nr="154" mi="1" ci="0" mb="0" cb="0" />
      <line nr="155" mi="1" ci="0" mb="0" cb="0" />
      <line nr="156" mi="1" ci="0" mb="0" cb="0" />
      <line nr="178" mi="1" ci="0" mb="0" cb="0" />
      <line nr="179" mi="1" ci="0" mb="0" cb="0" />
      <line nr="181" mi="1" ci="0" mb="0" cb="0" />
      <line nr="182" mi="1" ci="0" mb="0" cb="0" />
      <line nr="212" mi="1" ci="0" mb="0" cb="0" />
      <line nr="213" mi="1" ci="0" mb="0" cb="0" />
      <line nr="216" mi="1" ci="0" mb="0" cb="0" />
      <line nr="217" mi="3" ci="0" mb="0" cb="0" />
      <line nr="218" mi="1" ci="0" mb="0" cb="0" />
      <line nr="220" mi="1" ci="0" mb="0" cb="0" />
      <line nr="221" mi="2" ci="0" mb="0" cb="0" />
      <line nr="224" mi="2" ci="0" mb="0" cb="0" />
      <line nr="225" mi="2" ci="0" mb="0" cb="0" />
      <line nr="227" mi="1" ci="0" mb="0" cb="0" />
      <line nr="243" mi="1" ci="0" mb="0" cb="0" />
      <line nr="244" mi="1" ci="0" mb="0" cb="0" />
      <line nr="245" mi="1" ci="0" mb="0" cb="0" />
      <line nr="246" mi="1" ci="0" mb="0" cb="0" />
      <line nr="247" mi="1" ci="0" mb="0" cb="0" />
      <line nr="248" mi="1" ci="0" mb="0" cb="0" />
      <line nr="249" mi="1" ci="0" mb="0" cb="0" />
      <line nr="250" mi="1" ci="0" mb="0" cb="0" />
      <line nr="265" mi="1" ci="0" mb="0" cb="0" />
      <line nr="267" mi="1" ci="0" mb="0" cb="0" />
      <line nr="268" mi="1" ci="0" mb="0" cb="0" />
      <line nr="269" mi="1" ci="0" mb="0" cb="0" />
      <line nr="270" mi="1" ci="0" mb="0" cb="0" />
      <line nr="271" mi="1" ci="0" mb="0" cb="0" />
      <line nr="272" mi="1" ci="0" mb="0" cb="0" />
      <line nr="273" mi="1" ci="0" mb="0" cb="0" />
      <line nr="274" mi="1" ci="0" mb="0" cb="0" />
      <line nr="275" mi="1" ci="0" mb="0" cb="0" />
      <line nr="276" mi="1" ci="0" mb="0" cb="0" />
      <line nr="277" mi="1" ci="0" mb="0" cb="0" />
      <line nr="278" mi="1" ci="0" mb="0" cb="0" />
      <line nr="279" mi="1" ci="0" mb="0" cb="0" />
      <line nr="280" mi="1" ci="0" mb="0" cb="0" />
      <line nr="300" mi="1" ci="0" mb="0" cb="0" />
      <line nr="301" mi="1" ci="0" mb="0" cb="0" />
      <line nr="302" mi="1" ci="0" mb="0" cb="0" />
      <line nr="304" mi="1" ci="0" mb="0" cb="0" />
      <line nr="305" mi="1" ci="0" mb="0" cb="0" />
      <line nr="306" mi="1" ci="0" mb="0" cb="0" />
      <line nr="307" mi="1" ci="0" mb="0" cb="0" />
      <line nr="308" mi="1" ci="0" mb="0" cb="0" />
      <line nr="309" mi="1" ci="0" mb="0" cb="0" />
      <line nr="311" mi="1" ci="0" mb="0" cb="0" />
      <line nr="312" mi="1" ci="0" mb="0" cb="0" />
      <line nr="313" mi="1" ci="0" mb="0" cb="0" />
      <line nr="337" mi="1" ci="0" mb="0" cb="0" />
      <line nr="338" mi="1" ci="0" mb="0" cb="0" />
      <line nr="340" mi="1" ci="0" mb="0" cb="0" />
      <line nr="341" mi="1" ci="0" mb="0" cb="0" />
      <line nr="342" mi="1" ci="0" mb="0" cb="0" />
      <line nr="343" mi="1" ci="0" mb="0" cb="0" />
      <line nr="344" mi="1" ci="0" mb="0" cb="0" />
      <line nr="345" mi="1" ci="0" mb="0" cb="0" />
      <line nr="346" mi="1" ci="0" mb="0" cb="0" />
      <line nr="349" mi="1" ci="0" mb="0" cb="0" />
      <line nr="350" mi="1" ci="0" mb="0" cb="0" />
      <line nr="351" mi="1" ci="0" mb="0" cb="0" />
      <line nr="352" mi="1" ci="0" mb="0" cb="0" />
      <line nr="353" mi="1" ci="0" mb="0" cb="0" />
      <line nr="354" mi="1" ci="0" mb="0" cb="0" />
      <line nr="355" mi="1" ci="0" mb="0" cb="0" />
      <line nr="356" mi="1" ci="0" mb="0" cb="0" />
      <line nr="357" mi="1" ci="0" mb="0" cb="0" />
      <line nr="360" mi="1" ci="0" mb="0" cb="0" />
      <line nr="361" mi="1" ci="0" mb="0" cb="0" />
      <line nr="362" mi="1" ci="0" mb="0" cb="0" />
      <line nr="363" mi="1" ci="0" mb="0" cb="0" />
      <line nr="364" mi="1" ci="0" mb="0" cb="0" />
      <line nr="367" mi="1" ci="0" mb="0" cb="0" />
      <line nr="368" mi="1" ci="0" mb="0" cb="0" />
      <line nr="369" mi="1" ci="0" mb="0" cb="0" />
      <line nr="370" mi="1" ci="0" mb="0" cb="0" />
      <line nr="371" mi="1" ci="0" mb="0" cb="0" />
      <line nr="374" mi="1" ci="0" mb="0" cb="0" />
      <line nr="406" mi="1" ci="0" mb="0" cb="0" />
      <line nr="407" mi="1" ci="0" mb="0" cb="0" />
      <line nr="408" mi="1" ci="0" mb="0" cb="0" />
      <line nr="409" mi="1" ci="0" mb="0" cb="0" />
      <line nr="410" mi="1" ci="0" mb="0" cb="0" />
      <line nr="411" mi="1" ci="0" mb="0" cb="0" />
      <line nr="412" mi="1" ci="0" mb="0" cb="0" />
      <line nr="413" mi="1" ci="0" mb="0" cb="0" />
      <line nr="414" mi="1" ci="0" mb="0" cb="0" />
      <line nr="417" mi="1" ci="0" mb="0" cb="0" />
      <line nr="424" mi="1" ci="0" mb="0" cb="0" />
      <line nr="427" mi="1" ci="0" mb="0" cb="0" />
      <line nr="428" mi="1" ci="0" mb="0" cb="0" />
      <line nr="429" mi="1" ci="0" mb="0" cb="0" />
      <line nr="432" mi="1" ci="0" mb="0" cb="0" />
      <line nr="433" mi="2" ci="0" mb="0" cb="0" />
      <line nr="434" mi="2" ci="0" mb="0" cb="0" />
      <line nr="435" mi="2" ci="0" mb="0" cb="0" />
      <line nr="436" mi="2" ci="0" mb="0" cb="0" />
      <line nr="437" mi="2" ci="0" mb="0" cb="0" />
      <line nr="439" mi="1" ci="0" mb="0" cb="0" />
      <line nr="440" mi="1" ci="0" mb="0" cb="0" />
      <line nr="443" mi="1" ci="0" mb="0" cb="0" />
      <line nr="468" mi="1" ci="0" mb="0" cb="0" />
      <line nr="469" mi="1" ci="0" mb="0" cb="0" />
      <line nr="470" mi="1" ci="0" mb="0" cb="0" />
      <line nr="471" mi="1" ci="0" mb="0" cb="0" />
      <line nr="473" mi="1" ci="0" mb="0" cb="0" />
      <line nr="474" mi="1" ci="0" mb="0" cb="0" />
      <line nr="475" mi="1" ci="0" mb="0" cb="0" />
      <line nr="476" mi="2" ci="0" mb="0" cb="0" />
      <line nr="477" mi="2" ci="0" mb="0" cb="0" />
      <line nr="478" mi="2" ci="0" mb="0" cb="0" />
      <line nr="479" mi="2" ci="0" mb="0" cb="0" />
      <line nr="482" mi="1" ci="0" mb="0" cb="0" />
      <line nr="483" mi="1" ci="0" mb="0" cb="0" />
      <line nr="484" mi="1" ci="0" mb="0" cb="0" />
      <line nr="485" mi="2" ci="0" mb="0" cb="0" />
      <line nr="486" mi="2" ci="0" mb="0" cb="0" />
      <line nr="487" mi="2" ci="0" mb="0" cb="0" />
      <line nr="490" mi="1" ci="0" mb="0" cb="0" />
      <line nr="491" mi="1" ci="0" mb="0" cb="0" />
      <line nr="492" mi="1" ci="0" mb="0" cb="0" />
      <line nr="493" mi="2" ci="0" mb="0" cb="0" />
      <line nr="494" mi="2" ci="0" mb="0" cb="0" />
      <line nr="495" mi="2" ci="0" mb="0" cb="0" />
      <line nr="496" mi="2" ci="0" mb="0" cb="0" />
      <line nr="497" mi="2" ci="0" mb="0" cb="0" />
      <line nr="498" mi="2" ci="0" mb="0" cb="0" />
      <line nr="501" mi="1" ci="0" mb="0" cb="0" />
      <line nr="502" mi="1" ci="0" mb="0" cb="0" />
      <line nr="503" mi="1" ci="0" mb="0" cb="0" />
      <line nr="504" mi="2" ci="0" mb="0" cb="0" />
      <line nr="505" mi="2" ci="0" mb="0" cb="0" />
      <line nr="506" mi="2" ci="0" mb="0" cb="0" />
      <line nr="507" mi="2" ci="0" mb="0" cb="0" />
      <line nr="509" mi="2" ci="0" mb="0" cb="0" />
      <line nr="510" mi="3" ci="0" mb="0" cb="0" />
      <line nr="514" mi="1" ci="0" mb="0" cb="0" />
      <line nr="515" mi="1" ci="0" mb="0" cb="0" />
      <line nr="516" mi="2" ci="0" mb="0" cb="0" />
      <line nr="519" mi="1" ci="0" mb="0" cb="0" />
      <line nr="520" mi="1" ci="0" mb="0" cb="0" />
      <line nr="523" mi="1" ci="0" mb="0" cb="0" />
      <line nr="543" mi="1" ci="0" mb="0" cb="0" />
      <line nr="544" mi="1" ci="0" mb="0" cb="0" />
      <line nr="545" mi="1" ci="0" mb="0" cb="0" />
      <line nr="546" mi="2" ci="0" mb="0" cb="0" />
      <line nr="547" mi="2" ci="0" mb="0" cb="0" />
      <line nr="548" mi="2" ci="0" mb="0" cb="0" />
      <line nr="549" mi="2" ci="0" mb="0" cb="0" />
      <line nr="550" mi="1" ci="0" mb="0" cb="0" />
      <line nr="551" mi="2" ci="0" mb="0" cb="0" />
      <line nr="552" mi="1" ci="0" mb="0" cb="0" />
      <line nr="553" mi="1" ci="0" mb="0" cb="0" />
      <line nr="555" mi="1" ci="0" mb="0" cb="0" />
      <line nr="563" mi="1" ci="0" mb="0" cb="0" />
      <line nr="564" mi="1" ci="0" mb="0" cb="0" />
      <line nr="567" mi="1" ci="0" mb="0" cb="0" />
      <line nr="568" mi="1" ci="0" mb="0" cb="0" />
      <line nr="569" mi="1" ci="0" mb="0" cb="0" />
      <line nr="570" mi="1" ci="0" mb="0" cb="0" />
      <line nr="571" mi="1" ci="0" mb="0" cb="0" />
      <line nr="572" mi="1" ci="0" mb="0" cb="0" />
      <line nr="574" mi="1" ci="0" mb="0" cb="0" />
      <line nr="604" mi="1" ci="0" mb="0" cb="0" />
      <line nr="606" mi="1" ci="0" mb="0" cb="0" />
      <line nr="607" mi="1" ci="0" mb="0" cb="0" />
      <line nr="610" mi="1" ci="0" mb="0" cb="0" />
      <line nr="614" mi="1" ci="0" mb="0" cb="0" />
      <line nr="615" mi="1" ci="0" mb="0" cb="0" />
      <line nr="618" mi="1" ci="0" mb="0" cb="0" />
      <line nr="622" mi="1" ci="0" mb="0" cb="0" />
      <line nr="648" mi="1" ci="0" mb="0" cb="0" />
      <line nr="650" mi="1" ci="0" mb="0" cb="0" />
      <line nr="651" mi="1" ci="0" mb="0" cb="0" />
      <line nr="652" mi="1" ci="0" mb="0" cb="0" />
      <line nr="653" mi="1" ci="0" mb="0" cb="0" />
      <line nr="658" mi="1" ci="0" mb="0" cb="0" />
      <line nr="659" mi="1" ci="0" mb="0" cb="0" />
      <line nr="669" mi="1" ci="0" mb="0" cb="0" />
      <line nr="670" mi="2" ci="0" mb="0" cb="0" />
      <line nr="671" mi="1" ci="0" mb="0" cb="0" />
      <line nr="676" mi="1" ci="0" mb="0" cb="0" />
      <line nr="677" mi="1" ci="0" mb="0" cb="0" />
      <line nr="680" mi="2" ci="0" mb="0" cb="0" />
      <line nr="682" mi="1" ci="0" mb="0" cb="0" />
      <line nr="684" mi="1" ci="0" mb="0" cb="0" />
      <line nr="685" mi="1" ci="0" mb="0" cb="0" />
      <line nr="686" mi="1" ci="0" mb="0" cb="0" />
      <line nr="692" mi="1" ci="0" mb="0" cb="0" />
      <line nr="696" mi="1" ci="0" mb="0" cb="0" />
      <line nr="707" mi="1" ci="0" mb="0" cb="0" />
      <line nr="709" mi="1" ci="0" mb="0" cb="0" />
      <line nr="710" mi="1" ci="0" mb="0" cb="0" />
      <line nr="713" mi="1" ci="0" mb="0" cb="0" />
      <line nr="714" mi="1" ci="0" mb="0" cb="0" />
      <counter type="INSTRUCTION" missed="278" covered="0" />
      <counter type="LINE" missed="232" covered="0" />
      <counter type="METHOD" missed="15" covered="0" />
      <counter type="CLASS" missed="1" covered="0" />
    </sourcefile>
    <sourcefile name="NetClean.psm1">
      <line nr="24" mi="1" ci="0" mb="0" cb="0" />
      <line nr="25" mi="1" ci="0" mb="0" cb="0" />
      <line nr="50" mi="0" ci="1" mb="0" cb="0" />
      <line nr="51" mi="0" ci="1" mb="0" cb="0" />
      <line nr="52" mi="0" ci="1" mb="0" cb="0" />
      <line nr="53" mi="0" ci="1" mb="0" cb="0" />
      <line nr="56" mi="0" ci="3" mb="0" cb="0" />
      <line nr="57" mi="0" ci="2" mb="0" cb="0" />
      <line nr="60" mi="1" ci="0" mb="0" cb="0" />
      <line nr="61" mi="1" ci="0" mb="0" cb="0" />
      <line nr="63" mi="1" ci="0" mb="0" cb="0" />
      <line nr="66" mi="0" ci="1" mb="0" cb="0" />
      <line nr="68" mi="0" ci="1" mb="0" cb="0" />
      <line nr="69" mi="1" ci="0" mb="0" cb="0" />
      <line nr="72" mi="0" ci="1" mb="0" cb="0" />
      <line nr="95" mi="1" ci="0" mb="0" cb="0" />
      <line nr="96" mi="1" ci="0" mb="0" cb="0" />
      <line nr="99" mi="1" ci="0" mb="0" cb="0" />
      <line nr="100" mi="1" ci="0" mb="0" cb="0" />
      <line nr="101" mi="1" ci="0" mb="0" cb="0" />
      <line nr="104" mi="1" ci="0" mb="0" cb="0" />
      <line nr="126" mi="1" ci="0" mb="0" cb="0" />
      <line nr="128" mi="1" ci="0" mb="0" cb="0" />
      <line nr="129" mi="2" ci="0" mb="0" cb="0" />
      <line nr="130" mi="2" ci="0" mb="0" cb="0" />
      <line nr="131" mi="2" ci="0" mb="0" cb="0" />
      <line nr="132" mi="2" ci="0" mb="0" cb="0" />
      <line nr="133" mi="2" ci="0" mb="0" cb="0" />
      <line nr="134" mi="2" ci="0" mb="0" cb="0" />
      <line nr="135" mi="2" ci="0" mb="0" cb="0" />
      <line nr="136" mi="2" ci="0" mb="0" cb="0" />
      <line nr="137" mi="2" ci="0" mb="0" cb="0" />
      <line nr="138" mi="2" ci="0" mb="0" cb="0" />
      <line nr="139" mi="1" ci="0" mb="0" cb="0" />
      <line nr="166" mi="1" ci="0" mb="0" cb="0" />
      <line nr="167" mi="2" ci="0" mb="0" cb="0" />
      <line nr="170" mi="1" ci="0" mb="0" cb="0" />
      <line nr="197" mi="1" ci="0" mb="0" cb="0" />
      <line nr="198" mi="1" ci="0" mb="0" cb="0" />
      <line nr="201" mi="1" ci="0" mb="0" cb="0" />
      <line nr="228" mi="1" ci="0" mb="0" cb="0" />
      <line nr="229" mi="3" ci="0" mb="0" cb="0" />
      <line nr="232" mi="1" ci="0" mb="0" cb="0" />
      <line nr="259" mi="0" ci="1" mb="0" cb="0" />
      <line nr="261" mi="0" ci="2" mb="0" cb="0" />
      <line nr="262" mi="0" ci="1" mb="0" cb="0" />
      <line nr="264" mi="0" ci="1" mb="0" cb="0" />
      <line nr="265" mi="1" ci="0" mb="0" cb="0" />
      <line nr="266" mi="1" ci="0" mb="0" cb="0" />
      <line nr="267" mi="1" ci="0" mb="0" cb="0" />
      <line nr="268" mi="1" ci="0" mb="0" cb="0" />
      <line nr="269" mi="1" ci="0" mb="0" cb="0" />
      <line nr="274" mi="0" ci="1" mb="0" cb="0" />
      <line nr="275" mi="0" ci="1" mb="0" cb="0" />
      <line nr="277" mi="0" ci="1" mb="0" cb="0" />
      <line nr="280" mi="0" ci="3" mb="0" cb="0" />
      <line nr="310" mi="2" ci="0" mb="0" cb="0" />
      <line nr="311" mi="1" ci="0" mb="0" cb="0" />
      <line nr="313" mi="1" ci="0" mb="0" cb="0" />
      <line nr="314" mi="1" ci="0" mb="0" cb="0" />
      <line nr="315" mi="1" ci="0" mb="0" cb="0" />
      <line nr="316" mi="1" ci="0" mb="0" cb="0" />
      <line nr="317" mi="1" ci="0" mb="0" cb="0" />
      <line nr="318" mi="1" ci="0" mb="0" cb="0" />
      <line nr="323" mi="1" ci="0" mb="0" cb="0" />
      <line nr="324" mi="1" ci="0" mb="0" cb="0" />
      <line nr="325" mi="1" ci="0" mb="0" cb="0" />
      <line nr="358" mi="0" ci="2" mb="0" cb="0" />
      <line nr="359" mi="0" ci="2" mb="0" cb="0" />
      <line nr="361" mi="0" ci="1" mb="0" cb="0" />
      <line nr="362" mi="0" ci="1" mb="0" cb="0" />
      <line nr="363" mi="0" ci="1" mb="0" cb="0" />
      <line nr="364" mi="0" ci="4" mb="0" cb="0" />
      <line nr="365" mi="0" ci="4" mb="0" cb="0" />
      <line nr="391" mi="2" ci="0" mb="0" cb="0" />
      <line nr="392" mi="1" ci="0" mb="0" cb="0" />
      <line nr="393" mi="2" ci="0" mb="0" cb="0" />
      <line nr="399" mi="1" ci="0" mb="0" cb="0" />
      <line nr="400" mi="1" ci="0" mb="0" cb="0" />
      <line nr="425" mi="1" ci="0" mb="0" cb="0" />
      <line nr="426" mi="1" ci="0" mb="0" cb="0" />
      <line nr="429" mi="1" ci="0" mb="0" cb="0" />
      <line nr="431" mi="1" ci="0" mb="0" cb="0" />
      <line nr="432" mi="2" ci="0" mb="0" cb="0" />
      <line nr="434" mi="1" ci="0" mb="0" cb="0" />
      <line nr="435" mi="2" ci="0" mb="0" cb="0" />
      <line nr="437" mi="1" ci="0" mb="0" cb="0" />
      <line nr="463" mi="7" ci="0" mb="0" cb="0" />
      <line nr="464" mi="1" ci="0" mb="0" cb="0" />
      <line nr="465" mi="1" ci="0" mb="0" cb="0" />
      <line nr="468" mi="1" ci="0" mb="0" cb="0" />
      <line nr="470" mi="1" ci="0" mb="0" cb="0" />
      <line nr="471" mi="2" ci="0" mb="0" cb="0" />
      <line nr="472" mi="2" ci="0" mb="0" cb="0" />
      <line nr="473" mi="2" ci="0" mb="0" cb="0" />
      <line nr="474" mi="2" ci="0" mb="0" cb="0" />
      <line nr="475" mi="2" ci="0" mb="0" cb="0" />
      <line nr="476" mi="2" ci="0" mb="0" cb="0" />
      <line nr="477" mi="2" ci="0" mb="0" cb="0" />
      <line nr="478" mi="2" ci="0" mb="0" cb="0" />
      <line nr="479" mi="2" ci="0" mb="0" cb="0" />
      <line nr="480" mi="2" ci="0" mb="0" cb="0" />
      <line nr="481" mi="2" ci="0" mb="0" cb="0" />
      <line nr="482" mi="2" ci="0" mb="0" cb="0" />
      <line nr="483" mi="2" ci="0" mb="0" cb="0" />
      <line nr="484" mi="2" ci="0" mb="0" cb="0" />
      <line nr="485" mi="2" ci="0" mb="0" cb="0" />
      <line nr="486" mi="2" ci="0" mb="0" cb="0" />
      <line nr="487" mi="2" ci="0" mb="0" cb="0" />
      <line nr="488" mi="2" ci="0" mb="0" cb="0" />
      <line nr="491" mi="1" ci="0" mb="0" cb="0" />
      <line nr="492" mi="1" ci="0" mb="0" cb="0" />
      <line nr="493" mi="1" ci="0" mb="0" cb="0" />
      <line nr="494" mi="1" ci="0" mb="0" cb="0" />
      <line nr="499" mi="1" ci="0" mb="0" cb="0" />
      <line nr="525" mi="1" ci="0" mb="0" cb="0" />
      <line nr="526" mi="1" ci="0" mb="0" cb="0" />
      <line nr="529" mi="1" ci="0" mb="0" cb="0" />
      <line nr="530" mi="1" ci="0" mb="0" cb="0" />
      <line nr="531" mi="1" ci="0" mb="0" cb="0" />
      <line nr="534" mi="2" ci="0" mb="0" cb="0" />
      <line nr="535" mi="1" ci="0" mb="0" cb="0" />
      <line nr="539" mi="1" ci="0" mb="0" cb="0" />
      <line nr="540" mi="1" ci="0" mb="0" cb="0" />
      <line nr="541" mi="1" ci="0" mb="0" cb="0" />
      <line nr="543" mi="1" ci="0" mb="0" cb="0" />
      <line nr="544" mi="1" ci="0" mb="0" cb="0" />
      <line nr="545" mi="1" ci="0" mb="0" cb="0" />
      <line nr="546" mi="1" ci="0" mb="0" cb="0" />
      <line nr="548" mi="1" ci="0" mb="0" cb="0" />
      <line nr="549" mi="1" ci="0" mb="0" cb="0" />
      <line nr="550" mi="1" ci="0" mb="0" cb="0" />
      <line nr="551" mi="1" ci="0" mb="0" cb="0" />
      <line nr="552" mi="1" ci="0" mb="0" cb="0" />
      <line nr="553" mi="1" ci="0" mb="0" cb="0" />
      <line nr="557" mi="1" ci="0" mb="0" cb="0" />
      <line nr="558" mi="1" ci="0" mb="0" cb="0" />
      <line nr="566" mi="1" ci="0" mb="0" cb="0" />
      <line nr="567" mi="1" ci="0" mb="0" cb="0" />
      <line nr="568" mi="1" ci="0" mb="0" cb="0" />
      <line nr="569" mi="1" ci="0" mb="0" cb="0" />
      <line nr="570" mi="1" ci="0" mb="0" cb="0" />
      <line nr="571" mi="1" ci="0" mb="0" cb="0" />
      <line nr="572" mi="1" ci="0" mb="0" cb="0" />
      <line nr="573" mi="1" ci="0" mb="0" cb="0" />
      <line nr="574" mi="1" ci="0" mb="0" cb="0" />
      <line nr="575" mi="1" ci="0" mb="0" cb="0" />
      <line nr="576" mi="1" ci="0" mb="0" cb="0" />
      <line nr="577" mi="1" ci="0" mb="0" cb="0" />
      <line nr="581" mi="1" ci="0" mb="0" cb="0" />
      <line nr="608" mi="1" ci="0" mb="0" cb="0" />
      <line nr="609" mi="1" ci="0" mb="0" cb="0" />
      <line nr="612" mi="1" ci="0" mb="0" cb="0" />
      <line nr="615" mi="1" ci="0" mb="0" cb="0" />
      <line nr="616" mi="1" ci="0" mb="0" cb="0" />
      <line nr="617" mi="1" ci="0" mb="0" cb="0" />
      <line nr="618" mi="1" ci="0" mb="0" cb="0" />
      <line nr="620" mi="1" ci="0" mb="0" cb="0" />
      <line nr="621" mi="1" ci="0" mb="0" cb="0" />
      <line nr="622" mi="1" ci="0" mb="0" cb="0" />
      <line nr="625" mi="1" ci="0" mb="0" cb="0" />
      <line nr="626" mi="1" ci="0" mb="0" cb="0" />
      <line nr="627" mi="1" ci="0" mb="0" cb="0" />
      <line nr="628" mi="1" ci="0" mb="0" cb="0" />
      <line nr="629" mi="1" ci="0" mb="0" cb="0" />
      <line nr="635" mi="1" ci="0" mb="0" cb="0" />
      <line nr="638" mi="2" ci="0" mb="0" cb="0" />
      <line nr="639" mi="1" ci="0" mb="0" cb="0" />
      <line nr="681" mi="0" ci="2" mb="0" cb="0" />
      <line nr="683" mi="0" ci="1" mb="0" cb="0" />
      <line nr="684" mi="0" ci="1" mb="0" cb="0" />
      <line nr="685" mi="0" ci="1" mb="0" cb="0" />
      <line nr="686" mi="0" ci="1" mb="0" cb="0" />
      <line nr="687" mi="0" ci="1" mb="0" cb="0" />
      <line nr="688" mi="0" ci="1" mb="0" cb="0" />
      <line nr="689" mi="0" ci="1" mb="0" cb="0" />
      <line nr="690" mi="0" ci="1" mb="0" cb="0" />
      <line nr="695" mi="0" ci="1" mb="0" cb="0" />
      <line nr="697" mi="0" ci="1" mb="0" cb="0" />
      <line nr="698" mi="0" ci="1" mb="0" cb="0" />
      <line nr="699" mi="0" ci="1" mb="0" cb="0" />
      <line nr="700" mi="0" ci="1" mb="0" cb="0" />
      <line nr="701" mi="0" ci="1" mb="0" cb="0" />
      <line nr="702" mi="0" ci="1" mb="0" cb="0" />
      <line nr="703" mi="0" ci="1" mb="0" cb="0" />
      <line nr="704" mi="0" ci="2" mb="0" cb="0" />
      <line nr="708" mi="0" ci="1" mb="0" cb="0" />
      <line nr="709" mi="0" ci="1" mb="0" cb="0" />
      <line nr="710" mi="0" ci="1" mb="0" cb="0" />
      <line nr="711" mi="0" ci="1" mb="0" cb="0" />
      <line nr="712" mi="0" ci="1" mb="0" cb="0" />
      <line nr="713" mi="0" ci="1" mb="0" cb="0" />
      <line nr="714" mi="0" ci="1" mb="0" cb="0" />
      <line nr="718" mi="1" ci="0" mb="0" cb="0" />
      <line nr="719" mi="1" ci="0" mb="0" cb="0" />
      <line nr="720" mi="1" ci="0" mb="0" cb="0" />
      <line nr="721" mi="1" ci="0" mb="0" cb="0" />
      <line nr="722" mi="1" ci="0" mb="0" cb="0" />
      <line nr="723" mi="1" ci="0" mb="0" cb="0" />
      <line nr="724" mi="1" ci="0" mb="0" cb="0" />
      <line nr="756" mi="1" ci="0" mb="0" cb="0" />
      <line nr="757" mi="1" ci="0" mb="0" cb="0" />
      <line nr="760" mi="2" ci="0" mb="0" cb="0" />
      <line nr="761" mi="1" ci="0" mb="0" cb="0" />
      <line nr="763" mi="1" ci="0" mb="0" cb="0" />
      <line nr="764" mi="1" ci="0" mb="0" cb="0" />
      <line nr="768" mi="1" ci="0" mb="0" cb="0" />
      <line nr="797" mi="1" ci="0" mb="0" cb="0" />
      <line nr="798" mi="1" ci="0" mb="0" cb="0" />
      <line nr="799" mi="2" ci="0" mb="0" cb="0" />
      <line nr="800" mi="1" ci="0" mb="0" cb="0" />
      <line nr="801" mi="1" ci="0" mb="0" cb="0" />
      <line nr="805" mi="1" ci="0" mb="0" cb="0" />
      <line nr="806" mi="1" ci="0" mb="0" cb="0" />
      <line nr="811" mi="1" ci="0" mb="0" cb="0" />
      <line nr="812" mi="2" ci="0" mb="0" cb="0" />
      <line nr="813" mi="2" ci="0" mb="0" cb="0" />
      <line nr="814" mi="2" ci="0" mb="0" cb="0" />
      <line nr="816" mi="1" ci="0" mb="0" cb="0" />
      <line nr="817" mi="2" ci="0" mb="0" cb="0" />
      <line nr="818" mi="2" ci="0" mb="0" cb="0" />
      <line nr="819" mi="2" ci="0" mb="0" cb="0" />
      <line nr="821" mi="1" ci="0" mb="0" cb="0" />
      <line nr="822" mi="2" ci="0" mb="0" cb="0" />
      <line nr="823" mi="2" ci="0" mb="0" cb="0" />
      <line nr="824" mi="2" ci="0" mb="0" cb="0" />
      <line nr="826" mi="1" ci="0" mb="0" cb="0" />
      <line nr="827" mi="2" ci="0" mb="0" cb="0" />
      <line nr="828" mi="2" ci="0" mb="0" cb="0" />
      <line nr="829" mi="2" ci="0" mb="0" cb="0" />
      <line nr="831" mi="1" ci="0" mb="0" cb="0" />
      <line nr="832" mi="2" ci="0" mb="0" cb="0" />
      <line nr="833" mi="2" ci="0" mb="0" cb="0" />
      <line nr="834" mi="2" ci="0" mb="0" cb="0" />
      <line nr="836" mi="1" ci="0" mb="0" cb="0" />
      <line nr="837" mi="2" ci="0" mb="0" cb="0" />
      <line nr="838" mi="2" ci="0" mb="0" cb="0" />
      <line nr="839" mi="2" ci="0" mb="0" cb="0" />
      <line nr="841" mi="1" ci="0" mb="0" cb="0" />
      <line nr="842" mi="2" ci="0" mb="0" cb="0" />
      <line nr="843" mi="2" ci="0" mb="0" cb="0" />
      <line nr="844" mi="2" ci="0" mb="0" cb="0" />
      <line nr="846" mi="1" ci="0" mb="0" cb="0" />
      <line nr="847" mi="2" ci="0" mb="0" cb="0" />
      <line nr="848" mi="2" ci="0" mb="0" cb="0" />
      <line nr="849" mi="2" ci="0" mb="0" cb="0" />
      <line nr="851" mi="1" ci="0" mb="0" cb="0" />
      <line nr="852" mi="2" ci="0" mb="0" cb="0" />
      <line nr="853" mi="2" ci="0" mb="0" cb="0" />
      <line nr="854" mi="2" ci="0" mb="0" cb="0" />
      <line nr="856" mi="1" ci="0" mb="0" cb="0" />
      <line nr="857" mi="2" ci="0" mb="0" cb="0" />
      <line nr="858" mi="2" ci="0" mb="0" cb="0" />
      <line nr="859" mi="2" ci="0" mb="0" cb="0" />
      <line nr="861" mi="1" ci="0" mb="0" cb="0" />
      <line nr="862" mi="2" ci="0" mb="0" cb="0" />
      <line nr="863" mi="2" ci="0" mb="0" cb="0" />
      <line nr="864" mi="2" ci="0" mb="0" cb="0" />
      <line nr="866" mi="1" ci="0" mb="0" cb="0" />
      <line nr="867" mi="2" ci="0" mb="0" cb="0" />
      <line nr="868" mi="2" ci="0" mb="0" cb="0" />
      <line nr="869" mi="2" ci="0" mb="0" cb="0" />
      <line nr="871" mi="1" ci="0" mb="0" cb="0" />
      <line nr="872" mi="2" ci="0" mb="0" cb="0" />
      <line nr="873" mi="2" ci="0" mb="0" cb="0" />
      <line nr="874" mi="2" ci="0" mb="0" cb="0" />
      <line nr="876" mi="1" ci="0" mb="0" cb="0" />
      <line nr="877" mi="2" ci="0" mb="0" cb="0" />
      <line nr="878" mi="2" ci="0" mb="0" cb="0" />
      <line nr="879" mi="2" ci="0" mb="0" cb="0" />
      <line nr="881" mi="1" ci="0" mb="0" cb="0" />
      <line nr="882" mi="2" ci="0" mb="0" cb="0" />
      <line nr="883" mi="2" ci="0" mb="0" cb="0" />
      <line nr="884" mi="2" ci="0" mb="0" cb="0" />
      <line nr="886" mi="1" ci="0" mb="0" cb="0" />
      <line nr="887" mi="2" ci="0" mb="0" cb="0" />
      <line nr="888" mi="2" ci="0" mb="0" cb="0" />
      <line nr="889" mi="2" ci="0" mb="0" cb="0" />
      <line nr="891" mi="1" ci="0" mb="0" cb="0" />
      <line nr="892" mi="2" ci="0" mb="0" cb="0" />
      <line nr="893" mi="2" ci="0" mb="0" cb="0" />
      <line nr="894" mi="2" ci="0" mb="0" cb="0" />
      <line nr="914" mi="1" ci="0" mb="0" cb="0" />
      <line nr="915" mi="1" ci="0" mb="0" cb="0" />
      <line nr="916" mi="1" ci="0" mb="0" cb="0" />
      <line nr="920" mi="1" ci="0" mb="0" cb="0" />
      <line nr="921" mi="1" ci="0" mb="0" cb="0" />
      <line nr="934" mi="4" ci="0" mb="0" cb="0" />
      <line nr="935" mi="1" ci="0" mb="0" cb="0" />
      <line nr="937" mi="1" ci="0" mb="0" cb="0" />
      <line nr="938" mi="1" ci="0" mb="0" cb="0" />
      <line nr="939" mi="1" ci="0" mb="0" cb="0" />
      <line nr="943" mi="1" ci="0" mb="0" cb="0" />
      <line nr="967" mi="1" ci="0" mb="0" cb="0" />
      <line nr="968" mi="3" ci="0" mb="0" cb="0" />
      <line nr="971" mi="2" ci="0" mb="0" cb="0" />
      <line nr="973" mi="2" ci="0" mb="0" cb="0" />
      <line nr="974" mi="1" ci="0" mb="0" cb="0" />
      <line nr="977" mi="1" ci="0" mb="0" cb="0" />
      <line nr="978" mi="1" ci="0" mb="0" cb="0" />
      <line nr="980" mi="1" ci="0" mb="0" cb="0" />
      <line nr="981" mi="1" ci="0" mb="0" cb="0" />
      <line nr="984" mi="2" ci="0" mb="0" cb="0" />
      <line nr="985" mi="1" ci="0" mb="0" cb="0" />
      <line nr="987" mi="2" ci="0" mb="0" cb="0" />
      <line nr="989" mi="1" ci="0" mb="0" cb="0" />
      <line nr="990" mi="1" ci="0" mb="0" cb="0" />
      <line nr="991" mi="3" ci="0" mb="0" cb="0" />
      <line nr="995" mi="1" ci="0" mb="0" cb="0" />
      <line nr="999" mi="4" ci="0" mb="0" cb="0" />
      <line nr="1000" mi="1" ci="0" mb="0" cb="0" />
      <line nr="1004" mi="2" ci="0" mb="0" cb="0" />
      <line nr="1006" mi="1" ci="0" mb="0" cb="0" />
      <line nr="1007" mi="1" ci="0" mb="0" cb="0" />
      <line nr="1008" mi="1" ci="0" mb="0" cb="0" />
      <line nr="1009" mi="1" ci="0" mb="0" cb="0" />
      <line nr="1010" mi="1" ci="0" mb="0" cb="0" />
      <line nr="1011" mi="1" ci="0" mb="0" cb="0" />
      <line nr="1012" mi="1" ci="0" mb="0" cb="0" />
      <line nr="1013" mi="1" ci="0" mb="0" cb="0" />
      <line nr="1014" mi="1" ci="0" mb="0" cb="0" />
      <line nr="1015" mi="1" ci="0" mb="0" cb="0" />
      <line nr="1016" mi="1" ci="0" mb="0" cb="0" />
      <line nr="1017" mi="1" ci="0" mb="0" cb="0" />
      <line nr="1018" mi="1" ci="0" mb="0" cb="0" />
      <line nr="1019" mi="1" ci="0" mb="0" cb="0" />
      <line nr="1020" mi="1" ci="0" mb="0" cb="0" />
      <line nr="1021" mi="1" ci="0" mb="0" cb="0" />
      <line nr="1022" mi="1" ci="0" mb="0" cb="0" />
      <line nr="1027" mi="1" ci="0" mb="0" cb="0" />
      <line nr="1030" mi="1" ci="0" mb="0" cb="0" />
      <line nr="1031" mi="1" ci="0" mb="0" cb="0" />
      <line nr="1035" mi="3" ci="0" mb="0" cb="0" />
      <line nr="1055" mi="1" ci="0" mb="0" cb="0" />
      <line nr="1056" mi="1" ci="0" mb="0" cb="0" />
      <line nr="1058" mi="2" ci="0" mb="0" cb="0" />
      <line nr="1059" mi="1" ci="0" mb="0" cb="0" />
      <line nr="1061" mi="1" ci="0" mb="0" cb="0" />
      <line nr="1062" mi="1" ci="0" mb="0" cb="0" />
      <line nr="1063" mi="1" ci="0" mb="0" cb="0" />
      <line nr="1065" mi="1" ci="0" mb="0" cb="0" />
      <line nr="1066" mi="1" ci="0" mb="0" cb="0" />
      <line nr="1072" mi="2" ci="0" mb="0" cb="0" />
      <line nr="1074" mi="2" ci="0" mb="0" cb="0" />
      <line nr="1076" mi="1" ci="0" mb="0" cb="0" />
      <line nr="1078" mi="1" ci="0" mb="0" cb="0" />
      <line nr="1079" mi="1" ci="0" mb="0" cb="0" />
      <line nr="1080" mi="1" ci="0" mb="0" cb="0" />
      <line nr="1081" mi="2" ci="0" mb="0" cb="0" />
      <line nr="1082" mi="1" ci="0" mb="0" cb="0" />
      <line nr="1083" mi="1" ci="0" mb="0" cb="0" />
      <line nr="1084" mi="1" ci="0" mb="0" cb="0" />
      <line nr="1085" mi="1" ci="0" mb="0" cb="0" />
      <line nr="1086" mi="1" ci="0" mb="0" cb="0" />
      <line nr="1087" mi="1" ci="0" mb="0" cb="0" />
      <line nr="1088" mi="1" ci="0" mb="0" cb="0" />
      <line nr="1089" mi="1" ci="0" mb="0" cb="0" />
      <line nr="1090" mi="1" ci="0" mb="0" cb="0" />
      <line nr="1091" mi="1" ci="0" mb="0" cb="0" />
      <line nr="1092" mi="1" ci="0" mb="0" cb="0" />
      <line nr="1093" mi="1" ci="0" mb="0" cb="0" />
      <line nr="1094" mi="1" ci="0" mb="0" cb="0" />
      <line nr="1095" mi="1" ci="0" mb="0" cb="0" />
      <line nr="1099" mi="2" ci="0" mb="0" cb="0" />
      <line nr="1120" mi="1" ci="0" mb="0" cb="0" />
      <line nr="1121" mi="1" ci="0" mb="0" cb="0" />
      <line nr="1123" mi="2" ci="0" mb="0" cb="0" />
      <line nr="1124" mi="1" ci="0" mb="0" cb="0" />
      <line nr="1125" mi="1" ci="0" mb="0" cb="0" />
      <line nr="1126" mi="1" ci="0" mb="0" cb="0" />
      <line nr="1128" mi="1" ci="0" mb="0" cb="0" />
      <line nr="1129" mi="1" ci="0" mb="0" cb="0" />
      <line nr="1131" mi="1" ci="0" mb="0" cb="0" />
      <line nr="1132" mi="2" ci="0" mb="0" cb="0" />
      <line nr="1133" mi="2" ci="0" mb="0" cb="0" />
      <line nr="1136" mi="1" ci="0" mb="0" cb="0" />
      <line nr="1137" mi="2" ci="0" mb="0" cb="0" />
      <line nr="1138" mi="2" ci="0" mb="0" cb="0" />
      <line nr="1139" mi="2" ci="0" mb="0" cb="0" />
      <line nr="1142" mi="4" ci="0" mb="0" cb="0" />
      <line nr="1144" mi="2" ci="0" mb="0" cb="0" />
      <line nr="1146" mi="4" ci="0" mb="0" cb="0" />
      <line nr="1147" mi="2" ci="0" mb="0" cb="0" />
      <line nr="1149" mi="1" ci="0" mb="0" cb="0" />
      <line nr="1150" mi="1" ci="0" mb="0" cb="0" />
      <line nr="1151" mi="1" ci="0" mb="0" cb="0" />
      <line nr="1152" mi="1" ci="0" mb="0" cb="0" />
      <line nr="1153" mi="1" ci="0" mb="0" cb="0" />
      <line nr="1154" mi="3" ci="0" mb="0" cb="0" />
      <line nr="1155" mi="3" ci="0" mb="0" cb="0" />
      <line nr="1156" mi="1" ci="0" mb="0" cb="0" />
      <line nr="1157" mi="1" ci="0" mb="0" cb="0" />
      <line nr="1158" mi="1" ci="0" mb="0" cb="0" />
      <line nr="1159" mi="1" ci="0" mb="0" cb="0" />
      <line nr="1160" mi="1" ci="0" mb="0" cb="0" />
      <line nr="1161" mi="1" ci="0" mb="0" cb="0" />
      <line nr="1162" mi="1" ci="0" mb="0" cb="0" />
      <line nr="1163" mi="1" ci="0" mb="0" cb="0" />
      <line nr="1164" mi="1" ci="0" mb="0" cb="0" />
      <line nr="1165" mi="1" ci="0" mb="0" cb="0" />
      <line nr="1166" mi="1" ci="0" mb="0" cb="0" />
      <line nr="1167" mi="1" ci="0" mb="0" cb="0" />
      <line nr="1168" mi="1" ci="0" mb="0" cb="0" />
      <line nr="1174" mi="2" ci="0" mb="0" cb="0" />
      <line nr="1194" mi="1" ci="0" mb="0" cb="0" />
      <line nr="1196" mi="1" ci="0" mb="0" cb="0" />
      <line nr="1197" mi="1" ci="0" mb="0" cb="0" />
      <line nr="1200" mi="2" ci="0" mb="0" cb="0" />
      <line nr="1201" mi="1" ci="0" mb="0" cb="0" />
      <line nr="1202" mi="1" ci="0" mb="0" cb="0" />
      <line nr="1203" mi="1" ci="0" mb="0" cb="0" />
      <line nr="1205" mi="1" ci="0" mb="0" cb="0" />
      <line nr="1207" mi="1" ci="0" mb="0" cb="0" />
      <line nr="1208" mi="1" ci="0" mb="0" cb="0" />
      <line nr="1214" mi="1" ci="0" mb="0" cb="0" />
      <line nr="1215" mi="1" ci="0" mb="0" cb="0" />
      <line nr="1216" mi="1" ci="0" mb="0" cb="0" />
      <line nr="1217" mi="1" ci="0" mb="0" cb="0" />
      <line nr="1218" mi="1" ci="0" mb="0" cb="0" />
      <line nr="1219" mi="1" ci="0" mb="0" cb="0" />
      <line nr="1220" mi="1" ci="0" mb="0" cb="0" />
      <line nr="1221" mi="1" ci="0" mb="0" cb="0" />
      <line nr="1222" mi="1" ci="0" mb="0" cb="0" />
      <line nr="1223" mi="1" ci="0" mb="0" cb="0" />
      <line nr="1224" mi="1" ci="0" mb="0" cb="0" />
      <line nr="1225" mi="1" ci="0" mb="0" cb="0" />
      <line nr="1226" mi="1" ci="0" mb="0" cb="0" />
      <line nr="1227" mi="1" ci="0" mb="0" cb="0" />
      <line nr="1228" mi="1" ci="0" mb="0" cb="0" />
      <line nr="1229" mi="1" ci="0" mb="0" cb="0" />
      <line nr="1230" mi="1" ci="0" mb="0" cb="0" />
      <line nr="1235" mi="3" ci="0" mb="0" cb="0" />
      <line nr="1256" mi="1" ci="0" mb="0" cb="0" />
      <line nr="1257" mi="2" ci="0" mb="0" cb="0" />
      <line nr="1259" mi="1" ci="0" mb="0" cb="0" />
      <line nr="1260" mi="2" ci="0" mb="0" cb="0" />
      <line nr="1262" mi="2" ci="0" mb="0" cb="0" />
      <line nr="1264" mi="1" ci="0" mb="0" cb="0" />
      <line nr="1266" mi="1" ci="0" mb="0" cb="0" />
      <line nr="1267" mi="1" ci="0" mb="0" cb="0" />
      <line nr="1268" mi="1" ci="0" mb="0" cb="0" />
      <line nr="1269" mi="1" ci="0" mb="0" cb="0" />
      <line nr="1271" mi="1" ci="0" mb="0" cb="0" />
      <line nr="1272" mi="1" ci="0" mb="0" cb="0" />
      <line nr="1273" mi="1" ci="0" mb="0" cb="0" />
      <line nr="1274" mi="1" ci="0" mb="0" cb="0" />
      <line nr="1277" mi="1" ci="0" mb="0" cb="0" />
      <line nr="1278" mi="1" ci="0" mb="0" cb="0" />
      <line nr="1279" mi="1" ci="0" mb="0" cb="0" />
      <line nr="1282" mi="1" ci="0" mb="0" cb="0" />
      <line nr="1283" mi="1" ci="0" mb="0" cb="0" />
      <line nr="1284" mi="1" ci="0" mb="0" cb="0" />
      <line nr="1287" mi="1" ci="0" mb="0" cb="0" />
      <line nr="1288" mi="1" ci="0" mb="0" cb="0" />
      <line nr="1289" mi="1" ci="0" mb="0" cb="0" />
      <line nr="1292" mi="1" ci="0" mb="0" cb="0" />
      <line nr="1297" mi="2" ci="0" mb="0" cb="0" />
      <line nr="1299" mi="2" ci="0" mb="0" cb="0" />
      <line nr="1300" mi="1" ci="0" mb="0" cb="0" />
      <line nr="1301" mi="1" ci="0" mb="0" cb="0" />
      <line nr="1302" mi="1" ci="0" mb="0" cb="0" />
      <line nr="1303" mi="1" ci="0" mb="0" cb="0" />
      <line nr="1304" mi="1" ci="0" mb="0" cb="0" />
      <line nr="1305" mi="1" ci="0" mb="0" cb="0" />
      <line nr="1306" mi="1" ci="0" mb="0" cb="0" />
      <line nr="1307" mi="1" ci="0" mb="0" cb="0" />
      <line nr="1308" mi="1" ci="0" mb="0" cb="0" />
      <line nr="1309" mi="1" ci="0" mb="0" cb="0" />
      <line nr="1310" mi="1" ci="0" mb="0" cb="0" />
      <line nr="1311" mi="1" ci="0" mb="0" cb="0" />
      <line nr="1312" mi="1" ci="0" mb="0" cb="0" />
      <line nr="1313" mi="1" ci="0" mb="0" cb="0" />
      <line nr="1314" mi="1" ci="0" mb="0" cb="0" />
      <line nr="1315" mi="1" ci="0" mb="0" cb="0" />
      <line nr="1316" mi="1" ci="0" mb="0" cb="0" />
      <line nr="1317" mi="1" ci="0" mb="0" cb="0" />
      <line nr="1322" mi="1" ci="0" mb="0" cb="0" />
      <line nr="1327" mi="2" ci="0" mb="0" cb="0" />
      <line nr="1347" mi="1" ci="0" mb="0" cb="0" />
      <line nr="1350" mi="1" ci="0" mb="0" cb="0" />
      <line nr="1351" mi="1" ci="0" mb="0" cb="0" />
      <line nr="1352" mi="2" ci="0" mb="0" cb="0" />
      <line nr="1353" mi="1" ci="0" mb="0" cb="0" />
      <line nr="1355" mi="1" ci="0" mb="0" cb="0" />
      <line nr="1356" mi="1" ci="0" mb="0" cb="0" />
      <line nr="1357" mi="1" ci="0" mb="0" cb="0" />
      <line nr="1358" mi="1" ci="0" mb="0" cb="0" />
      <line nr="1361" mi="1" ci="0" mb="0" cb="0" />
      <line nr="1362" mi="1" ci="0" mb="0" cb="0" />
      <line nr="1367" mi="1" ci="0" mb="0" cb="0" />
      <line nr="1368" mi="1" ci="0" mb="0" cb="0" />
      <line nr="1369" mi="1" ci="0" mb="0" cb="0" />
      <line nr="1370" mi="1" ci="0" mb="0" cb="0" />
      <line nr="1371" mi="1" ci="0" mb="0" cb="0" />
      <line nr="1372" mi="1" ci="0" mb="0" cb="0" />
      <line nr="1373" mi="2" ci="0" mb="0" cb="0" />
      <line nr="1374" mi="1" ci="0" mb="0" cb="0" />
      <line nr="1375" mi="1" ci="0" mb="0" cb="0" />
      <line nr="1376" mi="1" ci="0" mb="0" cb="0" />
      <line nr="1377" mi="1" ci="0" mb="0" cb="0" />
      <line nr="1378" mi="1" ci="0" mb="0" cb="0" />
      <line nr="1379" mi="1" ci="0" mb="0" cb="0" />
      <line nr="1380" mi="1" ci="0" mb="0" cb="0" />
      <line nr="1381" mi="1" ci="0" mb="0" cb="0" />
      <line nr="1382" mi="1" ci="0" mb="0" cb="0" />
      <line nr="1383" mi="1" ci="0" mb="0" cb="0" />
      <line nr="1384" mi="1" ci="0" mb="0" cb="0" />
      <line nr="1390" mi="1" ci="0" mb="0" cb="0" />
      <line nr="1393" mi="2" ci="0" mb="0" cb="0" />
      <line nr="1413" mi="1" ci="0" mb="0" cb="0" />
      <line nr="1416" mi="1" ci="0" mb="0" cb="0" />
      <line nr="1417" mi="1" ci="0" mb="0" cb="0" />
      <line nr="1418" mi="1" ci="0" mb="0" cb="0" />
      <line nr="1419" mi="1" ci="0" mb="0" cb="0" />
      <line nr="1425" mi="1" ci="0" mb="0" cb="0" />
      <line nr="1426" mi="1" ci="0" mb="0" cb="0" />
      <line nr="1427" mi="1" ci="0" mb="0" cb="0" />
      <line nr="1428" mi="1" ci="0" mb="0" cb="0" />
      <line nr="1429" mi="1" ci="0" mb="0" cb="0" />
      <line nr="1430" mi="1" ci="0" mb="0" cb="0" />
      <line nr="1431" mi="1" ci="0" mb="0" cb="0" />
      <line nr="1432" mi="1" ci="0" mb="0" cb="0" />
      <line nr="1433" mi="1" ci="0" mb="0" cb="0" />
      <line nr="1434" mi="1" ci="0" mb="0" cb="0" />
      <line nr="1435" mi="1" ci="0" mb="0" cb="0" />
      <line nr="1436" mi="1" ci="0" mb="0" cb="0" />
      <line nr="1437" mi="1" ci="0" mb="0" cb="0" />
      <line nr="1438" mi="1" ci="0" mb="0" cb="0" />
      <line nr="1439" mi="1" ci="0" mb="0" cb="0" />
      <line nr="1440" mi="1" ci="0" mb="0" cb="0" />
      <line nr="1441" mi="1" ci="0" mb="0" cb="0" />
      <line nr="1442" mi="1" ci="0" mb="0" cb="0" />
      <line nr="1448" mi="1" ci="0" mb="0" cb="0" />
      <line nr="1451" mi="2" ci="0" mb="0" cb="0" />
      <line nr="1471" mi="1" ci="0" mb="0" cb="0" />
      <line nr="1474" mi="1" ci="0" mb="0" cb="0" />
      <line nr="1475" mi="1" ci="0" mb="0" cb="0" />
      <line nr="1476" mi="1" ci="0" mb="0" cb="0" />
      <line nr="1477" mi="1" ci="0" mb="0" cb="0" />
      <line nr="1478" mi="1" ci="0" mb="0" cb="0" />
      <line nr="1479" mi="1" ci="0" mb="0" cb="0" />
      <line nr="1480" mi="1" ci="0" mb="0" cb="0" />
      <line nr="1481" mi="1" ci="0" mb="0" cb="0" />
      <line nr="1482" mi="1" ci="0" mb="0" cb="0" />
      <line nr="1483" mi="3" ci="0" mb="0" cb="0" />
      <line nr="1484" mi="1" ci="0" mb="0" cb="0" />
      <line nr="1485" mi="1" ci="0" mb="0" cb="0" />
      <line nr="1486" mi="1" ci="0" mb="0" cb="0" />
      <line nr="1487" mi="3" ci="0" mb="0" cb="0" />
      <line nr="1488" mi="3" ci="0" mb="0" cb="0" />
      <line nr="1489" mi="3" ci="0" mb="0" cb="0" />
      <line nr="1490" mi="3" ci="0" mb="0" cb="0" />
      <line nr="1491" mi="5" ci="0" mb="0" cb="0" />
      <line nr="1492" mi="1" ci="0" mb="0" cb="0" />
      <line nr="1497" mi="1" ci="0" mb="0" cb="0" />
      <line nr="1501" mi="1" ci="0" mb="0" cb="0" />
      <line nr="1502" mi="1" ci="0" mb="0" cb="0" />
      <line nr="1503" mi="1" ci="0" mb="0" cb="0" />
      <line nr="1504" mi="1" ci="0" mb="0" cb="0" />
      <line nr="1505" mi="1" ci="0" mb="0" cb="0" />
      <line nr="1506" mi="1" ci="0" mb="0" cb="0" />
      <line nr="1507" mi="1" ci="0" mb="0" cb="0" />
      <line nr="1508" mi="1" ci="0" mb="0" cb="0" />
      <line nr="1509" mi="1" ci="0" mb="0" cb="0" />
      <line nr="1510" mi="3" ci="0" mb="0" cb="0" />
      <line nr="1511" mi="1" ci="0" mb="0" cb="0" />
      <line nr="1512" mi="1" ci="0" mb="0" cb="0" />
      <line nr="1513" mi="1" ci="0" mb="0" cb="0" />
      <line nr="1514" mi="3" ci="0" mb="0" cb="0" />
      <line nr="1515" mi="3" ci="0" mb="0" cb="0" />
      <line nr="1516" mi="3" ci="0" mb="0" cb="0" />
      <line nr="1517" mi="3" ci="0" mb="0" cb="0" />
      <line nr="1518" mi="5" ci="0" mb="0" cb="0" />
      <line nr="1519" mi="1" ci="0" mb="0" cb="0" />
      <line nr="1524" mi="1" ci="0" mb="0" cb="0" />
      <line nr="1528" mi="1" ci="0" mb="0" cb="0" />
      <line nr="1529" mi="1" ci="0" mb="0" cb="0" />
      <line nr="1530" mi="1" ci="0" mb="0" cb="0" />
      <line nr="1531" mi="1" ci="0" mb="0" cb="0" />
      <line nr="1532" mi="1" ci="0" mb="0" cb="0" />
      <line nr="1533" mi="1" ci="0" mb="0" cb="0" />
      <line nr="1534" mi="1" ci="0" mb="0" cb="0" />
      <line nr="1535" mi="1" ci="0" mb="0" cb="0" />
      <line nr="1536" mi="1" ci="0" mb="0" cb="0" />
      <line nr="1537" mi="3" ci="0" mb="0" cb="0" />
      <line nr="1538" mi="1" ci="0" mb="0" cb="0" />
      <line nr="1539" mi="1" ci="0" mb="0" cb="0" />
      <line nr="1540" mi="1" ci="0" mb="0" cb="0" />
      <line nr="1541" mi="3" ci="0" mb="0" cb="0" />
      <line nr="1542" mi="3" ci="0" mb="0" cb="0" />
      <line nr="1543" mi="3" ci="0" mb="0" cb="0" />
      <line nr="1544" mi="3" ci="0" mb="0" cb="0" />
      <line nr="1545" mi="5" ci="0" mb="0" cb="0" />
      <line nr="1546" mi="1" ci="0" mb="0" cb="0" />
      <line nr="1547" mi="1" ci="0" mb="0" cb="0" />
      <line nr="1548" mi="1" ci="0" mb="0" cb="0" />
      <line nr="1549" mi="1" ci="0" mb="0" cb="0" />
      <line nr="1554" mi="1" ci="0" mb="0" cb="0" />
      <line nr="1558" mi="1" ci="0" mb="0" cb="0" />
      <line nr="1559" mi="1" ci="0" mb="0" cb="0" />
      <line nr="1560" mi="1" ci="0" mb="0" cb="0" />
      <line nr="1561" mi="1" ci="0" mb="0" cb="0" />
      <line nr="1562" mi="1" ci="0" mb="0" cb="0" />
      <line nr="1563" mi="1" ci="0" mb="0" cb="0" />
      <line nr="1564" mi="1" ci="0" mb="0" cb="0" />
      <line nr="1565" mi="1" ci="0" mb="0" cb="0" />
      <line nr="1566" mi="1" ci="0" mb="0" cb="0" />
      <line nr="1567" mi="3" ci="0" mb="0" cb="0" />
      <line nr="1568" mi="1" ci="0" mb="0" cb="0" />
      <line nr="1569" mi="1" ci="0" mb="0" cb="0" />
      <line nr="1570" mi="1" ci="0" mb="0" cb="0" />
      <line nr="1571" mi="3" ci="0" mb="0" cb="0" />
      <line nr="1572" mi="3" ci="0" mb="0" cb="0" />
      <line nr="1573" mi="3" ci="0" mb="0" cb="0" />
      <line nr="1574" mi="3" ci="0" mb="0" cb="0" />
      <line nr="1575" mi="5" ci="0" mb="0" cb="0" />
      <line nr="1576" mi="1" ci="0" mb="0" cb="0" />
      <line nr="1577" mi="1" ci="0" mb="0" cb="0" />
      <line nr="1578" mi="1" ci="0" mb="0" cb="0" />
      <line nr="1579" mi="1" ci="0" mb="0" cb="0" />
      <line nr="1584" mi="1" ci="0" mb="0" cb="0" />
      <line nr="1587" mi="1" ci="0" mb="0" cb="0" />
      <line nr="1588" mi="1" ci="0" mb="0" cb="0" />
      <line nr="1592" mi="2" ci="0" mb="0" cb="0" />
      <line nr="1593" mi="1" ci="0" mb="0" cb="0" />
      <line nr="1594" mi="1" ci="0" mb="0" cb="0" />
      <line nr="1595" mi="1" ci="0" mb="0" cb="0" />
      <line nr="1596" mi="1" ci="0" mb="0" cb="0" />
      <line nr="1599" mi="1" ci="0" mb="0" cb="0" />
      <line nr="1600" mi="1" ci="0" mb="0" cb="0" />
      <line nr="1601" mi="1" ci="0" mb="0" cb="0" />
      <line nr="1602" mi="1" ci="0" mb="0" cb="0" />
      <line nr="1603" mi="1" ci="0" mb="0" cb="0" />
      <line nr="1604" mi="1" ci="0" mb="0" cb="0" />
      <line nr="1605" mi="1" ci="0" mb="0" cb="0" />
      <line nr="1606" mi="1" ci="0" mb="0" cb="0" />
      <line nr="1607" mi="1" ci="0" mb="0" cb="0" />
      <line nr="1608" mi="1" ci="0" mb="0" cb="0" />
      <line nr="1609" mi="3" ci="0" mb="0" cb="0" />
      <line nr="1610" mi="3" ci="0" mb="0" cb="0" />
      <line nr="1611" mi="3" ci="0" mb="0" cb="0" />
      <line nr="1612" mi="3" ci="0" mb="0" cb="0" />
      <line nr="1613" mi="5" ci="0" mb="0" cb="0" />
      <line nr="1614" mi="1" ci="0" mb="0" cb="0" />
      <line nr="1615" mi="1" ci="0" mb="0" cb="0" />
      <line nr="1621" mi="1" ci="0" mb="0" cb="0" />
      <line nr="1626" mi="1" ci="0" mb="0" cb="0" />
      <line nr="1627" mi="1" ci="0" mb="0" cb="0" />
      <line nr="1628" mi="1" ci="0" mb="0" cb="0" />
      <line nr="1629" mi="1" ci="0" mb="0" cb="0" />
      <line nr="1635" mi="1" ci="0" mb="0" cb="0" />
      <line nr="1637" mi="1" ci="0" mb="0" cb="0" />
      <line nr="1641" mi="1" ci="0" mb="0" cb="0" />
      <line nr="1644" mi="1" ci="0" mb="0" cb="0" />
      <line nr="1648" mi="1" ci="0" mb="0" cb="0" />
      <line nr="1649" mi="1" ci="0" mb="0" cb="0" />
      <line nr="1650" mi="1" ci="0" mb="0" cb="0" />
      <line nr="1651" mi="1" ci="0" mb="0" cb="0" />
      <line nr="1652" mi="1" ci="0" mb="0" cb="0" />
      <line nr="1653" mi="1" ci="0" mb="0" cb="0" />
      <line nr="1654" mi="1" ci="0" mb="0" cb="0" />
      <line nr="1655" mi="1" ci="0" mb="0" cb="0" />
      <line nr="1656" mi="1" ci="0" mb="0" cb="0" />
      <line nr="1657" mi="1" ci="0" mb="0" cb="0" />
      <line nr="1658" mi="1" ci="0" mb="0" cb="0" />
      <line nr="1659" mi="1" ci="0" mb="0" cb="0" />
      <line nr="1660" mi="1" ci="0" mb="0" cb="0" />
      <line nr="1661" mi="1" ci="0" mb="0" cb="0" />
      <line nr="1662" mi="1" ci="0" mb="0" cb="0" />
      <line nr="1663" mi="1" ci="0" mb="0" cb="0" />
      <line nr="1664" mi="1" ci="0" mb="0" cb="0" />
      <line nr="1665" mi="1" ci="0" mb="0" cb="0" />
      <line nr="1666" mi="1" ci="0" mb="0" cb="0" />
      <line nr="1671" mi="1" ci="0" mb="0" cb="0" />
      <line nr="1675" mi="1" ci="0" mb="0" cb="0" />
      <line nr="1676" mi="1" ci="0" mb="0" cb="0" />
      <line nr="1677" mi="1" ci="0" mb="0" cb="0" />
      <line nr="1678" mi="1" ci="0" mb="0" cb="0" />
      <line nr="1683" mi="1" ci="0" mb="0" cb="0" />
      <line nr="1684" mi="1" ci="0" mb="0" cb="0" />
      <line nr="1685" mi="1" ci="0" mb="0" cb="0" />
      <line nr="1686" mi="1" ci="0" mb="0" cb="0" />
      <line nr="1687" mi="1" ci="0" mb="0" cb="0" />
      <line nr="1688" mi="1" ci="0" mb="0" cb="0" />
      <line nr="1689" mi="1" ci="0" mb="0" cb="0" />
      <line nr="1690" mi="1" ci="0" mb="0" cb="0" />
      <line nr="1691" mi="1" ci="0" mb="0" cb="0" />
      <line nr="1692" mi="1" ci="0" mb="0" cb="0" />
      <line nr="1693" mi="1" ci="0" mb="0" cb="0" />
      <line nr="1694" mi="1" ci="0" mb="0" cb="0" />
      <line nr="1695" mi="1" ci="0" mb="0" cb="0" />
      <line nr="1696" mi="1" ci="0" mb="0" cb="0" />
      <line nr="1697" mi="1" ci="0" mb="0" cb="0" />
      <line nr="1698" mi="1" ci="0" mb="0" cb="0" />
      <line nr="1699" mi="1" ci="0" mb="0" cb="0" />
      <line nr="1700" mi="1" ci="0" mb="0" cb="0" />
      <line nr="1701" mi="1" ci="0" mb="0" cb="0" />
      <line nr="1706" mi="1" ci="0" mb="0" cb="0" />
      <line nr="1709" mi="1" ci="0" mb="0" cb="0" />
      <line nr="1711" mi="2" ci="0" mb="0" cb="0" />
      <line nr="1712" mi="1" ci="0" mb="0" cb="0" />
      <line nr="1713" mi="1" ci="0" mb="0" cb="0" />
      <line nr="1714" mi="1" ci="0" mb="0" cb="0" />
      <line nr="1716" mi="1" ci="0" mb="0" cb="0" />
      <line nr="1717" mi="1" ci="0" mb="0" cb="0" />
      <line nr="1718" mi="1" ci="0" mb="0" cb="0" />
      <line nr="1720" mi="1" ci="0" mb="0" cb="0" />
      <line nr="1721" mi="1" ci="0" mb="0" cb="0" />
      <line nr="1722" mi="1" ci="0" mb="0" cb="0" />
      <line nr="1723" mi="1" ci="0" mb="0" cb="0" />
      <line nr="1724" mi="1" ci="0" mb="0" cb="0" />
      <line nr="1725" mi="1" ci="0" mb="0" cb="0" />
      <line nr="1726" mi="3" ci="0" mb="0" cb="0" />
      <line nr="1727" mi="1" ci="0" mb="0" cb="0" />
      <line nr="1728" mi="1" ci="0" mb="0" cb="0" />
      <line nr="1729" mi="1" ci="0" mb="0" cb="0" />
      <line nr="1730" mi="3" ci="0" mb="0" cb="0" />
      <line nr="1731" mi="3" ci="0" mb="0" cb="0" />
      <line nr="1732" mi="3" ci="0" mb="0" cb="0" />
      <line nr="1733" mi="3" ci="0" mb="0" cb="0" />
      <line nr="1734" mi="5" ci="0" mb="0" cb="0" />
      <line nr="1735" mi="1" ci="0" mb="0" cb="0" />
      <line nr="1736" mi="1" ci="0" mb="0" cb="0" />
      <line nr="1737" mi="1" ci="0" mb="0" cb="0" />
      <line nr="1738" mi="1" ci="0" mb="0" cb="0" />
      <line nr="1739" mi="1" ci="0" mb="0" cb="0" />
      <line nr="1744" mi="1" ci="0" mb="0" cb="0" />
      <line nr="1747" mi="3" ci="0" mb="0" cb="0" />
      <line nr="1748" mi="3" ci="0" mb="0" cb="0" />
      <line nr="1749" mi="3" ci="0" mb="0" cb="0" />
      <line nr="1750" mi="3" ci="0" mb="0" cb="0" />
      <line nr="1751" mi="3" ci="0" mb="0" cb="0" />
      <line nr="1752" mi="3" ci="0" mb="0" cb="0" />
      <line nr="1753" mi="3" ci="0" mb="0" cb="0" />
      <line nr="1755" mi="2" ci="0" mb="0" cb="0" />
      <line nr="1763" mi="1" ci="0" mb="0" cb="0" />
      <line nr="1764" mi="1" ci="0" mb="0" cb="0" />
      <line nr="1766" mi="2" ci="0" mb="0" cb="0" />
      <line nr="1767" mi="1" ci="0" mb="0" cb="0" />
      <line nr="1768" mi="1" ci="0" mb="0" cb="0" />
      <line nr="1770" mi="1" ci="0" mb="0" cb="0" />
      <line nr="1771" mi="1" ci="0" mb="0" cb="0" />
      <line nr="1772" mi="1" ci="0" mb="0" cb="0" />
      <line nr="1773" mi="3" ci="0" mb="0" cb="0" />
      <line nr="1774" mi="3" ci="0" mb="0" cb="0" />
      <line nr="1775" mi="3" ci="0" mb="0" cb="0" />
      <line nr="1776" mi="3" ci="0" mb="0" cb="0" />
      <line nr="1777" mi="3" ci="0" mb="0" cb="0" />
      <line nr="1778" mi="3" ci="0" mb="0" cb="0" />
      <line nr="1779" mi="3" ci="0" mb="0" cb="0" />
      <line nr="1780" mi="3" ci="0" mb="0" cb="0" />
      <line nr="1781" mi="3" ci="0" mb="0" cb="0" />
      <line nr="1784" mi="1" ci="0" mb="0" cb="0" />
      <line nr="1787" mi="1" ci="0" mb="0" cb="0" />
      <line nr="1795" mi="1" ci="0" mb="0" cb="0" />
      <line nr="1796" mi="1" ci="0" mb="0" cb="0" />
      <line nr="1797" mi="1" ci="0" mb="0" cb="0" />
      <line nr="1798" mi="1" ci="0" mb="0" cb="0" />
      <line nr="1800" mi="2" ci="0" mb="0" cb="0" />
      <line nr="1801" mi="1" ci="0" mb="0" cb="0" />
      <line nr="1803" mi="1" ci="0" mb="0" cb="0" />
      <line nr="1804" mi="1" ci="0" mb="0" cb="0" />
      <line nr="1805" mi="1" ci="0" mb="0" cb="0" />
      <line nr="1807" mi="1" ci="0" mb="0" cb="0" />
      <line nr="1808" mi="1" ci="0" mb="0" cb="0" />
      <line nr="1809" mi="1" ci="0" mb="0" cb="0" />
      <line nr="1810" mi="1" ci="0" mb="0" cb="0" />
      <line nr="1812" mi="1" ci="0" mb="0" cb="0" />
      <line nr="1813" mi="1" ci="0" mb="0" cb="0" />
      <line nr="1814" mi="1" ci="0" mb="0" cb="0" />
      <line nr="1815" mi="1" ci="0" mb="0" cb="0" />
      <line nr="1817" mi="1" ci="0" mb="0" cb="0" />
      <line nr="1819" mi="2" ci="0" mb="0" cb="0" />
      <line nr="1822" mi="1" ci="0" mb="0" cb="0" />
      <line nr="1825" mi="1" ci="0" mb="0" cb="0" />
      <line nr="1826" mi="1" ci="0" mb="0" cb="0" />
      <line nr="1827" mi="1" ci="0" mb="0" cb="0" />
      <line nr="1829" mi="2" ci="0" mb="0" cb="0" />
      <line nr="1830" mi="2" ci="0" mb="0" cb="0" />
      <line nr="1831" mi="2" ci="0" mb="0" cb="0" />
      <line nr="1833" mi="1" ci="0" mb="0" cb="0" />
      <line nr="1834" mi="1" ci="0" mb="0" cb="0" />
      <line nr="1835" mi="1" ci="0" mb="0" cb="0" />
      <line nr="1836" mi="1" ci="0" mb="0" cb="0" />
      <line nr="1837" mi="1" ci="0" mb="0" cb="0" />
      <line nr="1838" mi="1" ci="0" mb="0" cb="0" />
      <line nr="1839" mi="1" ci="0" mb="0" cb="0" />
      <line nr="1840" mi="1" ci="0" mb="0" cb="0" />
      <line nr="1841" mi="1" ci="0" mb="0" cb="0" />
      <line nr="1846" mi="2" ci="0" mb="0" cb="0" />
      <line nr="1868" mi="2" ci="0" mb="0" cb="0" />
      <line nr="1869" mi="1" ci="0" mb="0" cb="0" />
      <line nr="1870" mi="1" ci="0" mb="0" cb="0" />
      <line nr="1871" mi="2" ci="0" mb="0" cb="0" />
      <line nr="1872" mi="1" ci="0" mb="0" cb="0" />
      <line nr="1874" mi="1" ci="0" mb="0" cb="0" />
      <line nr="1875" mi="1" ci="0" mb="0" cb="0" />
      <line nr="1876" mi="1" ci="0" mb="0" cb="0" />
      <line nr="1878" mi="1" ci="0" mb="0" cb="0" />
      <line nr="1879" mi="1" ci="0" mb="0" cb="0" />
      <line nr="1880" mi="1" ci="0" mb="0" cb="0" />
      <line nr="1884" mi="1" ci="0" mb="0" cb="0" />
      <line nr="1888" mi="1" ci="0" mb="0" cb="0" />
      <line nr="1889" mi="1" ci="0" mb="0" cb="0" />
      <line nr="1890" mi="1" ci="0" mb="0" cb="0" />
      <line nr="1891" mi="1" ci="0" mb="0" cb="0" />
      <line nr="1892" mi="1" ci="0" mb="0" cb="0" />
      <line nr="1893" mi="1" ci="0" mb="0" cb="0" />
      <line nr="1894" mi="1" ci="0" mb="0" cb="0" />
      <line nr="1896" mi="1" ci="0" mb="0" cb="0" />
      <line nr="1897" mi="1" ci="0" mb="0" cb="0" />
      <line nr="1899" mi="1" ci="0" mb="0" cb="0" />
      <line nr="1900" mi="2" ci="0" mb="0" cb="0" />
      <line nr="1901" mi="1" ci="0" mb="0" cb="0" />
      <line nr="1902" mi="1" ci="0" mb="0" cb="0" />
      <line nr="1903" mi="2" ci="0" mb="0" cb="0" />
      <line nr="1905" mi="1" ci="0" mb="0" cb="0" />
      <line nr="1906" mi="1" ci="0" mb="0" cb="0" />
      <line nr="1910" mi="1" ci="0" mb="0" cb="0" />
      <line nr="1911" mi="1" ci="0" mb="0" cb="0" />
      <line nr="1912" mi="1" ci="0" mb="0" cb="0" />
      <line nr="1913" mi="2" ci="0" mb="0" cb="0" />
      <line nr="1917" mi="2" ci="0" mb="0" cb="0" />
      <line nr="1918" mi="2" ci="0" mb="0" cb="0" />
      <line nr="1919" mi="2" ci="0" mb="0" cb="0" />
      <line nr="1920" mi="1" ci="0" mb="0" cb="0" />
      <line nr="1921" mi="1" ci="0" mb="0" cb="0" />
      <line nr="1925" mi="1" ci="0" mb="0" cb="0" />
      <line nr="1926" mi="2" ci="0" mb="0" cb="0" />
      <line nr="1929" mi="1" ci="0" mb="0" cb="0" />
      <line nr="1930" mi="1" ci="0" mb="0" cb="0" />
      <line nr="1937" mi="3" ci="0" mb="0" cb="0" />
      <line nr="1939" mi="1" ci="0" mb="0" cb="0" />
      <line nr="1940" mi="2" ci="0" mb="0" cb="0" />
      <line nr="1944" mi="2" ci="0" mb="0" cb="0" />
      <line nr="1945" mi="1" ci="0" mb="0" cb="0" />
      <line nr="1946" mi="1" ci="0" mb="0" cb="0" />
      <line nr="1947" mi="1" ci="0" mb="0" cb="0" />
      <line nr="1949" mi="1" ci="0" mb="0" cb="0" />
      <line nr="1950" mi="1" ci="0" mb="0" cb="0" />
      <line nr="1956" mi="1" ci="0" mb="0" cb="0" />
      <line nr="1957" mi="1" ci="0" mb="0" cb="0" />
      <line nr="1961" mi="1" ci="0" mb="0" cb="0" />
      <line nr="1962" mi="1" ci="0" mb="0" cb="0" />
      <line nr="1963" mi="2" ci="0" mb="0" cb="0" />
      <line nr="1968" mi="2" ci="0" mb="0" cb="0" />
      <line nr="1969" mi="1" ci="0" mb="0" cb="0" />
      <line nr="1970" mi="1" ci="0" mb="0" cb="0" />
      <line nr="1971" mi="1" ci="0" mb="0" cb="0" />
      <line nr="1972" mi="1" ci="0" mb="0" cb="0" />
      <line nr="1973" mi="1" ci="0" mb="0" cb="0" />
      <line nr="1979" mi="1" ci="0" mb="0" cb="0" />
      <line nr="1980" mi="1" ci="0" mb="0" cb="0" />
      <line nr="1986" mi="1" ci="0" mb="0" cb="0" />
      <line nr="1987" mi="1" ci="0" mb="0" cb="0" />
      <line nr="1988" mi="1" ci="0" mb="0" cb="0" />
      <line nr="1993" mi="1" ci="0" mb="0" cb="0" />
      <line nr="1994" mi="1" ci="0" mb="0" cb="0" />
      <line nr="1996" mi="1" ci="0" mb="0" cb="0" />
      <line nr="1997" mi="1" ci="0" mb="0" cb="0" />
      <line nr="1998" mi="1" ci="0" mb="0" cb="0" />
      <line nr="2003" mi="1" ci="0" mb="0" cb="0" />
      <line nr="2004" mi="2" ci="0" mb="0" cb="0" />
      <line nr="2006" mi="2" ci="0" mb="0" cb="0" />
      <line nr="2007" mi="1" ci="0" mb="0" cb="0" />
      <line nr="2008" mi="1" ci="0" mb="0" cb="0" />
      <line nr="2012" mi="2" ci="0" mb="0" cb="0" />
      <line nr="2013" mi="3" ci="0" mb="0" cb="0" />
      <line nr="2017" mi="2" ci="0" mb="0" cb="0" />
      <line nr="2018" mi="1" ci="0" mb="0" cb="0" />
      <line nr="2019" mi="1" ci="0" mb="0" cb="0" />
      <line nr="2020" mi="2" ci="0" mb="0" cb="0" />
      <line nr="2021" mi="2" ci="0" mb="0" cb="0" />
      <line nr="2022" mi="2" ci="0" mb="0" cb="0" />
      <line nr="2023" mi="2" ci="0" mb="0" cb="0" />
      <line nr="2024" mi="1" ci="0" mb="0" cb="0" />
      <line nr="2025" mi="1" ci="0" mb="0" cb="0" />
      <line nr="2026" mi="1" ci="0" mb="0" cb="0" />
      <line nr="2030" mi="2" ci="0" mb="0" cb="0" />
      <line nr="2031" mi="1" ci="0" mb="0" cb="0" />
      <line nr="2032" mi="1" ci="0" mb="0" cb="0" />
      <line nr="2033" mi="2" ci="0" mb="0" cb="0" />
      <line nr="2034" mi="2" ci="0" mb="0" cb="0" />
      <line nr="2035" mi="2" ci="0" mb="0" cb="0" />
[...]
      <line nr="2722" mi="1" ci="0" mb="0" cb="0" />
      <line nr="2723" mi="3" ci="0" mb="0" cb="0" />
      <line nr="2726" mi="1" ci="0" mb="0" cb="0" />
      <line nr="2757" mi="1" ci="0" mb="0" cb="0" />
      <line nr="2759" mi="2" ci="0" mb="0" cb="0" />
      <line nr="2760" mi="3" ci="0" mb="0" cb="0" />
      <line nr="2762" mi="1" ci="0" mb="0" cb="0" />
      <line nr="2763" mi="3" ci="0" mb="0" cb="0" />
      <line nr="2766" mi="1" ci="0" mb="0" cb="0" />
      <line nr="2802" mi="1" ci="0" mb="0" cb="0" />
      <line nr="2803" mi="3" ci="0" mb="0" cb="0" />
      <line nr="2805" mi="1" ci="0" mb="0" cb="0" />
      <line nr="2806" mi="3" ci="0" mb="0" cb="0" />
      <line nr="2809" mi="1" ci="0" mb="0" cb="0" />
      <line nr="2840" mi="0" ci="1" mb="0" cb="0" />
      <line nr="2842" mi="0" ci="2" mb="0" cb="0" />
      <line nr="2843" mi="0" ci="3" mb="0" cb="0" />
      <line nr="2845" mi="0" ci="1" mb="0" cb="0" />
      <line nr="2846" mi="0" ci="1" mb="0" cb="0" />
      <line nr="2847" mi="0" ci="1" mb="0" cb="0" />
      <line nr="2848" mi="0" ci="2" mb="0" cb="0" />
      <line nr="2849" mi="0" ci="1" mb="0" cb="0" />
      <line nr="2850" mi="0" ci="1" mb="0" cb="0" />
      <line nr="2851" mi="0" ci="1" mb="0" cb="0" />
      <line nr="2852" mi="0" ci="1" mb="0" cb="0" />
      <line nr="2853" mi="0" ci="1" mb="0" cb="0" />
      <line nr="2854" mi="0" ci="1" mb="0" cb="0" />
      <line nr="2855" mi="0" ci="1" mb="0" cb="0" />
      <line nr="2858" mi="0" ci="1" mb="0" cb="0" />
      <line nr="2859" mi="0" ci="1" mb="0" cb="0" />
      <line nr="2860" mi="0" ci="1" mb="0" cb="0" />
      <line nr="2861" mi="0" ci="1" mb="0" cb="0" />
      <line nr="2862" mi="0" ci="2" mb="0" cb="0" />
      <line nr="2864" mi="0" ci="1" mb="0" cb="0" />
      <line nr="2866" mi="0" ci="1" mb="0" cb="0" />
      <line nr="2869" mi="1" ci="0" mb="0" cb="0" />
      <line nr="2873" mi="0" ci="1" mb="0" cb="0" />
      <line nr="2874" mi="0" ci="2" mb="0" cb="0" />
      <line nr="2877" mi="0" ci="1" mb="0" cb="0" />
      <line nr="2879" mi="0" ci="1" mb="0" cb="0" />
      <line nr="2880" mi="0" ci="1" mb="0" cb="0" />
      <line nr="2881" mi="0" ci="1" mb="0" cb="0" />
      <line nr="2884" mi="0" ci="1" mb="0" cb="0" />
      <line nr="2885" mi="0" ci="1" mb="0" cb="0" />
      <line nr="2886" mi="0" ci="2" mb="0" cb="0" />
      <line nr="2887" mi="0" ci="1" mb="0" cb="0" />
      <line nr="2888" mi="0" ci="1" mb="0" cb="0" />
      <line nr="2889" mi="0" ci="1" mb="0" cb="0" />
      <line nr="2890" mi="0" ci="1" mb="0" cb="0" />
      <line nr="2891" mi="0" ci="2" mb="0" cb="0" />
      <line nr="2892" mi="0" ci="2" mb="0" cb="0" />
      <line nr="2896" mi="0" ci="1" mb="0" cb="0" />
      <line nr="2920" mi="2" ci="0" mb="0" cb="0" />
      <line nr="2921" mi="1" ci="0" mb="0" cb="0" />
      <line nr="2922" mi="1" ci="0" mb="0" cb="0" />
      <line nr="2924" mi="1" ci="0" mb="0" cb="0" />
      <line nr="2925" mi="2" ci="0" mb="0" cb="0" />
      <line nr="2926" mi="5" ci="0" mb="0" cb="0" />
      <line nr="2930" mi="3" ci="0" mb="0" cb="0" />
      <line nr="2931" mi="1" ci="0" mb="0" cb="0" />
      <line nr="2933" mi="1" ci="0" mb="0" cb="0" />
      <line nr="2934" mi="1" ci="0" mb="0" cb="0" />
      <line nr="2938" mi="1" ci="0" mb="0" cb="0" />
      <line nr="2939" mi="1" ci="0" mb="0" cb="0" />
      <line nr="2940" mi="2" ci="0" mb="0" cb="0" />
      <line nr="2941" mi="2" ci="0" mb="0" cb="0" />
      <line nr="2962" mi="2" ci="0" mb="0" cb="0" />
      <line nr="2963" mi="5" ci="0" mb="0" cb="0" />
      <line nr="2966" mi="2" ci="0" mb="0" cb="0" />
      <line nr="2986" mi="2" ci="0" mb="0" cb="0" />
      <line nr="2987" mi="5" ci="0" mb="0" cb="0" />
      <line nr="2990" mi="2" ci="0" mb="0" cb="0" />
      <line nr="3020" mi="1" ci="0" mb="0" cb="0" />
      <line nr="3021" mi="1" ci="0" mb="0" cb="0" />
      <line nr="3022" mi="1" ci="0" mb="0" cb="0" />
      <line nr="3023" mi="1" ci="0" mb="0" cb="0" />
      <line nr="3024" mi="1" ci="0" mb="0" cb="0" />
      <line nr="3025" mi="1" ci="0" mb="0" cb="0" />
      <line nr="3026" mi="1" ci="0" mb="0" cb="0" />
      <line nr="3030" mi="1" ci="0" mb="0" cb="0" />
      <line nr="3032" mi="1" ci="0" mb="0" cb="0" />
      <line nr="3035" mi="1" ci="0" mb="0" cb="0" />
      <line nr="3036" mi="1" ci="0" mb="0" cb="0" />
      <line nr="3037" mi="1" ci="0" mb="0" cb="0" />
      <line nr="3038" mi="1" ci="0" mb="0" cb="0" />
      <line nr="3039" mi="1" ci="0" mb="0" cb="0" />
      <line nr="3040" mi="1" ci="0" mb="0" cb="0" />
      <line nr="3044" mi="2" ci="0" mb="0" cb="0" />
      <line nr="3045" mi="1" ci="0" mb="0" cb="0" />
      <line nr="3046" mi="1" ci="0" mb="0" cb="0" />
      <line nr="3047" mi="1" ci="0" mb="0" cb="0" />
      <line nr="3048" mi="1" ci="0" mb="0" cb="0" />
      <line nr="3049" mi="1" ci="0" mb="0" cb="0" />
      <line nr="3050" mi="1" ci="0" mb="0" cb="0" />
      <line nr="3054" mi="1" ci="0" mb="0" cb="0" />
      <line nr="3055" mi="1" ci="0" mb="0" cb="0" />
      <line nr="3056" mi="1" ci="0" mb="0" cb="0" />
      <line nr="3057" mi="1" ci="0" mb="0" cb="0" />
      <line nr="3058" mi="1" ci="0" mb="0" cb="0" />
      <line nr="3059" mi="1" ci="0" mb="0" cb="0" />
      <line nr="3060" mi="1" ci="0" mb="0" cb="0" />
      <line nr="3064" mi="1" ci="0" mb="0" cb="0" />
      <line nr="3065" mi="1" ci="0" mb="0" cb="0" />
      <line nr="3066" mi="1" ci="0" mb="0" cb="0" />
      <line nr="3067" mi="1" ci="0" mb="0" cb="0" />
      <line nr="3068" mi="1" ci="0" mb="0" cb="0" />
      <line nr="3069" mi="1" ci="0" mb="0" cb="0" />
      <line nr="3070" mi="1" ci="0" mb="0" cb="0" />
      <line nr="3075" mi="1" ci="0" mb="0" cb="0" />
      <line nr="3076" mi="1" ci="0" mb="0" cb="0" />
      <line nr="3077" mi="1" ci="0" mb="0" cb="0" />
      <line nr="3078" mi="1" ci="0" mb="0" cb="0" />
      <line nr="3079" mi="1" ci="0" mb="0" cb="0" />
      <line nr="3080" mi="1" ci="0" mb="0" cb="0" />
      <line nr="3081" mi="1" ci="0" mb="0" cb="0" />
      <line nr="3085" mi="1" ci="0" mb="0" cb="0" />
      <line nr="3086" mi="1" ci="0" mb="0" cb="0" />
      <line nr="3087" mi="1" ci="0" mb="0" cb="0" />
      <line nr="3088" mi="1" ci="0" mb="0" cb="0" />
      <line nr="3089" mi="1" ci="0" mb="0" cb="0" />
      <line nr="3090" mi="1" ci="0" mb="0" cb="0" />
      <line nr="3117" mi="2" ci="0" mb="0" cb="0" />
      <line nr="3118" mi="1" ci="0" mb="0" cb="0" />
      <line nr="3120" mi="1" ci="0" mb="0" cb="0" />
      <line nr="3121" mi="1" ci="0" mb="0" cb="0" />
      <line nr="3122" mi="2" ci="0" mb="0" cb="0" />
      <line nr="3125" mi="1" ci="0" mb="0" cb="0" />
      <line nr="3126" mi="1" ci="0" mb="0" cb="0" />
      <line nr="3127" mi="4" ci="0" mb="0" cb="0" />
      <line nr="3128" mi="4" ci="0" mb="0" cb="0" />
      <line nr="3129" mi="2" ci="0" mb="0" cb="0" />
      <line nr="3154" mi="1" ci="0" mb="0" cb="0" />
      <line nr="3155" mi="1" ci="0" mb="0" cb="0" />
      <line nr="3156" mi="1" ci="0" mb="0" cb="0" />
      <line nr="3162" mi="1" ci="0" mb="0" cb="0" />
      <line nr="3163" mi="1" ci="0" mb="0" cb="0" />
      <line nr="3165" mi="1" ci="0" mb="0" cb="0" />
      <line nr="3166" mi="1" ci="0" mb="0" cb="0" />
      <line nr="3167" mi="1" ci="0" mb="0" cb="0" />
      <line nr="3168" mi="1" ci="0" mb="0" cb="0" />
      <line nr="3169" mi="1" ci="0" mb="0" cb="0" />
      <line nr="3170" mi="1" ci="0" mb="0" cb="0" />
      <line nr="3171" mi="1" ci="0" mb="0" cb="0" />
      <line nr="3172" mi="1" ci="0" mb="0" cb="0" />
      <line nr="3177" mi="1" ci="0" mb="0" cb="0" />
      <line nr="3178" mi="1" ci="0" mb="0" cb="0" />
      <line nr="3179" mi="1" ci="0" mb="0" cb="0" />
      <line nr="3180" mi="1" ci="0" mb="0" cb="0" />
      <line nr="3181" mi="1" ci="0" mb="0" cb="0" />
      <line nr="3182" mi="1" ci="0" mb="0" cb="0" />
      <line nr="3183" mi="1" ci="0" mb="0" cb="0" />
      <line nr="3184" mi="1" ci="0" mb="0" cb="0" />
      <line nr="3190" mi="1" ci="0" mb="0" cb="0" />
      <line nr="3191" mi="1" ci="0" mb="0" cb="0" />
      <line nr="3192" mi="1" ci="0" mb="0" cb="0" />
      <line nr="3193" mi="1" ci="0" mb="0" cb="0" />
      <line nr="3194" mi="1" ci="0" mb="0" cb="0" />
      <line nr="3195" mi="1" ci="0" mb="0" cb="0" />
      <line nr="3196" mi="1" ci="0" mb="0" cb="0" />
      <line nr="3200" mi="1" ci="0" mb="0" cb="0" />
      <line nr="3201" mi="1" ci="0" mb="0" cb="0" />
      <line nr="3202" mi="1" ci="0" mb="0" cb="0" />
      <line nr="3203" mi="1" ci="0" mb="0" cb="0" />
      <line nr="3204" mi="1" ci="0" mb="0" cb="0" />
      <line nr="3205" mi="1" ci="0" mb="0" cb="0" />
      <line nr="3206" mi="1" ci="0" mb="0" cb="0" />
      <line nr="3211" mi="2" ci="0" mb="0" cb="0" />
      <line nr="3241" mi="1" ci="0" mb="0" cb="0" />
      <line nr="3242" mi="1" ci="0" mb="0" cb="0" />
      <line nr="3247" mi="1" ci="0" mb="0" cb="0" />
      <line nr="3249" mi="1" ci="0" mb="0" cb="0" />
      <line nr="3250" mi="3" ci="0" mb="0" cb="0" />
      <line nr="3253" mi="2" ci="0" mb="0" cb="0" />
      <line nr="3283" mi="1" ci="0" mb="0" cb="0" />
      <line nr="3284" mi="1" ci="0" mb="0" cb="0" />
      <line nr="3289" mi="1" ci="0" mb="0" cb="0" />
      <line nr="3291" mi="1" ci="0" mb="0" cb="0" />
      <line nr="3292" mi="2" ci="0" mb="0" cb="0" />
      <line nr="3293" mi="1" ci="0" mb="0" cb="0" />
      <line nr="3294" mi="1" ci="0" mb="0" cb="0" />
      <line nr="3295" mi="1" ci="0" mb="0" cb="0" />
      <line nr="3296" mi="1" ci="0" mb="0" cb="0" />
      <line nr="3297" mi="1" ci="0" mb="0" cb="0" />
      <line nr="3298" mi="1" ci="0" mb="0" cb="0" />
      <line nr="3303" mi="1" ci="0" mb="0" cb="0" />
      <line nr="3304" mi="1" ci="0" mb="0" cb="0" />
      <line nr="3305" mi="1" ci="0" mb="0" cb="0" />
      <line nr="3306" mi="1" ci="0" mb="0" cb="0" />
      <line nr="3307" mi="1" ci="0" mb="0" cb="0" />
      <line nr="3308" mi="1" ci="0" mb="0" cb="0" />
      <line nr="3309" mi="1" ci="0" mb="0" cb="0" />
      <line nr="3315" mi="1" ci="0" mb="0" cb="0" />
      <line nr="3316" mi="1" ci="0" mb="0" cb="0" />
      <line nr="3317" mi="1" ci="0" mb="0" cb="0" />
      <line nr="3318" mi="1" ci="0" mb="0" cb="0" />
      <line nr="3319" mi="1" ci="0" mb="0" cb="0" />
      <line nr="3320" mi="1" ci="0" mb="0" cb="0" />
      <line nr="3321" mi="1" ci="0" mb="0" cb="0" />
      <line nr="3325" mi="1" ci="0" mb="0" cb="0" />
      <line nr="3326" mi="1" ci="0" mb="0" cb="0" />
      <line nr="3327" mi="1" ci="0" mb="0" cb="0" />
      <line nr="3328" mi="1" ci="0" mb="0" cb="0" />
      <line nr="3329" mi="1" ci="0" mb="0" cb="0" />
      <line nr="3330" mi="1" ci="0" mb="0" cb="0" />
      <line nr="3335" mi="2" ci="0" mb="0" cb="0" />
      <line nr="3365" mi="1" ci="0" mb="0" cb="0" />
      <line nr="3366" mi="5" ci="0" mb="0" cb="0" />
      <line nr="3367" mi="4" ci="0" mb="0" cb="0" />
      <line nr="3368" mi="4" ci="0" mb="0" cb="0" />
      <line nr="3371" mi="1" ci="0" mb="0" cb="0" />
      <line nr="3373" mi="1" ci="0" mb="0" cb="0" />
      <line nr="3374" mi="2" ci="0" mb="0" cb="0" />
      <line nr="3377" mi="2" ci="0" mb="0" cb="0" />
      <line nr="3407" mi="1" ci="0" mb="0" cb="0" />
      <line nr="3408" mi="1" ci="0" mb="0" cb="0" />
      <line nr="3409" mi="1" ci="0" mb="0" cb="0" />
      <line nr="3410" mi="1" ci="0" mb="0" cb="0" />
      <line nr="3411" mi="2" ci="0" mb="0" cb="0" />
      <line nr="3414" mi="1" ci="0" mb="0" cb="0" />
      <line nr="3415" mi="1" ci="0" mb="0" cb="0" />
      <line nr="3416" mi="2" ci="0" mb="0" cb="0" />
      <line nr="3419" mi="1" ci="0" mb="0" cb="0" />
      <line nr="3420" mi="1" ci="0" mb="0" cb="0" />
      <line nr="3421" mi="2" ci="0" mb="0" cb="0" />
      <line nr="3425" mi="1" ci="0" mb="0" cb="0" />
      <line nr="3427" mi="1" ci="0" mb="0" cb="0" />
      <line nr="3428" mi="2" ci="0" mb="0" cb="0" />
      <line nr="3431" mi="2" ci="0" mb="0" cb="0" />
      <line nr="3494" mi="0" ci="1" mb="0" cb="0" />
      <line nr="3495" mi="0" ci="1" mb="0" cb="0" />
      <line nr="3496" mi="0" ci="1" mb="0" cb="0" />
      <line nr="3499" mi="4" ci="2" mb="0" cb="0" />
      <line nr="3500" mi="5" ci="2" mb="0" cb="0" />
      <line nr="3501" mi="0" ci="1" mb="0" cb="0" />
      <line nr="3502" mi="0" ci="1" mb="0" cb="0" />
      <line nr="3503" mi="0" ci="1" mb="0" cb="0" />
      <line nr="3504" mi="1" ci="3" mb="0" cb="0" />
      <line nr="3505" mi="1" ci="3" mb="0" cb="0" />
      <line nr="3507" mi="0" ci="1" mb="0" cb="0" />
      <line nr="3508" mi="0" ci="1" mb="0" cb="0" />
      <line nr="3509" mi="0" ci="2" mb="0" cb="0" />
      <line nr="3512" mi="0" ci="1" mb="0" cb="0" />
      <line nr="3513" mi="0" ci="1" mb="0" cb="0" />
      <line nr="3514" mi="0" ci="2" mb="0" cb="0" />
      <line nr="3517" mi="0" ci="1" mb="0" cb="0" />
      <line nr="3518" mi="0" ci="2" mb="0" cb="0" />
      <line nr="3519" mi="0" ci="1" mb="0" cb="0" />
      <line nr="3520" mi="0" ci="1" mb="0" cb="0" />
      <line nr="3521" mi="0" ci="1" mb="0" cb="0" />
      <line nr="3522" mi="0" ci="1" mb="0" cb="0" />
      <line nr="3523" mi="0" ci="1" mb="0" cb="0" />
      <line nr="3524" mi="0" ci="2" mb="0" cb="0" />
      <line nr="3525" mi="0" ci="2" mb="0" cb="0" />
      <line nr="3526" mi="0" ci="2" mb="0" cb="0" />
      <line nr="3527" mi="0" ci="2" mb="0" cb="0" />
      <line nr="3528" mi="0" ci="2" mb="0" cb="0" />
      <line nr="3529" mi="0" ci="1" mb="0" cb="0" />
      <line nr="3530" mi="0" ci="1" mb="0" cb="0" />
      <line nr="3531" mi="0" ci="1" mb="0" cb="0" />
      <line nr="3532" mi="0" ci="2" mb="0" cb="0" />
      <line nr="3533" mi="0" ci="4" mb="0" cb="0" />
      <line nr="3534" mi="0" ci="2" mb="0" cb="0" />
      <line nr="3535" mi="0" ci="2" mb="0" cb="0" />
      <line nr="3539" mi="0" ci="1" mb="0" cb="0" />
      <line nr="3573" mi="0" ci="2" mb="0" cb="0" />
      <line nr="3574" mi="0" ci="2" mb="0" cb="0" />
      <line nr="3576" mi="0" ci="4" mb="0" cb="0" />
      <line nr="3577" mi="0" ci="4" mb="0" cb="0" />
      <line nr="3579" mi="0" ci="2" mb="0" cb="0" />
      <line nr="3580" mi="0" ci="2" mb="0" cb="0" />
      <line nr="3582" mi="0" ci="1" mb="0" cb="0" />
      <line nr="3583" mi="0" ci="1" mb="0" cb="0" />
      <line nr="3585" mi="0" ci="1" mb="0" cb="0" />
      <line nr="3586" mi="0" ci="1" mb="0" cb="0" />
      <line nr="3587" mi="0" ci="2" mb="0" cb="0" />
      <line nr="3588" mi="0" ci="2" mb="0" cb="0" />
      <line nr="3589" mi="0" ci="1" mb="0" cb="0" />
      <line nr="3592" mi="0" ci="1" mb="0" cb="0" />
      <line nr="3593" mi="0" ci="1" mb="0" cb="0" />
      <line nr="3594" mi="0" ci="2" mb="0" cb="0" />
      <line nr="3595" mi="0" ci="2" mb="0" cb="0" />
      <line nr="3596" mi="0" ci="1" mb="0" cb="0" />
      <line nr="3599" mi="0" ci="1" mb="0" cb="0" />
      <line nr="3601" mi="0" ci="1" mb="0" cb="0" />
      <line nr="3602" mi="0" ci="1" mb="0" cb="0" />
      <line nr="3603" mi="0" ci="1" mb="0" cb="0" />
      <line nr="3604" mi="0" ci="1" mb="0" cb="0" />
      <line nr="3605" mi="0" ci="1" mb="0" cb="0" />
      <line nr="3606" mi="0" ci="1" mb="0" cb="0" />
      <line nr="3607" mi="0" ci="3" mb="0" cb="0" />
      <line nr="3639" mi="0" ci="1" mb="0" cb="0" />
      <line nr="3641" mi="0" ci="1" mb="0" cb="0" />
      <line nr="3642" mi="0" ci="1" mb="0" cb="0" />
      <line nr="3643" mi="0" ci="1" mb="0" cb="0" />
      <line nr="3646" mi="0" ci="1" mb="0" cb="0" />
      <line nr="3647" mi="0" ci="2" mb="0" cb="0" />
      <line nr="3648" mi="0" ci="1" mb="0" cb="0" />
      <line nr="3649" mi="0" ci="1" mb="0" cb="0" />
      <line nr="3650" mi="0" ci="1" mb="0" cb="0" />
      <line nr="3651" mi="0" ci="1" mb="0" cb="0" />
      <line nr="3652" mi="0" ci="1" mb="0" cb="0" />
      <line nr="3653" mi="0" ci="2" mb="0" cb="0" />
      <line nr="3654" mi="0" ci="2" mb="0" cb="0" />
      <line nr="3655" mi="0" ci="2" mb="0" cb="0" />
      <line nr="3656" mi="0" ci="1" mb="0" cb="0" />
      <line nr="3660" mi="0" ci="1" mb="0" cb="0" />
      <line nr="3729" mi="0" ci="1" mb="0" cb="0" />
      <line nr="3730" mi="0" ci="1" mb="0" cb="0" />
      <line nr="3732" mi="0" ci="1" mb="0" cb="0" />
      <line nr="3733" mi="0" ci="1" mb="0" cb="0" />
      <line nr="3736" mi="0" ci="1" mb="0" cb="0" />
      <line nr="3737" mi="0" ci="1" mb="0" cb="0" />
      <line nr="3738" mi="0" ci="1" mb="0" cb="0" />
      <line nr="3770" mi="3" ci="0" mb="0" cb="0" />
      <line nr="3771" mi="2" ci="0" mb="0" cb="0" />
      <line nr="3773" mi="3" ci="0" mb="0" cb="0" />
      <line nr="3775" mi="2" ci="0" mb="0" cb="0" />
      <line nr="3777" mi="1" ci="0" mb="0" cb="0" />
      <line nr="3778" mi="4" ci="0" mb="0" cb="0" />
      <line nr="3779" mi="1" ci="0" mb="0" cb="0" />
      <line nr="3783" mi="2" ci="0" mb="0" cb="0" />
      <line nr="3784" mi="3" ci="0" mb="0" cb="0" />
      <line nr="3785" mi="1" ci="0" mb="0" cb="0" />
      <line nr="3819" mi="3" ci="0" mb="0" cb="0" />
      <line nr="3820" mi="2" ci="0" mb="0" cb="0" />
      <line nr="3822" mi="1" ci="0" mb="0" cb="0" />
      <line nr="3824" mi="1" ci="0" mb="0" cb="0" />
      <line nr="3825" mi="1" ci="0" mb="0" cb="0" />
      <line nr="3826" mi="1" ci="0" mb="0" cb="0" />
      <line nr="3827" mi="3" ci="0" mb="0" cb="0" />
      <line nr="3828" mi="2" ci="0" mb="0" cb="0" />
      <line nr="3829" mi="2" ci="0" mb="0" cb="0" />
      <line nr="3830" mi="2" ci="0" mb="0" cb="0" />
      <line nr="3836" mi="1" ci="0" mb="0" cb="0" />
      <line nr="3864" mi="3" ci="0" mb="0" cb="0" />
      <line nr="3865" mi="2" ci="0" mb="0" cb="0" />
      <line nr="3867" mi="1" ci="0" mb="0" cb="0" />
      <line nr="3868" mi="1" ci="0" mb="0" cb="0" />
      <line nr="3869" mi="1" ci="0" mb="0" cb="0" />
      <line nr="3870" mi="1" ci="0" mb="0" cb="0" />
      <line nr="3872" mi="1" ci="0" mb="0" cb="0" />
      <line nr="3873" mi="4" ci="0" mb="0" cb="0" />
      <line nr="3874" mi="4" ci="0" mb="0" cb="0" />
      <line nr="3875" mi="4" ci="0" mb="0" cb="0" />
      <line nr="3876" mi="4" ci="0" mb="0" cb="0" />
      <line nr="3879" mi="1" ci="0" mb="0" cb="0" />
      <line nr="3880" mi="2" ci="0" mb="0" cb="0" />
      <line nr="3881" mi="2" ci="0" mb="0" cb="0" />
      <line nr="3882" mi="2" ci="0" mb="0" cb="0" />
      <line nr="3883" mi="2" ci="0" mb="0" cb="0" />
      <line nr="3891" mi="1" ci="0" mb="0" cb="0" />
      <line nr="3892" mi="1" ci="0" mb="0" cb="0" />
      <line nr="3893" mi="1" ci="0" mb="0" cb="0" />
      <line nr="3894" mi="1" ci="0" mb="0" cb="0" />
      <line nr="3895" mi="1" ci="0" mb="0" cb="0" />
      <line nr="3896" mi="1" ci="0" mb="0" cb="0" />
      <line nr="3897" mi="1" ci="0" mb="0" cb="0" />
      <line nr="3898" mi="1" ci="0" mb="0" cb="0" />
      <line nr="3899" mi="1" ci="0" mb="0" cb="0" />
      <line nr="3900" mi="1" ci="0" mb="0" cb="0" />
      <line nr="3906" mi="1" ci="0" mb="0" cb="0" />
      <line nr="3907" mi="1" ci="0" mb="0" cb="0" />
      <line nr="3962" mi="1" ci="0" mb="0" cb="0" />
      <counter type="INSTRUCTION" missed="1815" covered="272" />
      <counter type="LINE" missed="1295" covered="196" />
      <counter type="METHOD" missed="53" covered="10" />
      <counter type="CLASS" missed="1" covered="0" />
    </sourcefile>
    <counter type="INSTRUCTION" missed="2093" covered="272" />
    <counter type="LINE" missed="1527" covered="196" />
    <counter type="METHOD" missed="68" covered="10" />
    <counter type="CLASS" missed="2" covered="0" />
  </package>
  <counter type="INSTRUCTION" missed="2093" covered="272" />
  <counter type="LINE" missed="1527" covered="196" />
  <counter type="METHOD" missed="68" covered="10" />
  <counter type="CLASS" missed="2" covered="0" />
</report>
