<?xml version="1.0" encoding="UTF-8" standalone="no"?>
<!DOCTYPE report PUBLIC "-//JACOCO//DTD Report 1.1//EN" "report.dtd"[]>
<report name="Pester (03/08/2026 23:01:33)">
  <sessioninfo id="this" start="1773010881440" dump="1773010893329" />
  <package name="netclean">
    <class name="netclean/NetClean" sourcefilename="NetClean.ps1">
      <method name="&lt;script&gt;" desc="()" line="47">
        <counter type="INSTRUCTION" missed="14" covered="11" />
        <counter type="LINE" missed="14" covered="11" />
        <counter type="METHOD" missed="0" covered="1" />
      </method>
      <method name="Start-NetCleanLog" desc="()" line="110">
        <counter type="INSTRUCTION" missed="12" covered="0" />
        <counter type="LINE" missed="6" covered="0" />
        <counter type="METHOD" missed="1" covered="0" />
      </method>
      <method name="Write-NetCleanLog" desc="()" line="146">
        <counter type="INSTRUCTION" missed="5" covered="5" />
        <counter type="LINE" missed="4" covered="4" />
        <counter type="METHOD" missed="0" covered="1" />
      </method>
      <method name="Test-NetCleanAdministrator" desc="()" line="178">
        <counter type="INSTRUCTION" missed="4" covered="0" />
        <counter type="LINE" missed="4" covered="0" />
        <counter type="METHOD" missed="1" covered="0" />
      </method>
      <method name="Read-YesNo" desc="()" line="212">
        <counter type="INSTRUCTION" missed="7" covered="8" />
        <counter type="LINE" missed="4" covered="6" />
        <counter type="METHOD" missed="0" covered="1" />
      </method>
      <method name="Show-NetCleanBanner" desc="()" line="243">
        <counter type="INSTRUCTION" missed="8" covered="0" />
        <counter type="LINE" missed="8" covered="0" />
        <counter type="METHOD" missed="1" covered="0" />
      </method>
      <method name="Show-NetCleanMenu" desc="()" line="265">
        <counter type="INSTRUCTION" missed="15" covered="0" />
        <counter type="LINE" missed="15" covered="0" />
        <counter type="METHOD" missed="1" covered="0" />
      </method>
      <method name="Read-NetCleanMenuSelection" desc="()" line="300">
        <counter type="INSTRUCTION" missed="6" covered="6" />
        <counter type="LINE" missed="6" covered="6" />
        <counter type="METHOD" missed="0" covered="1" />
      </method>
      <method name="Show-ModeExplanation" desc="()" line="337">
        <counter type="INSTRUCTION" missed="29" covered="0" />
        <counter type="LINE" missed="29" covered="0" />
        <counter type="METHOD" missed="1" covered="0" />
      </method>
      <method name="Read-NetCleanOption" desc="()" line="406">
        <counter type="INSTRUCTION" missed="15" covered="13" />
        <counter type="LINE" missed="10" covered="13" />
        <counter type="METHOD" missed="0" covered="1" />
      </method>
      <method name="Show-NetCleanSummary" desc="()" line="468">
        <counter type="INSTRUCTION" missed="62" covered="0" />
        <counter type="LINE" missed="41" covered="0" />
        <counter type="METHOD" missed="1" covered="0" />
      </method>
      <method name="Show-PreviewSummary" desc="()" line="543">
        <counter type="INSTRUCTION" missed="17" covered="0" />
        <counter type="LINE" missed="12" covered="0" />
        <counter type="METHOD" missed="1" covered="0" />
      </method>
      <method name="Read-PostRunAction" desc="()" line="563">
        <counter type="INSTRUCTION" missed="4" covered="5" />
        <counter type="LINE" missed="4" covered="5" />
        <counter type="METHOD" missed="0" covered="1" />
      </method>
      <method name="Invoke-PostRunAction" desc="()" line="604">
        <counter type="INSTRUCTION" missed="5" covered="3" />
        <counter type="LINE" missed="5" covered="3" />
        <counter type="METHOD" missed="0" covered="1" />
      </method>
      <method name="Invoke-NetCleanLauncher" desc="()" line="648">
        <counter type="INSTRUCTION" missed="3" covered="21" />
        <counter type="LINE" missed="3" covered="19" />
        <counter type="METHOD" missed="0" covered="1" />
      </method>
      <counter type="INSTRUCTION" missed="206" covered="72" />
      <counter type="LINE" missed="165" covered="67" />
      <counter type="METHOD" missed="7" covered="8" />
      <counter type="CLASS" missed="0" covered="1" />
    </class>
    <class name="netclean/NetClean" sourcefilename="NetClean.psm1">
      <method name="&lt;script&gt;" desc="()" line="24">
        <counter type="INSTRUCTION" missed="0" covered="15" />
        <counter type="LINE" missed="0" covered="15" />
        <counter type="METHOD" missed="0" covered="1" />
      </method>
      <method name="Convert-RegKeyPath" desc="()" line="50">
        <counter type="INSTRUCTION" missed="4" covered="12" />
        <counter type="LINE" missed="4" covered="9" />
        <counter type="METHOD" missed="0" covered="1" />
      </method>
      <method name="Convert-Guid" desc="()" line="95">
        <counter type="INSTRUCTION" missed="6" covered="0" />
        <counter type="LINE" missed="6" covered="0" />
        <counter type="METHOD" missed="1" covered="0" />
      </method>
      <method name="Convert-RegToProviderPath" desc="()" line="126">
        <counter type="INSTRUCTION" missed="23" covered="0" />
        <counter type="LINE" missed="13" covered="0" />
        <counter type="METHOD" missed="1" covered="0" />
      </method>
      <method name="Test-RegistryPathExist" desc="()" line="166">
        <counter type="INSTRUCTION" missed="4" covered="0" />
        <counter type="LINE" missed="3" covered="0" />
        <counter type="METHOD" missed="1" covered="0" />
      </method>
      <method name="Get-RegistryValuesSafe" desc="()" line="197">
        <counter type="INSTRUCTION" missed="3" covered="0" />
        <counter type="LINE" missed="3" covered="0" />
        <counter type="METHOD" missed="1" covered="0" />
      </method>
      <method name="Get-RegistryChildKeyNamesSafe" desc="()" line="228">
        <counter type="INSTRUCTION" missed="5" covered="0" />
        <counter type="LINE" missed="3" covered="0" />
        <counter type="METHOD" missed="1" covered="0" />
      </method>
      <method name="Get-UniqueNonEmptyString" desc="()" line="259">
        <counter type="INSTRUCTION" missed="5" covered="11" />
        <counter type="LINE" missed="5" covered="8" />
        <counter type="METHOD" missed="0" covered="1" />
      </method>
      <method name="Add-HashSetValue" desc="()" line="310">
        <counter type="INSTRUCTION" missed="12" covered="0" />
        <counter type="LINE" missed="11" covered="0" />
        <counter type="METHOD" missed="1" covered="0" />
      </method>
      <method name="Compare-StringSet" desc="()" line="358">
        <counter type="INSTRUCTION" missed="0" covered="15" />
        <counter type="LINE" missed="0" covered="7" />
        <counter type="METHOD" missed="0" covered="1" />
      </method>
      <method name="New-DirectoryIfNotExist" desc="()" line="391">
        <counter type="INSTRUCTION" missed="5" covered="0" />
        <counter type="LINE" missed="3" covered="0" />
        <counter type="METHOD" missed="1" covered="0" />
      </method>
      <method name="Get-NormalizedFilePathFromCommandLine" desc="()" line="421">
        <counter type="INSTRUCTION" missed="10" covered="0" />
        <counter type="LINE" missed="8" covered="0" />
        <counter type="METHOD" missed="1" covered="0" />
      </method>
      <method name="Resolve-VendorFromText" desc="()" line="459">
        <counter type="INSTRUCTION" missed="52" covered="0" />
        <counter type="LINE" missed="28" covered="0" />
        <counter type="METHOD" missed="1" covered="0" />
      </method>
      <method name="Get-FileMetadatum" desc="()" line="521">
        <counter type="INSTRUCTION" missed="36" covered="0" />
        <counter type="LINE" missed="35" covered="0" />
        <counter type="METHOD" missed="1" covered="0" />
      </method>
      <method name="Get-VendorRootsFromInstallPath" desc="()" line="604">
        <counter type="INSTRUCTION" missed="19" covered="0" />
        <counter type="LINE" missed="18" covered="0" />
        <counter type="METHOD" missed="1" covered="0" />
      </method>
      <method name="Invoke-ExternalCommandSafe" desc="()" line="677">
        <counter type="INSTRUCTION" missed="7" covered="27" />
        <counter type="LINE" missed="7" covered="25" />
        <counter type="METHOD" missed="0" covered="1" />
      </method>
      <method name="Test-RegistryPathProtected" desc="()" line="752">
        <counter type="INSTRUCTION" missed="8" covered="0" />
        <counter type="LINE" missed="7" covered="0" />
        <counter type="METHOD" missed="1" covered="0" />
      </method>
      <method name="Get-VendorSignature" desc="()" line="793">
        <counter type="INSTRUCTION" missed="127" covered="0" />
        <counter type="LINE" missed="75" covered="0" />
        <counter type="METHOD" missed="1" covered="0" />
      </method>
      <method name="Test-VendorPatternMatch" desc="()" line="910">
        <counter type="INSTRUCTION" missed="14" covered="0" />
        <counter type="LINE" missed="11" covered="0" />
        <counter type="METHOD" missed="1" covered="0" />
      </method>
      <method name="Get-WfpStateEvidence" desc="()" line="963">
        <counter type="INSTRUCTION" missed="54" covered="0" />
        <counter type="LINE" missed="40" covered="0" />
        <counter type="METHOD" missed="1" covered="0" />
      </method>
      <method name="Get-NdisFilterClassEvidence" desc="()" line="1051">
        <counter type="INSTRUCTION" missed="36" covered="0" />
        <counter type="LINE" missed="31" covered="0" />
        <counter type="METHOD" missed="1" covered="0" />
      </method>
      <method name="Get-NdisServiceBindingEvidence" desc="()" line="1116">
        <counter type="INSTRUCTION" missed="59" covered="0" />
        <counter type="LINE" missed="40" covered="0" />
        <counter type="METHOD" missed="1" covered="0" />
      </method>
      <method name="Get-MsiRegistryEvidence" desc="()" line="1190">
        <counter type="INSTRUCTION" missed="31" covered="0" />
        <counter type="LINE" missed="28" covered="0" />
        <counter type="METHOD" missed="1" covered="0" />
      </method>
      <method name="Get-InfFileEvidence" desc="()" line="1252">
        <counter type="INSTRUCTION" missed="52" covered="0" />
        <counter type="LINE" missed="46" covered="0" />
        <counter type="METHOD" missed="1" covered="0" />
      </method>
      <method name="Get-ScheduledTaskEvidence" desc="()" line="1343">
        <counter type="INSTRUCTION" missed="34" covered="0" />
        <counter type="LINE" missed="31" covered="0" />
        <counter type="METHOD" missed="1" covered="0" />
      </method>
      <method name="Get-AppxPackageEvidence" desc="()" line="1409">
        <counter type="INSTRUCTION" missed="26" covered="0" />
        <counter type="LINE" missed="25" covered="0" />
        <counter type="METHOD" missed="1" covered="0" />
      </method>
      <method name="Get-ProtectionEvidence" desc="()" line="1467">
        <counter type="INSTRUCTION" missed="300" covered="0" />
        <counter type="LINE" missed="201" covered="0" />
        <counter type="METHOD" missed="1" covered="0" />
      </method>
      <method name="Get-ServiceRegistryMap" desc="()" line="1759">
        <counter type="INSTRUCTION" missed="38" covered="0" />
        <counter type="LINE" missed="19" covered="0" />
        <counter type="METHOD" missed="1" covered="0" />
      </method>
      <method name="Get-AdapterRegistryCorrelation" desc="()" line="1791">
        <counter type="INSTRUCTION" missed="42" covered="0" />
        <counter type="LINE" missed="36" covered="0" />
        <counter type="METHOD" missed="1" covered="0" />
      </method>
      <method name="Get-ProtectionInventory" desc="()" line="1864">
        <counter type="INSTRUCTION" missed="199" covered="0" />
        <counter type="LINE" missed="139" covered="0" />
        <counter type="METHOD" missed="1" covered="0" />
      </method>
      <method name="Get-ProtectionRegistryMap" desc="()" line="2116">
        <counter type="INSTRUCTION" missed="47" covered="0" />
        <counter type="LINE" missed="36" covered="0" />
        <counter type="METHOD" missed="1" covered="0" />
      </method>
      <method name="Get-ProtectedInterfaceGuidSet" desc="()" line="2194">
        <counter type="INSTRUCTION" missed="13" covered="0" />
        <counter type="LINE" missed="8" covered="0" />
        <counter type="METHOD" missed="1" covered="0" />
      </method>
      <method name="Get-NetworkPrivacyArtifactCandidate" desc="()" line="2227">
        <counter type="INSTRUCTION" missed="62" covered="0" />
        <counter type="LINE" missed="52" covered="0" />
        <counter type="METHOD" missed="1" covered="0" />
      </method>
      <method name="Get-SanitizableNetworkArtifact" desc="()" line="2335">
        <counter type="INSTRUCTION" missed="8" covered="0" />
        <counter type="LINE" missed="3" covered="0" />
        <counter type="METHOD" missed="1" covered="0" />
      </method>
      <method name="Invoke-NetCleanPhase1Detect" desc="()" line="2355">
        <counter type="INSTRUCTION" missed="0" covered="36" />
        <counter type="LINE" missed="0" covered="25" />
        <counter type="METHOD" missed="0" covered="1" />
      </method>
      <method name="Invoke-RegExport" desc="()" line="2405">
        <counter type="INSTRUCTION" missed="14" covered="0" />
        <counter type="LINE" missed="11" covered="0" />
        <counter type="METHOD" missed="1" covered="0" />
      </method>
      <method name="Export-ProtectedRegistryKey" desc="()" line="2461">
        <counter type="INSTRUCTION" missed="15" covered="0" />
        <counter type="LINE" missed="10" covered="0" />
        <counter type="METHOD" missed="1" covered="0" />
      </method>
      <method name="Export-NetworkList" desc="()" line="2502">
        <counter type="INSTRUCTION" missed="6" covered="0" />
        <counter type="LINE" missed="4" covered="0" />
        <counter type="METHOD" missed="1" covered="0" />
      </method>
      <method name="Get-WiFiProfileName" desc="()" line="2522">
        <counter type="INSTRUCTION" missed="15" covered="0" />
        <counter type="LINE" missed="13" covered="0" />
        <counter type="METHOD" missed="1" covered="0" />
      </method>
      <method name="Export-WiFiProfile" desc="()" line="2576">
        <counter type="INSTRUCTION" missed="35" covered="0" />
        <counter type="LINE" missed="21" covered="0" />
        <counter type="METHOD" missed="1" covered="0" />
      </method>
      <method name="Export-FirewallPolicy" desc="()" line="2633">
        <counter type="INSTRUCTION" missed="9" covered="0" />
        <counter type="LINE" missed="6" covered="0" />
        <counter type="METHOD" missed="1" covered="0" />
      </method>
      <method name="Export-ProtectionInventory" desc="()" line="2670">
        <counter type="INSTRUCTION" missed="13" covered="0" />
        <counter type="LINE" missed="7" covered="0" />
        <counter type="METHOD" missed="1" covered="0" />
      </method>
      <method name="Export-ProtectionRegistryMap" desc="()" line="2713">
        <counter type="INSTRUCTION" missed="11" covered="0" />
        <counter type="LINE" missed="6" covered="0" />
        <counter type="METHOD" missed="1" covered="0" />
      </method>
      <method name="Export-SanitizableNetworkArtifact" desc="()" line="2753">
        <counter type="INSTRUCTION" missed="11" covered="0" />
        <counter type="LINE" missed="6" covered="0" />
        <counter type="METHOD" missed="1" covered="0" />
      </method>
      <method name="Export-NetCleanManifest" desc="()" line="2798">
        <counter type="INSTRUCTION" missed="9" covered="0" />
        <counter type="LINE" missed="5" covered="0" />
        <counter type="METHOD" missed="1" covered="0" />
      </method>
      <method name="Invoke-NetCleanPhase2Protect" desc="()" line="2836">
        <counter type="INSTRUCTION" missed="1" covered="46" />
        <counter type="LINE" missed="1" covered="37" />
        <counter type="METHOD" missed="0" covered="1" />
      </method>
      <method name="Remove-WiFiProfilesSafe" desc="()" line="2916">
        <counter type="INSTRUCTION" missed="24" covered="0" />
        <counter type="LINE" missed="14" covered="0" />
        <counter type="METHOD" missed="1" covered="0" />
      </method>
      <method name="Clear-DnsCacheSafe" desc="()" line="2958">
        <counter type="INSTRUCTION" missed="9" covered="0" />
        <counter type="LINE" missed="3" covered="0" />
        <counter type="METHOD" missed="1" covered="0" />
      </method>
      <method name="Clear-ArpCacheSafe" desc="()" line="2982">
        <counter type="INSTRUCTION" missed="9" covered="0" />
        <counter type="LINE" missed="3" covered="0" />
        <counter type="METHOD" missed="1" covered="0" />
      </method>
      <method name="Remove-RegistryPathSafe" desc="()" line="3016">
        <counter type="INSTRUCTION" missed="50" covered="0" />
        <counter type="LINE" missed="49" covered="0" />
        <counter type="METHOD" missed="1" covered="0" />
      </method>
      <method name="Remove-NetworkPrivacyArtifactsSafe" desc="()" line="3113">
        <counter type="INSTRUCTION" missed="19" covered="0" />
        <counter type="LINE" missed="10" covered="0" />
        <counter type="METHOD" missed="1" covered="0" />
      </method>
      <method name="Clear-NlaProbeStateSafe" desc="()" line="3150">
        <counter type="INSTRUCTION" missed="37" covered="0" />
        <counter type="LINE" missed="36" covered="0" />
        <counter type="METHOD" missed="1" covered="0" />
      </method>
      <method name="Clear-NetworkEventLogsSafe" desc="()" line="3237">
        <counter type="INSTRUCTION" missed="9" covered="0" />
        <counter type="LINE" missed="6" covered="0" />
        <counter type="METHOD" missed="1" covered="0" />
      </method>
      <method name="Clear-UserNetworkArtifactsSafe" desc="()" line="3279">
        <counter type="INSTRUCTION" missed="34" covered="0" />
        <counter type="LINE" missed="32" covered="0" />
        <counter type="METHOD" missed="1" covered="0" />
      </method>
      <method name="Invoke-AdvancedNetworkRepair" desc="()" line="3361">
        <counter type="INSTRUCTION" missed="20" covered="0" />
        <counter type="LINE" missed="8" covered="0" />
        <counter type="METHOD" missed="1" covered="0" />
      </method>
      <method name="Invoke-ConservativePerformanceTune" desc="()" line="3403">
        <counter type="INSTRUCTION" missed="20" covered="0" />
        <counter type="LINE" missed="15" covered="0" />
        <counter type="METHOD" missed="1" covered="0" />
      </method>
      <method name="Invoke-NetCleanPhase3Clean" desc="()" line="3490">
        <counter type="INSTRUCTION" missed="11" covered="56" />
        <counter type="LINE" missed="0" covered="36" />
        <counter type="METHOD" missed="0" covered="1" />
      </method>
      <method name="Test-NetCleanPostState" desc="()" line="3569">
        <counter type="INSTRUCTION" missed="0" covered="42" />
        <counter type="LINE" missed="0" covered="26" />
        <counter type="METHOD" missed="0" covered="1" />
      </method>
      <method name="Invoke-NetCleanPhase4Verify" desc="()" line="3635">
        <counter type="INSTRUCTION" missed="0" covered="20" />
        <counter type="LINE" missed="0" covered="16" />
        <counter type="METHOD" missed="0" covered="1" />
      </method>
      <method name="Invoke-NetCleanWorkflow" desc="()" line="3725">
        <counter type="INSTRUCTION" missed="0" covered="7" />
        <counter type="LINE" missed="0" covered="7" />
        <counter type="METHOD" missed="0" covered="1" />
      </method>
      <method name="Get-InstalledAV" desc="()" line="3766">
        <counter type="INSTRUCTION" missed="22" covered="0" />
        <counter type="LINE" missed="10" covered="0" />
        <counter type="METHOD" missed="1" covered="0" />
      </method>
      <method name="Get-AVServicePattern" desc="()" line="3815">
        <counter type="INSTRUCTION" missed="19" covered="0" />
        <counter type="LINE" missed="11" covered="0" />
        <counter type="METHOD" missed="1" covered="0" />
      </method>
      <method name="Get-ProtectionList" desc="()" line="3860">
        <counter type="INSTRUCTION" missed="35" covered="0" />
        <counter type="LINE" missed="16" covered="0" />
        <counter type="METHOD" missed="1" covered="0" />
      </method>
      <counter type="INSTRUCTION" missed="1798" covered="287" />
      <counter type="LINE" missed="1278" covered="211" />
      <counter type="METHOD" missed="52" covered="11" />
      <counter type="CLASS" missed="0" covered="1" />
    </class>
    <sourcefile name="NetClean.ps1">
      <line nr="47" mi="0" ci="1" mb="0" cb="0" />
      <line nr="48" mi="0" ci="1" mb="0" cb="0" />
      <line nr="51" mi="0" ci="1" mb="0" cb="0" />
      <line nr="52" mi="0" ci="1" mb="0" cb="0" />
      <line nr="55" mi="0" ci="1" mb="0" cb="0" />
      <line nr="56" mi="1" ci="0" mb="0" cb="0" />
      <line nr="57" mi="1" ci="0" mb="0" cb="0" />
      <line nr="58" mi="1" ci="0" mb="0" cb="0" />
      <line nr="59" mi="1" ci="0" mb="0" cb="0" />
      <line nr="60" mi="1" ci="0" mb="0" cb="0" />
      <line nr="61" mi="1" ci="0" mb="0" cb="0" />
      <line nr="62" mi="1" ci="0" mb="0" cb="0" />
      <line nr="63" mi="1" ci="0" mb="0" cb="0" />
      <line nr="64" mi="1" ci="0" mb="0" cb="0" />
      <line nr="65" mi="1" ci="0" mb="0" cb="0" />
      <line nr="66" mi="1" ci="0" mb="0" cb="0" />
      <line nr="67" mi="1" ci="0" mb="0" cb="0" />
      <line nr="68" mi="1" ci="0" mb="0" cb="0" />
      <line nr="71" mi="0" ci="1" mb="0" cb="0" />
      <line nr="72" mi="0" ci="1" mb="0" cb="0" />
      <line nr="78" mi="0" ci="1" mb="0" cb="0" />
      <line nr="79" mi="0" ci="1" mb="0" cb="0" />
      <line nr="85" mi="0" ci="1" mb="0" cb="0" />
      <line nr="110" mi="2" ci="0" mb="0" cb="0" />
      <line nr="111" mi="1" ci="0" mb="0" cb="0" />
      <line nr="112" mi="2" ci="0" mb="0" cb="0" />
      <line nr="116" mi="3" ci="0" mb="0" cb="0" />
      <line nr="117" mi="1" ci="0" mb="0" cb="0" />
      <line nr="118" mi="3" ci="0" mb="0" cb="0" />
      <line nr="146" mi="0" ci="2" mb="0" cb="0" />
      <line nr="148" mi="0" ci="1" mb="0" cb="0" />
      <line nr="149" mi="2" ci="0" mb="0" cb="0" />
      <line nr="152" mi="0" ci="1" mb="0" cb="0" />
      <line nr="153" mi="1" ci="0" mb="0" cb="0" />
      <line nr="154" mi="1" ci="0" mb="0" cb="0" />
      <line nr="155" mi="1" ci="0" mb="0" cb="0" />
      <line nr="156" mi="0" ci="1" mb="0" cb="0" />
      <line nr="178" mi="1" ci="0" mb="0" cb="0" />
      <line nr="179" mi="1" ci="0" mb="0" cb="0" />
      <line nr="181" mi="1" ci="0" mb="0" cb="0" />
      <line nr="182" mi="1" ci="0" mb="0" cb="0" />
      <line nr="212" mi="0" ci="1" mb="0" cb="0" />
      <line nr="213" mi="1" ci="0" mb="0" cb="0" />
      <line nr="216" mi="0" ci="1" mb="0" cb="0" />
      <line nr="217" mi="1" ci="2" mb="0" cb="0" />
      <line nr="218" mi="0" ci="1" mb="0" cb="0" />
      <line nr="220" mi="0" ci="1" mb="0" cb="0" />
      <line nr="221" mi="2" ci="0" mb="0" cb="0" />
      <line nr="224" mi="0" ci="2" mb="0" cb="0" />
      <line nr="225" mi="2" ci="0" mb="0" cb="0" />
      <line nr="227" mi="1" ci="0" mb="0" cb="0" />
      <line nr="243" mi="1" ci="0" mb="0" cb="0" />
      <line nr="244" mi="1" ci="0" mb="0" cb="0" />
      <line nr="245" mi="1" ci="0" mb="0" cb="0" />
      <line nr="246" mi="1" ci="0" mb="0" cb="0" />
      <line nr="247" mi="1" ci="0" mb="0" cb="0" />
      <line nr="248" mi="1" ci="0" mb="0" cb="0" />
      <line nr="249" mi="1" ci="0" mb="0" cb="0" />
      <line nr="250" mi="1" ci="0" mb="0" cb="0" />
      <line nr="265" mi="1" ci="0" mb="0" cb="0" />
      <line nr="267" mi="1" ci="0" mb="0" cb="0" />
      <line nr="268" mi="1" ci="0" mb="0" cb="0" />
      <line nr="269" mi="1" ci="0" mb="0" cb="0" />
      <line nr="270" mi="1" ci="0" mb="0" cb="0" />
      <line nr="271" mi="1" ci="0" mb="0" cb="0" />
      <line nr="272" mi="1" ci="0" mb="0" cb="0" />
      <line nr="273" mi="1" ci="0" mb="0" cb="0" />
      <line nr="274" mi="1" ci="0" mb="0" cb="0" />
      <line nr="275" mi="1" ci="0" mb="0" cb="0" />
      <line nr="276" mi="1" ci="0" mb="0" cb="0" />
      <line nr="277" mi="1" ci="0" mb="0" cb="0" />
      <line nr="278" mi="1" ci="0" mb="0" cb="0" />
      <line nr="279" mi="1" ci="0" mb="0" cb="0" />
      <line nr="280" mi="1" ci="0" mb="0" cb="0" />
      <line nr="300" mi="0" ci="1" mb="0" cb="0" />
      <line nr="301" mi="0" ci="1" mb="0" cb="0" />
      <line nr="302" mi="0" ci="1" mb="0" cb="0" />
      <line nr="304" mi="0" ci="1" mb="0" cb="0" />
      <line nr="305" mi="0" ci="1" mb="0" cb="0" />
      <line nr="306" mi="1" ci="0" mb="0" cb="0" />
      <line nr="307" mi="1" ci="0" mb="0" cb="0" />
      <line nr="308" mi="1" ci="0" mb="0" cb="0" />
      <line nr="309" mi="0" ci="1" mb="0" cb="0" />
      <line nr="311" mi="1" ci="0" mb="0" cb="0" />
      <line nr="312" mi="1" ci="0" mb="0" cb="0" />
      <line nr="313" mi="1" ci="0" mb="0" cb="0" />
      <line nr="337" mi="1" ci="0" mb="0" cb="0" />
      <line nr="338" mi="1" ci="0" mb="0" cb="0" />
      <line nr="340" mi="1" ci="0" mb="0" cb="0" />
      <line nr="341" mi="1" ci="0" mb="0" cb="0" />
      <line nr="342" mi="1" ci="0" mb="0" cb="0" />
      <line nr="343" mi="1" ci="0" mb="0" cb="0" />
      <line nr="344" mi="1" ci="0" mb="0" cb="0" />
      <line nr="345" mi="1" ci="0" mb="0" cb="0" />
      <line nr="346" mi="1" ci="0" mb="0" cb="0" />
      <line nr="349" mi="1" ci="0" mb="0" cb="0" />
      <line nr="350" mi="1" ci="0" mb="0" cb="0" />
      <line nr="351" mi="1" ci="0" mb="0" cb="0" />
      <line nr="352" mi="1" ci="0" mb="0" cb="0" />
      <line nr="353" mi="1" ci="0" mb="0" cb="0" />
      <line nr="354" mi="1" ci="0" mb="0" cb="0" />
      <line nr="355" mi="1" ci="0" mb="0" cb="0" />
      <line nr="356" mi="1" ci="0" mb="0" cb="0" />
      <line nr="357" mi="1" ci="0" mb="0" cb="0" />
      <line nr="360" mi="1" ci="0" mb="0" cb="0" />
      <line nr="361" mi="1" ci="0" mb="0" cb="0" />
      <line nr="362" mi="1" ci="0" mb="0" cb="0" />
      <line nr="363" mi="1" ci="0" mb="0" cb="0" />
      <line nr="364" mi="1" ci="0" mb="0" cb="0" />
      <line nr="367" mi="1" ci="0" mb="0" cb="0" />
      <line nr="368" mi="1" ci="0" mb="0" cb="0" />
      <line nr="369" mi="1" ci="0" mb="0" cb="0" />
      <line nr="370" mi="1" ci="0" mb="0" cb="0" />
      <line nr="371" mi="1" ci="0" mb="0" cb="0" />
      <line nr="374" mi="1" ci="0" mb="0" cb="0" />
      <line nr="406" mi="0" ci="1" mb="0" cb="0" />
      <line nr="407" mi="0" ci="1" mb="0" cb="0" />
      <line nr="408" mi="0" ci="1" mb="0" cb="0" />
      <line nr="409" mi="0" ci="1" mb="0" cb="0" />
      <line nr="410" mi="0" ci="1" mb="0" cb="0" />
      <line nr="411" mi="0" ci="1" mb="0" cb="0" />
      <line nr="412" mi="0" ci="1" mb="0" cb="0" />
      <line nr="413" mi="0" ci="1" mb="0" cb="0" />
      <line nr="414" mi="0" ci="1" mb="0" cb="0" />
      <line nr="417" mi="0" ci="1" mb="0" cb="0" />
      <line nr="424" mi="1" ci="0" mb="0" cb="0" />
      <line nr="427" mi="0" ci="1" mb="0" cb="0" />
      <line nr="428" mi="0" ci="1" mb="0" cb="0" />
      <line nr="429" mi="0" ci="1" mb="0" cb="0" />
      <line nr="432" mi="1" ci="0" mb="0" cb="0" />
      <line nr="433" mi="2" ci="0" mb="0" cb="0" />
      <line nr="434" mi="2" ci="0" mb="0" cb="0" />
      <line nr="435" mi="2" ci="0" mb="0" cb="0" />
      <line nr="436" mi="2" ci="0" mb="0" cb="0" />
      <line nr="437" mi="2" ci="0" mb="0" cb="0" />
      <line nr="439" mi="1" ci="0" mb="0" cb="0" />
      <line nr="440" mi="1" ci="0" mb="0" cb="0" />
      <line nr="443" mi="1" ci="0" mb="0" cb="0" />
      <line nr="468" mi="1" ci="0" mb="0" cb="0" />
      <line nr="469" mi="1" ci="0" mb="0" cb="0" />
      <line nr="470" mi="1" ci="0" mb="0" cb="0" />
      <line nr="471" mi="1" ci="0" mb="0" cb="0" />
      <line nr="473" mi="1" ci="0" mb="0" cb="0" />
      <line nr="474" mi="1" ci="0" mb="0" cb="0" />
      <line nr="475" mi="1" ci="0" mb="0" cb="0" />
      <line nr="476" mi="2" ci="0" mb="0" cb="0" />
      <line nr="477" mi="2" ci="0" mb="0" cb="0" />
      <line nr="478" mi="2" ci="0" mb="0" cb="0" />
      <line nr="479" mi="2" ci="0" mb="0" cb="0" />
      <line nr="482" mi="1" ci="0" mb="0" cb="0" />
      <line nr="483" mi="1" ci="0" mb="0" cb="0" />
      <line nr="484" mi="1" ci="0" mb="0" cb="0" />
      <line nr="485" mi="2" ci="0" mb="0" cb="0" />
      <line nr="486" mi="2" ci="0" mb="0" cb="0" />
      <line nr="487" mi="2" ci="0" mb="0" cb="0" />
      <line nr="490" mi="1" ci="0" mb="0" cb="0" />
      <line nr="491" mi="1" ci="0" mb="0" cb="0" />
      <line nr="492" mi="1" ci="0" mb="0" cb="0" />
      <line nr="493" mi="2" ci="0" mb="0" cb="0" />
      <line nr="494" mi="2" ci="0" mb="0" cb="0" />
      <line nr="495" mi="2" ci="0" mb="0" cb="0" />
      <line nr="496" mi="2" ci="0" mb="0" cb="0" />
      <line nr="497" mi="2" ci="0" mb="0" cb="0" />
      <line nr="498" mi="2" ci="0" mb="0" cb="0" />
      <line nr="501" mi="1" ci="0" mb="0" cb="0" />
      <line nr="502" mi="1" ci="0" mb="0" cb="0" />
      <line nr="503" mi="1" ci="0" mb="0" cb="0" />
      <line nr="504" mi="2" ci="0" mb="0" cb="0" />
      <line nr="505" mi="2" ci="0" mb="0" cb="0" />
      <line nr="506" mi="2" ci="0" mb="0" cb="0" />
      <line nr="507" mi="2" ci="0" mb="0" cb="0" />
      <line nr="509" mi="2" ci="0" mb="0" cb="0" />
      <line nr="510" mi="3" ci="0" mb="0" cb="0" />
      <line nr="514" mi="1" ci="0" mb="0" cb="0" />
      <line nr="515" mi="1" ci="0" mb="0" cb="0" />
      <line nr="516" mi="2" ci="0" mb="0" cb="0" />
      <line nr="519" mi="1" ci="0" mb="0" cb="0" />
      <line nr="520" mi="1" ci="0" mb="0" cb="0" />
      <line nr="523" mi="1" ci="0" mb="0" cb="0" />
      <line nr="543" mi="1" ci="0" mb="0" cb="0" />
      <line nr="544" mi="1" ci="0" mb="0" cb="0" />
      <line nr="545" mi="1" ci="0" mb="0" cb="0" />
      <line nr="546" mi="2" ci="0" mb="0" cb="0" />
      <line nr="547" mi="2" ci="0" mb="0" cb="0" />
      <line nr="548" mi="2" ci="0" mb="0" cb="0" />
      <line nr="549" mi="2" ci="0" mb="0" cb="0" />
      <line nr="550" mi="1" ci="0" mb="0" cb="0" />
      <line nr="551" mi="2" ci="0" mb="0" cb="0" />
      <line nr="552" mi="1" ci="0" mb="0" cb="0" />
      <line nr="553" mi="1" ci="0" mb="0" cb="0" />
      <line nr="555" mi="1" ci="0" mb="0" cb="0" />
      <line nr="563" mi="0" ci="1" mb="0" cb="0" />
      <line nr="564" mi="1" ci="0" mb="0" cb="0" />
      <line nr="567" mi="0" ci="1" mb="0" cb="0" />
      <line nr="568" mi="0" ci="1" mb="0" cb="0" />
      <line nr="569" mi="0" ci="1" mb="0" cb="0" />
      <line nr="570" mi="0" ci="1" mb="0" cb="0" />
      <line nr="571" mi="1" ci="0" mb="0" cb="0" />
      <line nr="572" mi="1" ci="0" mb="0" cb="0" />
      <line nr="574" mi="1" ci="0" mb="0" cb="0" />
      <line nr="604" mi="0" ci="1" mb="0" cb="0" />
      <line nr="606" mi="0" ci="1" mb="0" cb="0" />
      <line nr="607" mi="0" ci="1" mb="0" cb="0" />
      <line nr="610" mi="1" ci="0" mb="0" cb="0" />
      <line nr="614" mi="1" ci="0" mb="0" cb="0" />
      <line nr="615" mi="1" ci="0" mb="0" cb="0" />
      <line nr="618" mi="1" ci="0" mb="0" cb="0" />
      <line nr="622" mi="1" ci="0" mb="0" cb="0" />
      <line nr="648" mi="0" ci="1" mb="0" cb="0" />
      <line nr="650" mi="0" ci="1" mb="0" cb="0" />
      <line nr="651" mi="0" ci="1" mb="0" cb="0" />
      <line nr="652" mi="1" ci="0" mb="0" cb="0" />
      <line nr="653" mi="1" ci="0" mb="0" cb="0" />
      <line nr="658" mi="0" ci="1" mb="0" cb="0" />
      <line nr="659" mi="0" ci="1" mb="0" cb="0" />
      <line nr="669" mi="0" ci="1" mb="0" cb="0" />
      <line nr="670" mi="0" ci="2" mb="0" cb="0" />
      <line nr="671" mi="1" ci="0" mb="0" cb="0" />
      <line nr="676" mi="0" ci="1" mb="0" cb="0" />
      <line nr="677" mi="0" ci="1" mb="0" cb="0" />
      <line nr="680" mi="0" ci="2" mb="0" cb="0" />
      <line nr="682" mi="0" ci="1" mb="0" cb="0" />
      <line nr="684" mi="0" ci="1" mb="0" cb="0" />
      <line nr="685" mi="0" ci="1" mb="0" cb="0" />
      <line nr="686" mi="0" ci="1" mb="0" cb="0" />
      <line nr="692" mi="0" ci="1" mb="0" cb="0" />
      <line nr="696" mi="0" ci="1" mb="0" cb="0" />
      <line nr="707" mi="0" ci="1" mb="0" cb="0" />
      <line nr="709" mi="0" ci="1" mb="0" cb="0" />
      <line nr="710" mi="0" ci="1" mb="0" cb="0" />
      <line nr="713" mi="0" ci="1" mb="0" cb="0" />
      <line nr="714" mi="1" ci="0" mb="0" cb="0" />
      <counter type="INSTRUCTION" missed="206" covered="72" />
      <counter type="LINE" missed="165" covered="67" />
      <counter type="METHOD" missed="7" covered="8" />
      <counter type="CLASS" missed="0" covered="1" />
    </sourcefile>
    <sourcefile name="NetClean.psm1">
      <line nr="24" mi="0" ci="1" mb="0" cb="0" />
      <line nr="25" mi="0" ci="1" mb="0" cb="0" />
      <line nr="50" mi="0" ci="1" mb="0" cb="0" />
      <line nr="51" mi="0" ci="1" mb="0" cb="0" />
      <line nr="52" mi="0" ci="1" mb="0" cb="0" />
      <line nr="53" mi="0" ci="1" mb="0" cb="0" />
      <line nr="56" mi="0" ci="3" mb="0" cb="0" />
      <line nr="57" mi="0" ci="2" mb="0" cb="0" />
      <line nr="60" mi="1" ci="0" mb="0" cb="0" />
      <line nr="61" mi="1" ci="0" mb="0" cb="0" />
      <line nr="63" mi="1" ci="0" mb="0" cb="0" />
      <line nr="66" mi="0" ci="1" mb="0" cb="0" />
      <line nr="68" mi="0" ci="1" mb="0" cb="0" />
      <line nr="69" mi="1" ci="0" mb="0" cb="0" />
      <line nr="72" mi="0" ci="1" mb="0" cb="0" />
      <line nr="95" mi="1" ci="0" mb="0" cb="0" />
      <line nr="96" mi="1" ci="0" mb="0" cb="0" />
      <line nr="99" mi="1" ci="0" mb="0" cb="0" />
      <line nr="100" mi="1" ci="0" mb="0" cb="0" />
      <line nr="101" mi="1" ci="0" mb="0" cb="0" />
      <line nr="104" mi="1" ci="0" mb="0" cb="0" />
      <line nr="126" mi="1" ci="0" mb="0" cb="0" />
      <line nr="128" mi="1" ci="0" mb="0" cb="0" />
      <line nr="129" mi="2" ci="0" mb="0" cb="0" />
      <line nr="130" mi="2" ci="0" mb="0" cb="0" />
      <line nr="131" mi="2" ci="0" mb="0" cb="0" />
      <line nr="132" mi="2" ci="0" mb="0" cb="0" />
      <line nr="133" mi="2" ci="0" mb="0" cb="0" />
      <line nr="134" mi="2" ci="0" mb="0" cb="0" />
      <line nr="135" mi="2" ci="0" mb="0" cb="0" />
      <line nr="136" mi="2" ci="0" mb="0" cb="0" />
      <line nr="137" mi="2" ci="0" mb="0" cb="0" />
      <line nr="138" mi="2" ci="0" mb="0" cb="0" />
      <line nr="139" mi="1" ci="0" mb="0" cb="0" />
      <line nr="166" mi="1" ci="0" mb="0" cb="0" />
      <line nr="167" mi="2" ci="0" mb="0" cb="0" />
      <line nr="170" mi="1" ci="0" mb="0" cb="0" />
      <line nr="197" mi="1" ci="0" mb="0" cb="0" />
      <line nr="198" mi="1" ci="0" mb="0" cb="0" />
      <line nr="201" mi="1" ci="0" mb="0" cb="0" />
      <line nr="228" mi="1" ci="0" mb="0" cb="0" />
      <line nr="229" mi="3" ci="0" mb="0" cb="0" />
      <line nr="232" mi="1" ci="0" mb="0" cb="0" />
      <line nr="259" mi="0" ci="1" mb="0" cb="0" />
      <line nr="261" mi="0" ci="2" mb="0" cb="0" />
      <line nr="262" mi="0" ci="1" mb="0" cb="0" />
      <line nr="264" mi="0" ci="1" mb="0" cb="0" />
      <line nr="265" mi="1" ci="0" mb="0" cb="0" />
      <line nr="266" mi="1" ci="0" mb="0" cb="0" />
      <line nr="267" mi="1" ci="0" mb="0" cb="0" />
      <line nr="268" mi="1" ci="0" mb="0" cb="0" />
      <line nr="269" mi="1" ci="0" mb="0" cb="0" />
      <line nr="274" mi="0" ci="1" mb="0" cb="0" />
      <line nr="275" mi="0" ci="1" mb="0" cb="0" />
      <line nr="277" mi="0" ci="1" mb="0" cb="0" />
      <line nr="280" mi="0" ci="3" mb="0" cb="0" />
      <line nr="310" mi="2" ci="0" mb="0" cb="0" />
      <line nr="311" mi="1" ci="0" mb="0" cb="0" />
      <line nr="313" mi="1" ci="0" mb="0" cb="0" />
      <line nr="314" mi="1" ci="0" mb="0" cb="0" />
      <line nr="315" mi="1" ci="0" mb="0" cb="0" />
      <line nr="316" mi="1" ci="0" mb="0" cb="0" />
      <line nr="317" mi="1" ci="0" mb="0" cb="0" />
      <line nr="318" mi="1" ci="0" mb="0" cb="0" />
      <line nr="323" mi="1" ci="0" mb="0" cb="0" />
      <line nr="324" mi="1" ci="0" mb="0" cb="0" />
      <line nr="325" mi="1" ci="0" mb="0" cb="0" />
      <line nr="358" mi="0" ci="2" mb="0" cb="0" />
      <line nr="359" mi="0" ci="2" mb="0" cb="0" />
      <line nr="361" mi="0" ci="1" mb="0" cb="0" />
      <line nr="362" mi="0" ci="1" mb="0" cb="0" />
      <line nr="363" mi="0" ci="1" mb="0" cb="0" />
      <line nr="364" mi="0" ci="4" mb="0" cb="0" />
      <line nr="365" mi="0" ci="4" mb="0" cb="0" />
      <line nr="391" mi="2" ci="0" mb="0" cb="0" />
      <line nr="392" mi="1" ci="0" mb="0" cb="0" />
      <line nr="393" mi="2" ci="0" mb="0" cb="0" />
      <line nr="421" mi="1" ci="0" mb="0" cb="0" />
      <line nr="422" mi="1" ci="0" mb="0" cb="0" />
      <line nr="425" mi="1" ci="0" mb="0" cb="0" />
      <line nr="427" mi="1" ci="0" mb="0" cb="0" />
      <line nr="428" mi="2" ci="0" mb="0" cb="0" />
      <line nr="430" mi="1" ci="0" mb="0" cb="0" />
      <line nr="431" mi="2" ci="0" mb="0" cb="0" />
      <line nr="433" mi="1" ci="0" mb="0" cb="0" />
      <line nr="459" mi="7" ci="0" mb="0" cb="0" />
      <line nr="460" mi="1" ci="0" mb="0" cb="0" />
      <line nr="461" mi="1" ci="0" mb="0" cb="0" />
      <line nr="464" mi="1" ci="0" mb="0" cb="0" />
      <line nr="466" mi="1" ci="0" mb="0" cb="0" />
      <line nr="467" mi="2" ci="0" mb="0" cb="0" />
      <line nr="468" mi="2" ci="0" mb="0" cb="0" />
      <line nr="469" mi="2" ci="0" mb="0" cb="0" />
      <line nr="470" mi="2" ci="0" mb="0" cb="0" />
      <line nr="471" mi="2" ci="0" mb="0" cb="0" />
      <line nr="472" mi="2" ci="0" mb="0" cb="0" />
      <line nr="473" mi="2" ci="0" mb="0" cb="0" />
      <line nr="474" mi="2" ci="0" mb="0" cb="0" />
      <line nr="475" mi="2" ci="0" mb="0" cb="0" />
      <line nr="476" mi="2" ci="0" mb="0" cb="0" />
      <line nr="477" mi="2" ci="0" mb="0" cb="0" />
      <line nr="478" mi="2" ci="0" mb="0" cb="0" />
      <line nr="479" mi="2" ci="0" mb="0" cb="0" />
      <line nr="480" mi="2" ci="0" mb="0" cb="0" />
      <line nr="481" mi="2" ci="0" mb="0" cb="0" />
      <line nr="482" mi="2" ci="0" mb="0" cb="0" />
      <line nr="483" mi="2" ci="0" mb="0" cb="0" />
      <line nr="484" mi="2" ci="0" mb="0" cb="0" />
      <line nr="487" mi="1" ci="0" mb="0" cb="0" />
      <line nr="488" mi="1" ci="0" mb="0" cb="0" />
      <line nr="489" mi="1" ci="0" mb="0" cb="0" />
      <line nr="490" mi="1" ci="0" mb="0" cb="0" />
      <line nr="495" mi="1" ci="0" mb="0" cb="0" />
      <line nr="521" mi="1" ci="0" mb="0" cb="0" />
      <line nr="522" mi="1" ci="0" mb="0" cb="0" />
      <line nr="525" mi="1" ci="0" mb="0" cb="0" />
      <line nr="526" mi="1" ci="0" mb="0" cb="0" />
      <line nr="527" mi="1" ci="0" mb="0" cb="0" />
      <line nr="530" mi="2" ci="0" mb="0" cb="0" />
      <line nr="531" mi="1" ci="0" mb="0" cb="0" />
      <line nr="535" mi="1" ci="0" mb="0" cb="0" />
      <line nr="536" mi="1" ci="0" mb="0" cb="0" />
      <line nr="537" mi="1" ci="0" mb="0" cb="0" />
      <line nr="539" mi="1" ci="0" mb="0" cb="0" />
      <line nr="540" mi="1" ci="0" mb="0" cb="0" />
      <line nr="541" mi="1" ci="0" mb="0" cb="0" />
      <line nr="542" mi="1" ci="0" mb="0" cb="0" />
      <line nr="544" mi="1" ci="0" mb="0" cb="0" />
      <line nr="545" mi="1" ci="0" mb="0" cb="0" />
      <line nr="546" mi="1" ci="0" mb="0" cb="0" />
      <line nr="547" mi="1" ci="0" mb="0" cb="0" />
      <line nr="548" mi="1" ci="0" mb="0" cb="0" />
      <line nr="549" mi="1" ci="0" mb="0" cb="0" />
      <line nr="553" mi="1" ci="0" mb="0" cb="0" />
      <line nr="554" mi="1" ci="0" mb="0" cb="0" />
      <line nr="562" mi="1" ci="0" mb="0" cb="0" />
      <line nr="563" mi="1" ci="0" mb="0" cb="0" />
      <line nr="564" mi="1" ci="0" mb="0" cb="0" />
      <line nr="565" mi="1" ci="0" mb="0" cb="0" />
      <line nr="566" mi="1" ci="0" mb="0" cb="0" />
      <line nr="567" mi="1" ci="0" mb="0" cb="0" />
      <line nr="568" mi="1" ci="0" mb="0" cb="0" />
      <line nr="569" mi="1" ci="0" mb="0" cb="0" />
      <line nr="570" mi="1" ci="0" mb="0" cb="0" />
      <line nr="571" mi="1" ci="0" mb="0" cb="0" />
      <line nr="572" mi="1" ci="0" mb="0" cb="0" />
      <line nr="573" mi="1" ci="0" mb="0" cb="0" />
      <line nr="577" mi="1" ci="0" mb="0" cb="0" />
      <line nr="604" mi="1" ci="0" mb="0" cb="0" />
      <line nr="605" mi="1" ci="0" mb="0" cb="0" />
      <line nr="608" mi="1" ci="0" mb="0" cb="0" />
      <line nr="611" mi="1" ci="0" mb="0" cb="0" />
      <line nr="612" mi="1" ci="0" mb="0" cb="0" />
      <line nr="613" mi="1" ci="0" mb="0" cb="0" />
      <line nr="614" mi="1" ci="0" mb="0" cb="0" />
      <line nr="616" mi="1" ci="0" mb="0" cb="0" />
      <line nr="617" mi="1" ci="0" mb="0" cb="0" />
      <line nr="618" mi="1" ci="0" mb="0" cb="0" />
      <line nr="621" mi="1" ci="0" mb="0" cb="0" />
      <line nr="622" mi="1" ci="0" mb="0" cb="0" />
      <line nr="623" mi="1" ci="0" mb="0" cb="0" />
      <line nr="624" mi="1" ci="0" mb="0" cb="0" />
      <line nr="625" mi="1" ci="0" mb="0" cb="0" />
      <line nr="631" mi="1" ci="0" mb="0" cb="0" />
      <line nr="634" mi="2" ci="0" mb="0" cb="0" />
      <line nr="635" mi="1" ci="0" mb="0" cb="0" />
      <line nr="677" mi="0" ci="2" mb="0" cb="0" />
      <line nr="679" mi="0" ci="1" mb="0" cb="0" />
      <line nr="680" mi="0" ci="1" mb="0" cb="0" />
      <line nr="681" mi="0" ci="1" mb="0" cb="0" />
      <line nr="682" mi="0" ci="1" mb="0" cb="0" />
      <line nr="683" mi="0" ci="1" mb="0" cb="0" />
      <line nr="684" mi="0" ci="1" mb="0" cb="0" />
      <line nr="685" mi="0" ci="1" mb="0" cb="0" />
      <line nr="686" mi="0" ci="1" mb="0" cb="0" />
      <line nr="691" mi="0" ci="1" mb="0" cb="0" />
      <line nr="693" mi="0" ci="1" mb="0" cb="0" />
      <line nr="694" mi="0" ci="1" mb="0" cb="0" />
      <line nr="695" mi="0" ci="1" mb="0" cb="0" />
      <line nr="696" mi="0" ci="1" mb="0" cb="0" />
      <line nr="697" mi="0" ci="1" mb="0" cb="0" />
      <line nr="698" mi="0" ci="1" mb="0" cb="0" />
      <line nr="699" mi="0" ci="1" mb="0" cb="0" />
      <line nr="700" mi="0" ci="2" mb="0" cb="0" />
      <line nr="704" mi="0" ci="1" mb="0" cb="0" />
      <line nr="705" mi="0" ci="1" mb="0" cb="0" />
      <line nr="706" mi="0" ci="1" mb="0" cb="0" />
      <line nr="707" mi="0" ci="1" mb="0" cb="0" />
      <line nr="708" mi="0" ci="1" mb="0" cb="0" />
      <line nr="709" mi="0" ci="1" mb="0" cb="0" />
      <line nr="710" mi="0" ci="1" mb="0" cb="0" />
      <line nr="714" mi="1" ci="0" mb="0" cb="0" />
      <line nr="715" mi="1" ci="0" mb="0" cb="0" />
      <line nr="716" mi="1" ci="0" mb="0" cb="0" />
      <line nr="717" mi="1" ci="0" mb="0" cb="0" />
      <line nr="718" mi="1" ci="0" mb="0" cb="0" />
      <line nr="719" mi="1" ci="0" mb="0" cb="0" />
      <line nr="720" mi="1" ci="0" mb="0" cb="0" />
      <line nr="752" mi="1" ci="0" mb="0" cb="0" />
      <line nr="753" mi="1" ci="0" mb="0" cb="0" />
      <line nr="756" mi="2" ci="0" mb="0" cb="0" />
      <line nr="757" mi="1" ci="0" mb="0" cb="0" />
      <line nr="759" mi="1" ci="0" mb="0" cb="0" />
      <line nr="760" mi="1" ci="0" mb="0" cb="0" />
      <line nr="764" mi="1" ci="0" mb="0" cb="0" />
      <line nr="793" mi="1" ci="0" mb="0" cb="0" />
      <line nr="794" mi="1" ci="0" mb="0" cb="0" />
      <line nr="795" mi="2" ci="0" mb="0" cb="0" />
      <line nr="796" mi="1" ci="0" mb="0" cb="0" />
      <line nr="797" mi="1" ci="0" mb="0" cb="0" />
      <line nr="801" mi="1" ci="0" mb="0" cb="0" />
      <line nr="802" mi="1" ci="0" mb="0" cb="0" />
      <line nr="807" mi="1" ci="0" mb="0" cb="0" />
      <line nr="808" mi="2" ci="0" mb="0" cb="0" />
      <line nr="809" mi="2" ci="0" mb="0" cb="0" />
      <line nr="810" mi="2" ci="0" mb="0" cb="0" />
      <line nr="812" mi="1" ci="0" mb="0" cb="0" />
      <line nr="813" mi="2" ci="0" mb="0" cb="0" />
      <line nr="814" mi="2" ci="0" mb="0" cb="0" />
      <line nr="815" mi="2" ci="0" mb="0" cb="0" />
      <line nr="817" mi="1" ci="0" mb="0" cb="0" />
      <line nr="818" mi="2" ci="0" mb="0" cb="0" />
      <line nr="819" mi="2" ci="0" mb="0" cb="0" />
      <line nr="820" mi="2" ci="0" mb="0" cb="0" />
      <line nr="822" mi="1" ci="0" mb="0" cb="0" />
      <line nr="823" mi="2" ci="0" mb="0" cb="0" />
      <line nr="824" mi="2" ci="0" mb="0" cb="0" />
      <line nr="825" mi="2" ci="0" mb="0" cb="0" />
      <line nr="827" mi="1" ci="0" mb="0" cb="0" />
      <line nr="828" mi="2" ci="0" mb="0" cb="0" />
      <line nr="829" mi="2" ci="0" mb="0" cb="0" />
      <line nr="830" mi="2" ci="0" mb="0" cb="0" />
      <line nr="832" mi="1" ci="0" mb="0" cb="0" />
      <line nr="833" mi="2" ci="0" mb="0" cb="0" />
      <line nr="834" mi="2" ci="0" mb="0" cb="0" />
      <line nr="835" mi="2" ci="0" mb="0" cb="0" />
      <line nr="837" mi="1" ci="0" mb="0" cb="0" />
      <line nr="838" mi="2" ci="0" mb="0" cb="0" />
      <line nr="839" mi="2" ci="0" mb="0" cb="0" />
      <line nr="840" mi="2" ci="0" mb="0" cb="0" />
      <line nr="842" mi="1" ci="0" mb="0" cb="0" />
      <line nr="843" mi="2" ci="0" mb="0" cb="0" />
      <line nr="844" mi="2" ci="0" mb="0" cb="0" />
      <line nr="845" mi="2" ci="0" mb="0" cb="0" />
      <line nr="847" mi="1" ci="0" mb="0" cb="0" />
      <line nr="848" mi="2" ci="0" mb="0" cb="0" />
      <line nr="849" mi="2" ci="0" mb="0" cb="0" />
      <line nr="850" mi="2" ci="0" mb="0" cb="0" />
      <line nr="852" mi="1" ci="0" mb="0" cb="0" />
      <line nr="853" mi="2" ci="0" mb="0" cb="0" />
      <line nr="854" mi="2" ci="0" mb="0" cb="0" />
      <line nr="855" mi="2" ci="0" mb="0" cb="0" />
      <line nr="857" mi="1" ci="0" mb="0" cb="0" />
      <line nr="858" mi="2" ci="0" mb="0" cb="0" />
      <line nr="859" mi="2" ci="0" mb="0" cb="0" />
      <line nr="860" mi="2" ci="0" mb="0" cb="0" />
      <line nr="862" mi="1" ci="0" mb="0" cb="0" />
      <line nr="863" mi="2" ci="0" mb="0" cb="0" />
      <line nr="864" mi="2" ci="0" mb="0" cb="0" />
      <line nr="865" mi="2" ci="0" mb="0" cb="0" />
      <line nr="867" mi="1" ci="0" mb="0" cb="0" />
      <line nr="868" mi="2" ci="0" mb="0" cb="0" />
      <line nr="869" mi="2" ci="0" mb="0" cb="0" />
      <line nr="870" mi="2" ci="0" mb="0" cb="0" />
      <line nr="872" mi="1" ci="0" mb="0" cb="0" />
      <line nr="873" mi="2" ci="0" mb="0" cb="0" />
      <line nr="874" mi="2" ci="0" mb="0" cb="0" />
      <line nr="875" mi="2" ci="0" mb="0" cb="0" />
      <line nr="877" mi="1" ci="0" mb="0" cb="0" />
      <line nr="878" mi="2" ci="0" mb="0" cb="0" />
      <line nr="879" mi="2" ci="0" mb="0" cb="0" />
      <line nr="880" mi="2" ci="0" mb="0" cb="0" />
      <line nr="882" mi="1" ci="0" mb="0" cb="0" />
      <line nr="883" mi="2" ci="0" mb="0" cb="0" />
      <line nr="884" mi="2" ci="0" mb="0" cb="0" />
      <line nr="885" mi="2" ci="0" mb="0" cb="0" />
      <line nr="887" mi="1" ci="0" mb="0" cb="0" />
      <line nr="888" mi="2" ci="0" mb="0" cb="0" />
      <line nr="889" mi="2" ci="0" mb="0" cb="0" />
      <line nr="890" mi="2" ci="0" mb="0" cb="0" />
      <line nr="910" mi="1" ci="0" mb="0" cb="0" />
      <line nr="911" mi="1" ci="0" mb="0" cb="0" />
      <line nr="912" mi="1" ci="0" mb="0" cb="0" />
      <line nr="916" mi="1" ci="0" mb="0" cb="0" />
      <line nr="917" mi="1" ci="0" mb="0" cb="0" />
      <line nr="930" mi="4" ci="0" mb="0" cb="0" />
      <line nr="931" mi="1" ci="0" mb="0" cb="0" />
      <line nr="933" mi="1" ci="0" mb="0" cb="0" />
      <line nr="934" mi="1" ci="0" mb="0" cb="0" />
      <line nr="935" mi="1" ci="0" mb="0" cb="0" />
      <line nr="939" mi="1" ci="0" mb="0" cb="0" />
      <line nr="963" mi="1" ci="0" mb="0" cb="0" />
      <line nr="964" mi="3" ci="0" mb="0" cb="0" />
      <line nr="967" mi="2" ci="0" mb="0" cb="0" />
      <line nr="969" mi="2" ci="0" mb="0" cb="0" />
      <line nr="970" mi="1" ci="0" mb="0" cb="0" />
      <line nr="973" mi="1" ci="0" mb="0" cb="0" />
      <line nr="974" mi="1" ci="0" mb="0" cb="0" />
      <line nr="976" mi="1" ci="0" mb="0" cb="0" />
      <line nr="977" mi="1" ci="0" mb="0" cb="0" />
      <line nr="980" mi="2" ci="0" mb="0" cb="0" />
      <line nr="981" mi="1" ci="0" mb="0" cb="0" />
      <line nr="983" mi="2" ci="0" mb="0" cb="0" />
      <line nr="985" mi="1" ci="0" mb="0" cb="0" />
      <line nr="986" mi="1" ci="0" mb="0" cb="0" />
      <line nr="987" mi="3" ci="0" mb="0" cb="0" />
      <line nr="991" mi="1" ci="0" mb="0" cb="0" />
      <line nr="995" mi="4" ci="0" mb="0" cb="0" />
      <line nr="996" mi="1" ci="0" mb="0" cb="0" />
      <line nr="1000" mi="2" ci="0" mb="0" cb="0" />
      <line nr="1002" mi="1" ci="0" mb="0" cb="0" />
      <line nr="1003" mi="1" ci="0" mb="0" cb="0" />
      <line nr="1004" mi="1" ci="0" mb="0" cb="0" />
      <line nr="1005" mi="1" ci="0" mb="0" cb="0" />
      <line nr="1006" mi="1" ci="0" mb="0" cb="0" />
      <line nr="1007" mi="1" ci="0" mb="0" cb="0" />
      <line nr="1008" mi="1" ci="0" mb="0" cb="0" />
      <line nr="1009" mi="1" ci="0" mb="0" cb="0" />
      <line nr="1010" mi="1" ci="0" mb="0" cb="0" />
      <line nr="1011" mi="1" ci="0" mb="0" cb="0" />
      <line nr="1012" mi="1" ci="0" mb="0" cb="0" />
      <line nr="1013" mi="1" ci="0" mb="0" cb="0" />
      <line nr="1014" mi="1" ci="0" mb="0" cb="0" />
      <line nr="1015" mi="1" ci="0" mb="0" cb="0" />
      <line nr="1016" mi="1" ci="0" mb="0" cb="0" />
      <line nr="1017" mi="1" ci="0" mb="0" cb="0" />
      <line nr="1018" mi="1" ci="0" mb="0" cb="0" />
      <line nr="1023" mi="1" ci="0" mb="0" cb="0" />
      <line nr="1026" mi="1" ci="0" mb="0" cb="0" />
      <line nr="1027" mi="1" ci="0" mb="0" cb="0" />
      <line nr="1031" mi="3" ci="0" mb="0" cb="0" />
      <line nr="1051" mi="1" ci="0" mb="0" cb="0" />
      <line nr="1052" mi="1" ci="0" mb="0" cb="0" />
      <line nr="1054" mi="2" ci="0" mb="0" cb="0" />
      <line nr="1055" mi="1" ci="0" mb="0" cb="0" />
      <line nr="1057" mi="1" ci="0" mb="0" cb="0" />
      <line nr="1058" mi="1" ci="0" mb="0" cb="0" />
      <line nr="1059" mi="1" ci="0" mb="0" cb="0" />
      <line nr="1061" mi="1" ci="0" mb="0" cb="0" />
      <line nr="1062" mi="1" ci="0" mb="0" cb="0" />
      <line nr="1068" mi="2" ci="0" mb="0" cb="0" />
      <line nr="1070" mi="2" ci="0" mb="0" cb="0" />
      <line nr="1072" mi="1" ci="0" mb="0" cb="0" />
      <line nr="1074" mi="1" ci="0" mb="0" cb="0" />
      <line nr="1075" mi="1" ci="0" mb="0" cb="0" />
      <line nr="1076" mi="1" ci="0" mb="0" cb="0" />
      <line nr="1077" mi="2" ci="0" mb="0" cb="0" />
      <line nr="1078" mi="1" ci="0" mb="0" cb="0" />
      <line nr="1079" mi="1" ci="0" mb="0" cb="0" />
      <line nr="1080" mi="1" ci="0" mb="0" cb="0" />
      <line nr="1081" mi="1" ci="0" mb="0" cb="0" />
      <line nr="1082" mi="1" ci="0" mb="0" cb="0" />
      <line nr="1083" mi="1" ci="0" mb="0" cb="0" />
      <line nr="1084" mi="1" ci="0" mb="0" cb="0" />
      <line nr="1085" mi="1" ci="0" mb="0" cb="0" />
      <line nr="1086" mi="1" ci="0" mb="0" cb="0" />
      <line nr="1087" mi="1" ci="0" mb="0" cb="0" />
      <line nr="1088" mi="1" ci="0" mb="0" cb="0" />
      <line nr="1089" mi="1" ci="0" mb="0" cb="0" />
      <line nr="1090" mi="1" ci="0" mb="0" cb="0" />
      <line nr="1091" mi="1" ci="0" mb="0" cb="0" />
      <line nr="1095" mi="2" ci="0" mb="0" cb="0" />
      <line nr="1116" mi="1" ci="0" mb="0" cb="0" />
      <line nr="1117" mi="1" ci="0" mb="0" cb="0" />
      <line nr="1119" mi="2" ci="0" mb="0" cb="0" />
      <line nr="1120" mi="1" ci="0" mb="0" cb="0" />
      <line nr="1121" mi="1" ci="0" mb="0" cb="0" />
      <line nr="1122" mi="1" ci="0" mb="0" cb="0" />
      <line nr="1124" mi="1" ci="0" mb="0" cb="0" />
      <line nr="1125" mi="1" ci="0" mb="0" cb="0" />
      <line nr="1127" mi="1" ci="0" mb="0" cb="0" />
      <line nr="1128" mi="2" ci="0" mb="0" cb="0" />
      <line nr="1129" mi="2" ci="0" mb="0" cb="0" />
      <line nr="1132" mi="1" ci="0" mb="0" cb="0" />
      <line nr="1133" mi="2" ci="0" mb="0" cb="0" />
      <line nr="1134" mi="2" ci="0" mb="0" cb="0" />
      <line nr="1135" mi="2" ci="0" mb="0" cb="0" />
      <line nr="1138" mi="4" ci="0" mb="0" cb="0" />
      <line nr="1140" mi="2" ci="0" mb="0" cb="0" />
      <line nr="1142" mi="4" ci="0" mb="0" cb="0" />
      <line nr="1143" mi="2" ci="0" mb="0" cb="0" />
      <line nr="1145" mi="1" ci="0" mb="0" cb="0" />
      <line nr="1146" mi="1" ci="0" mb="0" cb="0" />
      <line nr="1147" mi="1" ci="0" mb="0" cb="0" />
      <line nr="1148" mi="1" ci="0" mb="0" cb="0" />
      <line nr="1149" mi="1" ci="0" mb="0" cb="0" />
      <line nr="1150" mi="3" ci="0" mb="0" cb="0" />
      <line nr="1151" mi="3" ci="0" mb="0" cb="0" />
      <line nr="1152" mi="1" ci="0" mb="0" cb="0" />
      <line nr="1153" mi="1" ci="0" mb="0" cb="0" />
      <line nr="1154" mi="1" ci="0" mb="0" cb="0" />
      <line nr="1155" mi="1" ci="0" mb="0" cb="0" />
      <line nr="1156" mi="1" ci="0" mb="0" cb="0" />
      <line nr="1157" mi="1" ci="0" mb="0" cb="0" />
      <line nr="1158" mi="1" ci="0" mb="0" cb="0" />
      <line nr="1159" mi="1" ci="0" mb="0" cb="0" />
      <line nr="1160" mi="1" ci="0" mb="0" cb="0" />
      <line nr="1161" mi="1" ci="0" mb="0" cb="0" />
      <line nr="1162" mi="1" ci="0" mb="0" cb="0" />
      <line nr="1163" mi="1" ci="0" mb="0" cb="0" />
      <line nr="1164" mi="1" ci="0" mb="0" cb="0" />
      <line nr="1170" mi="2" ci="0" mb="0" cb="0" />
      <line nr="1190" mi="1" ci="0" mb="0" cb="0" />
      <line nr="1192" mi="1" ci="0" mb="0" cb="0" />
      <line nr="1193" mi="1" ci="0" mb="0" cb="0" />
      <line nr="1196" mi="2" ci="0" mb="0" cb="0" />
      <line nr="1197" mi="1" ci="0" mb="0" cb="0" />
      <line nr="1198" mi="1" ci="0" mb="0" cb="0" />
      <line nr="1199" mi="1" ci="0" mb="0" cb="0" />
      <line nr="1201" mi="1" ci="0" mb="0" cb="0" />
      <line nr="1203" mi="1" ci="0" mb="0" cb="0" />
      <line nr="1204" mi="1" ci="0" mb="0" cb="0" />
      <line nr="1210" mi="1" ci="0" mb="0" cb="0" />
      <line nr="1211" mi="1" ci="0" mb="0" cb="0" />
      <line nr="1212" mi="1" ci="0" mb="0" cb="0" />
      <line nr="1213" mi="1" ci="0" mb="0" cb="0" />
      <line nr="1214" mi="1" ci="0" mb="0" cb="0" />
      <line nr="1215" mi="1" ci="0" mb="0" cb="0" />
      <line nr="1216" mi="1" ci="0" mb="0" cb="0" />
      <line nr="1217" mi="1" ci="0" mb="0" cb="0" />
      <line nr="1218" mi="1" ci="0" mb="0" cb="0" />
      <line nr="1219" mi="1" ci="0" mb="0" cb="0" />
      <line nr="1220" mi="1" ci="0" mb="0" cb="0" />
      <line nr="1221" mi="1" ci="0" mb="0" cb="0" />
      <line nr="1222" mi="1" ci="0" mb="0" cb="0" />
      <line nr="1223" mi="1" ci="0" mb="0" cb="0" />
      <line nr="1224" mi="1" ci="0" mb="0" cb="0" />
      <line nr="1225" mi="1" ci="0" mb="0" cb="0" />
      <line nr="1226" mi="1" ci="0" mb="0" cb="0" />
      <line nr="1231" mi="3" ci="0" mb="0" cb="0" />
      <line nr="1252" mi="1" ci="0" mb="0" cb="0" />
      <line nr="1253" mi="2" ci="0" mb="0" cb="0" />
      <line nr="1255" mi="1" ci="0" mb="0" cb="0" />
      <line nr="1256" mi="2" ci="0" mb="0" cb="0" />
      <line nr="1258" mi="2" ci="0" mb="0" cb="0" />
      <line nr="1260" mi="1" ci="0" mb="0" cb="0" />
      <line nr="1262" mi="1" ci="0" mb="0" cb="0" />
      <line nr="1263" mi="1" ci="0" mb="0" cb="0" />
      <line nr="1264" mi="1" ci="0" mb="0" cb="0" />
      <line nr="1265" mi="1" ci="0" mb="0" cb="0" />
      <line nr="1267" mi="1" ci="0" mb="0" cb="0" />
      <line nr="1268" mi="1" ci="0" mb="0" cb="0" />
      <line nr="1269" mi="1" ci="0" mb="0" cb="0" />
      <line nr="1270" mi="1" ci="0" mb="0" cb="0" />
      <line nr="1273" mi="1" ci="0" mb="0" cb="0" />
      <line nr="1274" mi="1" ci="0" mb="0" cb="0" />
      <line nr="1275" mi="1" ci="0" mb="0" cb="0" />
      <line nr="1278" mi="1" ci="0" mb="0" cb="0" />
      <line nr="1279" mi="1" ci="0" mb="0" cb="0" />
      <line nr="1280" mi="1" ci="0" mb="0" cb="0" />
      <line nr="1283" mi="1" ci="0" mb="0" cb="0" />
      <line nr="1284" mi="1" ci="0" mb="0" cb="0" />
      <line nr="1285" mi="1" ci="0" mb="0" cb="0" />
      <line nr="1288" mi="1" ci="0" mb="0" cb="0" />
      <line nr="1293" mi="2" ci="0" mb="0" cb="0" />
      <line nr="1295" mi="2" ci="0" mb="0" cb="0" />
      <line nr="1296" mi="1" ci="0" mb="0" cb="0" />
      <line nr="1297" mi="1" ci="0" mb="0" cb="0" />
      <line nr="1298" mi="1" ci="0" mb="0" cb="0" />
      <line nr="1299" mi="1" ci="0" mb="0" cb="0" />
      <line nr="1300" mi="1" ci="0" mb="0" cb="0" />
      <line nr="1301" mi="1" ci="0" mb="0" cb="0" />
      <line nr="1302" mi="1" ci="0" mb="0" cb="0" />
      <line nr="1303" mi="1" ci="0" mb="0" cb="0" />
      <line nr="1304" mi="1" ci="0" mb="0" cb="0" />
      <line nr="1305" mi="1" ci="0" mb="0" cb="0" />
      <line nr="1306" mi="1" ci="0" mb="0" cb="0" />
      <line nr="1307" mi="1" ci="0" mb="0" cb="0" />
      <line nr="1308" mi="1" ci="0" mb="0" cb="0" />
      <line nr="1309" mi="1" ci="0" mb="0" cb="0" />
      <line nr="1310" mi="1" ci="0" mb="0" cb="0" />
      <line nr="1311" mi="1" ci="0" mb="0" cb="0" />
      <line nr="1312" mi="1" ci="0" mb="0" cb="0" />
      <line nr="1313" mi="1" ci="0" mb="0" cb="0" />
      <line nr="1318" mi="1" ci="0" mb="0" cb="0" />
      <line nr="1323" mi="2" ci="0" mb="0" cb="0" />
      <line nr="1343" mi="1" ci="0" mb="0" cb="0" />
      <line nr="1346" mi="1" ci="0" mb="0" cb="0" />
      <line nr="1347" mi="1" ci="0" mb="0" cb="0" />
      <line nr="1348" mi="2" ci="0" mb="0" cb="0" />
      <line nr="1349" mi="1" ci="0" mb="0" cb="0" />
      <line nr="1351" mi="1" ci="0" mb="0" cb="0" />
      <line nr="1352" mi="1" ci="0" mb="0" cb="0" />
      <line nr="1353" mi="1" ci="0" mb="0" cb="0" />
      <line nr="1354" mi="1" ci="0" mb="0" cb="0" />
      <line nr="1357" mi="1" ci="0" mb="0" cb="0" />
      <line nr="1358" mi="1" ci="0" mb="0" cb="0" />
      <line nr="1363" mi="1" ci="0" mb="0" cb="0" />
      <line nr="1364" mi="1" ci="0" mb="0" cb="0" />
      <line nr="1365" mi="1" ci="0" mb="0" cb="0" />
      <line nr="1366" mi="1" ci="0" mb="0" cb="0" />
      <line nr="1367" mi="1" ci="0" mb="0" cb="0" />
      <line nr="1368" mi="1" ci="0" mb="0" cb="0" />
      <line nr="1369" mi="2" ci="0" mb="0" cb="0" />
      <line nr="1370" mi="1" ci="0" mb="0" cb="0" />
      <line nr="1371" mi="1" ci="0" mb="0" cb="0" />
      <line nr="1372" mi="1" ci="0" mb="0" cb="0" />
      <line nr="1373" mi="1" ci="0" mb="0" cb="0" />
      <line nr="1374" mi="1" ci="0" mb="0" cb="0" />
      <line nr="1375" mi="1" ci="0" mb="0" cb="0" />
      <line nr="1376" mi="1" ci="0" mb="0" cb="0" />
      <line nr="1377" mi="1" ci="0" mb="0" cb="0" />
      <line nr="1378" mi="1" ci="0" mb="0" cb="0" />
      <line nr="1379" mi="1" ci="0" mb="0" cb="0" />
      <line nr="1380" mi="1" ci="0" mb="0" cb="0" />
      <line nr="1386" mi="1" ci="0" mb="0" cb="0" />
      <line nr="1389" mi="2" ci="0" mb="0" cb="0" />
      <line nr="1409" mi="1" ci="0" mb="0" cb="0" />
      <line nr="1412" mi="1" ci="0" mb="0" cb="0" />
      <line nr="1413" mi="1" ci="0" mb="0" cb="0" />
      <line nr="1414" mi="1" ci="0" mb="0" cb="0" />
      <line nr="1415" mi="1" ci="0" mb="0" cb="0" />
      <line nr="1421" mi="1" ci="0" mb="0" cb="0" />
      <line nr="1422" mi="1" ci="0" mb="0" cb="0" />
      <line nr="1423" mi="1" ci="0" mb="0" cb="0" />
      <line nr="1424" mi="1" ci="0" mb="0" cb="0" />
      <line nr="1425" mi="1" ci="0" mb="0" cb="0" />
      <line nr="1426" mi="1" ci="0" mb="0" cb="0" />
      <line nr="1427" mi="1" ci="0" mb="0" cb="0" />
      <line nr="1428" mi="1" ci="0" mb="0" cb="0" />
      <line nr="1429" mi="1" ci="0" mb="0" cb="0" />
      <line nr="1430" mi="1" ci="0" mb="0" cb="0" />
      <line nr="1431" mi="1" ci="0" mb="0" cb="0" />
      <line nr="1432" mi="1" ci="0" mb="0" cb="0" />
      <line nr="1433" mi="1" ci="0" mb="0" cb="0" />
      <line nr="1434" mi="1" ci="0" mb="0" cb="0" />
      <line nr="1435" mi="1" ci="0" mb="0" cb="0" />
      <line nr="1436" mi="1" ci="0" mb="0" cb="0" />
      <line nr="1437" mi="1" ci="0" mb="0" cb="0" />
      <line nr="1438" mi="1" ci="0" mb="0" cb="0" />
      <line nr="1444" mi="1" ci="0" mb="0" cb="0" />
      <line nr="1447" mi="2" ci="0" mb="0" cb="0" />
      <line nr="1467" mi="1" ci="0" mb="0" cb="0" />
      <line nr="1470" mi="1" ci="0" mb="0" cb="0" />
      <line nr="1471" mi="1" ci="0" mb="0" cb="0" />
      <line nr="1472" mi="1" ci="0" mb="0" cb="0" />
      <line nr="1473" mi="1" ci="0" mb="0" cb="0" />
      <line nr="1474" mi="1" ci="0" mb="0" cb="0" />
      <line nr="1475" mi="1" ci="0" mb="0" cb="0" />
      <line nr="1476" mi="1" ci="0" mb="0" cb="0" />
      <line nr="1477" mi="1" ci="0" mb="0" cb="0" />
      <line nr="1478" mi="1" ci="0" mb="0" cb="0" />
      <line nr="1479" mi="3" ci="0" mb="0" cb="0" />
      <line nr="1480" mi="1" ci="0" mb="0" cb="0" />
      <line nr="1481" mi="1" ci="0" mb="0" cb="0" />
      <line nr="1482" mi="1" ci="0" mb="0" cb="0" />
      <line nr="1483" mi="3" ci="0" mb="0" cb="0" />
      <line nr="1484" mi="3" ci="0" mb="0" cb="0" />
      <line nr="1485" mi="3" ci="0" mb="0" cb="0" />
      <line nr="1486" mi="3" ci="0" mb="0" cb="0" />
      <line nr="1487" mi="5" ci="0" mb="0" cb="0" />
      <line nr="1488" mi="1" ci="0" mb="0" cb="0" />
      <line nr="1493" mi="1" ci="0" mb="0" cb="0" />
      <line nr="1497" mi="1" ci="0" mb="0" cb="0" />
      <line nr="1498" mi="1" ci="0" mb="0" cb="0" />
      <line nr="1499" mi="1" ci="0" mb="0" cb="0" />
      <line nr="1500" mi="1" ci="0" mb="0" cb="0" />
      <line nr="1501" mi="1" ci="0" mb="0" cb="0" />
      <line nr="1502" mi="1" ci="0" mb="0" cb="0" />
      <line nr="1503" mi="1" ci="0" mb="0" cb="0" />
      <line nr="1504" mi="1" ci="0" mb="0" cb="0" />
      <line nr="1505" mi="1" ci="0" mb="0" cb="0" />
      <line nr="1506" mi="3" ci="0" mb="0" cb="0" />
      <line nr="1507" mi="1" ci="0" mb="0" cb="0" />
      <line nr="1508" mi="1" ci="0" mb="0" cb="0" />
      <line nr="1509" mi="1" ci="0" mb="0" cb="0" />
      <line nr="1510" mi="3" ci="0" mb="0" cb="0" />
      <line nr="1511" mi="3" ci="0" mb="0" cb="0" />
      <line nr="1512" mi="3" ci="0" mb="0" cb="0" />
      <line nr="1513" mi="3" ci="0" mb="0" cb="0" />
      <line nr="1514" mi="5" ci="0" mb="0" cb="0" />
      <line nr="1515" mi="1" ci="0" mb="0" cb="0" />
      <line nr="1520" mi="1" ci="0" mb="0" cb="0" />
      <line nr="1524" mi="1" ci="0" mb="0" cb="0" />
      <line nr="1525" mi="1" ci="0" mb="0" cb="0" />
      <line nr="1526" mi="1" ci="0" mb="0" cb="0" />
      <line nr="1527" mi="1" ci="0" mb="0" cb="0" />
      <line nr="1528" mi="1" ci="0" mb="0" cb="0" />
      <line nr="1529" mi="1" ci="0" mb="0" cb="0" />
      <line nr="1530" mi="1" ci="0" mb="0" cb="0" />
      <line nr="1531" mi="1" ci="0" mb="0" cb="0" />
      <line nr="1532" mi="1" ci="0" mb="0" cb="0" />
      <line nr="1533" mi="3" ci="0" mb="0" cb="0" />
      <line nr="1534" mi="1" ci="0" mb="0" cb="0" />
      <line nr="1535" mi="1" ci="0" mb="0" cb="0" />
      <line nr="1536" mi="1" ci="0" mb="0" cb="0" />
      <line nr="1537" mi="3" ci="0" mb="0" cb="0" />
      <line nr="1538" mi="3" ci="0" mb="0" cb="0" />
      <line nr="1539" mi="3" ci="0" mb="0" cb="0" />
      <line nr="1540" mi="3" ci="0" mb="0" cb="0" />
      <line nr="1541" mi="5" ci="0" mb="0" cb="0" />
      <line nr="1542" mi="1" ci="0" mb="0" cb="0" />
      <line nr="1543" mi="1" ci="0" mb="0" cb="0" />
      <line nr="1544" mi="1" ci="0" mb="0" cb="0" />
      <line nr="1545" mi="1" ci="0" mb="0" cb="0" />
      <line nr="1550" mi="1" ci="0" mb="0" cb="0" />
      <line nr="1554" mi="1" ci="0" mb="0" cb="0" />
      <line nr="1555" mi="1" ci="0" mb="0" cb="0" />
      <line nr="1556" mi="1" ci="0" mb="0" cb="0" />
      <line nr="1557" mi="1" ci="0" mb="0" cb="0" />
      <line nr="1558" mi="1" ci="0" mb="0" cb="0" />
      <line nr="1559" mi="1" ci="0" mb="0" cb="0" />
      <line nr="1560" mi="1" ci="0" mb="0" cb="0" />
      <line nr="1561" mi="1" ci="0" mb="0" cb="0" />
      <line nr="1562" mi="1" ci="0" mb="0" cb="0" />
      <line nr="1563" mi="3" ci="0" mb="0" cb="0" />
      <line nr="1564" mi="1" ci="0" mb="0" cb="0" />
      <line nr="1565" mi="1" ci="0" mb="0" cb="0" />
      <line nr="1566" mi="1" ci="0" mb="0" cb="0" />
      <line nr="1567" mi="3" ci="0" mb="0" cb="0" />
      <line nr="1568" mi="3" ci="0" mb="0" cb="0" />
      <line nr="1569" mi="3" ci="0" mb="0" cb="0" />
      <line nr="1570" mi="3" ci="0" mb="0" cb="0" />
      <line nr="1571" mi="5" ci="0" mb="0" cb="0" />
      <line nr="1572" mi="1" ci="0" mb="0" cb="0" />
      <line nr="1573" mi="1" ci="0" mb="0" cb="0" />
      <line nr="1574" mi="1" ci="0" mb="0" cb="0" />
      <line nr="1575" mi="1" ci="0" mb="0" cb="0" />
      <line nr="1580" mi="1" ci="0" mb="0" cb="0" />
      <line nr="1583" mi="1" ci="0" mb="0" cb="0" />
      <line nr="1584" mi="1" ci="0" mb="0" cb="0" />
      <line nr="1588" mi="2" ci="0" mb="0" cb="0" />
      <line nr="1589" mi="1" ci="0" mb="0" cb="0" />
      <line nr="1590" mi="1" ci="0" mb="0" cb="0" />
      <line nr="1591" mi="1" ci="0" mb="0" cb="0" />
      <line nr="1592" mi="1" ci="0" mb="0" cb="0" />
      <line nr="1595" mi="1" ci="0" mb="0" cb="0" />
      <line nr="1596" mi="1" ci="0" mb="0" cb="0" />
      <line nr="1597" mi="1" ci="0" mb="0" cb="0" />
      <line nr="1598" mi="1" ci="0" mb="0" cb="0" />
      <line nr="1599" mi="1" ci="0" mb="0" cb="0" />
      <line nr="1600" mi="1" ci="0" mb="0" cb="0" />
      <line nr="1601" mi="1" ci="0" mb="0" cb="0" />
      <line nr="1602" mi="1" ci="0" mb="0" cb="0" />
      <line nr="1603" mi="1" ci="0" mb="0" cb="0" />
      <line nr="1604" mi="1" ci="0" mb="0" cb="0" />
      <line nr="1605" mi="3" ci="0" mb="0" cb="0" />
      <line nr="1606" mi="3" ci="0" mb="0" cb="0" />
      <line nr="1607" mi="3" ci="0" mb="0" cb="0" />
      <line nr="1608" mi="3" ci="0" mb="0" cb="0" />
      <line nr="1609" mi="5" ci="0" mb="0" cb="0" />
      <line nr="1610" mi="1" ci="0" mb="0" cb="0" />
      <line nr="1611" mi="1" ci="0" mb="0" cb="0" />
      <line nr="1617" mi="1" ci="0" mb="0" cb="0" />
      <line nr="1622" mi="1" ci="0" mb="0" cb="0" />
      <line nr="1623" mi="1" ci="0" mb="0" cb="0" />
      <line nr="1624" mi="1" ci="0" mb="0" cb="0" />
      <line nr="1625" mi="1" ci="0" mb="0" cb="0" />
      <line nr="1631" mi="1" ci="0" mb="0" cb="0" />
      <line nr="1633" mi="1" ci="0" mb="0" cb="0" />
      <line nr="1637" mi="1" ci="0" mb="0" cb="0" />
      <line nr="1640" mi="1" ci="0" mb="0" cb="0" />
      <line nr="1644" mi="1" ci="0" mb="0" cb="0" />
      <line nr="1645" mi="1" ci="0" mb="0" cb="0" />
      <line nr="1646" mi="1" ci="0" mb="0" cb="0" />
      <line nr="1647" mi="1" ci="0" mb="0" cb="0" />
      <line nr="1648" mi="1" ci="0" mb="0" cb="0" />
      <line nr="1649" mi="1" ci="0" mb="0" cb="0" />
      <line nr="1650" mi="1" ci="0" mb="0" cb="0" />
      <line nr="1651" mi="1" ci="0" mb="0" cb="0" />
      <line nr="1652" mi="1" ci="0" mb="0" cb="0" />
      <line nr="1653" mi="1" ci="0" mb="0" cb="0" />
      <line nr="1654" mi="1" ci="0" mb="0" cb="0" />
      <line nr="1655" mi="1" ci="0" mb="0" cb="0" />
      <line nr="1656" mi="1" ci="0" mb="0" cb="0" />
      <line nr="1657" mi="1" ci="0" mb="0" cb="0" />
      <line nr="1658" mi="1" ci="0" mb="0" cb="0" />
      <line nr="1659" mi="1" ci="0" mb="0" cb="0" />
      <line nr="1660" mi="1" ci="0" mb="0" cb="0" />
      <line nr="1661" mi="1" ci="0" mb="0" cb="0" />
      <line nr="1662" mi="1" ci="0" mb="0" cb="0" />
      <line nr="1667" mi="1" ci="0" mb="0" cb="0" />
      <line nr="1671" mi="1" ci="0" mb="0" cb="0" />
      <line nr="1672" mi="1" ci="0" mb="0" cb="0" />
      <line nr="1673" mi="1" ci="0" mb="0" cb="0" />
      <line nr="1674" mi="1" ci="0" mb="0" cb="0" />
      <line nr="1679" mi="1" ci="0" mb="0" cb="0" />
      <line nr="1680" mi="1" ci="0" mb="0" cb="0" />
      <line nr="1681" mi="1" ci="0" mb="0" cb="0" />
      <line nr="1682" mi="1" ci="0" mb="0" cb="0" />
      <line nr="1683" mi="1" ci="0" mb="0" cb="0" />
      <line nr="1684" mi="1" ci="0" mb="0" cb="0" />
      <line nr="1685" mi="1" ci="0" mb="0" cb="0" />
      <line nr="1686" mi="1" ci="0" mb="0" cb="0" />
      <line nr="1687" mi="1" ci="0" mb="0" cb="0" />
      <line nr="1688" mi="1" ci="0" mb="0" cb="0" />
      <line nr="1689" mi="1" ci="0" mb="0" cb="0" />
      <line nr="1690" mi="1" ci="0" mb="0" cb="0" />
      <line nr="1691" mi="1" ci="0" mb="0" cb="0" />
      <line nr="1692" mi="1" ci="0" mb="0" cb="0" />
      <line nr="1693" mi="1" ci="0" mb="0" cb="0" />
      <line nr="1694" mi="1" ci="0" mb="0" cb="0" />
      <line nr="1695" mi="1" ci="0" mb="0" cb="0" />
      <line nr="1696" mi="1" ci="0" mb="0" cb="0" />
      <line nr="1697" mi="1" ci="0" mb="0" cb="0" />
      <line nr="1702" mi="1" ci="0" mb="0" cb="0" />
      <line nr="1705" mi="1" ci="0" mb="0" cb="0" />
      <line nr="1707" mi="2" ci="0" mb="0" cb="0" />
      <line nr="1708" mi="1" ci="0" mb="0" cb="0" />
      <line nr="1709" mi="1" ci="0" mb="0" cb="0" />
      <line nr="1710" mi="1" ci="0" mb="0" cb="0" />
      <line nr="1712" mi="1" ci="0" mb="0" cb="0" />
      <line nr="1713" mi="1" ci="0" mb="0" cb="0" />
      <line nr="1714" mi="1" ci="0" mb="0" cb="0" />
      <line nr="1716" mi="1" ci="0" mb="0" cb="0" />
      <line nr="1717" mi="1" ci="0" mb="0" cb="0" />
      <line nr="1718" mi="1" ci="0" mb="0" cb="0" />
      <line nr="1719" mi="1" ci="0" mb="0" cb="0" />
      <line nr="1720" mi="1" ci="0" mb="0" cb="0" />
      <line nr="1721" mi="1" ci="0" mb="0" cb="0" />
      <line nr="1722" mi="3" ci="0" mb="0" cb="0" />
      <line nr="1723" mi="1" ci="0" mb="0" cb="0" />
      <line nr="1724" mi="1" ci="0" mb="0" cb="0" />
      <line nr="1725" mi="1" ci="0" mb="0" cb="0" />
      <line nr="1726" mi="3" ci="0" mb="0" cb="0" />
      <line nr="1727" mi="3" ci="0" mb="0" cb="0" />
      <line nr="1728" mi="3" ci="0" mb="0" cb="0" />
      <line nr="1729" mi="3" ci="0" mb="0" cb="0" />
      <line nr="1730" mi="5" ci="0" mb="0" cb="0" />
      <line nr="1731" mi="1" ci="0" mb="0" cb="0" />
      <line nr="1732" mi="1" ci="0" mb="0" cb="0" />
      <line nr="1733" mi="1" ci="0" mb="0" cb="0" />
      <line nr="1734" mi="1" ci="0" mb="0" cb="0" />
      <line nr="1735" mi="1" ci="0" mb="0" cb="0" />
      <line nr="1740" mi="1" ci="0" mb="0" cb="0" />
      <line nr="1743" mi="3" ci="0" mb="0" cb="0" />
      <line nr="1744" mi="3" ci="0" mb="0" cb="0" />
      <line nr="1745" mi="3" ci="0" mb="0" cb="0" />
      <line nr="1746" mi="3" ci="0" mb="0" cb="0" />
      <line nr="1747" mi="3" ci="0" mb="0" cb="0" />
      <line nr="1748" mi="3" ci="0" mb="0" cb="0" />
      <line nr="1749" mi="3" ci="0" mb="0" cb="0" />
      <line nr="1751" mi="2" ci="0" mb="0" cb="0" />
      <line nr="1759" mi="1" ci="0" mb="0" cb="0" />
      <line nr="1760" mi="1" ci="0" mb="0" cb="0" />
      <line nr="1762" mi="2" ci="0" mb="0" cb="0" />
      <line nr="1763" mi="1" ci="0" mb="0" cb="0" />
      <line nr="1764" mi="1" ci="0" mb="0" cb="0" />
      <line nr="1766" mi="1" ci="0" mb="0" cb="0" />
      <line nr="1767" mi="1" ci="0" mb="0" cb="0" />
      <line nr="1768" mi="1" ci="0" mb="0" cb="0" />
      <line nr="1769" mi="3" ci="0" mb="0" cb="0" />
      <line nr="1770" mi="3" ci="0" mb="0" cb="0" />
      <line nr="1771" mi="3" ci="0" mb="0" cb="0" />
      <line nr="1772" mi="3" ci="0" mb="0" cb="0" />
      <line nr="1773" mi="3" ci="0" mb="0" cb="0" />
      <line nr="1774" mi="3" ci="0" mb="0" cb="0" />
      <line nr="1775" mi="3" ci="0" mb="0" cb="0" />
      <line nr="1776" mi="3" ci="0" mb="0" cb="0" />
      <line nr="1777" mi="3" ci="0" mb="0" cb="0" />
      <line nr="1780" mi="1" ci="0" mb="0" cb="0" />
      <line nr="1783" mi="1" ci="0" mb="0" cb="0" />
      <line nr="1791" mi="1" ci="0" mb="0" cb="0" />
      <line nr="1792" mi="1" ci="0" mb="0" cb="0" />
      <line nr="1793" mi="1" ci="0" mb="0" cb="0" />
      <line nr="1794" mi="1" ci="0" mb="0" cb="0" />
      <line nr="1796" mi="2" ci="0" mb="0" cb="0" />
      <line nr="1797" mi="1" ci="0" mb="0" cb="0" />
      <line nr="1799" mi="1" ci="0" mb="0" cb="0" />
      <line nr="1800" mi="1" ci="0" mb="0" cb="0" />
      <line nr="1801" mi="1" ci="0" mb="0" cb="0" />
      <line nr="1803" mi="1" ci="0" mb="0" cb="0" />
      <line nr="1804" mi="1" ci="0" mb="0" cb="0" />
      <line nr="1805" mi="1" ci="0" mb="0" cb="0" />
      <line nr="1806" mi="1" ci="0" mb="0" cb="0" />
      <line nr="1808" mi="1" ci="0" mb="0" cb="0" />
      <line nr="1809" mi="1" ci="0" mb="0" cb="0" />
      <line nr="1810" mi="1" ci="0" mb="0" cb="0" />
      <line nr="1811" mi="1" ci="0" mb="0" cb="0" />
      <line nr="1813" mi="1" ci="0" mb="0" cb="0" />
      <line nr="1815" mi="2" ci="0" mb="0" cb="0" />
      <line nr="1818" mi="1" ci="0" mb="0" cb="0" />
      <line nr="1821" mi="1" ci="0" mb="0" cb="0" />
      <line nr="1822" mi="1" ci="0" mb="0" cb="0" />
      <line nr="1823" mi="1" ci="0" mb="0" cb="0" />
      <line nr="1825" mi="2" ci="0" mb="0" cb="0" />
      <line nr="1826" mi="2" ci="0" mb="0" cb="0" />
      <line nr="1827" mi="2" ci="0" mb="0" cb="0" />
      <line nr="1829" mi="1" ci="0" mb="0" cb="0" />
      <line nr="1830" mi="1" ci="0" mb="0" cb="0" />
      <line nr="1831" mi="1" ci="0" mb="0" cb="0" />
      <line nr="1832" mi="1" ci="0" mb="0" cb="0" />
      <line nr="1833" mi="1" ci="0" mb="0" cb="0" />
      <line nr="1834" mi="1" ci="0" mb="0" cb="0" />
      <line nr="1835" mi="1" ci="0" mb="0" cb="0" />
      <line nr="1836" mi="1" ci="0" mb="0" cb="0" />
      <line nr="1837" mi="1" ci="0" mb="0" cb="0" />
      <line nr="1842" mi="2" ci="0" mb="0" cb="0" />
      <line nr="1864" mi="2" ci="0" mb="0" cb="0" />
      <line nr="1865" mi="1" ci="0" mb="0" cb="0" />
      <line nr="1866" mi="1" ci="0" mb="0" cb="0" />
      <line nr="1867" mi="2" ci="0" mb="0" cb="0" />
      <line nr="1868" mi="1" ci="0" mb="0" cb="0" />
      <line nr="1870" mi="1" ci="0" mb="0" cb="0" />
      <line nr="1871" mi="1" ci="0" mb="0" cb="0" />
      <line nr="1872" mi="1" ci="0" mb="0" cb="0" />
      <line nr="1874" mi="1" ci="0" mb="0" cb="0" />
      <line nr="1875" mi="1" ci="0" mb="0" cb="0" />
      <line nr="1876" mi="1" ci="0" mb="0" cb="0" />
      <line nr="1880" mi="1" ci="0" mb="0" cb="0" />
      <line nr="1884" mi="1" ci="0" mb="0" cb="0" />
      <line nr="1885" mi="1" ci="0" mb="0" cb="0" />
      <line nr="1886" mi="1" ci="0" mb="0" cb="0" />
      <line nr="1887" mi="1" ci="0" mb="0" cb="0" />
      <line nr="1888" mi="1" ci="0" mb="0" cb="0" />
      <line nr="1889" mi="1" ci="0" mb="0" cb="0" />
      <line nr="1890" mi="1" ci="0" mb="0" cb="0" />
      <line nr="1892" mi="1" ci="0" mb="0" cb="0" />
      <line nr="1893" mi="1" ci="0" mb="0" cb="0" />
      <line nr="1895" mi="1" ci="0" mb="0" cb="0" />
      <line nr="1896" mi="2" ci="0" mb="0" cb="0" />
      <line nr="1897" mi="1" ci="0" mb="0" cb="0" />
      <line nr="1898" mi="1" ci="0" mb="0" cb="0" />
      <line nr="1899" mi="2" ci="0" mb="0" cb="0" />
      <line nr="1901" mi="1" ci="0" mb="0" cb="0" />
      <line nr="1902" mi="1" ci="0" mb="0" cb="0" />
      <line nr="1906" mi="1" ci="0" mb="0" cb="0" />
      <line nr="1907" mi="1" ci="0" mb="0" cb="0" />
      <line nr="1908" mi="1" ci="0" mb="0" cb="0" />
      <line nr="1909" mi="2" ci="0" mb="0" cb="0" />
      <line nr="1913" mi="2" ci="0" mb="0" cb="0" />
      <line nr="1914" mi="2" ci="0" mb="0" cb="0" />
      <line nr="1915" mi="2" ci="0" mb="0" cb="0" />
      <line nr="1916" mi="1" ci="0" mb="0" cb="0" />
      <line nr="1917" mi="1" ci="0" mb="0" cb="0" />
      <line nr="1921" mi="1" ci="0" mb="0" cb="0" />
      <line nr="1922" mi="2" ci="0" mb="0" cb="0" />
      <line nr="1925" mi="1" ci="0" mb="0" cb="0" />
      <line nr="1926" mi="1" ci="0" mb="0" cb="0" />
      <line nr="1933" mi="3" ci="0" mb="0" cb="0" />
      <line nr="1935" mi="1" ci="0" mb="0" cb="0" />
      <line nr="1936" mi="2" ci="0" mb="0" cb="0" />
      <line nr="1940" mi="2" ci="0" mb="0" cb="0" />
      <line nr="1941" mi="1" ci="0" mb="0" cb="0" />
      <line nr="1942" mi="1" ci="0" mb="0" cb="0" />
      <line nr="1943" mi="1" ci="0" mb="0" cb="0" />
      <line nr="1945" mi="1" ci="0" mb="0" cb="0" />
      <line nr="1946" mi="1" ci="0" mb="0" cb="0" />
      <line nr="1952" mi="1" ci="0" mb="0" cb="0" />
      <line nr="1953" mi="1" ci="0" mb="0" cb="0" />
      <line nr="1957" mi="1" ci="0" mb="0" cb="0" />
      <line nr="1958" mi="1" ci="0" mb="0" cb="0" />
      <line nr="1959" mi="2" ci="0" mb="0" cb="0" />
      <line nr="1964" mi="2" ci="0" mb="0" cb="0" />
      <line nr="1965" mi="1" ci="0" mb="0" cb="0" />
      <line nr="1966" mi="1" ci="0" mb="0" cb="0" />
      <line nr="1967" mi="1" ci="0" mb="0" cb="0" />
      <line nr="1968" mi="1" ci="0" mb="0" cb="0" />
      <line nr="1969" mi="1" ci="0" mb="0" cb="0" />
      <line nr="1975" mi="1" ci="0" mb="0" cb="0" />
      <line nr="1976" mi="1" ci="0" mb="0" cb="0" />
      <line nr="1982" mi="1" ci="0" mb="0" cb="0" />
      <line nr="1983" mi="1" ci="0" mb="0" cb="0" />
      <line nr="1984" mi="1" ci="0" mb="0" cb="0" />
      <line nr="1989" mi="1" ci="0" mb="0" cb="0" />
      <line nr="1990" mi="1" ci="0" mb="0" cb="0" />
      <line nr="1992" mi="1" ci="0" mb="0" cb="0" />
      <line nr="1993" mi="1" ci="0" mb="0" cb="0" />
      <line nr="1994" mi="1" ci="0" mb="0" cb="0" />
      <line nr="1999" mi="1" ci="0" mb="0" cb="0" />
      <line nr="2000" mi="2" ci="0" mb="0" cb="0" />
      <line nr="2002" mi="2" ci="0" mb="0" cb="0" />
      <line nr="2003" mi="1" ci="0" mb="0" cb="0" />
      <line nr="2004" mi="1" ci="0" mb="0" cb="0" />
      <line nr="2008" mi="2" ci="0" mb="0" cb="0" />
      <line nr="2009" mi="3" ci="0" mb="0" cb="0" />
      <line nr="2013" mi="2" ci="0" mb="0" cb="0" />
      <line nr="2014" mi="1" ci="0" mb="0" cb="0" />
      <line nr="2015" mi="1" ci="0" mb="0" cb="0" />
      <line nr="2016" mi="2" ci="0" mb="0" cb="0" />
      <line nr="2017" mi="2" ci="0" mb="0" cb="0" />
      <line nr="2018" mi="2" ci="0" mb="0" cb="0" />
      <line nr="2019" mi="2" ci="0" mb="0" cb="0" />
      <line nr="2020" mi="1" ci="0" mb="0" cb="0" />
      <line nr="2021" mi="1" ci="0" mb="0" cb="0" />
      <line nr="2022" mi="1" ci="0" mb="0" cb="0" />
      <line nr="2026" mi="2" ci="0" mb="0" cb="0" />
      <line nr="2027" mi="1" ci="0" mb="0" cb="0" />
      <line nr="2028" mi="1" ci="0" mb="0" cb="0" />
      <line nr="2029" mi="2" ci="0" mb="0" cb="0" />
      <line nr="2030" mi="2" ci="0" mb="0" cb="0" />
      <line nr="2031" mi="2" ci="0" mb="0" cb="0" />
      <line nr="2032" mi="2" ci="0" mb="0" cb="0" />
      <line nr="2033" mi="1" ci="0" mb="0" cb="0" />
[...]
      <line nr="2718" mi="1" ci="0" mb="0" cb="0" />
      <line nr="2719" mi="3" ci="0" mb="0" cb="0" />
      <line nr="2722" mi="1" ci="0" mb="0" cb="0" />
      <line nr="2753" mi="1" ci="0" mb="0" cb="0" />
      <line nr="2755" mi="2" ci="0" mb="0" cb="0" />
      <line nr="2756" mi="3" ci="0" mb="0" cb="0" />
      <line nr="2758" mi="1" ci="0" mb="0" cb="0" />
      <line nr="2759" mi="3" ci="0" mb="0" cb="0" />
      <line nr="2762" mi="1" ci="0" mb="0" cb="0" />
      <line nr="2798" mi="1" ci="0" mb="0" cb="0" />
      <line nr="2799" mi="3" ci="0" mb="0" cb="0" />
      <line nr="2801" mi="1" ci="0" mb="0" cb="0" />
      <line nr="2802" mi="3" ci="0" mb="0" cb="0" />
      <line nr="2805" mi="1" ci="0" mb="0" cb="0" />
      <line nr="2836" mi="0" ci="1" mb="0" cb="0" />
      <line nr="2838" mi="0" ci="2" mb="0" cb="0" />
      <line nr="2839" mi="0" ci="3" mb="0" cb="0" />
      <line nr="2841" mi="0" ci="1" mb="0" cb="0" />
      <line nr="2842" mi="0" ci="1" mb="0" cb="0" />
      <line nr="2843" mi="0" ci="1" mb="0" cb="0" />
      <line nr="2844" mi="0" ci="2" mb="0" cb="0" />
      <line nr="2845" mi="0" ci="1" mb="0" cb="0" />
      <line nr="2846" mi="0" ci="1" mb="0" cb="0" />
      <line nr="2847" mi="0" ci="1" mb="0" cb="0" />
      <line nr="2848" mi="0" ci="1" mb="0" cb="0" />
      <line nr="2849" mi="0" ci="1" mb="0" cb="0" />
      <line nr="2850" mi="0" ci="1" mb="0" cb="0" />
      <line nr="2851" mi="0" ci="1" mb="0" cb="0" />
      <line nr="2854" mi="0" ci="1" mb="0" cb="0" />
      <line nr="2855" mi="0" ci="1" mb="0" cb="0" />
      <line nr="2856" mi="0" ci="1" mb="0" cb="0" />
      <line nr="2857" mi="0" ci="1" mb="0" cb="0" />
      <line nr="2858" mi="0" ci="2" mb="0" cb="0" />
      <line nr="2860" mi="0" ci="1" mb="0" cb="0" />
      <line nr="2862" mi="0" ci="1" mb="0" cb="0" />
      <line nr="2865" mi="1" ci="0" mb="0" cb="0" />
      <line nr="2869" mi="0" ci="1" mb="0" cb="0" />
      <line nr="2870" mi="0" ci="2" mb="0" cb="0" />
      <line nr="2873" mi="0" ci="1" mb="0" cb="0" />
      <line nr="2875" mi="0" ci="1" mb="0" cb="0" />
      <line nr="2876" mi="0" ci="1" mb="0" cb="0" />
      <line nr="2877" mi="0" ci="1" mb="0" cb="0" />
      <line nr="2880" mi="0" ci="1" mb="0" cb="0" />
      <line nr="2881" mi="0" ci="1" mb="0" cb="0" />
      <line nr="2882" mi="0" ci="2" mb="0" cb="0" />
      <line nr="2883" mi="0" ci="1" mb="0" cb="0" />
      <line nr="2884" mi="0" ci="1" mb="0" cb="0" />
      <line nr="2885" mi="0" ci="1" mb="0" cb="0" />
      <line nr="2886" mi="0" ci="1" mb="0" cb="0" />
      <line nr="2887" mi="0" ci="2" mb="0" cb="0" />
      <line nr="2888" mi="0" ci="2" mb="0" cb="0" />
      <line nr="2892" mi="0" ci="1" mb="0" cb="0" />
      <line nr="2916" mi="2" ci="0" mb="0" cb="0" />
      <line nr="2917" mi="1" ci="0" mb="0" cb="0" />
      <line nr="2918" mi="1" ci="0" mb="0" cb="0" />
      <line nr="2920" mi="1" ci="0" mb="0" cb="0" />
      <line nr="2921" mi="2" ci="0" mb="0" cb="0" />
      <line nr="2922" mi="5" ci="0" mb="0" cb="0" />
      <line nr="2926" mi="3" ci="0" mb="0" cb="0" />
      <line nr="2927" mi="1" ci="0" mb="0" cb="0" />
      <line nr="2929" mi="1" ci="0" mb="0" cb="0" />
      <line nr="2930" mi="1" ci="0" mb="0" cb="0" />
      <line nr="2934" mi="1" ci="0" mb="0" cb="0" />
      <line nr="2935" mi="1" ci="0" mb="0" cb="0" />
      <line nr="2936" mi="2" ci="0" mb="0" cb="0" />
      <line nr="2937" mi="2" ci="0" mb="0" cb="0" />
      <line nr="2958" mi="2" ci="0" mb="0" cb="0" />
      <line nr="2959" mi="5" ci="0" mb="0" cb="0" />
      <line nr="2962" mi="2" ci="0" mb="0" cb="0" />
      <line nr="2982" mi="2" ci="0" mb="0" cb="0" />
      <line nr="2983" mi="5" ci="0" mb="0" cb="0" />
      <line nr="2986" mi="2" ci="0" mb="0" cb="0" />
      <line nr="3016" mi="1" ci="0" mb="0" cb="0" />
      <line nr="3017" mi="1" ci="0" mb="0" cb="0" />
      <line nr="3018" mi="1" ci="0" mb="0" cb="0" />
      <line nr="3019" mi="1" ci="0" mb="0" cb="0" />
      <line nr="3020" mi="1" ci="0" mb="0" cb="0" />
      <line nr="3021" mi="1" ci="0" mb="0" cb="0" />
      <line nr="3022" mi="1" ci="0" mb="0" cb="0" />
      <line nr="3026" mi="1" ci="0" mb="0" cb="0" />
      <line nr="3028" mi="1" ci="0" mb="0" cb="0" />
      <line nr="3031" mi="1" ci="0" mb="0" cb="0" />
      <line nr="3032" mi="1" ci="0" mb="0" cb="0" />
      <line nr="3033" mi="1" ci="0" mb="0" cb="0" />
      <line nr="3034" mi="1" ci="0" mb="0" cb="0" />
      <line nr="3035" mi="1" ci="0" mb="0" cb="0" />
      <line nr="3036" mi="1" ci="0" mb="0" cb="0" />
      <line nr="3040" mi="2" ci="0" mb="0" cb="0" />
      <line nr="3041" mi="1" ci="0" mb="0" cb="0" />
      <line nr="3042" mi="1" ci="0" mb="0" cb="0" />
      <line nr="3043" mi="1" ci="0" mb="0" cb="0" />
      <line nr="3044" mi="1" ci="0" mb="0" cb="0" />
      <line nr="3045" mi="1" ci="0" mb="0" cb="0" />
      <line nr="3046" mi="1" ci="0" mb="0" cb="0" />
      <line nr="3050" mi="1" ci="0" mb="0" cb="0" />
      <line nr="3051" mi="1" ci="0" mb="0" cb="0" />
      <line nr="3052" mi="1" ci="0" mb="0" cb="0" />
      <line nr="3053" mi="1" ci="0" mb="0" cb="0" />
      <line nr="3054" mi="1" ci="0" mb="0" cb="0" />
      <line nr="3055" mi="1" ci="0" mb="0" cb="0" />
      <line nr="3056" mi="1" ci="0" mb="0" cb="0" />
      <line nr="3060" mi="1" ci="0" mb="0" cb="0" />
      <line nr="3061" mi="1" ci="0" mb="0" cb="0" />
      <line nr="3062" mi="1" ci="0" mb="0" cb="0" />
      <line nr="3063" mi="1" ci="0" mb="0" cb="0" />
      <line nr="3064" mi="1" ci="0" mb="0" cb="0" />
      <line nr="3065" mi="1" ci="0" mb="0" cb="0" />
      <line nr="3066" mi="1" ci="0" mb="0" cb="0" />
      <line nr="3071" mi="1" ci="0" mb="0" cb="0" />
      <line nr="3072" mi="1" ci="0" mb="0" cb="0" />
      <line nr="3073" mi="1" ci="0" mb="0" cb="0" />
      <line nr="3074" mi="1" ci="0" mb="0" cb="0" />
      <line nr="3075" mi="1" ci="0" mb="0" cb="0" />
      <line nr="3076" mi="1" ci="0" mb="0" cb="0" />
      <line nr="3077" mi="1" ci="0" mb="0" cb="0" />
      <line nr="3081" mi="1" ci="0" mb="0" cb="0" />
      <line nr="3082" mi="1" ci="0" mb="0" cb="0" />
      <line nr="3083" mi="1" ci="0" mb="0" cb="0" />
      <line nr="3084" mi="1" ci="0" mb="0" cb="0" />
      <line nr="3085" mi="1" ci="0" mb="0" cb="0" />
      <line nr="3086" mi="1" ci="0" mb="0" cb="0" />
      <line nr="3113" mi="2" ci="0" mb="0" cb="0" />
      <line nr="3114" mi="1" ci="0" mb="0" cb="0" />
      <line nr="3116" mi="1" ci="0" mb="0" cb="0" />
      <line nr="3117" mi="1" ci="0" mb="0" cb="0" />
      <line nr="3118" mi="2" ci="0" mb="0" cb="0" />
      <line nr="3121" mi="1" ci="0" mb="0" cb="0" />
      <line nr="3122" mi="1" ci="0" mb="0" cb="0" />
      <line nr="3123" mi="4" ci="0" mb="0" cb="0" />
      <line nr="3124" mi="4" ci="0" mb="0" cb="0" />
      <line nr="3125" mi="2" ci="0" mb="0" cb="0" />
      <line nr="3150" mi="1" ci="0" mb="0" cb="0" />
      <line nr="3151" mi="1" ci="0" mb="0" cb="0" />
      <line nr="3152" mi="1" ci="0" mb="0" cb="0" />
      <line nr="3158" mi="1" ci="0" mb="0" cb="0" />
      <line nr="3159" mi="1" ci="0" mb="0" cb="0" />
      <line nr="3161" mi="1" ci="0" mb="0" cb="0" />
      <line nr="3162" mi="1" ci="0" mb="0" cb="0" />
      <line nr="3163" mi="1" ci="0" mb="0" cb="0" />
      <line nr="3164" mi="1" ci="0" mb="0" cb="0" />
      <line nr="3165" mi="1" ci="0" mb="0" cb="0" />
      <line nr="3166" mi="1" ci="0" mb="0" cb="0" />
      <line nr="3167" mi="1" ci="0" mb="0" cb="0" />
      <line nr="3168" mi="1" ci="0" mb="0" cb="0" />
      <line nr="3173" mi="1" ci="0" mb="0" cb="0" />
      <line nr="3174" mi="1" ci="0" mb="0" cb="0" />
      <line nr="3175" mi="1" ci="0" mb="0" cb="0" />
      <line nr="3176" mi="1" ci="0" mb="0" cb="0" />
      <line nr="3177" mi="1" ci="0" mb="0" cb="0" />
      <line nr="3178" mi="1" ci="0" mb="0" cb="0" />
      <line nr="3179" mi="1" ci="0" mb="0" cb="0" />
      <line nr="3180" mi="1" ci="0" mb="0" cb="0" />
      <line nr="3186" mi="1" ci="0" mb="0" cb="0" />
      <line nr="3187" mi="1" ci="0" mb="0" cb="0" />
      <line nr="3188" mi="1" ci="0" mb="0" cb="0" />
      <line nr="3189" mi="1" ci="0" mb="0" cb="0" />
      <line nr="3190" mi="1" ci="0" mb="0" cb="0" />
      <line nr="3191" mi="1" ci="0" mb="0" cb="0" />
      <line nr="3192" mi="1" ci="0" mb="0" cb="0" />
      <line nr="3196" mi="1" ci="0" mb="0" cb="0" />
      <line nr="3197" mi="1" ci="0" mb="0" cb="0" />
      <line nr="3198" mi="1" ci="0" mb="0" cb="0" />
      <line nr="3199" mi="1" ci="0" mb="0" cb="0" />
      <line nr="3200" mi="1" ci="0" mb="0" cb="0" />
      <line nr="3201" mi="1" ci="0" mb="0" cb="0" />
      <line nr="3202" mi="1" ci="0" mb="0" cb="0" />
      <line nr="3207" mi="2" ci="0" mb="0" cb="0" />
      <line nr="3237" mi="1" ci="0" mb="0" cb="0" />
      <line nr="3238" mi="1" ci="0" mb="0" cb="0" />
      <line nr="3243" mi="1" ci="0" mb="0" cb="0" />
      <line nr="3245" mi="1" ci="0" mb="0" cb="0" />
      <line nr="3246" mi="3" ci="0" mb="0" cb="0" />
      <line nr="3249" mi="2" ci="0" mb="0" cb="0" />
      <line nr="3279" mi="1" ci="0" mb="0" cb="0" />
      <line nr="3280" mi="1" ci="0" mb="0" cb="0" />
      <line nr="3285" mi="1" ci="0" mb="0" cb="0" />
      <line nr="3287" mi="1" ci="0" mb="0" cb="0" />
      <line nr="3288" mi="2" ci="0" mb="0" cb="0" />
      <line nr="3289" mi="1" ci="0" mb="0" cb="0" />
      <line nr="3290" mi="1" ci="0" mb="0" cb="0" />
      <line nr="3291" mi="1" ci="0" mb="0" cb="0" />
      <line nr="3292" mi="1" ci="0" mb="0" cb="0" />
      <line nr="3293" mi="1" ci="0" mb="0" cb="0" />
      <line nr="3294" mi="1" ci="0" mb="0" cb="0" />
      <line nr="3299" mi="1" ci="0" mb="0" cb="0" />
      <line nr="3300" mi="1" ci="0" mb="0" cb="0" />
      <line nr="3301" mi="1" ci="0" mb="0" cb="0" />
      <line nr="3302" mi="1" ci="0" mb="0" cb="0" />
      <line nr="3303" mi="1" ci="0" mb="0" cb="0" />
      <line nr="3304" mi="1" ci="0" mb="0" cb="0" />
      <line nr="3305" mi="1" ci="0" mb="0" cb="0" />
      <line nr="3311" mi="1" ci="0" mb="0" cb="0" />
      <line nr="3312" mi="1" ci="0" mb="0" cb="0" />
      <line nr="3313" mi="1" ci="0" mb="0" cb="0" />
      <line nr="3314" mi="1" ci="0" mb="0" cb="0" />
      <line nr="3315" mi="1" ci="0" mb="0" cb="0" />
      <line nr="3316" mi="1" ci="0" mb="0" cb="0" />
      <line nr="3317" mi="1" ci="0" mb="0" cb="0" />
      <line nr="3321" mi="1" ci="0" mb="0" cb="0" />
      <line nr="3322" mi="1" ci="0" mb="0" cb="0" />
      <line nr="3323" mi="1" ci="0" mb="0" cb="0" />
      <line nr="3324" mi="1" ci="0" mb="0" cb="0" />
      <line nr="3325" mi="1" ci="0" mb="0" cb="0" />
      <line nr="3326" mi="1" ci="0" mb="0" cb="0" />
      <line nr="3331" mi="2" ci="0" mb="0" cb="0" />
      <line nr="3361" mi="1" ci="0" mb="0" cb="0" />
      <line nr="3362" mi="5" ci="0" mb="0" cb="0" />
      <line nr="3363" mi="4" ci="0" mb="0" cb="0" />
      <line nr="3364" mi="4" ci="0" mb="0" cb="0" />
      <line nr="3367" mi="1" ci="0" mb="0" cb="0" />
      <line nr="3369" mi="1" ci="0" mb="0" cb="0" />
      <line nr="3370" mi="2" ci="0" mb="0" cb="0" />
      <line nr="3373" mi="2" ci="0" mb="0" cb="0" />
      <line nr="3403" mi="1" ci="0" mb="0" cb="0" />
      <line nr="3404" mi="1" ci="0" mb="0" cb="0" />
      <line nr="3405" mi="1" ci="0" mb="0" cb="0" />
      <line nr="3406" mi="1" ci="0" mb="0" cb="0" />
      <line nr="3407" mi="2" ci="0" mb="0" cb="0" />
      <line nr="3410" mi="1" ci="0" mb="0" cb="0" />
      <line nr="3411" mi="1" ci="0" mb="0" cb="0" />
      <line nr="3412" mi="2" ci="0" mb="0" cb="0" />
      <line nr="3415" mi="1" ci="0" mb="0" cb="0" />
      <line nr="3416" mi="1" ci="0" mb="0" cb="0" />
      <line nr="3417" mi="2" ci="0" mb="0" cb="0" />
      <line nr="3421" mi="1" ci="0" mb="0" cb="0" />
      <line nr="3423" mi="1" ci="0" mb="0" cb="0" />
      <line nr="3424" mi="2" ci="0" mb="0" cb="0" />
      <line nr="3427" mi="2" ci="0" mb="0" cb="0" />
      <line nr="3490" mi="0" ci="1" mb="0" cb="0" />
      <line nr="3491" mi="0" ci="1" mb="0" cb="0" />
      <line nr="3492" mi="0" ci="1" mb="0" cb="0" />
      <line nr="3495" mi="4" ci="2" mb="0" cb="0" />
      <line nr="3496" mi="5" ci="2" mb="0" cb="0" />
      <line nr="3497" mi="0" ci="1" mb="0" cb="0" />
      <line nr="3498" mi="0" ci="1" mb="0" cb="0" />
      <line nr="3499" mi="0" ci="1" mb="0" cb="0" />
      <line nr="3500" mi="1" ci="3" mb="0" cb="0" />
      <line nr="3501" mi="1" ci="3" mb="0" cb="0" />
      <line nr="3503" mi="0" ci="1" mb="0" cb="0" />
      <line nr="3504" mi="0" ci="1" mb="0" cb="0" />
      <line nr="3505" mi="0" ci="2" mb="0" cb="0" />
      <line nr="3508" mi="0" ci="1" mb="0" cb="0" />
      <line nr="3509" mi="0" ci="1" mb="0" cb="0" />
      <line nr="3510" mi="0" ci="2" mb="0" cb="0" />
      <line nr="3513" mi="0" ci="1" mb="0" cb="0" />
      <line nr="3514" mi="0" ci="2" mb="0" cb="0" />
      <line nr="3515" mi="0" ci="1" mb="0" cb="0" />
      <line nr="3516" mi="0" ci="1" mb="0" cb="0" />
      <line nr="3517" mi="0" ci="1" mb="0" cb="0" />
      <line nr="3518" mi="0" ci="1" mb="0" cb="0" />
      <line nr="3519" mi="0" ci="1" mb="0" cb="0" />
      <line nr="3520" mi="0" ci="2" mb="0" cb="0" />
      <line nr="3521" mi="0" ci="2" mb="0" cb="0" />
      <line nr="3522" mi="0" ci="2" mb="0" cb="0" />
      <line nr="3523" mi="0" ci="2" mb="0" cb="0" />
      <line nr="3524" mi="0" ci="2" mb="0" cb="0" />
      <line nr="3525" mi="0" ci="1" mb="0" cb="0" />
      <line nr="3526" mi="0" ci="1" mb="0" cb="0" />
      <line nr="3527" mi="0" ci="1" mb="0" cb="0" />
      <line nr="3528" mi="0" ci="2" mb="0" cb="0" />
      <line nr="3529" mi="0" ci="4" mb="0" cb="0" />
      <line nr="3530" mi="0" ci="2" mb="0" cb="0" />
      <line nr="3531" mi="0" ci="2" mb="0" cb="0" />
      <line nr="3535" mi="0" ci="1" mb="0" cb="0" />
      <line nr="3569" mi="0" ci="2" mb="0" cb="0" />
      <line nr="3570" mi="0" ci="2" mb="0" cb="0" />
      <line nr="3572" mi="0" ci="4" mb="0" cb="0" />
      <line nr="3573" mi="0" ci="4" mb="0" cb="0" />
      <line nr="3575" mi="0" ci="2" mb="0" cb="0" />
      <line nr="3576" mi="0" ci="2" mb="0" cb="0" />
      <line nr="3578" mi="0" ci="1" mb="0" cb="0" />
      <line nr="3579" mi="0" ci="1" mb="0" cb="0" />
      <line nr="3581" mi="0" ci="1" mb="0" cb="0" />
      <line nr="3582" mi="0" ci="1" mb="0" cb="0" />
      <line nr="3583" mi="0" ci="2" mb="0" cb="0" />
      <line nr="3584" mi="0" ci="2" mb="0" cb="0" />
      <line nr="3585" mi="0" ci="1" mb="0" cb="0" />
      <line nr="3588" mi="0" ci="1" mb="0" cb="0" />
      <line nr="3589" mi="0" ci="1" mb="0" cb="0" />
      <line nr="3590" mi="0" ci="2" mb="0" cb="0" />
      <line nr="3591" mi="0" ci="2" mb="0" cb="0" />
      <line nr="3592" mi="0" ci="1" mb="0" cb="0" />
      <line nr="3595" mi="0" ci="1" mb="0" cb="0" />
      <line nr="3597" mi="0" ci="1" mb="0" cb="0" />
      <line nr="3598" mi="0" ci="1" mb="0" cb="0" />
      <line nr="3599" mi="0" ci="1" mb="0" cb="0" />
      <line nr="3600" mi="0" ci="1" mb="0" cb="0" />
      <line nr="3601" mi="0" ci="1" mb="0" cb="0" />
      <line nr="3602" mi="0" ci="1" mb="0" cb="0" />
      <line nr="3603" mi="0" ci="3" mb="0" cb="0" />
      <line nr="3635" mi="0" ci="1" mb="0" cb="0" />
      <line nr="3637" mi="0" ci="1" mb="0" cb="0" />
      <line nr="3638" mi="0" ci="1" mb="0" cb="0" />
      <line nr="3639" mi="0" ci="1" mb="0" cb="0" />
      <line nr="3642" mi="0" ci="1" mb="0" cb="0" />
      <line nr="3643" mi="0" ci="2" mb="0" cb="0" />
      <line nr="3644" mi="0" ci="1" mb="0" cb="0" />
      <line nr="3645" mi="0" ci="1" mb="0" cb="0" />
      <line nr="3646" mi="0" ci="1" mb="0" cb="0" />
      <line nr="3647" mi="0" ci="1" mb="0" cb="0" />
      <line nr="3648" mi="0" ci="1" mb="0" cb="0" />
      <line nr="3649" mi="0" ci="2" mb="0" cb="0" />
      <line nr="3650" mi="0" ci="2" mb="0" cb="0" />
      <line nr="3651" mi="0" ci="2" mb="0" cb="0" />
      <line nr="3652" mi="0" ci="1" mb="0" cb="0" />
      <line nr="3656" mi="0" ci="1" mb="0" cb="0" />
      <line nr="3725" mi="0" ci="1" mb="0" cb="0" />
      <line nr="3726" mi="0" ci="1" mb="0" cb="0" />
      <line nr="3728" mi="0" ci="1" mb="0" cb="0" />
      <line nr="3729" mi="0" ci="1" mb="0" cb="0" />
      <line nr="3732" mi="0" ci="1" mb="0" cb="0" />
      <line nr="3733" mi="0" ci="1" mb="0" cb="0" />
      <line nr="3734" mi="0" ci="1" mb="0" cb="0" />
      <line nr="3766" mi="3" ci="0" mb="0" cb="0" />
      <line nr="3767" mi="2" ci="0" mb="0" cb="0" />
      <line nr="3769" mi="3" ci="0" mb="0" cb="0" />
      <line nr="3771" mi="2" ci="0" mb="0" cb="0" />
      <line nr="3773" mi="1" ci="0" mb="0" cb="0" />
      <line nr="3774" mi="4" ci="0" mb="0" cb="0" />
      <line nr="3775" mi="1" ci="0" mb="0" cb="0" />
      <line nr="3779" mi="2" ci="0" mb="0" cb="0" />
      <line nr="3780" mi="3" ci="0" mb="0" cb="0" />
      <line nr="3781" mi="1" ci="0" mb="0" cb="0" />
      <line nr="3815" mi="3" ci="0" mb="0" cb="0" />
      <line nr="3816" mi="2" ci="0" mb="0" cb="0" />
      <line nr="3818" mi="1" ci="0" mb="0" cb="0" />
      <line nr="3820" mi="1" ci="0" mb="0" cb="0" />
      <line nr="3821" mi="1" ci="0" mb="0" cb="0" />
      <line nr="3822" mi="1" ci="0" mb="0" cb="0" />
      <line nr="3823" mi="3" ci="0" mb="0" cb="0" />
      <line nr="3824" mi="2" ci="0" mb="0" cb="0" />
      <line nr="3825" mi="2" ci="0" mb="0" cb="0" />
      <line nr="3826" mi="2" ci="0" mb="0" cb="0" />
      <line nr="3832" mi="1" ci="0" mb="0" cb="0" />
      <line nr="3860" mi="3" ci="0" mb="0" cb="0" />
      <line nr="3861" mi="2" ci="0" mb="0" cb="0" />
      <line nr="3863" mi="1" ci="0" mb="0" cb="0" />
      <line nr="3864" mi="1" ci="0" mb="0" cb="0" />
      <line nr="3865" mi="1" ci="0" mb="0" cb="0" />
      <line nr="3866" mi="1" ci="0" mb="0" cb="0" />
      <line nr="3868" mi="1" ci="0" mb="0" cb="0" />
      <line nr="3869" mi="4" ci="0" mb="0" cb="0" />
      <line nr="3870" mi="4" ci="0" mb="0" cb="0" />
      <line nr="3871" mi="4" ci="0" mb="0" cb="0" />
      <line nr="3872" mi="4" ci="0" mb="0" cb="0" />
      <line nr="3875" mi="1" ci="0" mb="0" cb="0" />
      <line nr="3876" mi="2" ci="0" mb="0" cb="0" />
      <line nr="3877" mi="2" ci="0" mb="0" cb="0" />
      <line nr="3878" mi="2" ci="0" mb="0" cb="0" />
      <line nr="3879" mi="2" ci="0" mb="0" cb="0" />
      <line nr="3887" mi="0" ci="1" mb="0" cb="0" />
      <line nr="3888" mi="0" ci="1" mb="0" cb="0" />
      <line nr="3889" mi="0" ci="1" mb="0" cb="0" />
      <line nr="3890" mi="0" ci="1" mb="0" cb="0" />
      <line nr="3891" mi="0" ci="1" mb="0" cb="0" />
      <line nr="3892" mi="0" ci="1" mb="0" cb="0" />
      <line nr="3893" mi="0" ci="1" mb="0" cb="0" />
      <line nr="3894" mi="0" ci="1" mb="0" cb="0" />
      <line nr="3895" mi="0" ci="1" mb="0" cb="0" />
      <line nr="3896" mi="0" ci="1" mb="0" cb="0" />
      <line nr="3902" mi="0" ci="1" mb="0" cb="0" />
      <line nr="3903" mi="0" ci="1" mb="0" cb="0" />
      <line nr="3958" mi="0" ci="1" mb="0" cb="0" />
      <counter type="INSTRUCTION" missed="1798" covered="287" />
      <counter type="LINE" missed="1278" covered="211" />
      <counter type="METHOD" missed="52" covered="11" />
      <counter type="CLASS" missed="0" covered="1" />
    </sourcefile>
    <counter type="INSTRUCTION" missed="2004" covered="359" />
    <counter type="LINE" missed="1443" covered="278" />
    <counter type="METHOD" missed="59" covered="19" />
    <counter type="CLASS" missed="0" covered="2" />
  </package>
  <counter type="INSTRUCTION" missed="2004" covered="359" />
  <counter type="LINE" missed="1443" covered="278" />
  <counter type="METHOD" missed="59" covered="19" />
  <counter type="CLASS" missed="0" covered="2" />
</report>
