<?xml version="1.0" encoding="utf-8" standalone="no"?>
<test-results xmlns:xsi="http://www.w3.org/2001/XMLSchema-instance" xsi:noNamespaceSchemaLocation="nunit_schema_2.5.xsd" name="Pester" total="29" errors="0" failures="0" not-run="0" inconclusive="0" ignored="0" skipped="0" invalid="0" date="2026-03-08" time="12:50:45">
  <environment user="seanw" machine-name="BADROCK-PC" user-domain="BADROCK-PC" platform="Microsoft Windows 11 Pro|C:\WINDOWS|\Device\Harddisk0\Partition3" cwd="E:\DevRepos\NetworkCleaner\netclean" os-version="10.0.26200" nunit-version="2.5.8.0" clr-version="9.0.10" />
  <culture-info current-culture="en-US" current-uiculture="en-US" />
  <test-suite type="TestFixture" name="Pester" executed="True" result="Success" success="True" time="2.3012" asserts="0" description="Pester">
    <results>
      <test-suite type="TestFixture" name="E:\DevRepos\NetworkCleaner\netclean\tests\Netclean.Module.Tests.ps1" executed="True" result="Success" success="True" time="1.1935" asserts="0" description="E:\DevRepos\NetworkCleaner\netclean\tests\Netclean.Module.Tests.ps1">
        <results>
          <test-suite type="TestFixture" name="Netclean module - basic unit tests" executed="True" result="Success" success="True" time="0.7394" asserts="0" description="Netclean module - basic unit tests">
            <results>
              <test-case description="Convert-RegKeyPath normalizes registry provider paths" name="Netclean module - basic unit tests.Convert-RegKeyPath normalizes registry provider paths" time="0.0814" asserts="0" success="True" result="Success" executed="True" />
              <test-case description="Convert-Guid strips braces and lower-cases" name="Netclean module - basic unit tests.Convert-Guid strips braces and lower-cases" time="0.0196" asserts="0" success="True" result="Success" executed="True" />
              <test-case description="Aliases to Convert-Guid exist" name="Netclean module - basic unit tests.Aliases to Convert-Guid exist" time="0.012" asserts="0" success="True" result="Success" executed="True" />
              <test-case description="Get-AVServicePattern returns a collection for sample input" name="Netclean module - basic unit tests.Get-AVServicePattern returns a collection for sample input" time="0.0304" asserts="0" success="True" result="Success" executed="True" />
            </results>
          </test-suite>
        </results>
      </test-suite>
      <test-suite type="TestFixture" name="E:\DevRepos\NetworkCleaner\netclean\tests\Netclean.Tests.ps1" executed="True" result="Success" success="True" time="0.7566" asserts="0" description="E:\DevRepos\NetworkCleaner\netclean\tests\Netclean.Tests.ps1">
        <results>
          <test-suite type="TestFixture" name="Netclean module helpers" executed="True" result="Success" success="True" time="0.6016" asserts="0" description="Netclean module helpers">
            <results>
              <test-suite type="TestFixture" name="Netclean module helpers.Convert-RegKeyPath" executed="True" result="Success" success="True" time="0.03" asserts="0" description="Netclean module helpers.Convert-RegKeyPath">
                <results>
                  <test-case description="removes provider prefix and normalizes HKLM" name="Netclean module helpers.Convert-RegKeyPath.removes provider prefix and normalizes HKLM" time="0.0127" asserts="0" success="True" result="Success" executed="True" />
                  <test-case description="normalizes already-normal path without changing it" name="Netclean module helpers.Convert-RegKeyPath.normalizes already-normal path without changing it" time="0.0115" asserts="0" success="True" result="Success" executed="True" />
                </results>
              </test-suite>
              <test-suite type="TestFixture" name="Netclean module helpers.Convert-NormalizeGuid" executed="True" result="Success" success="True" time="0.0573" asserts="0" description="Netclean module helpers.Convert-NormalizeGuid">
                <results>
                  <test-case description="removes braces and lowercases" name="Netclean module helpers.Convert-NormalizeGuid.removes braces and lowercases" time="0.0127" asserts="0" success="True" result="Success" executed="True" />
                  <test-case description="handles guid without braces" name="Netclean module helpers.Convert-NormalizeGuid.handles guid without braces" time="0.0086" asserts="0" success="True" result="Success" executed="True" />
                </results>
              </test-suite>
              <test-suite type="TestFixture" name="Netclean module helpers.Derive-AVServicePatterns" executed="True" result="Success" success="True" time="0.102" asserts="0" description="Netclean module helpers.Derive-AVServicePatterns">
                <results>
                  <test-case description="matches known vendors" name="Netclean module helpers.Derive-AVServicePatterns.matches known vendors" time="0.018" asserts="0" success="True" result="Success" executed="True" />
                  <test-case description="handles multiple vendors and deduplicates patterns" name="Netclean module helpers.Derive-AVServicePatterns.handles multiple vendors and deduplicates patterns" time="0.021" asserts="0" success="True" result="Success" executed="True" />
                </results>
              </test-suite>
              <test-suite type="TestFixture" name="Netclean module helpers.Get-InstalledAV" executed="True" result="Success" success="True" time="0.1377" asserts="0" description="Netclean module helpers.Get-InstalledAV">
                <results>
                  <test-case description="returns an array (may be empty) and does not hang" name="Netclean module helpers.Get-InstalledAV.returns an array (may be empty) and does not hang" time="0.018" asserts="0" success="True" result="Success" executed="True" />
                  <test-case description="returns an empty array when nothing detected (non-throwing)" name="Netclean module helpers.Get-InstalledAV.returns an empty array when nothing detected (non-throwing)" time="0.0119" asserts="0" success="True" result="Success" executed="True" />
                </results>
              </test-suite>
              <test-suite type="TestFixture" name="Netclean module helpers.Build-ProtectionLists" executed="True" result="Success" success="True" time="0.1961" asserts="0" description="Netclean module helpers.Build-ProtectionLists">
                <results>
                  <test-case description="returns hashtable with expected keys and completes quickly" name="Netclean module helpers.Build-ProtectionLists.returns hashtable with expected keys and completes quickly" time="0.0305" asserts="0" success="True" result="Success" executed="True" />
                  <test-case description="includes Drivers and Registry keys when vendors detected" name="Netclean module helpers.Build-ProtectionLists.includes Drivers and Registry keys when vendors detected" time="0.0222" asserts="0" success="True" result="Success" executed="True" />
                </results>
              </test-suite>
              <test-suite type="TestFixture" name="Netclean module helpers.Approved-verb wrappers" executed="True" result="Success" success="True" time="0.5963" asserts="0" description="Netclean module helpers.Approved-verb wrappers">
                <results>
                  <test-case description="Get-ProtectionList behaves like Build-ProtectionLists" name="Netclean module helpers.Approved-verb wrappers.Get-ProtectionList behaves like Build-ProtectionLists" time="0.0244" asserts="0" success="True" result="Success" executed="True" />
                  <test-case description="Get-AVServicePattern behaves like Derive-AVServicePatterns" name="Netclean module helpers.Approved-verb wrappers.Get-AVServicePattern behaves like Derive-AVServicePatterns" time="0.0131" asserts="0" success="True" result="Success" executed="True" />
                  <test-case description="Export-ProtectedRegistryKey supports DryRun and returns array" name="Netclean module helpers.Approved-verb wrappers.Export-ProtectedRegistryKey supports DryRun and returns array" time="0.0232" asserts="0" success="True" result="Success" executed="True" />
                  <test-case description="Export-NetworkList DryRun returns a string path" name="Netclean module helpers.Approved-verb wrappers.Export-NetworkList DryRun returns a string path" time="0.0131" asserts="0" success="True" result="Success" executed="True" />
                  <test-case description="Export-WiFiProfile DryRun returns array (or ArrayList) and does not call netsh" name="Netclean module helpers.Approved-verb wrappers.Export-WiFiProfile DryRun returns array (or ArrayList) and does not call netsh" time="0.3206" asserts="0" success="True" result="Success" executed="True" />
                </results>
              </test-suite>
            </results>
          </test-suite>
        </results>
      </test-suite>
      <test-suite type="TestFixture" name="E:\DevRepos\NetworkCleaner\netclean\tests\Unit\Netclean.Utilities.Tests.ps1" executed="True" result="Success" success="True" time="0.3511" asserts="0" description="E:\DevRepos\NetworkCleaner\netclean\tests\Unit\Netclean.Utilities.Tests.ps1">
        <results>
          <test-suite type="TestFixture" name="Netclean utility functions" executed="True" result="Success" success="True" time="0.2133" asserts="0" description="Netclean utility functions">
            <results>
              <test-suite type="TestFixture" name="Netclean utility functions.Convert-RegKeyPath" executed="True" result="Success" success="True" time="0.0477" asserts="0" description="Netclean utility functions.Convert-RegKeyPath">
                <results>
                  <test-case description="normalizes provider-qualified path and separators" name="Netclean utility functions.Convert-RegKeyPath.normalizes provider-qualified path and separators" time="0.017" asserts="0" success="True" result="Success" executed="True" />
                  <test-case description="throws on invalid paths" name="Netclean utility functions.Convert-RegKeyPath.throws on invalid paths" time="0.0255" asserts="0" success="True" result="Success" executed="True" />
                </results>
              </test-suite>
              <test-suite type="TestFixture" name="Netclean utility functions.Convert-Guid" executed="True" result="Success" success="True" time="0.0815" asserts="0" description="Netclean utility functions.Convert-Guid">
                <results>
                  <test-case description="returns null for empty input" name="Netclean utility functions.Convert-Guid.returns null for empty input" time="0.0082" asserts="0" success="True" result="Success" executed="True" />
                  <test-case description="returns canonical lowercase GUID" name="Netclean utility functions.Convert-Guid.returns canonical lowercase GUID" time="0.0078" asserts="0" success="True" result="Success" executed="True" />
                  <test-case description="throws on invalid GUID" name="Netclean utility functions.Convert-Guid.throws on invalid GUID" time="0.0122" asserts="0" success="True" result="Success" executed="True" />
                </results>
              </test-suite>
              <test-suite type="TestFixture" name="Netclean utility functions.Get-NormalizedFilePathFromCommandLine" executed="True" result="Success" success="True" time="0.1211" asserts="0" description="Netclean utility functions.Get-NormalizedFilePathFromCommandLine">
                <results>
                  <test-case description="extracts quoted executable path" name="Netclean utility functions.Get-NormalizedFilePathFromCommandLine.extracts quoted executable path" time="0.0239" asserts="0" success="True" result="Success" executed="True" />
                  <test-case description="returns null for non-matching" name="Netclean utility functions.Get-NormalizedFilePathFromCommandLine.returns null for non-matching" time="0.0097" asserts="0" success="True" result="Success" executed="True" />
                </results>
              </test-suite>
              <test-suite type="TestFixture" name="Netclean utility functions.Get-UniqueNonEmptyString" executed="True" result="Success" success="True" time="0.1427" asserts="0" description="Netclean utility functions.Get-UniqueNonEmptyString">
                <results>
                  <test-case description="flattens arrays and deduplicates" name="Netclean utility functions.Get-UniqueNonEmptyString.flattens arrays and deduplicates" time="0.0165" asserts="0" success="True" result="Success" executed="True" />
                </results>
              </test-suite>
              <test-suite type="TestFixture" name="Netclean utility functions.Resolve-VendorFromText" executed="True" result="Success" success="True" time="0.2082" asserts="0" description="Netclean utility functions.Resolve-VendorFromText">
                <results>
                  <test-case description="returns vendor when hint present" name="Netclean utility functions.Resolve-VendorFromText.returns vendor when hint present" time="0.0259" asserts="0" success="True" result="Success" executed="True" />
                  <test-case description="returns null when none match" name="Netclean utility functions.Resolve-VendorFromText.returns null when none match" time="0.0339" asserts="0" success="True" result="Success" executed="True" />
                </results>
              </test-suite>
            </results>
          </test-suite>
        </results>
      </test-suite>
    </results>
  </test-suite>
</test-results>