<?xml version="1.0" encoding="UTF-8" standalone="no"?>
<!DOCTYPE report PUBLIC "-//JACOCO//DTD Report 1.1//EN" "report.dtd"[]>
<report name="Pester (03/15/2026 21:54:35)">
  <sessioninfo id="this" start="1773610853128" dump="1773611675845" />
  <package name="netclean">
    <class name="netclean/NetClean" sourcefilename="NetClean.ps1">
      <method name="&lt;script&gt;" desc="()" line="48">
        <counter type="INSTRUCTION" missed="15" covered="14" />
        <counter type="LINE" missed="15" covered="12" />
        <counter type="METHOD" missed="0" covered="1" />
      </method>
      <method name="Show-TruncatedList" desc="()" line="108">
        <counter type="INSTRUCTION" missed="14" covered="0" />
        <counter type="LINE" missed="9" covered="0" />
        <counter type="METHOD" missed="1" covered="0" />
      </method>
      <method name="Test-NetCleanAdministrator" desc="()" line="138">
        <counter type="INSTRUCTION" missed="4" covered="0" />
        <counter type="LINE" missed="4" covered="0" />
        <counter type="METHOD" missed="1" covered="0" />
      </method>
      <method name="Read-YesNo" desc="()" line="172">
        <counter type="INSTRUCTION" missed="15" covered="0" />
        <counter type="LINE" missed="10" covered="0" />
        <counter type="METHOD" missed="1" covered="0" />
      </method>
      <method name="Show-NetCleanBanner" desc="()" line="203">
        <counter type="INSTRUCTION" missed="8" covered="0" />
        <counter type="LINE" missed="8" covered="0" />
        <counter type="METHOD" missed="1" covered="0" />
      </method>
      <method name="Show-NetCleanMenu" desc="()" line="225">
        <counter type="INSTRUCTION" missed="15" covered="0" />
        <counter type="LINE" missed="15" covered="0" />
        <counter type="METHOD" missed="1" covered="0" />
      </method>
      <method name="Read-NetCleanMenuSelection" desc="()" line="260">
        <counter type="INSTRUCTION" missed="12" covered="0" />
        <counter type="LINE" missed="12" covered="0" />
        <counter type="METHOD" missed="1" covered="0" />
      </method>
      <method name="Read-NetCleanPowerSelection" desc="()" line="294">
        <counter type="INSTRUCTION" missed="20" covered="0" />
        <counter type="LINE" missed="20" covered="0" />
        <counter type="METHOD" missed="1" covered="0" />
      </method>
      <method name="Invoke-NetCleanPowerAction" desc="()" line="341">
        <counter type="INSTRUCTION" missed="10" covered="0" />
        <counter type="LINE" missed="10" covered="0" />
        <counter type="METHOD" missed="1" covered="0" />
      </method>
      <method name="Show-ModeExplanation" desc="()" line="384">
        <counter type="INSTRUCTION" missed="29" covered="0" />
        <counter type="LINE" missed="29" covered="0" />
        <counter type="METHOD" missed="1" covered="0" />
      </method>
      <method name="Read-NetCleanOption" desc="()" line="456">
        <counter type="INSTRUCTION" missed="0" covered="13" />
        <counter type="LINE" missed="0" covered="13" />
        <counter type="METHOD" missed="0" covered="1" />
      </method>
      <method name="Show-NetCleanSummary" desc="()" line="498">
        <counter type="INSTRUCTION" missed="138" covered="0" />
        <counter type="LINE" missed="82" covered="0" />
        <counter type="METHOD" missed="1" covered="0" />
      </method>
      <method name="Show-PreviewSummary" desc="()" line="647">
        <counter type="INSTRUCTION" missed="57" covered="0" />
        <counter type="LINE" missed="40" covered="0" />
        <counter type="METHOD" missed="1" covered="0" />
      </method>
      <method name="Read-PostRunAction" desc="()" line="715">
        <counter type="INSTRUCTION" missed="9" covered="0" />
        <counter type="LINE" missed="9" covered="0" />
        <counter type="METHOD" missed="1" covered="0" />
      </method>
      <method name="Invoke-PostRunAction" desc="()" line="756">
        <counter type="INSTRUCTION" missed="8" covered="0" />
        <counter type="LINE" missed="8" covered="0" />
        <counter type="METHOD" missed="1" covered="0" />
      </method>
      <method name="Invoke-NetCleanLauncher" desc="()" line="800">
        <counter type="INSTRUCTION" missed="39" covered="0" />
        <counter type="LINE" missed="34" covered="0" />
        <counter type="METHOD" missed="1" covered="0" />
      </method>
      <counter type="INSTRUCTION" missed="393" covered="27" />
      <counter type="LINE" missed="305" covered="25" />
      <counter type="METHOD" missed="14" covered="2" />
      <counter type="CLASS" missed="0" covered="1" />
    </class>
    <sourcefile name="NetClean.ps1">
      <line nr="48" mi="0" ci="2" mb="0" cb="0" />
      <line nr="49" mi="1" ci="0" mb="0" cb="0" />
      <line nr="53" mi="0" ci="1" mb="0" cb="0" />
      <line nr="54" mi="0" ci="1" mb="0" cb="0" />
      <line nr="57" mi="0" ci="1" mb="0" cb="0" />
      <line nr="58" mi="0" ci="1" mb="0" cb="0" />
      <line nr="61" mi="0" ci="1" mb="0" cb="0" />
      <line nr="62" mi="1" ci="0" mb="0" cb="0" />
      <line nr="63" mi="1" ci="0" mb="0" cb="0" />
      <line nr="64" mi="1" ci="0" mb="0" cb="0" />
      <line nr="65" mi="1" ci="0" mb="0" cb="0" />
      <line nr="66" mi="1" ci="0" mb="0" cb="0" />
      <line nr="67" mi="1" ci="0" mb="0" cb="0" />
      <line nr="68" mi="1" ci="0" mb="0" cb="0" />
      <line nr="69" mi="1" ci="0" mb="0" cb="0" />
      <line nr="70" mi="1" ci="0" mb="0" cb="0" />
      <line nr="71" mi="1" ci="0" mb="0" cb="0" />
      <line nr="72" mi="1" ci="0" mb="0" cb="0" />
      <line nr="73" mi="1" ci="0" mb="0" cb="0" />
      <line nr="74" mi="1" ci="0" mb="0" cb="0" />
      <line nr="77" mi="0" ci="1" mb="0" cb="0" />
      <line nr="78" mi="0" ci="1" mb="0" cb="0" />
      <line nr="81" mi="0" ci="1" mb="0" cb="0" />
      <line nr="87" mi="0" ci="2" mb="0" cb="0" />
      <line nr="96" mi="0" ci="1" mb="0" cb="0" />
      <line nr="108" mi="2" ci="0" mb="0" cb="0" />
      <line nr="109" mi="1" ci="0" mb="0" cb="0" />
      <line nr="110" mi="1" ci="0" mb="0" cb="0" />
      <line nr="111" mi="1" ci="0" mb="0" cb="0" />
      <line nr="112" mi="1" ci="0" mb="0" cb="0" />
      <line nr="113" mi="2" ci="0" mb="0" cb="0" />
      <line nr="114" mi="2" ci="0" mb="0" cb="0" />
      <line nr="115" mi="3" ci="0" mb="0" cb="0" />
      <line nr="117" mi="1" ci="0" mb="0" cb="0" />
      <line nr="138" mi="1" ci="0" mb="0" cb="0" />
      <line nr="139" mi="1" ci="0" mb="0" cb="0" />
      <line nr="141" mi="1" ci="0" mb="0" cb="0" />
      <line nr="142" mi="1" ci="0" mb="0" cb="0" />
      <line nr="172" mi="1" ci="0" mb="0" cb="0" />
      <line nr="173" mi="1" ci="0" mb="0" cb="0" />
      <line nr="176" mi="1" ci="0" mb="0" cb="0" />
      <line nr="177" mi="3" ci="0" mb="0" cb="0" />
      <line nr="178" mi="1" ci="0" mb="0" cb="0" />
      <line nr="180" mi="1" ci="0" mb="0" cb="0" />
      <line nr="181" mi="2" ci="0" mb="0" cb="0" />
      <line nr="184" mi="2" ci="0" mb="0" cb="0" />
      <line nr="185" mi="2" ci="0" mb="0" cb="0" />
      <line nr="187" mi="1" ci="0" mb="0" cb="0" />
      <line nr="203" mi="1" ci="0" mb="0" cb="0" />
      <line nr="204" mi="1" ci="0" mb="0" cb="0" />
      <line nr="205" mi="1" ci="0" mb="0" cb="0" />
      <line nr="206" mi="1" ci="0" mb="0" cb="0" />
      <line nr="207" mi="1" ci="0" mb="0" cb="0" />
      <line nr="208" mi="1" ci="0" mb="0" cb="0" />
      <line nr="209" mi="1" ci="0" mb="0" cb="0" />
      <line nr="210" mi="1" ci="0" mb="0" cb="0" />
      <line nr="225" mi="1" ci="0" mb="0" cb="0" />
      <line nr="227" mi="1" ci="0" mb="0" cb="0" />
      <line nr="228" mi="1" ci="0" mb="0" cb="0" />
      <line nr="229" mi="1" ci="0" mb="0" cb="0" />
      <line nr="230" mi="1" ci="0" mb="0" cb="0" />
      <line nr="231" mi="1" ci="0" mb="0" cb="0" />
      <line nr="232" mi="1" ci="0" mb="0" cb="0" />
      <line nr="233" mi="1" ci="0" mb="0" cb="0" />
      <line nr="234" mi="1" ci="0" mb="0" cb="0" />
      <line nr="235" mi="1" ci="0" mb="0" cb="0" />
      <line nr="236" mi="1" ci="0" mb="0" cb="0" />
      <line nr="237" mi="1" ci="0" mb="0" cb="0" />
      <line nr="238" mi="1" ci="0" mb="0" cb="0" />
      <line nr="239" mi="1" ci="0" mb="0" cb="0" />
      <line nr="240" mi="1" ci="0" mb="0" cb="0" />
      <line nr="260" mi="1" ci="0" mb="0" cb="0" />
      <line nr="261" mi="1" ci="0" mb="0" cb="0" />
      <line nr="262" mi="1" ci="0" mb="0" cb="0" />
      <line nr="264" mi="1" ci="0" mb="0" cb="0" />
      <line nr="265" mi="1" ci="0" mb="0" cb="0" />
      <line nr="266" mi="1" ci="0" mb="0" cb="0" />
      <line nr="267" mi="1" ci="0" mb="0" cb="0" />
      <line nr="268" mi="1" ci="0" mb="0" cb="0" />
      <line nr="269" mi="1" ci="0" mb="0" cb="0" />
      <line nr="271" mi="1" ci="0" mb="0" cb="0" />
      <line nr="272" mi="1" ci="0" mb="0" cb="0" />
      <line nr="273" mi="1" ci="0" mb="0" cb="0" />
      <line nr="294" mi="1" ci="0" mb="0" cb="0" />
      <line nr="296" mi="1" ci="0" mb="0" cb="0" />
      <line nr="297" mi="1" ci="0" mb="0" cb="0" />
      <line nr="298" mi="1" ci="0" mb="0" cb="0" />
      <line nr="299" mi="1" ci="0" mb="0" cb="0" />
      <line nr="300" mi="1" ci="0" mb="0" cb="0" />
      <line nr="301" mi="1" ci="0" mb="0" cb="0" />
      <line nr="302" mi="1" ci="0" mb="0" cb="0" />
      <line nr="303" mi="1" ci="0" mb="0" cb="0" />
      <line nr="304" mi="1" ci="0" mb="0" cb="0" />
      <line nr="305" mi="1" ci="0" mb="0" cb="0" />
      <line nr="306" mi="1" ci="0" mb="0" cb="0" />
      <line nr="308" mi="1" ci="0" mb="0" cb="0" />
      <line nr="310" mi="1" ci="0" mb="0" cb="0" />
      <line nr="311" mi="1" ci="0" mb="0" cb="0" />
      <line nr="312" mi="1" ci="0" mb="0" cb="0" />
      <line nr="313" mi="1" ci="0" mb="0" cb="0" />
      <line nr="315" mi="1" ci="0" mb="0" cb="0" />
      <line nr="316" mi="1" ci="0" mb="0" cb="0" />
      <line nr="317" mi="1" ci="0" mb="0" cb="0" />
      <line nr="341" mi="1" ci="0" mb="0" cb="0" />
      <line nr="345" mi="1" ci="0" mb="0" cb="0" />
      <line nr="346" mi="1" ci="0" mb="0" cb="0" />
      <line nr="347" mi="1" ci="0" mb="0" cb="0" />
      <line nr="352" mi="1" ci="0" mb="0" cb="0" />
      <line nr="353" mi="1" ci="0" mb="0" cb="0" />
      <line nr="354" mi="1" ci="0" mb="0" cb="0" />
      <line nr="359" mi="1" ci="0" mb="0" cb="0" />
      <line nr="360" mi="1" ci="0" mb="0" cb="0" />
      <line nr="361" mi="1" ci="0" mb="0" cb="0" />
      <line nr="384" mi="1" ci="0" mb="0" cb="0" />
      <line nr="385" mi="1" ci="0" mb="0" cb="0" />
      <line nr="387" mi="1" ci="0" mb="0" cb="0" />
      <line nr="388" mi="1" ci="0" mb="0" cb="0" />
      <line nr="389" mi="1" ci="0" mb="0" cb="0" />
      <line nr="390" mi="1" ci="0" mb="0" cb="0" />
      <line nr="391" mi="1" ci="0" mb="0" cb="0" />
      <line nr="392" mi="1" ci="0" mb="0" cb="0" />
      <line nr="393" mi="1" ci="0" mb="0" cb="0" />
      <line nr="396" mi="1" ci="0" mb="0" cb="0" />
      <line nr="397" mi="1" ci="0" mb="0" cb="0" />
      <line nr="398" mi="1" ci="0" mb="0" cb="0" />
      <line nr="399" mi="1" ci="0" mb="0" cb="0" />
      <line nr="400" mi="1" ci="0" mb="0" cb="0" />
      <line nr="401" mi="1" ci="0" mb="0" cb="0" />
      <line nr="402" mi="1" ci="0" mb="0" cb="0" />
      <line nr="403" mi="1" ci="0" mb="0" cb="0" />
      <line nr="404" mi="1" ci="0" mb="0" cb="0" />
      <line nr="407" mi="1" ci="0" mb="0" cb="0" />
      <line nr="408" mi="1" ci="0" mb="0" cb="0" />
      <line nr="409" mi="1" ci="0" mb="0" cb="0" />
      <line nr="410" mi="1" ci="0" mb="0" cb="0" />
      <line nr="411" mi="1" ci="0" mb="0" cb="0" />
      <line nr="414" mi="1" ci="0" mb="0" cb="0" />
      <line nr="415" mi="1" ci="0" mb="0" cb="0" />
      <line nr="416" mi="1" ci="0" mb="0" cb="0" />
      <line nr="417" mi="1" ci="0" mb="0" cb="0" />
      <line nr="418" mi="1" ci="0" mb="0" cb="0" />
      <line nr="421" mi="1" ci="0" mb="0" cb="0" />
      <line nr="456" mi="0" ci="1" mb="0" cb="0" />
      <line nr="457" mi="0" ci="1" mb="0" cb="0" />
      <line nr="460" mi="0" ci="1" mb="0" cb="0" />
      <line nr="461" mi="0" ci="1" mb="0" cb="0" />
      <line nr="464" mi="0" ci="1" mb="0" cb="0" />
      <line nr="465" mi="0" ci="1" mb="0" cb="0" />
      <line nr="466" mi="0" ci="1" mb="0" cb="0" />
      <line nr="467" mi="0" ci="1" mb="0" cb="0" />
      <line nr="468" mi="0" ci="1" mb="0" cb="0" />
      <line nr="469" mi="0" ci="1" mb="0" cb="0" />
      <line nr="470" mi="0" ci="1" mb="0" cb="0" />
      <line nr="471" mi="0" ci="1" mb="0" cb="0" />
      <line nr="472" mi="0" ci="1" mb="0" cb="0" />
      <line nr="498" mi="1" ci="0" mb="0" cb="0" />
      <line nr="499" mi="1" ci="0" mb="0" cb="0" />
      <line nr="500" mi="1" ci="0" mb="0" cb="0" />
      <line nr="501" mi="1" ci="0" mb="0" cb="0" />
      <line nr="503" mi="1" ci="0" mb="0" cb="0" />
      <line nr="504" mi="1" ci="0" mb="0" cb="0" />
      <line nr="505" mi="1" ci="0" mb="0" cb="0" />
      <line nr="506" mi="2" ci="0" mb="0" cb="0" />
      <line nr="507" mi="2" ci="0" mb="0" cb="0" />
      <line nr="508" mi="2" ci="0" mb="0" cb="0" />
      <line nr="509" mi="2" ci="0" mb="0" cb="0" />
      <line nr="512" mi="1" ci="0" mb="0" cb="0" />
      <line nr="513" mi="1" ci="0" mb="0" cb="0" />
      <line nr="514" mi="1" ci="0" mb="0" cb="0" />
      <line nr="515" mi="2" ci="0" mb="0" cb="0" />
      <line nr="516" mi="2" ci="0" mb="0" cb="0" />
      <line nr="517" mi="2" ci="0" mb="0" cb="0" />
      <line nr="520" mi="1" ci="0" mb="0" cb="0" />
      <line nr="521" mi="1" ci="0" mb="0" cb="0" />
      <line nr="522" mi="1" ci="0" mb="0" cb="0" />
      <line nr="523" mi="2" ci="0" mb="0" cb="0" />
      <line nr="524" mi="2" ci="0" mb="0" cb="0" />
      <line nr="525" mi="2" ci="0" mb="0" cb="0" />
      <line nr="526" mi="2" ci="0" mb="0" cb="0" />
      <line nr="527" mi="2" ci="0" mb="0" cb="0" />
      <line nr="528" mi="2" ci="0" mb="0" cb="0" />
      <line nr="533" mi="1" ci="0" mb="0" cb="0" />
      <line nr="534" mi="1" ci="0" mb="0" cb="0" />
      <line nr="535" mi="1" ci="0" mb="0" cb="0" />
      <line nr="536" mi="6" ci="0" mb="0" cb="0" />
      <line nr="537" mi="1" ci="0" mb="0" cb="0" />
      <line nr="538" mi="1" ci="0" mb="0" cb="0" />
      <line nr="541" mi="1" ci="0" mb="0" cb="0" />
      <line nr="542" mi="1" ci="0" mb="0" cb="0" />
      <line nr="543" mi="2" ci="0" mb="0" cb="0" />
      <line nr="549" mi="1" ci="0" mb="0" cb="0" />
      <line nr="550" mi="1" ci="0" mb="0" cb="0" />
      <line nr="553" mi="1" ci="0" mb="0" cb="0" />
      <line nr="554" mi="2" ci="0" mb="0" cb="0" />
      <line nr="557" mi="1" ci="0" mb="0" cb="0" />
      <line nr="558" mi="6" ci="0" mb="0" cb="0" />
      <line nr="559" mi="4" ci="0" mb="0" cb="0" />
      <line nr="560" mi="2" ci="0" mb="0" cb="0" />
      <line nr="561" mi="3" ci="0" mb="0" cb="0" />
      <line nr="566" mi="1" ci="0" mb="0" cb="0" />
      <line nr="567" mi="6" ci="0" mb="0" cb="0" />
      <line nr="568" mi="1" ci="0" mb="0" cb="0" />
      <line nr="569" mi="1" ci="0" mb="0" cb="0" />
      <line nr="570" mi="2" ci="0" mb="0" cb="0" />
      <line nr="571" mi="1" ci="0" mb="0" cb="0" />
      <line nr="576" mi="1" ci="0" mb="0" cb="0" />
      <line nr="577" mi="8" ci="0" mb="0" cb="0" />
      <line nr="578" mi="1" ci="0" mb="0" cb="0" />
      <line nr="579" mi="1" ci="0" mb="0" cb="0" />
      <line nr="580" mi="2" ci="0" mb="0" cb="0" />
      <line nr="581" mi="1" ci="0" mb="0" cb="0" />
      <line nr="586" mi="1" ci="0" mb="0" cb="0" />
      <line nr="587" mi="1" ci="0" mb="0" cb="0" />
      <line nr="588" mi="1" ci="0" mb="0" cb="0" />
      <line nr="589" mi="2" ci="0" mb="0" cb="0" />
      <line nr="590" mi="2" ci="0" mb="0" cb="0" />
      <line nr="591" mi="2" ci="0" mb="0" cb="0" />
      <line nr="592" mi="2" ci="0" mb="0" cb="0" />
      <line nr="594" mi="2" ci="0" mb="0" cb="0" />
      <line nr="595" mi="3" ci="0" mb="0" cb="0" />
      <line nr="599" mi="1" ci="0" mb="0" cb="0" />
      <line nr="600" mi="1" ci="0" mb="0" cb="0" />
      <line nr="601" mi="2" ci="0" mb="0" cb="0" />
      <line nr="604" mi="1" ci="0" mb="0" cb="0" />
      <line nr="605" mi="1" ci="0" mb="0" cb="0" />
      <line nr="606" mi="1" ci="0" mb="0" cb="0" />
      <line nr="609" mi="1" ci="0" mb="0" cb="0" />
      <line nr="612" mi="1" ci="0" mb="0" cb="0" />
      <line nr="613" mi="2" ci="0" mb="0" cb="0" />
      <line nr="614" mi="2" ci="0" mb="0" cb="0" />
      <line nr="618" mi="1" ci="0" mb="0" cb="0" />
      <line nr="619" mi="1" ci="0" mb="0" cb="0" />
      <line nr="620" mi="1" ci="0" mb="0" cb="0" />
      <line nr="621" mi="1" ci="0" mb="0" cb="0" />
      <line nr="622" mi="1" ci="0" mb="0" cb="0" />
      <line nr="623" mi="1" ci="0" mb="0" cb="0" />
      <line nr="624" mi="2" ci="0" mb="0" cb="0" />
      <line nr="647" mi="1" ci="0" mb="0" cb="0" />
      <line nr="648" mi="1" ci="0" mb="0" cb="0" />
      <line nr="649" mi="1" ci="0" mb="0" cb="0" />
      <line nr="650" mi="2" ci="0" mb="0" cb="0" />
      <line nr="651" mi="2" ci="0" mb="0" cb="0" />
      <line nr="652" mi="2" ci="0" mb="0" cb="0" />
      <line nr="653" mi="2" ci="0" mb="0" cb="0" />
      <line nr="654" mi="1" ci="0" mb="0" cb="0" />
      <line nr="655" mi="2" ci="0" mb="0" cb="0" />
      <line nr="657" mi="1" ci="0" mb="0" cb="0" />
      <line nr="658" mi="1" ci="0" mb="0" cb="0" />
      <line nr="659" mi="1" ci="0" mb="0" cb="0" />
      <line nr="663" mi="1" ci="0" mb="0" cb="0" />
      <line nr="664" mi="1" ci="0" mb="0" cb="0" />
      <line nr="665" mi="1" ci="0" mb="0" cb="0" />
      <line nr="666" mi="6" ci="0" mb="0" cb="0" />
      <line nr="667" mi="1" ci="0" mb="0" cb="0" />
      <line nr="668" mi="1" ci="0" mb="0" cb="0" />
      <line nr="669" mi="1" ci="0" mb="0" cb="0" />
      <line nr="670" mi="2" ci="0" mb="0" cb="0" />
      <line nr="673" mi="1" ci="0" mb="0" cb="0" />
      <line nr="674" mi="1" ci="0" mb="0" cb="0" />
      <line nr="675" mi="2" ci="0" mb="0" cb="0" />
      <line nr="681" mi="1" ci="0" mb="0" cb="0" />
      <line nr="682" mi="1" ci="0" mb="0" cb="0" />
      <line nr="683" mi="2" ci="0" mb="0" cb="0" />
      <line nr="684" mi="1" ci="0" mb="0" cb="0" />
      <line nr="685" mi="1" ci="0" mb="0" cb="0" />
      <line nr="686" mi="2" ci="0" mb="0" cb="0" />
      <line nr="690" mi="1" ci="0" mb="0" cb="0" />
      <line nr="693" mi="1" ci="0" mb="0" cb="0" />
      <line nr="694" mi="2" ci="0" mb="0" cb="0" />
      <line nr="695" mi="2" ci="0" mb="0" cb="0" />
      <line nr="698" mi="1" ci="0" mb="0" cb="0" />
      <line nr="699" mi="1" ci="0" mb="0" cb="0" />
      <line nr="700" mi="1" ci="0" mb="0" cb="0" />
      <line nr="701" mi="1" ci="0" mb="0" cb="0" />
      <line nr="702" mi="1" ci="0" mb="0" cb="0" />
      <line nr="703" mi="1" ci="0" mb="0" cb="0" />
      <line nr="704" mi="2" ci="0" mb="0" cb="0" />
      <line nr="715" mi="1" ci="0" mb="0" cb="0" />
      <line nr="716" mi="1" ci="0" mb="0" cb="0" />
      <line nr="719" mi="1" ci="0" mb="0" cb="0" />
      <line nr="720" mi="1" ci="0" mb="0" cb="0" />
      <line nr="721" mi="1" ci="0" mb="0" cb="0" />
      <line nr="722" mi="1" ci="0" mb="0" cb="0" />
      <line nr="723" mi="1" ci="0" mb="0" cb="0" />
      <line nr="724" mi="1" ci="0" mb="0" cb="0" />
      <line nr="726" mi="1" ci="0" mb="0" cb="0" />
      <line nr="756" mi="1" ci="0" mb="0" cb="0" />
      <line nr="758" mi="1" ci="0" mb="0" cb="0" />
      <line nr="759" mi="1" ci="0" mb="0" cb="0" />
      <line nr="762" mi="1" ci="0" mb="0" cb="0" />
      <line nr="766" mi="1" ci="0" mb="0" cb="0" />
      <line nr="767" mi="1" ci="0" mb="0" cb="0" />
      <line nr="770" mi="1" ci="0" mb="0" cb="0" />
      <line nr="774" mi="1" ci="0" mb="0" cb="0" />
      <line nr="800" mi="1" ci="0" mb="0" cb="0" />
      <line nr="802" mi="1" ci="0" mb="0" cb="0" />
      <line nr="803" mi="1" ci="0" mb="0" cb="0" />
      <line nr="804" mi="1" ci="0" mb="0" cb="0" />
      <line nr="805" mi="1" ci="0" mb="0" cb="0" />
      <line nr="810" mi="1" ci="0" mb="0" cb="0" />
      <line nr="812" mi="1" ci="0" mb="0" cb="0" />
      <line nr="813" mi="1" ci="0" mb="0" cb="0" />
      <line nr="815" mi="1" ci="0" mb="0" cb="0" />
      <line nr="816" mi="1" ci="0" mb="0" cb="0" />
      <line nr="821" mi="1" ci="0" mb="0" cb="0" />
      <line nr="823" mi="1" ci="0" mb="0" cb="0" />
      <line nr="833" mi="1" ci="0" mb="0" cb="0" />
      <line nr="834" mi="2" ci="0" mb="0" cb="0" />
      <line nr="835" mi="1" ci="0" mb="0" cb="0" />
      <line nr="840" mi="1" ci="0" mb="0" cb="0" />
      <line nr="841" mi="1" ci="0" mb="0" cb="0" />
      <line nr="844" mi="1" ci="0" mb="0" cb="0" />
      <line nr="845" mi="2" ci="0" mb="0" cb="0" />
      <line nr="848" mi="2" ci="0" mb="0" cb="0" />
      <line nr="851" mi="2" ci="0" mb="0" cb="0" />
      <line nr="852" mi="2" ci="0" mb="0" cb="0" />
      <line nr="855" mi="1" ci="0" mb="0" cb="0" />
      <line nr="856" mi="1" ci="0" mb="0" cb="0" />
      <line nr="857" mi="1" ci="0" mb="0" cb="0" />
      <line nr="863" mi="1" ci="0" mb="0" cb="0" />
      <line nr="867" mi="1" ci="0" mb="0" cb="0" />
      <line nr="878" mi="1" ci="0" mb="0" cb="0" />
      <line nr="880" mi="1" ci="0" mb="0" cb="0" />
      <line nr="881" mi="1" ci="0" mb="0" cb="0" />
      <line nr="883" mi="1" ci="0" mb="0" cb="0" />
      <line nr="884" mi="1" ci="0" mb="0" cb="0" />
      <line nr="888" mi="1" ci="0" mb="0" cb="0" />
      <line nr="889" mi="1" ci="0" mb="0" cb="0" />
      <line nr="893" mi="0" ci="1" mb="0" cb="0" />
      <line nr="894" mi="1" ci="0" mb="0" cb="0" />
      <counter type="INSTRUCTION" missed="393" covered="27" />
      <counter type="LINE" missed="305" covered="25" />
      <counter type="METHOD" missed="14" covered="2" />
      <counter type="CLASS" missed="0" covered="1" />
    </sourcefile>
    <counter type="INSTRUCTION" missed="393" covered="27" />
    <counter type="LINE" missed="305" covered="25" />
    <counter type="METHOD" missed="14" covered="2" />
    <counter type="CLASS" missed="0" covered="1" />
  </package>
  <package name="netclean/Modules">
    <class name="netclean/Modules/NetClean" sourcefilename="Modules/NetClean.psm1">
      <method name="&lt;script&gt;" desc="()" line="17">
        <counter type="INSTRUCTION" missed="0" covered="28" />
        <counter type="LINE" missed="0" covered="24" />
        <counter type="METHOD" missed="0" covered="1" />
      </method>
      <method name="Test-ParallelCapability" desc="()" line="31">
        <counter type="INSTRUCTION" missed="1" covered="0" />
        <counter type="LINE" missed="1" covered="0" />
        <counter type="METHOD" missed="1" covered="0" />
      </method>
      <method name="Invoke-InParallel" desc="()" line="45">
        <counter type="INSTRUCTION" missed="47" covered="0" />
        <counter type="LINE" missed="32" covered="0" />
        <counter type="METHOD" missed="1" covered="0" />
      </method>
      <method name="Get-NetCleanLogFile" desc="()" line="143">
        <counter type="INSTRUCTION" missed="0" covered="1" />
        <counter type="LINE" missed="0" covered="1" />
        <counter type="METHOD" missed="0" covered="1" />
      </method>
      <method name="Start-NetCleanLog" desc="()" line="165">
        <counter type="INSTRUCTION" missed="2" covered="12" />
        <counter type="LINE" missed="2" covered="8" />
        <counter type="METHOD" missed="0" covered="1" />
      </method>
      <method name="Write-NetCleanLog" desc="()" line="214">
        <counter type="INSTRUCTION" missed="2" covered="10" />
        <counter type="LINE" missed="2" covered="9" />
        <counter type="METHOD" missed="0" covered="1" />
      </method>
      <method name="Convert-RegKeyPath" desc="()" line="258">
        <counter type="INSTRUCTION" missed="4" covered="12" />
        <counter type="LINE" missed="4" covered="9" />
        <counter type="METHOD" missed="0" covered="1" />
      </method>
      <method name="Convert-Guid" desc="()" line="303">
        <counter type="INSTRUCTION" missed="1" covered="5" />
        <counter type="LINE" missed="1" covered="5" />
        <counter type="METHOD" missed="0" covered="1" />
      </method>
      <method name="Convert-RegToProviderPath" desc="()" line="334">
        <counter type="INSTRUCTION" missed="19" covered="4" />
        <counter type="LINE" missed="10" covered="3" />
        <counter type="METHOD" missed="0" covered="1" />
      </method>
      <method name="Test-RegistryPathExist" desc="()" line="374">
        <counter type="INSTRUCTION" missed="1" covered="3" />
        <counter type="LINE" missed="1" covered="2" />
        <counter type="METHOD" missed="0" covered="1" />
      </method>
      <method name="Get-RegistryValuesSafe" desc="()" line="405">
        <counter type="INSTRUCTION" missed="0" covered="3" />
        <counter type="LINE" missed="0" covered="3" />
        <counter type="METHOD" missed="0" covered="1" />
      </method>
      <method name="Get-RegistryChildKeyNamesSafe" desc="()" line="436">
        <counter type="INSTRUCTION" missed="0" covered="5" />
        <counter type="LINE" missed="0" covered="3" />
        <counter type="METHOD" missed="0" covered="1" />
      </method>
      <method name="Get-UniqueNonEmptyString" desc="()" line="467">
        <counter type="INSTRUCTION" missed="5" covered="10" />
        <counter type="LINE" missed="5" covered="8" />
        <counter type="METHOD" missed="0" covered="1" />
      </method>
      <method name="Add-HashSetValue" desc="()" line="519">
        <counter type="INSTRUCTION" missed="5" covered="7" />
        <counter type="LINE" missed="5" covered="6" />
        <counter type="METHOD" missed="0" covered="1" />
      </method>
      <method name="Compare-StringSet" desc="()" line="567">
        <counter type="INSTRUCTION" missed="15" covered="0" />
        <counter type="LINE" missed="7" covered="0" />
        <counter type="METHOD" missed="1" covered="0" />
      </method>
      <method name="New-DirectoryIfNotExist" desc="()" line="600">
        <counter type="INSTRUCTION" missed="0" covered="5" />
        <counter type="LINE" missed="0" covered="3" />
        <counter type="METHOD" missed="0" covered="1" />
      </method>
      <method name="Get-NormalizedFilePathFromCommandLine" desc="()" line="630">
        <counter type="INSTRUCTION" missed="1" covered="16" />
        <counter type="LINE" missed="1" covered="16" />
        <counter type="METHOD" missed="0" covered="1" />
      </method>
      <method name="Resolve-VendorFromText" desc="()" line="685">
        <counter type="INSTRUCTION" missed="0" covered="52" />
        <counter type="LINE" missed="0" covered="28" />
        <counter type="METHOD" missed="0" covered="1" />
      </method>
      <method name="Get-VendorRootsFromInstallPath" desc="()" line="763">
        <counter type="INSTRUCTION" missed="1" covered="18" />
        <counter type="LINE" missed="1" covered="17" />
        <counter type="METHOD" missed="0" covered="1" />
      </method>
      <method name="Invoke-ExternalCommandSafe" desc="()" line="836">
        <counter type="INSTRUCTION" missed="0" covered="34" />
        <counter type="LINE" missed="0" covered="32" />
        <counter type="METHOD" missed="0" covered="1" />
      </method>
      <method name="Test-RegistryPathProtected" desc="()" line="911">
        <counter type="INSTRUCTION" missed="8" covered="0" />
        <counter type="LINE" missed="7" covered="0" />
        <counter type="METHOD" missed="1" covered="0" />
      </method>
      <method name="Get-VendorSignature" desc="()" line="952">
        <counter type="INSTRUCTION" missed="0" covered="127" />
        <counter type="LINE" missed="0" covered="75" />
        <counter type="METHOD" missed="0" covered="1" />
      </method>
      <method name="Test-VendorPatternMatch" desc="()" line="1069">
        <counter type="INSTRUCTION" missed="0" covered="14" />
        <counter type="LINE" missed="0" covered="11" />
        <counter type="METHOD" missed="0" covered="1" />
      </method>
      <method name="Get-FileMetadatum" desc="()" line="1120">
        <counter type="INSTRUCTION" missed="8" covered="60" />
        <counter type="LINE" missed="7" covered="38" />
        <counter type="METHOD" missed="0" covered="1" />
      </method>
      <method name="Get-ServiceRegistryMap" desc="()" line="1196">
        <counter type="INSTRUCTION" missed="0" covered="44" />
        <counter type="LINE" missed="0" covered="35" />
        <counter type="METHOD" missed="0" covered="1" />
      </method>
      <method name="Get-AdapterRegistryCorrelation" desc="()" line="1252">
        <counter type="INSTRUCTION" missed="33" covered="8" />
        <counter type="LINE" missed="29" covered="7" />
        <counter type="METHOD" missed="0" covered="1" />
      </method>
      <method name="Invoke-RegExport" desc="()" line="1320">
        <counter type="INSTRUCTION" missed="5" covered="9" />
        <counter type="LINE" missed="4" covered="7" />
        <counter type="METHOD" missed="0" covered="1" />
      </method>
      <method name="Invoke-NetCleanNativeCapture" desc="()" line="1374">
        <counter type="INSTRUCTION" missed="7" covered="21" />
        <counter type="LINE" missed="6" covered="15" />
        <counter type="METHOD" missed="0" covered="1" />
      </method>
      <method name="Invoke-NetCleanWorkflow" desc="()" line="1464">
        <counter type="INSTRUCTION" missed="187" covered="0" />
        <counter type="LINE" missed="125" covered="0" />
        <counter type="METHOD" missed="1" covered="0" />
      </method>
      <method name="Get-InstalledAV" desc="()" line="1722">
        <counter type="INSTRUCTION" missed="22" covered="0" />
        <counter type="LINE" missed="10" covered="0" />
        <counter type="METHOD" missed="1" covered="0" />
      </method>
      <method name="Get-AVServicePattern" desc="()" line="1766">
        <counter type="INSTRUCTION" missed="19" covered="0" />
        <counter type="LINE" missed="11" covered="0" />
        <counter type="METHOD" missed="1" covered="0" />
      </method>
      <method name="Get-ProtectionList" desc="()" line="1807">
        <counter type="INSTRUCTION" missed="35" covered="0" />
        <counter type="LINE" missed="16" covered="0" />
        <counter type="METHOD" missed="1" covered="0" />
      </method>
      <counter type="INSTRUCTION" missed="428" covered="508" />
      <counter type="LINE" missed="287" covered="365" />
      <counter type="METHOD" missed="8" covered="24" />
      <counter type="CLASS" missed="0" covered="1" />
    </class>
    <class name="netclean/Modules/NetCleanPhase1" sourcefilename="Modules/NetCleanPhase1.ps1">
      <method name="Get-WfpStateEvidence" desc="()" line="22">
        <counter type="INSTRUCTION" missed="39" covered="14" />
        <counter type="LINE" missed="31" covered="9" />
        <counter type="METHOD" missed="0" covered="1" />
      </method>
      <method name="Get-NdisFilterClassEvidence" desc="()" line="110">
        <counter type="INSTRUCTION" missed="40" covered="6" />
        <counter type="LINE" missed="33" covered="5" />
        <counter type="METHOD" missed="0" covered="1" />
      </method>
      <method name="Get-NdisServiceBindingEvidence" desc="()" line="187">
        <counter type="INSTRUCTION" missed="0" covered="79" />
        <counter type="LINE" missed="0" covered="66" />
        <counter type="METHOD" missed="0" covered="1" />
      </method>
      <method name="Get-MsiRegistryEvidence" desc="()" line="305">
        <counter type="INSTRUCTION" missed="2" covered="44" />
        <counter type="LINE" missed="2" covered="41" />
        <counter type="METHOD" missed="0" covered="1" />
      </method>
      <method name="Get-InfFileEvidence" desc="()" line="396">
        <counter type="INSTRUCTION" missed="1" covered="50" />
        <counter type="LINE" missed="1" covered="45" />
        <counter type="METHOD" missed="0" covered="1" />
      </method>
      <method name="Get-ScheduledTaskEvidence" desc="()" line="487">
        <counter type="INSTRUCTION" missed="0" covered="33" />
        <counter type="LINE" missed="0" covered="31" />
        <counter type="METHOD" missed="0" covered="1" />
      </method>
      <method name="Get-AppxPackageEvidence" desc="()" line="553">
        <counter type="INSTRUCTION" missed="18" covered="7" />
        <counter type="LINE" missed="18" covered="7" />
        <counter type="METHOD" missed="0" covered="1" />
      </method>
      <method name="Get-ProtectionEvidence" desc="()" line="611">
        <counter type="INSTRUCTION" missed="7" covered="292" />
        <counter type="LINE" missed="6" covered="195" />
        <counter type="METHOD" missed="0" covered="1" />
      </method>
      <method name="Get-ProtectionInventory" desc="()" line="917">
        <counter type="INSTRUCTION" missed="30" covered="168" />
        <counter type="LINE" missed="22" covered="117" />
        <counter type="METHOD" missed="0" covered="1" />
      </method>
      <method name="Get-ProtectionRegistryMap" desc="()" line="1179">
        <counter type="INSTRUCTION" missed="3" covered="43" />
        <counter type="LINE" missed="3" covered="33" />
        <counter type="METHOD" missed="0" covered="1" />
      </method>
      <method name="Get-ProtectedInterfaceGuidSet" desc="()" line="1257">
        <counter type="INSTRUCTION" missed="0" covered="13" />
        <counter type="LINE" missed="0" covered="8" />
        <counter type="METHOD" missed="0" covered="1" />
      </method>
      <method name="Get-NetworkPrivacyArtifactCandidate" desc="()" line="1290">
        <counter type="INSTRUCTION" missed="9" covered="52" />
        <counter type="LINE" missed="7" covered="45" />
        <counter type="METHOD" missed="0" covered="1" />
      </method>
      <method name="Get-SanitizableNetworkArtifact" desc="()" line="1398">
        <counter type="INSTRUCTION" missed="0" covered="8" />
        <counter type="LINE" missed="0" covered="3" />
        <counter type="METHOD" missed="0" covered="1" />
      </method>
      <method name="Invoke-NetCleanPhase1Detect" desc="()" line="1418">
        <counter type="INSTRUCTION" missed="8" covered="98" />
        <counter type="LINE" missed="4" covered="57" />
        <counter type="METHOD" missed="0" covered="1" />
      </method>
      <method name="&lt;script&gt;" desc="()" line="1511">
        <counter type="INSTRUCTION" missed="0" covered="2" />
        <counter type="LINE" missed="0" covered="2" />
        <counter type="METHOD" missed="0" covered="1" />
      </method>
      <counter type="INSTRUCTION" missed="157" covered="909" />
      <counter type="LINE" missed="127" covered="664" />
      <counter type="METHOD" missed="0" covered="15" />
      <counter type="CLASS" missed="0" covered="1" />
    </class>
    <class name="netclean/Modules/NetCleanPhase2" sourcefilename="Modules/NetCleanPhase2.ps1">
      <method name="Export-ProtectedRegistryKey" desc="()" line="39">
        <counter type="INSTRUCTION" missed="19" covered="0" />
        <counter type="LINE" missed="14" covered="0" />
        <counter type="METHOD" missed="1" covered="0" />
      </method>
      <method name="Get-NetworkListProfileName" desc="()" line="73">
        <counter type="INSTRUCTION" missed="14" covered="0" />
        <counter type="LINE" missed="10" covered="0" />
        <counter type="METHOD" missed="1" covered="0" />
      </method>
      <method name="Export-NetworkList" desc="()" line="116">
        <counter type="INSTRUCTION" missed="0" covered="6" />
        <counter type="LINE" missed="0" covered="4" />
        <counter type="METHOD" missed="0" covered="1" />
      </method>
      <method name="Get-WiFiProfileName" desc="()" line="136">
        <counter type="INSTRUCTION" missed="5" covered="21" />
        <counter type="LINE" missed="4" covered="17" />
        <counter type="METHOD" missed="0" covered="1" />
      </method>
      <method name="Export-WiFiProfile" desc="()" line="212">
        <counter type="INSTRUCTION" missed="60" covered="25" />
        <counter type="LINE" missed="47" covered="19" />
        <counter type="METHOD" missed="0" covered="1" />
      </method>
      <method name="Export-FirewallPolicy" desc="()" line="367">
        <counter type="INSTRUCTION" missed="4" covered="19" />
        <counter type="LINE" missed="3" covered="12" />
        <counter type="METHOD" missed="0" covered="1" />
      </method>
      <method name="Export-ProtectionInventory" desc="()" line="422">
        <counter type="INSTRUCTION" missed="13" covered="13" />
        <counter type="LINE" missed="7" covered="8" />
        <counter type="METHOD" missed="0" covered="1" />
      </method>
      <method name="Export-ProtectionRegistryMap" desc="()" line="478">
        <counter type="INSTRUCTION" missed="20" covered="0" />
        <counter type="LINE" missed="12" covered="0" />
        <counter type="METHOD" missed="1" covered="0" />
      </method>
      <method name="Export-SanitizableNetworkArtifact" desc="()" line="529">
        <counter type="INSTRUCTION" missed="20" covered="0" />
        <counter type="LINE" missed="12" covered="0" />
        <counter type="METHOD" missed="1" covered="0" />
      </method>
      <method name="Export-NetCleanManifest" desc="()" line="585">
        <counter type="INSTRUCTION" missed="18" covered="0" />
        <counter type="LINE" missed="11" covered="0" />
        <counter type="METHOD" missed="1" covered="0" />
      </method>
      <method name="Invoke-NetCleanPhase2Protect" desc="()" line="634">
        <counter type="INSTRUCTION" missed="6" covered="103" />
        <counter type="LINE" missed="4" covered="72" />
        <counter type="METHOD" missed="0" covered="1" />
      </method>
      <method name="&lt;script&gt;" desc="()" line="768">
        <counter type="INSTRUCTION" missed="0" covered="3" />
        <counter type="LINE" missed="0" covered="3" />
        <counter type="METHOD" missed="0" covered="1" />
      </method>
      <counter type="INSTRUCTION" missed="179" covered="190" />
      <counter type="LINE" missed="124" covered="135" />
      <counter type="METHOD" missed="5" covered="7" />
      <counter type="CLASS" missed="1" covered="0" />
    </class>
    <class name="netclean/Modules/NetCleanPhase3" sourcefilename="Modules/NetCleanPhase3.ps1">
      <method name="Remove-WiFiProfilesSafe" desc="()" line="24">
        <counter type="INSTRUCTION" missed="29" covered="61" />
        <counter type="LINE" missed="26" covered="52" />
        <counter type="METHOD" missed="0" covered="1" />
      </method>
      <method name="Clear-DnsCacheSafe" desc="()" line="190">
        <counter type="INSTRUCTION" missed="2" covered="24" />
        <counter type="LINE" missed="1" covered="22" />
        <counter type="METHOD" missed="0" covered="1" />
      </method>
      <method name="Clear-ArpCacheSafe" desc="()" line="249">
        <counter type="INSTRUCTION" missed="2" covered="24" />
        <counter type="LINE" missed="1" covered="22" />
        <counter type="METHOD" missed="0" covered="1" />
      </method>
      <method name="Remove-RegistryPathSafe" desc="()" line="318">
        <counter type="INSTRUCTION" missed="73" covered="0" />
        <counter type="LINE" missed="64" covered="0" />
        <counter type="METHOD" missed="1" covered="0" />
      </method>
      <method name="Remove-NetworkPrivacyArtifactsSafe" desc="()" line="446">
        <counter type="INSTRUCTION" missed="35" covered="0" />
        <counter type="LINE" missed="20" covered="0" />
        <counter type="METHOD" missed="1" covered="0" />
      </method>
      <method name="Clear-NlaProbeStateSafe" desc="()" line="508">
        <counter type="INSTRUCTION" missed="9" covered="41" />
        <counter type="LINE" missed="8" covered="37" />
        <counter type="METHOD" missed="0" covered="1" />
      </method>
      <method name="Clear-NetworkEventLogsSafe" desc="()" line="608">
        <counter type="INSTRUCTION" missed="15" covered="55" />
        <counter type="LINE" missed="13" covered="48" />
        <counter type="METHOD" missed="0" covered="1" />
      </method>
      <method name="Clear-UserNetworkArtifactsSafe" desc="()" line="730">
        <counter type="INSTRUCTION" missed="9" covered="45" />
        <counter type="LINE" missed="8" covered="40" />
        <counter type="METHOD" missed="0" covered="1" />
      </method>
      <method name="Invoke-AdvancedNetworkRepair" desc="()" line="845">
        <counter type="INSTRUCTION" missed="17" covered="71" />
        <counter type="LINE" missed="14" covered="58" />
        <counter type="METHOD" missed="0" covered="1" />
      </method>
      <method name="Read-NetCleanPerformanceProfileSelection" desc="()" line="975">
        <counter type="INSTRUCTION" missed="47" covered="0" />
        <counter type="LINE" missed="47" covered="0" />
        <counter type="METHOD" missed="1" covered="0" />
      </method>
      <method name="Invoke-NetworkPerformanceTune" desc="()" line="1058">
        <counter type="INSTRUCTION" missed="141" covered="0" />
        <counter type="LINE" missed="118" covered="0" />
        <counter type="METHOD" missed="1" covered="0" />
      </method>
      <method name="Invoke-NetCleanPhase3Clean" desc="()" line="1295">
        <counter type="INSTRUCTION" missed="40" covered="127" />
        <counter type="LINE" missed="11" covered="94" />
        <counter type="METHOD" missed="0" covered="1" />
      </method>
      <method name="&lt;script&gt;" desc="()" line="1478">
        <counter type="INSTRUCTION" missed="0" covered="2" />
        <counter type="LINE" missed="0" covered="2" />
        <counter type="METHOD" missed="0" covered="1" />
      </method>
      <counter type="INSTRUCTION" missed="419" covered="450" />
      <counter type="LINE" missed="331" covered="375" />
      <counter type="METHOD" missed="4" covered="9" />
      <counter type="CLASS" missed="0" covered="1" />
    </class>
    <class name="netclean/Modules/NetCleanPhase4" sourcefilename="Modules/NetCleanPhase4.ps1">
      <method name="Test-NetCleanPostState" desc="()" line="27">
        <counter type="INSTRUCTION" missed="56" covered="0" />
        <counter type="LINE" missed="35" covered="0" />
        <counter type="METHOD" missed="1" covered="0" />
      </method>
      <method name="Invoke-NetCleanPhase4Verify" desc="()" line="105">
        <counter type="INSTRUCTION" missed="50" covered="0" />
        <counter type="LINE" missed="30" covered="0" />
        <counter type="METHOD" missed="1" covered="0" />
      </method>
      <method name="&lt;script&gt;" desc="()" line="161">
        <counter type="INSTRUCTION" missed="0" covered="2" />
        <counter type="LINE" missed="0" covered="2" />
        <counter type="METHOD" missed="0" covered="1" />
      </method>
      <counter type="INSTRUCTION" missed="106" covered="2" />
      <counter type="LINE" missed="65" covered="2" />
      <counter type="METHOD" missed="2" covered="1" />
      <counter type="CLASS" missed="1" covered="0" />
    </class>
    <sourcefile name="Modules/NetClean.psm1">
      <line nr="17" mi="0" ci="1" mb="0" cb="0" />
      <line nr="19" mi="0" ci="1" mb="0" cb="0" />
      <line nr="21" mi="0" ci="2" mb="0" cb="0" />
      <line nr="22" mi="0" ci="2" mb="0" cb="0" />
      <line nr="23" mi="0" ci="2" mb="0" cb="0" />
      <line nr="24" mi="0" ci="2" mb="0" cb="0" />
      <line nr="31" mi="1" ci="0" mb="0" cb="0" />
      <line nr="45" mi="1" ci="0" mb="0" cb="0" />
      <line nr="48" mi="1" ci="0" mb="0" cb="0" />
      <line nr="50" mi="1" ci="0" mb="0" cb="0" />
      <line nr="51" mi="2" ci="0" mb="0" cb="0" />
      <line nr="53" mi="1" ci="0" mb="0" cb="0" />
      <line nr="54" mi="2" ci="0" mb="0" cb="0" />
      <line nr="56" mi="2" ci="0" mb="0" cb="0" />
      <line nr="57" mi="2" ci="0" mb="0" cb="0" />
      <line nr="59" mi="1" ci="0" mb="0" cb="0" />
      <line nr="61" mi="2" ci="0" mb="0" cb="0" />
      <line nr="65" mi="1" ci="0" mb="0" cb="0" />
      <line nr="66" mi="1" ci="0" mb="0" cb="0" />
      <line nr="68" mi="1" ci="0" mb="0" cb="0" />
      <line nr="69" mi="1" ci="0" mb="0" cb="0" />
      <line nr="70" mi="2" ci="0" mb="0" cb="0" />
      <line nr="71" mi="3" ci="0" mb="0" cb="0" />
      <line nr="72" mi="1" ci="0" mb="0" cb="0" />
      <line nr="74" mi="1" ci="0" mb="0" cb="0" />
      <line nr="75" mi="1" ci="0" mb="0" cb="0" />
      <line nr="76" mi="2" ci="0" mb="0" cb="0" />
      <line nr="79" mi="2" ci="0" mb="0" cb="0" />
      <line nr="80" mi="1" ci="0" mb="0" cb="0" />
      <line nr="82" mi="3" ci="0" mb="0" cb="0" />
      <line nr="85" mi="1" ci="0" mb="0" cb="0" />
      <line nr="89" mi="1" ci="0" mb="0" cb="0" />
      <line nr="90" mi="1" ci="0" mb="0" cb="0" />
      <line nr="91" mi="1" ci="0" mb="0" cb="0" />
      <line nr="93" mi="1" ci="0" mb="0" cb="0" />
      <line nr="94" mi="3" ci="0" mb="0" cb="0" />
      <line nr="96" mi="2" ci="0" mb="0" cb="0" />
      <line nr="97" mi="1" ci="0" mb="0" cb="0" />
      <line nr="101" mi="1" ci="0" mb="0" cb="0" />
      <line nr="128" mi="0" ci="1" mb="0" cb="0" />
      <line nr="129" mi="0" ci="1" mb="0" cb="0" />
      <line nr="135" mi="0" ci="1" mb="0" cb="0" />
      <line nr="136" mi="0" ci="1" mb="0" cb="0" />
      <line nr="137" mi="0" ci="1" mb="0" cb="0" />
      <line nr="143" mi="0" ci="1" mb="0" cb="0" />
      <line nr="165" mi="0" ci="2" mb="0" cb="0" />
      <line nr="166" mi="0" ci="1" mb="0" cb="0" />
      <line nr="167" mi="0" ci="2" mb="0" cb="0" />
      <line nr="171" mi="0" ci="3" mb="0" cb="0" />
      <line nr="173" mi="0" ci="1" mb="0" cb="0" />
      <line nr="175" mi="0" ci="1" mb="0" cb="0" />
      <line nr="177" mi="0" ci="1" mb="0" cb="0" />
      <line nr="181" mi="0" ci="1" mb="0" cb="0" />
      <line nr="184" mi="1" ci="0" mb="0" cb="0" />
      <line nr="185" mi="1" ci="0" mb="0" cb="0" />
      <line nr="214" mi="0" ci="2" mb="0" cb="0" />
      <line nr="216" mi="0" ci="1" mb="0" cb="0" />
      <line nr="217" mi="0" ci="1" mb="0" cb="0" />
      <line nr="219" mi="0" ci="1" mb="0" cb="0" />
      <line nr="222" mi="1" ci="0" mb="0" cb="0" />
      <line nr="226" mi="0" ci="1" mb="0" cb="0" />
      <line nr="227" mi="0" ci="1" mb="0" cb="0" />
      <line nr="228" mi="0" ci="1" mb="0" cb="0" />
      <line nr="229" mi="0" ci="1" mb="0" cb="0" />
      <line nr="230" mi="0" ci="1" mb="0" cb="0" />
      <line nr="231" mi="1" ci="0" mb="0" cb="0" />
      <line nr="258" mi="0" ci="1" mb="0" cb="0" />
      <line nr="259" mi="0" ci="1" mb="0" cb="0" />
      <line nr="260" mi="0" ci="1" mb="0" cb="0" />
      <line nr="261" mi="0" ci="1" mb="0" cb="0" />
      <line nr="264" mi="0" ci="3" mb="0" cb="0" />
      <line nr="265" mi="0" ci="2" mb="0" cb="0" />
      <line nr="268" mi="1" ci="0" mb="0" cb="0" />
      <line nr="269" mi="1" ci="0" mb="0" cb="0" />
      <line nr="271" mi="1" ci="0" mb="0" cb="0" />
      <line nr="274" mi="0" ci="1" mb="0" cb="0" />
      <line nr="276" mi="0" ci="1" mb="0" cb="0" />
      <line nr="277" mi="1" ci="0" mb="0" cb="0" />
      <line nr="280" mi="0" ci="1" mb="0" cb="0" />
      <line nr="303" mi="0" ci="1" mb="0" cb="0" />
      <line nr="304" mi="0" ci="1" mb="0" cb="0" />
      <line nr="307" mi="0" ci="1" mb="0" cb="0" />
      <line nr="308" mi="0" ci="1" mb="0" cb="0" />
      <line nr="309" mi="1" ci="0" mb="0" cb="0" />
      <line nr="312" mi="0" ci="1" mb="0" cb="0" />
      <line nr="334" mi="0" ci="1" mb="0" cb="0" />
      <line nr="336" mi="0" ci="1" mb="0" cb="0" />
      <line nr="337" mi="0" ci="2" mb="0" cb="0" />
      <line nr="338" mi="2" ci="0" mb="0" cb="0" />
      <line nr="339" mi="2" ci="0" mb="0" cb="0" />
      <line nr="340" mi="2" ci="0" mb="0" cb="0" />
      <line nr="341" mi="2" ci="0" mb="0" cb="0" />
      <line nr="342" mi="2" ci="0" mb="0" cb="0" />
      <line nr="343" mi="2" ci="0" mb="0" cb="0" />
      <line nr="344" mi="2" ci="0" mb="0" cb="0" />
      <line nr="345" mi="2" ci="0" mb="0" cb="0" />
      <line nr="346" mi="2" ci="0" mb="0" cb="0" />
      <line nr="347" mi="1" ci="0" mb="0" cb="0" />
      <line nr="374" mi="0" ci="1" mb="0" cb="0" />
      <line nr="375" mi="0" ci="2" mb="0" cb="0" />
      <line nr="378" mi="1" ci="0" mb="0" cb="0" />
      <line nr="405" mi="0" ci="1" mb="0" cb="0" />
      <line nr="406" mi="0" ci="1" mb="0" cb="0" />
      <line nr="409" mi="0" ci="1" mb="0" cb="0" />
      <line nr="436" mi="0" ci="1" mb="0" cb="0" />
      <line nr="437" mi="0" ci="3" mb="0" cb="0" />
      <line nr="440" mi="0" ci="1" mb="0" cb="0" />
      <line nr="467" mi="0" ci="1" mb="0" cb="0" />
      <line nr="469" mi="0" ci="2" mb="0" cb="0" />
      <line nr="470" mi="0" ci="1" mb="0" cb="0" />
      <line nr="472" mi="0" ci="1" mb="0" cb="0" />
      <line nr="473" mi="1" ci="0" mb="0" cb="0" />
      <line nr="474" mi="1" ci="0" mb="0" cb="0" />
      <line nr="475" mi="1" ci="0" mb="0" cb="0" />
      <line nr="476" mi="1" ci="0" mb="0" cb="0" />
      <line nr="477" mi="1" ci="0" mb="0" cb="0" />
      <line nr="482" mi="0" ci="1" mb="0" cb="0" />
      <line nr="483" mi="0" ci="1" mb="0" cb="0" />
      <line nr="485" mi="0" ci="1" mb="0" cb="0" />
      <line nr="488" mi="0" ci="2" mb="0" cb="0" />
      <line nr="519" mi="0" ci="2" mb="0" cb="0" />
      <line nr="520" mi="0" ci="1" mb="0" cb="0" />
      <line nr="522" mi="0" ci="1" mb="0" cb="0" />
      <line nr="523" mi="1" ci="0" mb="0" cb="0" />
      <line nr="524" mi="1" ci="0" mb="0" cb="0" />
      <line nr="525" mi="1" ci="0" mb="0" cb="0" />
      <line nr="526" mi="1" ci="0" mb="0" cb="0" />
      <line nr="527" mi="1" ci="0" mb="0" cb="0" />
      <line nr="532" mi="0" ci="1" mb="0" cb="0" />
      <line nr="533" mi="0" ci="1" mb="0" cb="0" />
      <line nr="534" mi="0" ci="1" mb="0" cb="0" />
      <line nr="567" mi="2" ci="0" mb="0" cb="0" />
      <line nr="568" mi="2" ci="0" mb="0" cb="0" />
      <line nr="570" mi="1" ci="0" mb="0" cb="0" />
      <line nr="571" mi="1" ci="0" mb="0" cb="0" />
      <line nr="572" mi="1" ci="0" mb="0" cb="0" />
      <line nr="573" mi="4" ci="0" mb="0" cb="0" />
      <line nr="574" mi="4" ci="0" mb="0" cb="0" />
      <line nr="600" mi="0" ci="2" mb="0" cb="0" />
      <line nr="601" mi="0" ci="1" mb="0" cb="0" />
      <line nr="602" mi="0" ci="2" mb="0" cb="0" />
      <line nr="630" mi="0" ci="1" mb="0" cb="0" />
      <line nr="631" mi="1" ci="0" mb="0" cb="0" />
      <line nr="634" mi="0" ci="1" mb="0" cb="0" />
      <line nr="636" mi="0" ci="1" mb="0" cb="0" />
      <line nr="638" mi="0" ci="1" mb="0" cb="0" />
      <line nr="639" mi="0" ci="1" mb="0" cb="0" />
      <line nr="642" mi="0" ci="1" mb="0" cb="0" />
      <line nr="643" mi="0" ci="1" mb="0" cb="0" />
      <line nr="644" mi="0" ci="1" mb="0" cb="0" />
      <line nr="645" mi="0" ci="1" mb="0" cb="0" />
      <line nr="649" mi="0" ci="1" mb="0" cb="0" />
      <line nr="650" mi="0" ci="1" mb="0" cb="0" />
      <line nr="651" mi="0" ci="1" mb="0" cb="0" />
      <line nr="654" mi="0" ci="1" mb="0" cb="0" />
      <line nr="655" mi="0" ci="1" mb="0" cb="0" />
      <line nr="656" mi="0" ci="1" mb="0" cb="0" />
      <line nr="659" mi="0" ci="1" mb="0" cb="0" />
      <line nr="685" mi="0" ci="7" mb="0" cb="0" />
      <line nr="686" mi="0" ci="1" mb="0" cb="0" />
      <line nr="687" mi="0" ci="1" mb="0" cb="0" />
      <line nr="690" mi="0" ci="1" mb="0" cb="0" />
      <line nr="692" mi="0" ci="1" mb="0" cb="0" />
      <line nr="693" mi="0" ci="2" mb="0" cb="0" />
      <line nr="694" mi="0" ci="2" mb="0" cb="0" />
      <line nr="695" mi="0" ci="2" mb="0" cb="0" />
      <line nr="696" mi="0" ci="2" mb="0" cb="0" />
      <line nr="697" mi="0" ci="2" mb="0" cb="0" />
      <line nr="698" mi="0" ci="2" mb="0" cb="0" />
      <line nr="699" mi="0" ci="2" mb="0" cb="0" />
      <line nr="700" mi="0" ci="2" mb="0" cb="0" />
      <line nr="701" mi="0" ci="2" mb="0" cb="0" />
      <line nr="702" mi="0" ci="2" mb="0" cb="0" />
      <line nr="703" mi="0" ci="2" mb="0" cb="0" />
      <line nr="704" mi="0" ci="2" mb="0" cb="0" />
      <line nr="705" mi="0" ci="2" mb="0" cb="0" />
      <line nr="706" mi="0" ci="2" mb="0" cb="0" />
      <line nr="707" mi="0" ci="2" mb="0" cb="0" />
      <line nr="708" mi="0" ci="2" mb="0" cb="0" />
      <line nr="709" mi="0" ci="2" mb="0" cb="0" />
      <line nr="710" mi="0" ci="2" mb="0" cb="0" />
      <line nr="713" mi="0" ci="1" mb="0" cb="0" />
      <line nr="714" mi="0" ci="1" mb="0" cb="0" />
      <line nr="715" mi="0" ci="1" mb="0" cb="0" />
      <line nr="716" mi="0" ci="1" mb="0" cb="0" />
      <line nr="721" mi="0" ci="1" mb="0" cb="0" />
      <line nr="763" mi="0" ci="1" mb="0" cb="0" />
      <line nr="764" mi="0" ci="1" mb="0" cb="0" />
      <line nr="767" mi="0" ci="1" mb="0" cb="0" />
      <line nr="770" mi="0" ci="1" mb="0" cb="0" />
      <line nr="771" mi="0" ci="1" mb="0" cb="0" />
      <line nr="772" mi="0" ci="1" mb="0" cb="0" />
      <line nr="773" mi="0" ci="1" mb="0" cb="0" />
      <line nr="775" mi="0" ci="1" mb="0" cb="0" />
      <line nr="776" mi="0" ci="1" mb="0" cb="0" />
      <line nr="777" mi="0" ci="1" mb="0" cb="0" />
      <line nr="780" mi="0" ci="1" mb="0" cb="0" />
      <line nr="781" mi="0" ci="1" mb="0" cb="0" />
      <line nr="782" mi="0" ci="1" mb="0" cb="0" />
      <line nr="783" mi="0" ci="1" mb="0" cb="0" />
      <line nr="784" mi="0" ci="1" mb="0" cb="0" />
      <line nr="790" mi="1" ci="0" mb="0" cb="0" />
      <line nr="793" mi="0" ci="2" mb="0" cb="0" />
      <line nr="794" mi="0" ci="1" mb="0" cb="0" />
      <line nr="836" mi="0" ci="2" mb="0" cb="0" />
      <line nr="838" mi="0" ci="1" mb="0" cb="0" />
      <line nr="839" mi="0" ci="1" mb="0" cb="0" />
      <line nr="840" mi="0" ci="1" mb="0" cb="0" />
      <line nr="841" mi="0" ci="1" mb="0" cb="0" />
      <line nr="842" mi="0" ci="1" mb="0" cb="0" />
      <line nr="843" mi="0" ci="1" mb="0" cb="0" />
      <line nr="844" mi="0" ci="1" mb="0" cb="0" />
      <line nr="845" mi="0" ci="1" mb="0" cb="0" />
      <line nr="850" mi="0" ci="1" mb="0" cb="0" />
      <line nr="852" mi="0" ci="1" mb="0" cb="0" />
      <line nr="853" mi="0" ci="1" mb="0" cb="0" />
      <line nr="854" mi="0" ci="1" mb="0" cb="0" />
      <line nr="855" mi="0" ci="1" mb="0" cb="0" />
      <line nr="856" mi="0" ci="1" mb="0" cb="0" />
      <line nr="857" mi="0" ci="1" mb="0" cb="0" />
      <line nr="858" mi="0" ci="1" mb="0" cb="0" />
      <line nr="859" mi="0" ci="2" mb="0" cb="0" />
      <line nr="863" mi="0" ci="1" mb="0" cb="0" />
      <line nr="864" mi="0" ci="1" mb="0" cb="0" />
      <line nr="865" mi="0" ci="1" mb="0" cb="0" />
      <line nr="866" mi="0" ci="1" mb="0" cb="0" />
      <line nr="867" mi="0" ci="1" mb="0" cb="0" />
      <line nr="868" mi="0" ci="1" mb="0" cb="0" />
      <line nr="869" mi="0" ci="1" mb="0" cb="0" />
      <line nr="873" mi="0" ci="1" mb="0" cb="0" />
      <line nr="874" mi="0" ci="1" mb="0" cb="0" />
      <line nr="875" mi="0" ci="1" mb="0" cb="0" />
      <line nr="876" mi="0" ci="1" mb="0" cb="0" />
      <line nr="877" mi="0" ci="1" mb="0" cb="0" />
      <line nr="878" mi="0" ci="1" mb="0" cb="0" />
      <line nr="879" mi="0" ci="1" mb="0" cb="0" />
      <line nr="911" mi="1" ci="0" mb="0" cb="0" />
      <line nr="912" mi="1" ci="0" mb="0" cb="0" />
      <line nr="915" mi="2" ci="0" mb="0" cb="0" />
      <line nr="916" mi="1" ci="0" mb="0" cb="0" />
      <line nr="918" mi="1" ci="0" mb="0" cb="0" />
      <line nr="919" mi="1" ci="0" mb="0" cb="0" />
      <line nr="923" mi="1" ci="0" mb="0" cb="0" />
      <line nr="952" mi="0" ci="1" mb="0" cb="0" />
      <line nr="953" mi="0" ci="1" mb="0" cb="0" />
      <line nr="954" mi="0" ci="2" mb="0" cb="0" />
      <line nr="955" mi="0" ci="1" mb="0" cb="0" />
      <line nr="956" mi="0" ci="1" mb="0" cb="0" />
      <line nr="960" mi="0" ci="1" mb="0" cb="0" />
      <line nr="961" mi="0" ci="1" mb="0" cb="0" />
      <line nr="966" mi="0" ci="1" mb="0" cb="0" />
      <line nr="967" mi="0" ci="2" mb="0" cb="0" />
      <line nr="968" mi="0" ci="2" mb="0" cb="0" />
      <line nr="969" mi="0" ci="2" mb="0" cb="0" />
      <line nr="971" mi="0" ci="1" mb="0" cb="0" />
      <line nr="972" mi="0" ci="2" mb="0" cb="0" />
      <line nr="973" mi="0" ci="2" mb="0" cb="0" />
      <line nr="974" mi="0" ci="2" mb="0" cb="0" />
      <line nr="976" mi="0" ci="1" mb="0" cb="0" />
      <line nr="977" mi="0" ci="2" mb="0" cb="0" />
      <line nr="978" mi="0" ci="2" mb="0" cb="0" />
      <line nr="979" mi="0" ci="2" mb="0" cb="0" />
      <line nr="981" mi="0" ci="1" mb="0" cb="0" />
      <line nr="982" mi="0" ci="2" mb="0" cb="0" />
      <line nr="983" mi="0" ci="2" mb="0" cb="0" />
      <line nr="984" mi="0" ci="2" mb="0" cb="0" />
      <line nr="986" mi="0" ci="1" mb="0" cb="0" />
      <line nr="987" mi="0" ci="2" mb="0" cb="0" />
      <line nr="988" mi="0" ci="2" mb="0" cb="0" />
      <line nr="989" mi="0" ci="2" mb="0" cb="0" />
      <line nr="991" mi="0" ci="1" mb="0" cb="0" />
      <line nr="992" mi="0" ci="2" mb="0" cb="0" />
      <line nr="993" mi="0" ci="2" mb="0" cb="0" />
      <line nr="994" mi="0" ci="2" mb="0" cb="0" />
      <line nr="996" mi="0" ci="1" mb="0" cb="0" />
      <line nr="997" mi="0" ci="2" mb="0" cb="0" />
      <line nr="998" mi="0" ci="2" mb="0" cb="0" />
      <line nr="999" mi="0" ci="2" mb="0" cb="0" />
      <line nr="1001" mi="0" ci="1" mb="0" cb="0" />
      <line nr="1002" mi="0" ci="2" mb="0" cb="0" />
      <line nr="1003" mi="0" ci="2" mb="0" cb="0" />
      <line nr="1004" mi="0" ci="2" mb="0" cb="0" />
      <line nr="1006" mi="0" ci="1" mb="0" cb="0" />
      <line nr="1007" mi="0" ci="2" mb="0" cb="0" />
      <line nr="1008" mi="0" ci="2" mb="0" cb="0" />
      <line nr="1009" mi="0" ci="2" mb="0" cb="0" />
      <line nr="1011" mi="0" ci="1" mb="0" cb="0" />
      <line nr="1012" mi="0" ci="2" mb="0" cb="0" />
      <line nr="1013" mi="0" ci="2" mb="0" cb="0" />
      <line nr="1014" mi="0" ci="2" mb="0" cb="0" />
      <line nr="1016" mi="0" ci="1" mb="0" cb="0" />
      <line nr="1017" mi="0" ci="2" mb="0" cb="0" />
      <line nr="1018" mi="0" ci="2" mb="0" cb="0" />
      <line nr="1019" mi="0" ci="2" mb="0" cb="0" />
      <line nr="1021" mi="0" ci="1" mb="0" cb="0" />
      <line nr="1022" mi="0" ci="2" mb="0" cb="0" />
      <line nr="1023" mi="0" ci="2" mb="0" cb="0" />
      <line nr="1024" mi="0" ci="2" mb="0" cb="0" />
      <line nr="1026" mi="0" ci="1" mb="0" cb="0" />
      <line nr="1027" mi="0" ci="2" mb="0" cb="0" />
      <line nr="1028" mi="0" ci="2" mb="0" cb="0" />
      <line nr="1029" mi="0" ci="2" mb="0" cb="0" />
      <line nr="1031" mi="0" ci="1" mb="0" cb="0" />
      <line nr="1032" mi="0" ci="2" mb="0" cb="0" />
      <line nr="1033" mi="0" ci="2" mb="0" cb="0" />
      <line nr="1034" mi="0" ci="2" mb="0" cb="0" />
      <line nr="1036" mi="0" ci="1" mb="0" cb="0" />
      <line nr="1037" mi="0" ci="2" mb="0" cb="0" />
      <line nr="1038" mi="0" ci="2" mb="0" cb="0" />
      <line nr="1039" mi="0" ci="2" mb="0" cb="0" />
      <line nr="1041" mi="0" ci="1" mb="0" cb="0" />
      <line nr="1042" mi="0" ci="2" mb="0" cb="0" />
      <line nr="1043" mi="0" ci="2" mb="0" cb="0" />
      <line nr="1044" mi="0" ci="2" mb="0" cb="0" />
      <line nr="1046" mi="0" ci="1" mb="0" cb="0" />
      <line nr="1047" mi="0" ci="2" mb="0" cb="0" />
      <line nr="1048" mi="0" ci="2" mb="0" cb="0" />
      <line nr="1049" mi="0" ci="2" mb="0" cb="0" />
      <line nr="1069" mi="0" ci="1" mb="0" cb="0" />
      <line nr="1070" mi="0" ci="1" mb="0" cb="0" />
      <line nr="1071" mi="0" ci="1" mb="0" cb="0" />
      <line nr="1075" mi="0" ci="1" mb="0" cb="0" />
      <line nr="1076" mi="0" ci="1" mb="0" cb="0" />
      <line nr="1089" mi="0" ci="4" mb="0" cb="0" />
      <line nr="1090" mi="0" ci="1" mb="0" cb="0" />
      <line nr="1092" mi="0" ci="1" mb="0" cb="0" />
      <line nr="1093" mi="0" ci="1" mb="0" cb="0" />
      <line nr="1094" mi="0" ci="1" mb="0" cb="0" />
      <line nr="1098" mi="0" ci="1" mb="0" cb="0" />
      <line nr="1120" mi="0" ci="1" mb="0" cb="0" />
      <line nr="1121" mi="1" ci="0" mb="0" cb="0" />
      <line nr="1124" mi="0" ci="1" mb="0" cb="0" />
      <line nr="1126" mi="0" ci="1" mb="0" cb="0" />
      <line nr="1127" mi="1" ci="0" mb="0" cb="0" />
      <line nr="1132" mi="0" ci="2" mb="0" cb="0" />
      <line nr="1133" mi="0" ci="1" mb="0" cb="0" />
      <line nr="1134" mi="0" ci="1" mb="0" cb="0" />
      <line nr="1135" mi="0" ci="1" mb="0" cb="0" />
      <line nr="1136" mi="0" ci="1" mb="0" cb="0" />
      <line nr="1137" mi="0" ci="1" mb="0" cb="0" />
      <line nr="1138" mi="0" ci="1" mb="0" cb="0" />
      <line nr="1139" mi="0" ci="1" mb="0" cb="0" />
      <line nr="1140" mi="0" ci="1" mb="0" cb="0" />
      <line nr="1141" mi="0" ci="1" mb="0" cb="0" />
      <line nr="1142" mi="0" ci="1" mb="0" cb="0" />
      <line nr="1143" mi="0" ci="1" mb="0" cb="0" />
      <line nr="1144" mi="0" ci="1" mb="0" cb="0" />
      <line nr="1145" mi="0" ci="1" mb="0" cb="0" />
      <line nr="1150" mi="1" ci="0" mb="0" cb="0" />
      <line nr="1151" mi="1" ci="0" mb="0" cb="0" />
      <line nr="1154" mi="0" ci="1" mb="0" cb="0" />
      <line nr="1155" mi="0" ci="1" mb="0" cb="0" />
      <line nr="1157" mi="0" ci="1" mb="0" cb="0" />
      <line nr="1159" mi="0" ci="1" mb="0" cb="0" />
      <line nr="1162" mi="2" ci="0" mb="0" cb="0" />
      <line nr="1165" mi="0" ci="1" mb="0" cb="0" />
      <line nr="1166" mi="0" ci="1" mb="0" cb="0" />
      <line nr="1167" mi="0" ci="1" mb="0" cb="0" />
      <line nr="1168" mi="0" ci="3" mb="0" cb="0" />
      <line nr="1169" mi="0" ci="3" mb="0" cb="0" />
      <line nr="1170" mi="0" ci="3" mb="0" cb="0" />
      <line nr="1171" mi="0" ci="3" mb="0" cb="0" />
      <line nr="1172" mi="0" ci="3" mb="0" cb="0" />
      <line nr="1173" mi="0" ci="3" mb="0" cb="0" />
      <line nr="1174" mi="0" ci="3" mb="0" cb="0" />
      <line nr="1175" mi="0" ci="3" mb="0" cb="0" />
      <line nr="1176" mi="0" ci="3" mb="0" cb="0" />
      <line nr="1177" mi="0" ci="1" mb="0" cb="0" />
      <line nr="1178" mi="0" ci="2" mb="0" cb="0" />
      <line nr="1179" mi="0" ci="2" mb="0" cb="0" />
      <line nr="1180" mi="0" ci="2" mb="0" cb="0" />
      <line nr="1181" mi="0" ci="1" mb="0" cb="0" />
      <line nr="1186" mi="1" ci="0" mb="0" cb="0" />
      <line nr="1187" mi="1" ci="0" mb="0" cb="0" />
      <line nr="1196" mi="0" ci="1" mb="0" cb="0" />
      <line nr="1197" mi="0" ci="1" mb="0" cb="0" />
      <line nr="1199" mi="0" ci="2" mb="0" cb="0" />
      <line nr="1200" mi="0" ci="1" mb="0" cb="0" />
      <line nr="1201" mi="0" ci="1" mb="0" cb="0" />
      <line nr="1203" mi="0" ci="1" mb="0" cb="0" />
      <line nr="1204" mi="0" ci="1" mb="0" cb="0" />
      <line nr="1205" mi="0" ci="1" mb="0" cb="0" />
      <line nr="1206" mi="0" ci="1" mb="0" cb="0" />
      <line nr="1207" mi="0" ci="1" mb="0" cb="0" />
      <line nr="1209" mi="0" ci="1" mb="0" cb="0" />
      <line nr="1210" mi="0" ci="1" mb="0" cb="0" />
      <line nr="1211" mi="0" ci="1" mb="0" cb="0" />
      <line nr="1213" mi="0" ci="1" mb="0" cb="0" />
      <line nr="1214" mi="0" ci="1" mb="0" cb="0" />
      <line nr="1216" mi="0" ci="1" mb="0" cb="0" />
      <line nr="1217" mi="0" ci="1" mb="0" cb="0" />
      <line nr="1219" mi="0" ci="1" mb="0" cb="0" />
      <line nr="1220" mi="0" ci="1" mb="0" cb="0" />
      <line nr="1222" mi="0" ci="1" mb="0" cb="0" />
      <line nr="1223" mi="0" ci="1" mb="0" cb="0" />
      <line nr="1227" mi="0" ci="1" mb="0" cb="0" />
      <line nr="1228" mi="0" ci="1" mb="0" cb="0" />
      <line nr="1229" mi="0" ci="1" mb="0" cb="0" />
      <line nr="1230" mi="0" ci="1" mb="0" cb="0" />
      <line nr="1231" mi="0" ci="1" mb="0" cb="0" />
      <line nr="1232" mi="0" ci="1" mb="0" cb="0" />
      <line nr="1233" mi="0" ci="1" mb="0" cb="0" />
      <line nr="1234" mi="0" ci="1" mb="0" cb="0" />
      <line nr="1235" mi="0" ci="3" mb="0" cb="0" />
      <line nr="1236" mi="0" ci="3" mb="0" cb="0" />
      <line nr="1237" mi="0" ci="3" mb="0" cb="0" />
      <line nr="1238" mi="0" ci="3" mb="0" cb="0" />
      <line nr="1241" mi="0" ci="1" mb="0" cb="0" />
      <line nr="1244" mi="0" ci="1" mb="0" cb="0" />
      <line nr="1252" mi="0" ci="1" mb="0" cb="0" />
      <line nr="1253" mi="0" ci="1" mb="0" cb="0" />
      <line nr="1254" mi="0" ci="1" mb="0" cb="0" />
      <line nr="1255" mi="0" ci="1" mb="0" cb="0" />
      <line nr="1257" mi="0" ci="2" mb="0" cb="0" />
      <line nr="1258" mi="0" ci="1" mb="0" cb="0" />
      <line nr="1260" mi="1" ci="0" mb="0" cb="0" />
      <line nr="1261" mi="1" ci="0" mb="0" cb="0" />
      <line nr="1262" mi="1" ci="0" mb="0" cb="0" />
      <line nr="1264" mi="1" ci="0" mb="0" cb="0" />
      <line nr="1265" mi="1" ci="0" mb="0" cb="0" />
      <line nr="1266" mi="1" ci="0" mb="0" cb="0" />
      <line nr="1267" mi="1" ci="0" mb="0" cb="0" />
      <line nr="1269" mi="1" ci="0" mb="0" cb="0" />
      <line nr="1270" mi="1" ci="0" mb="0" cb="0" />
      <line nr="1271" mi="1" ci="0" mb="0" cb="0" />
      <line nr="1272" mi="1" ci="0" mb="0" cb="0" />
      <line nr="1274" mi="1" ci="0" mb="0" cb="0" />
      <line nr="1276" mi="2" ci="0" mb="0" cb="0" />
      <line nr="1279" mi="1" ci="0" mb="0" cb="0" />
      <line nr="1282" mi="1" ci="0" mb="0" cb="0" />
      <line nr="1283" mi="1" ci="0" mb="0" cb="0" />
      <line nr="1284" mi="1" ci="0" mb="0" cb="0" />
      <line nr="1286" mi="2" ci="0" mb="0" cb="0" />
      <line nr="1287" mi="2" ci="0" mb="0" cb="0" />
      <line nr="1288" mi="2" ci="0" mb="0" cb="0" />
      <line nr="1290" mi="1" ci="0" mb="0" cb="0" />
      <line nr="1291" mi="1" ci="0" mb="0" cb="0" />
      <line nr="1292" mi="1" ci="0" mb="0" cb="0" />
      <line nr="1293" mi="1" ci="0" mb="0" cb="0" />
      <line nr="1294" mi="1" ci="0" mb="0" cb="0" />
      <line nr="1295" mi="1" ci="0" mb="0" cb="0" />
      <line nr="1296" mi="1" ci="0" mb="0" cb="0" />
      <line nr="1297" mi="1" ci="0" mb="0" cb="0" />
      <line nr="1298" mi="1" ci="0" mb="0" cb="0" />
      <line nr="1303" mi="0" ci="1" mb="0" cb="0" />
      <line nr="1320" mi="0" ci="2" mb="0" cb="0" />
      <line nr="1322" mi="0" ci="1" mb="0" cb="0" />
      <line nr="1323" mi="0" ci="1" mb="0" cb="0" />
      <line nr="1326" mi="0" ci="1" mb="0" cb="0" />
      <line nr="1327" mi="0" ci="1" mb="0" cb="0" />
      <line nr="1328" mi="1" ci="0" mb="0" cb="0" />
      <line nr="1331" mi="0" ci="1" mb="0" cb="0" />
      <line nr="1332" mi="0" ci="2" mb="0" cb="0" />
      <line nr="1335" mi="2" ci="0" mb="0" cb="0" />
      <line nr="1336" mi="1" ci="0" mb="0" cb="0" />
      <line nr="1339" mi="1" ci="0" mb="0" cb="0" />
      <line nr="1374" mi="0" ci="1" mb="0" cb="0" />
      <line nr="1375" mi="1" ci="2" mb="0" cb="0" />
      <line nr="1377" mi="0" ci="1" mb="0" cb="0" />
      <line nr="1378" mi="0" ci="1" mb="0" cb="0" />
      <line nr="1379" mi="0" ci="1" mb="0" cb="0" />
      <line nr="1380" mi="0" ci="1" mb="0" cb="0" />
      <line nr="1381" mi="0" ci="1" mb="0" cb="0" />
      <line nr="1382" mi="0" ci="2" mb="0" cb="0" />
      <line nr="1383" mi="0" ci="4" mb="0" cb="0" />
      <line nr="1387" mi="0" ci="1" mb="0" cb="0" />
      <line nr="1388" mi="0" ci="1" mb="0" cb="0" />
      <line nr="1389" mi="0" ci="1" mb="0" cb="0" />
      <line nr="1390" mi="0" ci="1" mb="0" cb="0" />
      <line nr="1391" mi="0" ci="2" mb="0" cb="0" />
      <line nr="1392" mi="0" ci="1" mb="0" cb="0" />
      <line nr="1396" mi="1" ci="0" mb="0" cb="0" />
      <line nr="1397" mi="1" ci="0" mb="0" cb="0" />
      <line nr="1398" mi="1" ci="0" mb="0" cb="0" />
      <line nr="1399" mi="1" ci="0" mb="0" cb="0" />
      <line nr="1400" mi="1" ci="0" mb="0" cb="0" />
      <line nr="1401" mi="1" ci="0" mb="0" cb="0" />
      <line nr="1464" mi="1" ci="0" mb="0" cb="0" />
      <line nr="1465" mi="1" ci="0" mb="0" cb="0" />
      <line nr="1468" mi="2" ci="0" mb="0" cb="0" />
      <line nr="1469" mi="1" ci="0" mb="0" cb="0" />
      <line nr="1470" mi="2" ci="0" mb="0" cb="0" />
      <line nr="1473" mi="2" ci="0" mb="0" cb="0" />
      <line nr="1477" mi="1" ci="0" mb="0" cb="0" />
      <line nr="1480" mi="1" ci="0" mb="0" cb="0" />
      <line nr="1481" mi="2" ci="0" mb="0" cb="0" />
      <line nr="1482" mi="2" ci="0" mb="0" cb="0" />
      <line nr="1485" mi="1" ci="0" mb="0" cb="0" />
      <line nr="1487" mi="1" ci="0" mb="0" cb="0" />
      <line nr="1488" mi="2" ci="0" mb="0" cb="0" />
      <line nr="1489" mi="3" ci="0" mb="0" cb="0" />
      <line nr="1492" mi="1" ci="0" mb="0" cb="0" />
      <line nr="1493" mi="1" ci="0" mb="0" cb="0" />
      <line nr="1494" mi="1" ci="0" mb="0" cb="0" />
      <line nr="1495" mi="2" ci="0" mb="0" cb="0" />
      <line nr="1499" mi="1" ci="0" mb="0" cb="0" />
      <line nr="1500" mi="2" ci="0" mb="0" cb="0" />
      <line nr="1501" mi="2" ci="0" mb="0" cb="0" />
      <line nr="1504" mi="1" ci="0" mb="0" cb="0" />
      <line nr="1510" mi="1" ci="0" mb="0" cb="0" />
      <line nr="1511" mi="1" ci="0" mb="0" cb="0" />
      <line nr="1512" mi="1" ci="0" mb="0" cb="0" />
      <line nr="1515" mi="1" ci="0" mb="0" cb="0" />
      <line nr="1516" mi="2" ci="0" mb="0" cb="0" />
      <line nr="1517" mi="3" ci="0" mb="0" cb="0" />
      <line nr="1520" mi="1" ci="0" mb="0" cb="0" />
      <line nr="1521" mi="1" ci="0" mb="0" cb="0" />
      <line nr="1522" mi="1" ci="0" mb="0" cb="0" />
      <line nr="1523" mi="2" ci="0" mb="0" cb="0" />
      <line nr="1528" mi="1" ci="0" mb="0" cb="0" />
      <line nr="1529" mi="1" ci="0" mb="0" cb="0" />
      <line nr="1530" mi="1" ci="0" mb="0" cb="0" />
      <line nr="1532" mi="1" ci="0" mb="0" cb="0" />
      <line nr="1533" mi="1" ci="0" mb="0" cb="0" />
      <line nr="1534" mi="1" ci="0" mb="0" cb="0" />
      <line nr="1535" mi="2" ci="0" mb="0" cb="0" />
      <line nr="1537" mi="1" ci="0" mb="0" cb="0" />
      <line nr="1538" mi="1" ci="0" mb="0" cb="0" />
      <line nr="1543" mi="1" ci="0" mb="0" cb="0" />
      <line nr="1544" mi="2" ci="0" mb="0" cb="0" />
      <line nr="1547" mi="2" ci="0" mb="0" cb="0" />
      <line nr="1548" mi="1" ci="0" mb="0" cb="0" />
      <line nr="1550" mi="2" ci="0" mb="0" cb="0" />
      <line nr="1551" mi="2" ci="0" mb="0" cb="0" />
      <line nr="1552" mi="1" ci="0" mb="0" cb="0" />
      <line nr="1556" mi="2" ci="0" mb="0" cb="0" />
      <line nr="1559" mi="1" ci="0" mb="0" cb="0" />
      <line nr="1560" mi="1" ci="0" mb="0" cb="0" />
      <line nr="1561" mi="1" ci="0" mb="0" cb="0" />
      <line nr="1565" mi="1" ci="0" mb="0" cb="0" />
      <line nr="1566" mi="2" ci="0" mb="0" cb="0" />
      <line nr="1567" mi="2" ci="0" mb="0" cb="0" />
      <line nr="1570" mi="1" ci="0" mb="0" cb="0" />
      <line nr="1580" mi="2" ci="0" mb="0" cb="0" />
      <line nr="1581" mi="1" ci="0" mb="0" cb="0" />
      <line nr="1584" mi="1" ci="0" mb="0" cb="0" />
      <line nr="1585" mi="1" ci="0" mb="0" cb="0" />
      <line nr="1588" mi="1" ci="0" mb="0" cb="0" />
      <line nr="1589" mi="2" ci="0" mb="0" cb="0" />
      <line nr="1590" mi="3" ci="0" mb="0" cb="0" />
      <line nr="1593" mi="1" ci="0" mb="0" cb="0" />
      <line nr="1594" mi="1" ci="0" mb="0" cb="0" />
      <line nr="1595" mi="1" ci="0" mb="0" cb="0" />
      <line nr="1596" mi="2" ci="0" mb="0" cb="0" />
      <line nr="1600" mi="1" ci="0" mb="0" cb="0" />
      <line nr="1601" mi="2" ci="0" mb="0" cb="0" />
      <line nr="1602" mi="2" ci="0" mb="0" cb="0" />
      <line nr="1605" mi="1" ci="0" mb="0" cb="0" />
      <line nr="1607" mi="2" ci="0" mb="0" cb="0" />
      <line nr="1608" mi="1" ci="0" mb="0" cb="0" />
      <line nr="1611" mi="1" ci="0" mb="0" cb="0" />
      <line nr="1612" mi="2" ci="0" mb="0" cb="0" />
      <line nr="1613" mi="3" ci="0" mb="0" cb="0" />
      <line nr="1616" mi="1" ci="0" mb="0" cb="0" />
      <line nr="1617" mi="1" ci="0" mb="0" cb="0" />
      <line nr="1618" mi="1" ci="0" mb="0" cb="0" />
      <line nr="1619" mi="2" ci="0" mb="0" cb="0" />
      <line nr="1622" mi="1" ci="0" mb="0" cb="0" />
      <line nr="1624" mi="2" ci="0" mb="0" cb="0" />
      <line nr="1625" mi="2" ci="0" mb="0" cb="0" />
      <line nr="1628" mi="2" ci="0" mb="0" cb="0" />
      <line nr="1629" mi="1" ci="0" mb="0" cb="0" />
      <line nr="1630" mi="1" ci="0" mb="0" cb="0" />
      <line nr="1631" mi="1" ci="0" mb="0" cb="0" />
      <line nr="1634" mi="1" ci="0" mb="0" cb="0" />
      <line nr="1635" mi="1" ci="0" mb="0" cb="0" />
      <line nr="1636" mi="1" ci="0" mb="0" cb="0" />
      <line nr="1639" mi="3" ci="0" mb="0" cb="0" />
      <line nr="1641" mi="2" ci="0" mb="0" cb="0" />
      <line nr="1643" mi="1" ci="0" mb="0" cb="0" />
      <line nr="1644" mi="1" ci="0" mb="0" cb="0" />
      <line nr="1645" mi="2" ci="0" mb="0" cb="0" />
      <line nr="1647" mi="3" ci="0" mb="0" cb="0" />
      <line nr="1649" mi="1" ci="0" mb="0" cb="0" />
      <line nr="1650" mi="1" ci="0" mb="0" cb="0" />
      <line nr="1651" mi="2" ci="0" mb="0" cb="0" />
      <line nr="1652" mi="1" ci="0" mb="0" cb="0" />
      <line nr="1653" mi="1" ci="0" mb="0" cb="0" />
      <line nr="1654" mi="1" ci="0" mb="0" cb="0" />
      <line nr="1659" mi="2" ci="0" mb="0" cb="0" />
      <line nr="1660" mi="1" ci="0" mb="0" cb="0" />
      <line nr="1661" mi="2" ci="0" mb="0" cb="0" />
      <line nr="1664" mi="1" ci="0" mb="0" cb="0" />
      <line nr="1665" mi="1" ci="0" mb="0" cb="0" />
      <line nr="1666" mi="2" ci="0" mb="0" cb="0" />
      <line nr="1668" mi="2" ci="0" mb="0" cb="0" />
      <line nr="1670" mi="1" ci="0" mb="0" cb="0" />
      <line nr="1671" mi="1" ci="0" mb="0" cb="0" />
      <line nr="1672" mi="2" ci="0" mb="0" cb="0" />
      <line nr="1673" mi="1" ci="0" mb="0" cb="0" />
      <line nr="1674" mi="1" ci="0" mb="0" cb="0" />
      <line nr="1678" mi="2" ci="0" mb="0" cb="0" />
      <line nr="1680" mi="1" ci="0" mb="0" cb="0" />
      <line nr="1681" mi="2" ci="0" mb="0" cb="0" />
      <line nr="1682" mi="4" ci="0" mb="0" cb="0" />
      <line nr="1683" mi="4" ci="0" mb="0" cb="0" />
      <line nr="1684" mi="4" ci="0" mb="0" cb="0" />
      <line nr="1687" mi="1" ci="0" mb="0" cb="0" />
      <line nr="1688" mi="1" ci="0" mb="0" cb="0" />
      <line nr="1689" mi="1" ci="0" mb="0" cb="0" />
      <line nr="1692" mi="2" ci="0" mb="0" cb="0" />
      <line nr="1695" mi="1" ci="0" mb="0" cb="0" />
      <line nr="1722" mi="3" ci="0" mb="0" cb="0" />
      <line nr="1723" mi="2" ci="0" mb="0" cb="0" />
      <line nr="1725" mi="3" ci="0" mb="0" cb="0" />
      <line nr="1727" mi="2" ci="0" mb="0" cb="0" />
      <line nr="1729" mi="1" ci="0" mb="0" cb="0" />
      <line nr="1730" mi="4" ci="0" mb="0" cb="0" />
      <line nr="1731" mi="1" ci="0" mb="0" cb="0" />
      <line nr="1735" mi="2" ci="0" mb="0" cb="0" />
      <line nr="1736" mi="3" ci="0" mb="0" cb="0" />
      <line nr="1737" mi="1" ci="0" mb="0" cb="0" />
      <line nr="1766" mi="3" ci="0" mb="0" cb="0" />
      <line nr="1767" mi="2" ci="0" mb="0" cb="0" />
      <line nr="1769" mi="1" ci="0" mb="0" cb="0" />
      <line nr="1771" mi="1" ci="0" mb="0" cb="0" />
      <line nr="1772" mi="1" ci="0" mb="0" cb="0" />
      <line nr="1773" mi="1" ci="0" mb="0" cb="0" />
      <line nr="1774" mi="3" ci="0" mb="0" cb="0" />
      <line nr="1775" mi="2" ci="0" mb="0" cb="0" />
      <line nr="1776" mi="2" ci="0" mb="0" cb="0" />
      <line nr="1777" mi="2" ci="0" mb="0" cb="0" />
      <line nr="1783" mi="1" ci="0" mb="0" cb="0" />
      <line nr="1807" mi="3" ci="0" mb="0" cb="0" />
      <line nr="1808" mi="2" ci="0" mb="0" cb="0" />
      <line nr="1810" mi="1" ci="0" mb="0" cb="0" />
      <line nr="1811" mi="1" ci="0" mb="0" cb="0" />
      <line nr="1812" mi="1" ci="0" mb="0" cb="0" />
      <line nr="1813" mi="1" ci="0" mb="0" cb="0" />
      <line nr="1815" mi="1" ci="0" mb="0" cb="0" />
      <line nr="1816" mi="4" ci="0" mb="0" cb="0" />
      <line nr="1817" mi="4" ci="0" mb="0" cb="0" />
      <line nr="1818" mi="4" ci="0" mb="0" cb="0" />
      <line nr="1819" mi="4" ci="0" mb="0" cb="0" />
      <line nr="1822" mi="1" ci="0" mb="0" cb="0" />
      <line nr="1823" mi="2" ci="0" mb="0" cb="0" />
      <line nr="1824" mi="2" ci="0" mb="0" cb="0" />
      <line nr="1825" mi="2" ci="0" mb="0" cb="0" />
      <line nr="1826" mi="2" ci="0" mb="0" cb="0" />
      <line nr="1834" mi="0" ci="1" mb="0" cb="0" />
      <line nr="1835" mi="0" ci="1" mb="0" cb="0" />
      <line nr="1836" mi="0" ci="1" mb="0" cb="0" />
      <line nr="1837" mi="0" ci="1" mb="0" cb="0" />
      <line nr="1838" mi="0" ci="1" mb="0" cb="0" />
      <line nr="1839" mi="0" ci="1" mb="0" cb="0" />
      <line nr="1840" mi="0" ci="1" mb="0" cb="0" />
      <line nr="1841" mi="0" ci="1" mb="0" cb="0" />
      <line nr="1842" mi="0" ci="1" mb="0" cb="0" />
      <line nr="1843" mi="0" ci="1" mb="0" cb="0" />
      <line nr="1849" mi="0" ci="1" mb="0" cb="0" />
      <line nr="1850" mi="0" ci="1" mb="0" cb="0" />
      <line nr="1858" mi="0" ci="1" mb="0" cb="0" />
      <counter type="INSTRUCTION" missed="428" covered="508" />
      <counter type="LINE" missed="287" covered="365" />
      <counter type="METHOD" missed="8" covered="24" />
      <counter type="CLASS" missed="0" covered="1" />
    </sourcefile>
    <sourcefile name="Modules/NetCleanPhase1.ps1">
      <line nr="22" mi="0" ci="1" mb="0" cb="0" />
      <line nr="23" mi="0" ci="3" mb="0" cb="0" />
      <line nr="26" mi="0" ci="2" mb="0" cb="0" />
      <line nr="28" mi="0" ci="2" mb="0" cb="0" />
      <line nr="29" mi="1" ci="0" mb="0" cb="0" />
      <line nr="32" mi="0" ci="1" mb="0" cb="0" />
      <line nr="33" mi="1" ci="0" mb="0" cb="0" />
      <line nr="35" mi="1" ci="0" mb="0" cb="0" />
      <line nr="36" mi="1" ci="0" mb="0" cb="0" />
      <line nr="39" mi="2" ci="0" mb="0" cb="0" />
      <line nr="40" mi="1" ci="0" mb="0" cb="0" />
      <line nr="42" mi="2" ci="0" mb="0" cb="0" />
      <line nr="44" mi="1" ci="0" mb="0" cb="0" />
      <line nr="45" mi="1" ci="0" mb="0" cb="0" />
      <line nr="46" mi="3" ci="0" mb="0" cb="0" />
      <line nr="50" mi="1" ci="0" mb="0" cb="0" />
      <line nr="54" mi="4" ci="0" mb="0" cb="0" />
      <line nr="55" mi="1" ci="0" mb="0" cb="0" />
      <line nr="59" mi="2" ci="0" mb="0" cb="0" />
      <line nr="61" mi="1" ci="0" mb="0" cb="0" />
      <line nr="62" mi="1" ci="0" mb="0" cb="0" />
      <line nr="63" mi="1" ci="0" mb="0" cb="0" />
      <line nr="64" mi="1" ci="0" mb="0" cb="0" />
      <line nr="65" mi="1" ci="0" mb="0" cb="0" />
      <line nr="66" mi="1" ci="0" mb="0" cb="0" />
      <line nr="67" mi="1" ci="0" mb="0" cb="0" />
      <line nr="68" mi="1" ci="0" mb="0" cb="0" />
      <line nr="69" mi="1" ci="0" mb="0" cb="0" />
      <line nr="70" mi="1" ci="0" mb="0" cb="0" />
      <line nr="71" mi="1" ci="0" mb="0" cb="0" />
      <line nr="72" mi="1" ci="0" mb="0" cb="0" />
      <line nr="73" mi="1" ci="0" mb="0" cb="0" />
      <line nr="74" mi="1" ci="0" mb="0" cb="0" />
      <line nr="75" mi="1" ci="0" mb="0" cb="0" />
      <line nr="76" mi="1" ci="0" mb="0" cb="0" />
      <line nr="77" mi="1" ci="0" mb="0" cb="0" />
      <line nr="82" mi="0" ci="1" mb="0" cb="0" />
      <line nr="85" mi="0" ci="1" mb="0" cb="0" />
[...]
      <line nr="924" mi="0" ci="1" mb="0" cb="0" />
      <line nr="925" mi="0" ci="4" mb="0" cb="0" />
      <line nr="926" mi="0" ci="1" mb="0" cb="0" />
      <line nr="927" mi="0" ci="1" mb="0" cb="0" />
      <line nr="930" mi="0" ci="1" mb="0" cb="0" />
      <line nr="931" mi="0" ci="1" mb="0" cb="0" />
      <line nr="932" mi="0" ci="2" mb="0" cb="0" />
      <line nr="935" mi="2" ci="0" mb="0" cb="0" />
      <line nr="940" mi="1" ci="0" mb="0" cb="0" />
      <line nr="941" mi="2" ci="0" mb="0" cb="0" />
      <line nr="944" mi="1" ci="0" mb="0" cb="0" />
      <line nr="945" mi="1" ci="0" mb="0" cb="0" />
      <line nr="946" mi="1" ci="0" mb="0" cb="0" />
      <line nr="947" mi="2" ci="0" mb="0" cb="0" />
      <line nr="948" mi="1" ci="0" mb="0" cb="0" />
      <line nr="949" mi="1" ci="0" mb="0" cb="0" />
      <line nr="950" mi="1" ci="0" mb="0" cb="0" />
      <line nr="951" mi="1" ci="0" mb="0" cb="0" />
      <line nr="952" mi="1" ci="0" mb="0" cb="0" />
      <line nr="953" mi="1" ci="0" mb="0" cb="0" />
      <line nr="954" mi="1" ci="0" mb="0" cb="0" />
      <line nr="959" mi="0" ci="1" mb="0" cb="0" />
      <line nr="975" mi="1" ci="0" mb="0" cb="0" />
      <line nr="976" mi="1" ci="0" mb="0" cb="0" />
      <line nr="977" mi="1" ci="0" mb="0" cb="0" />
      <line nr="978" mi="1" ci="0" mb="0" cb="0" />
      <line nr="979" mi="1" ci="0" mb="0" cb="0" />
      <line nr="980" mi="1" ci="0" mb="0" cb="0" />
      <line nr="981" mi="1" ci="0" mb="0" cb="0" />
      <line nr="982" mi="1" ci="0" mb="0" cb="0" />
      <line nr="983" mi="1" ci="0" mb="0" cb="0" />
      <line nr="984" mi="1" ci="0" mb="0" cb="0" />
      <line nr="985" mi="1" ci="0" mb="0" cb="0" />
      <line nr="987" mi="1" ci="0" mb="0" cb="0" />
      <line nr="988" mi="1" ci="0" mb="0" cb="0" />
      <line nr="989" mi="1" ci="0" mb="0" cb="0" />
      <line nr="990" mi="1" ci="0" mb="0" cb="0" />
      <line nr="991" mi="1" ci="0" mb="0" cb="0" />
      <line nr="992" mi="1" ci="0" mb="0" cb="0" />
      <line nr="993" mi="1" ci="0" mb="0" cb="0" />
      <line nr="994" mi="1" ci="0" mb="0" cb="0" />
      <line nr="995" mi="1" ci="0" mb="0" cb="0" />
      <line nr="997" mi="1" ci="0" mb="0" cb="0" />
      <line nr="998" mi="1" ci="0" mb="0" cb="0" />
      <line nr="999" mi="1" ci="0" mb="0" cb="0" />
      <line nr="1000" mi="1" ci="0" mb="0" cb="0" />
      <line nr="1001" mi="1" ci="0" mb="0" cb="0" />
      <line nr="1002" mi="1" ci="0" mb="0" cb="0" />
      <line nr="1003" mi="1" ci="0" mb="0" cb="0" />
      <line nr="1004" mi="1" ci="0" mb="0" cb="0" />
      <line nr="1005" mi="1" ci="0" mb="0" cb="0" />
      <line nr="1007" mi="1" ci="0" mb="0" cb="0" />
      <line nr="1008" mi="1" ci="0" mb="0" cb="0" />
      <line nr="1009" mi="1" ci="0" mb="0" cb="0" />
      <line nr="1010" mi="1" ci="0" mb="0" cb="0" />
      <line nr="1011" mi="1" ci="0" mb="0" cb="0" />
      <line nr="1012" mi="1" ci="0" mb="0" cb="0" />
      <line nr="1013" mi="1" ci="0" mb="0" cb="0" />
      <line nr="1015" mi="1" ci="0" mb="0" cb="0" />
      <line nr="1016" mi="1" ci="0" mb="0" cb="0" />
      <line nr="1018" mi="1" ci="0" mb="0" cb="0" />
      <line nr="1020" mi="1" ci="0" mb="0" cb="0" />
      <line nr="1021" mi="1" ci="0" mb="0" cb="0" />
      <line nr="1022" mi="1" ci="0" mb="0" cb="0" />
      <line nr="1023" mi="1" ci="0" mb="0" cb="0" />
      <line nr="1024" mi="1" ci="0" mb="0" cb="0" />
      <line nr="1025" mi="1" ci="0" mb="0" cb="0" />
      <line nr="1027" mi="1" ci="0" mb="0" cb="0" />
      <line nr="1028" mi="1" ci="0" mb="0" cb="0" />
      <line nr="1058" mi="2" ci="0" mb="0" cb="0" />
      <line nr="1060" mi="1" ci="0" mb="0" cb="0" />
      <line nr="1062" mi="1" ci="0" mb="0" cb="0" />
      <line nr="1063" mi="1" ci="0" mb="0" cb="0" />
      <line nr="1064" mi="1" ci="0" mb="0" cb="0" />
      <line nr="1065" mi="1" ci="0" mb="0" cb="0" />
      <line nr="1066" mi="2" ci="0" mb="0" cb="0" />
      <line nr="1067" mi="1" ci="0" mb="0" cb="0" />
      <line nr="1073" mi="1" ci="0" mb="0" cb="0" />
      <line nr="1074" mi="1" ci="0" mb="0" cb="0" />
      <line nr="1075" mi="1" ci="0" mb="0" cb="0" />
      <line nr="1076" mi="1" ci="0" mb="0" cb="0" />
      <line nr="1077" mi="2" ci="0" mb="0" cb="0" />
      <line nr="1078" mi="1" ci="0" mb="0" cb="0" />
      <line nr="1081" mi="1" ci="0" mb="0" cb="0" />
      <line nr="1082" mi="1" ci="0" mb="0" cb="0" />
      <line nr="1083" mi="2" ci="0" mb="0" cb="0" />
      <line nr="1084" mi="1" ci="0" mb="0" cb="0" />
      <line nr="1087" mi="1" ci="0" mb="0" cb="0" />
      <line nr="1088" mi="1" ci="0" mb="0" cb="0" />
      <line nr="1089" mi="2" ci="0" mb="0" cb="0" />
      <line nr="1090" mi="1" ci="0" mb="0" cb="0" />
      <line nr="1096" mi="1" ci="0" mb="0" cb="0" />
      <line nr="1097" mi="1" ci="0" mb="0" cb="0" />
      <line nr="1098" mi="1" ci="0" mb="0" cb="0" />
      <line nr="1099" mi="1" ci="0" mb="0" cb="0" />
      <line nr="1100" mi="2" ci="0" mb="0" cb="0" />
      <line nr="1101" mi="1" ci="0" mb="0" cb="0" />
      <line nr="1104" mi="1" ci="0" mb="0" cb="0" />
      <line nr="1105" mi="1" ci="0" mb="0" cb="0" />
      <line nr="1106" mi="2" ci="0" mb="0" cb="0" />
      <line nr="1107" mi="1" ci="0" mb="0" cb="0" />
      <line nr="1110" mi="1" ci="0" mb="0" cb="0" />
      <line nr="1111" mi="1" ci="0" mb="0" cb="0" />
      <line nr="1112" mi="2" ci="0" mb="0" cb="0" />
      <line nr="1113" mi="1" ci="0" mb="0" cb="0" />
      <line nr="1119" mi="1" ci="0" mb="0" cb="0" />
      <line nr="1120" mi="1" ci="0" mb="0" cb="0" />
      <line nr="1121" mi="1" ci="0" mb="0" cb="0" />
      <line nr="1122" mi="1" ci="0" mb="0" cb="0" />
      <line nr="1123" mi="2" ci="0" mb="0" cb="0" />
      <line nr="1124" mi="1" ci="0" mb="0" cb="0" />
      <line nr="1127" mi="1" ci="0" mb="0" cb="0" />
      <line nr="1128" mi="1" ci="0" mb="0" cb="0" />
      <line nr="1129" mi="2" ci="0" mb="0" cb="0" />
      <line nr="1130" mi="1" ci="0" mb="0" cb="0" />
      <line nr="1133" mi="1" ci="0" mb="0" cb="0" />
      <line nr="1134" mi="1" ci="0" mb="0" cb="0" />
      <line nr="1135" mi="2" ci="0" mb="0" cb="0" />
      <line nr="1136" mi="1" ci="0" mb="0" cb="0" />
      <line nr="1142" mi="1" ci="0" mb="0" cb="0" />
      <line nr="1144" mi="1" ci="0" mb="0" cb="0" />
      <line nr="1145" mi="1" ci="0" mb="0" cb="0" />
      <line nr="1146" mi="1" ci="0" mb="0" cb="0" />
      <line nr="1147" mi="2" ci="0" mb="0" cb="0" />
      <line nr="1150" mi="1" ci="0" mb="0" cb="0" />
      <line nr="1151" mi="1" ci="0" mb="0" cb="0" />
      <line nr="1152" mi="1" ci="0" mb="0" cb="0" />
      <line nr="1153" mi="1" ci="0" mb="0" cb="0" />
      <line nr="1154" mi="2" ci="0" mb="0" cb="0" />
      <line nr="1155" mi="1" ci="0" mb="0" cb="0" />
      <line nr="1156" mi="1" ci="0" mb="0" cb="0" />
      <line nr="1157" mi="1" ci="0" mb="0" cb="0" />
      <line nr="1158" mi="1" ci="0" mb="0" cb="0" />
      <line nr="1159" mi="1" ci="0" mb="0" cb="0" />
      <line nr="1160" mi="1" ci="0" mb="0" cb="0" />
      <line nr="1161" mi="1" ci="0" mb="0" cb="0" />
      <line nr="1162" mi="1" ci="0" mb="0" cb="0" />
      <line nr="1168" mi="1" ci="0" mb="0" cb="0" />
      <line nr="1169" mi="1" ci="0" mb="0" cb="0" />
      <line nr="1170" mi="2" ci="0" mb="0" cb="0" />
      <line nr="1173" mi="1" ci="0" mb="0" cb="0" />
      <line nr="1174" mi="1" ci="0" mb="0" cb="0" />
      <line nr="1175" mi="1" ci="0" mb="0" cb="0" />
      <line nr="1176" mi="1" ci="0" mb="0" cb="0" />
      <line nr="1177" mi="2" ci="0" mb="0" cb="0" />
      <line nr="1178" mi="1" ci="0" mb="0" cb="0" />
      <line nr="1179" mi="1" ci="0" mb="0" cb="0" />
      <line nr="1180" mi="1" ci="0" mb="0" cb="0" />
      <line nr="1181" mi="1" ci="0" mb="0" cb="0" />
      <line nr="1182" mi="1" ci="0" mb="0" cb="0" />
      <line nr="1183" mi="1" ci="0" mb="0" cb="0" />
      <line nr="1184" mi="1" ci="0" mb="0" cb="0" />
      <line nr="1185" mi="1" ci="0" mb="0" cb="0" />
      <line nr="1192" mi="1" ci="0" mb="0" cb="0" />
      <line nr="1198" mi="1" ci="0" mb="0" cb="0" />
      <line nr="1199" mi="1" ci="0" mb="0" cb="0" />
      <line nr="1200" mi="1" ci="0" mb="0" cb="0" />
      <line nr="1201" mi="1" ci="0" mb="0" cb="0" />
      <line nr="1202" mi="2" ci="0" mb="0" cb="0" />
      <line nr="1203" mi="1" ci="0" mb="0" cb="0" />
      <line nr="1204" mi="1" ci="0" mb="0" cb="0" />
      <line nr="1205" mi="1" ci="0" mb="0" cb="0" />
      <line nr="1206" mi="1" ci="0" mb="0" cb="0" />
      <line nr="1207" mi="1" ci="0" mb="0" cb="0" />
      <line nr="1208" mi="4" ci="0" mb="0" cb="0" />
      <line nr="1209" mi="1" ci="0" mb="0" cb="0" />
      <line nr="1210" mi="1" ci="0" mb="0" cb="0" />
      <line nr="1213" mi="1" ci="0" mb="0" cb="0" />
      <line nr="1214" mi="1" ci="0" mb="0" cb="0" />
      <line nr="1215" mi="2" ci="0" mb="0" cb="0" />
      <line nr="1218" mi="2" ci="0" mb="0" cb="0" />
      <line nr="1223" mi="1" ci="0" mb="0" cb="0" />
      <line nr="1224" mi="2" ci="0" mb="0" cb="0" />
      <line nr="1227" mi="1" ci="0" mb="0" cb="0" />
      <line nr="1228" mi="1" ci="0" mb="0" cb="0" />
      <line nr="1229" mi="1" ci="0" mb="0" cb="0" />
      <line nr="1230" mi="1" ci="0" mb="0" cb="0" />
      <line nr="1231" mi="2" ci="0" mb="0" cb="0" />
      <line nr="1232" mi="1" ci="0" mb="0" cb="0" />
      <line nr="1233" mi="1" ci="0" mb="0" cb="0" />
      <line nr="1234" mi="1" ci="0" mb="0" cb="0" />
      <line nr="1235" mi="1" ci="0" mb="0" cb="0" />
      <line nr="1236" mi="1" ci="0" mb="0" cb="0" />
      <line nr="1237" mi="1" ci="0" mb="0" cb="0" />
      <line nr="1238" mi="1" ci="0" mb="0" cb="0" />
      <line nr="1239" mi="1" ci="0" mb="0" cb="0" />
      <line nr="1244" mi="1" ci="0" mb="0" cb="0" />
      <line nr="1295" mi="0" ci="2" mb="0" cb="0" />
      <line nr="1297" mi="0" ci="1" mb="0" cb="0" />
      <line nr="1298" mi="0" ci="2" mb="0" cb="0" />
      <line nr="1301" mi="0" ci="1" mb="0" cb="0" />
      <line nr="1302" mi="0" ci="1" mb="0" cb="0" />
      <line nr="1303" mi="0" ci="1" mb="0" cb="0" />
      <line nr="1306" mi="0" ci="1" mb="0" cb="0" />
      <line nr="1307" mi="0" ci="1" mb="0" cb="0" />
      <line nr="1308" mi="0" ci="1" mb="0" cb="0" />
      <line nr="1309" mi="0" ci="1" mb="0" cb="0" />
      <line nr="1310" mi="0" ci="1" mb="0" cb="0" />
      <line nr="1313" mi="0" ci="1" mb="0" cb="0" />
      <line nr="1314" mi="0" ci="1" mb="0" cb="0" />
      <line nr="1318" mi="0" ci="1" mb="0" cb="0" />
      <line nr="1319" mi="0" ci="1" mb="0" cb="0" />
      <line nr="1320" mi="2" ci="0" mb="0" cb="0" />
      <line nr="1322" mi="0" ci="1" mb="0" cb="0" />
      <line nr="1323" mi="1" ci="0" mb="0" cb="0" />
      <line nr="1326" mi="0" ci="1" mb="0" cb="0" />
      <line nr="1330" mi="0" ci="1" mb="0" cb="0" />
      <line nr="1331" mi="0" ci="1" mb="0" cb="0" />
      <line nr="1332" mi="0" ci="1" mb="0" cb="0" />
      <line nr="1333" mi="0" ci="1" mb="0" cb="0" />
      <line nr="1334" mi="0" ci="1" mb="0" cb="0" />
      <line nr="1335" mi="0" ci="1" mb="0" cb="0" />
      <line nr="1336" mi="0" ci="1" mb="0" cb="0" />
      <line nr="1339" mi="0" ci="1" mb="0" cb="0" />
      <line nr="1340" mi="0" ci="1" mb="0" cb="0" />
      <line nr="1344" mi="0" ci="1" mb="0" cb="0" />
      <line nr="1347" mi="0" ci="1" mb="0" cb="0" />
      <line nr="1348" mi="0" ci="1" mb="0" cb="0" />
      <line nr="1349" mi="0" ci="1" mb="0" cb="0" />
      <line nr="1351" mi="0" ci="1" mb="0" cb="0" />
      <line nr="1352" mi="0" ci="1" mb="0" cb="0" />
      <line nr="1353" mi="0" ci="1" mb="0" cb="0" />
      <line nr="1354" mi="0" ci="1" mb="0" cb="0" />
      <line nr="1358" mi="0" ci="2" mb="0" cb="0" />
      <line nr="1361" mi="0" ci="1" mb="0" cb="0" />
      <line nr="1362" mi="0" ci="1" mb="0" cb="0" />
      <line nr="1363" mi="0" ci="1" mb="0" cb="0" />
      <line nr="1364" mi="0" ci="1" mb="0" cb="0" />
      <line nr="1368" mi="0" ci="2" mb="0" cb="0" />
      <line nr="1371" mi="0" ci="1" mb="0" cb="0" />
      <line nr="1372" mi="0" ci="1" mb="0" cb="0" />
      <line nr="1373" mi="0" ci="2" mb="0" cb="0" />
      <line nr="1376" mi="0" ci="1" mb="0" cb="0" />
      <line nr="1377" mi="0" ci="1" mb="0" cb="0" />
      <line nr="1378" mi="0" ci="2" mb="0" cb="0" />
      <line nr="1381" mi="0" ci="1" mb="0" cb="0" />
      <line nr="1382" mi="0" ci="2" mb="0" cb="0" />
      <line nr="1383" mi="0" ci="1" mb="0" cb="0" />
      <line nr="1384" mi="0" ci="1" mb="0" cb="0" />
      <line nr="1385" mi="0" ci="1" mb="0" cb="0" />
      <line nr="1386" mi="0" ci="1" mb="0" cb="0" />
      <line nr="1387" mi="0" ci="1" mb="0" cb="0" />
      <line nr="1388" mi="0" ci="2" mb="0" cb="0" />
      <line nr="1389" mi="0" ci="2" mb="0" cb="0" />
      <line nr="1390" mi="0" ci="2" mb="0" cb="0" />
      <line nr="1391" mi="0" ci="2" mb="0" cb="0" />
      <line nr="1392" mi="0" ci="2" mb="0" cb="0" />
      <line nr="1393" mi="0" ci="1" mb="0" cb="0" />
      <line nr="1394" mi="0" ci="1" mb="0" cb="0" />
      <line nr="1395" mi="0" ci="1" mb="0" cb="0" />
      <line nr="1396" mi="0" ci="2" mb="0" cb="0" />
      <line nr="1397" mi="0" ci="4" mb="0" cb="0" />
      <line nr="1398" mi="0" ci="2" mb="0" cb="0" />
      <line nr="1399" mi="0" ci="2" mb="0" cb="0" />
      <line nr="1403" mi="0" ci="1" mb="0" cb="0" />
      <line nr="1404" mi="0" ci="1" mb="0" cb="0" />
      <line nr="1405" mi="0" ci="2" mb="0" cb="0" />
      <line nr="1408" mi="0" ci="1" mb="0" cb="0" />
      <line nr="1409" mi="0" ci="3" mb="0" cb="0" />
      <line nr="1410" mi="0" ci="1" mb="0" cb="0" />
      <line nr="1411" mi="0" ci="1" mb="0" cb="0" />
      <line nr="1413" mi="0" ci="1" mb="0" cb="0" />
      <line nr="1416" mi="2" ci="0" mb="0" cb="0" />
      <line nr="1419" mi="1" ci="0" mb="0" cb="0" />
      <line nr="1420" mi="3" ci="0" mb="0" cb="0" />
      <line nr="1421" mi="1" ci="0" mb="0" cb="0" />
      <line nr="1422" mi="1" ci="0" mb="0" cb="0" />
      <line nr="1427" mi="0" ci="1" mb="0" cb="0" />
      <line nr="1429" mi="0" ci="1" mb="0" cb="0" />
      <line nr="1430" mi="0" ci="1" mb="0" cb="0" />
      <line nr="1431" mi="0" ci="2" mb="0" cb="0" />
      <line nr="1436" mi="0" ci="1" mb="0" cb="0" />
      <line nr="1437" mi="0" ci="1" mb="0" cb="0" />
      <line nr="1438" mi="5" ci="2" mb="0" cb="0" />
      <line nr="1439" mi="0" ci="2" mb="0" cb="0" />
      <line nr="1444" mi="0" ci="2" mb="0" cb="0" />
      <line nr="1445" mi="7" ci="0" mb="0" cb="0" />
      <line nr="1449" mi="0" ci="2" mb="0" cb="0" />
      <line nr="1450" mi="0" ci="1" mb="0" cb="0" />
      <line nr="1451" mi="0" ci="1" mb="0" cb="0" />
      <line nr="1452" mi="1" ci="1" mb="0" cb="0" />
      <line nr="1453" mi="1" ci="1" mb="0" cb="0" />
      <line nr="1454" mi="1" ci="1" mb="0" cb="0" />
      <line nr="1457" mi="0" ci="1" mb="0" cb="0" />
      <line nr="1458" mi="0" ci="1" mb="0" cb="0" />
      <line nr="1459" mi="2" ci="2" mb="0" cb="0" />
      <line nr="1462" mi="0" ci="3" mb="0" cb="0" />
      <line nr="1466" mi="0" ci="2" mb="0" cb="0" />
      <line nr="1467" mi="3" ci="4" mb="0" cb="0" />
      <line nr="1471" mi="4" ci="0" mb="0" cb="0" />
      <line nr="1472" mi="4" ci="0" mb="0" cb="0" />
      <line nr="1475" mi="1" ci="0" mb="0" cb="0" />
      <line nr="1478" mi="0" ci="1" mb="0" cb="0" />
      <line nr="1479" mi="0" ci="1" mb="0" cb="0" />
      <counter type="INSTRUCTION" missed="419" covered="450" />
      <counter type="LINE" missed="331" covered="375" />
      <counter type="METHOD" missed="4" covered="9" />
      <counter type="CLASS" missed="0" covered="1" />
    </sourcefile>
    <sourcefile name="Modules/NetCleanPhase4.ps1">
      <line nr="27" mi="2" ci="0" mb="0" cb="0" />
      <line nr="29" mi="2" ci="0" mb="0" cb="0" />
      <line nr="31" mi="2" ci="0" mb="0" cb="0" />
      <line nr="32" mi="2" ci="0" mb="0" cb="0" />
      <line nr="34" mi="4" ci="0" mb="0" cb="0" />
      <line nr="35" mi="4" ci="0" mb="0" cb="0" />
      <line nr="37" mi="2" ci="0" mb="0" cb="0" />
      <line nr="38" mi="2" ci="0" mb="0" cb="0" />
      <line nr="40" mi="1" ci="0" mb="0" cb="0" />
      <line nr="41" mi="1" ci="0" mb="0" cb="0" />
      <line nr="43" mi="1" ci="0" mb="0" cb="0" />
      <line nr="44" mi="1" ci="0" mb="0" cb="0" />
      <line nr="45" mi="2" ci="0" mb="0" cb="0" />
      <line nr="46" mi="2" ci="0" mb="0" cb="0" />
      <line nr="47" mi="1" ci="0" mb="0" cb="0" />
      <line nr="50" mi="1" ci="0" mb="0" cb="0" />
      <line nr="51" mi="1" ci="0" mb="0" cb="0" />
      <line nr="52" mi="2" ci="0" mb="0" cb="0" />
      <line nr="56" mi="1" ci="0" mb="0" cb="0" />
      <line nr="57" mi="1" ci="0" mb="0" cb="0" />
      <line nr="58" mi="2" ci="0" mb="0" cb="0" />
      <line nr="59" mi="2" ci="0" mb="0" cb="0" />
      <line nr="60" mi="1" ci="0" mb="0" cb="0" />
      <line nr="63" mi="1" ci="0" mb="0" cb="0" />
      <line nr="64" mi="1" ci="0" mb="0" cb="0" />
      <line nr="65" mi="2" ci="0" mb="0" cb="0" />
      <line nr="69" mi="2" ci="0" mb="0" cb="0" />
      <line nr="71" mi="1" ci="0" mb="0" cb="0" />
      <line nr="73" mi="1" ci="0" mb="0" cb="0" />
      <line nr="74" mi="1" ci="0" mb="0" cb="0" />
      <line nr="75" mi="1" ci="0" mb="0" cb="0" />
      <line nr="76" mi="1" ci="0" mb="0" cb="0" />
      <line nr="77" mi="1" ci="0" mb="0" cb="0" />
      <line nr="78" mi="1" ci="0" mb="0" cb="0" />
      <line nr="79" mi="3" ci="0" mb="0" cb="0" />
      <line nr="105" mi="3" ci="0" mb="0" cb="0" />
      <line nr="107" mi="1" ci="0" mb="0" cb="0" />
      <line nr="109" mi="1" ci="0" mb="0" cb="0" />
      <line nr="110" mi="1" ci="0" mb="0" cb="0" />
      <line nr="111" mi="1" ci="0" mb="0" cb="0" />
      <line nr="114" mi="1" ci="0" mb="0" cb="0" />
      <line nr="115" mi="2" ci="0" mb="0" cb="0" />
      <line nr="116" mi="1" ci="0" mb="0" cb="0" />
      <line nr="117" mi="1" ci="0" mb="0" cb="0" />
      <line nr="118" mi="1" ci="0" mb="0" cb="0" />
      <line nr="119" mi="1" ci="0" mb="0" cb="0" />
      <line nr="120" mi="1" ci="0" mb="0" cb="0" />
      <line nr="121" mi="2" ci="0" mb="0" cb="0" />
      <line nr="122" mi="2" ci="0" mb="0" cb="0" />
      <line nr="123" mi="2" ci="0" mb="0" cb="0" />
      <line nr="124" mi="1" ci="0" mb="0" cb="0" />
      <line nr="128" mi="4" ci="0" mb="0" cb="0" />
      <line nr="131" mi="2" ci="0" mb="0" cb="0" />
      <line nr="132" mi="1" ci="0" mb="0" cb="0" />
      <line nr="133" mi="3" ci="0" mb="0" cb="0" />
      <line nr="136" mi="1" ci="0" mb="0" cb="0" />
      <line nr="139" mi="1" ci="0" mb="0" cb="0" />
      <line nr="140" mi="3" ci="0" mb="0" cb="0" />
      <line nr="143" mi="1" ci="0" mb="0" cb="0" />
      <line nr="146" mi="1" ci="0" mb="0" cb="0" />
      <line nr="147" mi="3" ci="0" mb="0" cb="0" />
      <line nr="150" mi="1" ci="0" mb="0" cb="0" />
      <line nr="155" mi="3" ci="0" mb="0" cb="0" />
      <line nr="156" mi="3" ci="0" mb="0" cb="0" />
      <line nr="158" mi="1" ci="0" mb="0" cb="0" />
      <line nr="161" mi="0" ci="1" mb="0" cb="0" />
      <line nr="162" mi="0" ci="1" mb="0" cb="0" />
      <counter type="INSTRUCTION" missed="106" covered="2" />
      <counter type="LINE" missed="65" covered="2" />
      <counter type="METHOD" missed="2" covered="1" />
      <counter type="CLASS" missed="1" covered="0" />
    </sourcefile>
    <counter type="INSTRUCTION" missed="1289" covered="2059" />
    <counter type="LINE" missed="934" covered="1541" />
    <counter type="METHOD" missed="19" covered="56" />
    <counter type="CLASS" missed="2" covered="3" />
  </package>
  <counter type="INSTRUCTION" missed="1682" covered="2086" />
  <counter type="LINE" missed="1239" covered="1566" />
  <counter type="METHOD" missed="33" covered="58" />
  <counter type="CLASS" missed="2" covered="4" />
</report>
