<?xml version="1.0" encoding="utf-8" standalone="no"?>
<testsuites xmlns:xsi="http://www.w3.org/2001/XMLSchema-instance" xsi:noNamespaceSchemaLocation="junit_schema_4.xsd" name="Pester" tests="233" errors="0" failures="93" disabled="0" time="2075.439">
  <testsuite name="E:\DevRepos\NetworkCleaner\netclean\tests\Functional\NetClean.Launcher.Functional.Tests.ps1" tests="11" errors="0" failures="7" hostname="BADROCK-PC" id="0" skipped="0" disabled="0" package="E:\DevRepos\NetworkCleaner\netclean\tests\Functional\NetClean.Launcher.Functional.Tests.ps1" time="3.360">
    <properties>
      <property name="clr-version" value="4.0.30319.42000" />
      <property name="user-domain" value="BADROCK-PC" />
      <property name="cwd" value="E:\DevRepos\NetworkCleaner\netclean" />
      <property name="platform" value="Microsoft Windows 11 Pro|C:\WINDOWS|\Device\Harddisk0\Partition3" />
      <property name="machine-name" value="BADROCK-PC" />
      <property name="framework-version" value="5.7.1" />
      <property name="os-version" value="10.0.26200" />
      <property name="junit-version" value="4" />
      <property name="user" value="seanw" />
    </properties>
    <testcase name="NetClean launcher functional tests.Read-NetCleanOption behavior.Preview mode forces DryRun even when DryRun not specified" status="Failed" classname="E:\DevRepos\NetworkCleaner\netclean\tests\Functional\NetClean.Launcher.Functional.Tests.ps1" assertions="0" time="0.313">
      <failure message="CommandNotFoundException: The term 'Read-NetCleanOption' is not recognized as the name of a cmdlet, function, script file, or operable program. Check the spelling of the name, or if a path was included, verify that the path is correct and try again.">at &lt;ScriptBlock&gt;, E:\DevRepos\NetworkCleaner\netclean\tests\Functional\NetClean.Launcher.Functional.Tests.ps1:26</failure>
    </testcase>
    <testcase name="NetClean launcher functional tests.Read-NetCleanOption behavior.explicit DryRun switch is preserved" status="Failed" classname="E:\DevRepos\NetworkCleaner\netclean\tests\Functional\NetClean.Launcher.Functional.Tests.ps1" assertions="0" time="0.100">
      <failure message="CommandNotFoundException: The term 'Read-NetCleanOption' is not recognized as the name of a cmdlet, function, script file, or operable program. Check the spelling of the name, or if a path was included, verify that the path is correct and try again.">at &lt;ScriptBlock&gt;, E:\DevRepos\NetworkCleaner\netclean\tests\Functional\NetClean.Launcher.Functional.Tests.ps1:34</failure>
    </testcase>
    <testcase name="NetClean launcher functional tests.Read-NetCleanOption behavior.returns Skip switches when provided" status="Failed" classname="E:\DevRepos\NetworkCleaner\netclean\tests\Functional\NetClean.Launcher.Functional.Tests.ps1" assertions="0" time="0.100">
      <failure message="CommandNotFoundException: The term 'Read-NetCleanOption' is not recognized as the name of a cmdlet, function, script file, or operable program. Check the spelling of the name, or if a path was included, verify that the path is correct and try again.">at &lt;ScriptBlock&gt;, E:\DevRepos\NetworkCleaner\netclean\tests\Functional\NetClean.Launcher.Functional.Tests.ps1:42</failure>
    </testcase>
    <testcase name="NetClean launcher functional tests.Read-NetCleanOption behavior.throws when PerformanceTune mode lacks PerformanceProfile" status="Passed" classname="E:\DevRepos\NetworkCleaner\netclean\tests\Functional\NetClean.Launcher.Functional.Tests.ps1" assertions="0" time="0.135" />
    <testcase name="NetClean launcher functional tests.Read-NetCleanOption behavior.accepts valid PerformanceProfile when provided" status="Failed" classname="E:\DevRepos\NetworkCleaner\netclean\tests\Functional\NetClean.Launcher.Functional.Tests.ps1" assertions="0" time="0.105">
      <failure message="CommandNotFoundException: The term 'Read-NetCleanOption' is not recognized as the name of a cmdlet, function, script file, or operable program. Check the spelling of the name, or if a path was included, verify that the path is correct and try again.">at &lt;ScriptBlock&gt;, E:\DevRepos\NetworkCleaner\netclean\tests\Functional\NetClean.Launcher.Functional.Tests.ps1:62</failure>
    </testcase>
    <testcase name="NetClean launcher functional tests.Launcher workflow invocation.calls workflow when script executes Preview mode" status="Failed" classname="E:\DevRepos\NetworkCleaner\netclean\tests\Functional\NetClean.Launcher.Functional.Tests.ps1" assertions="0" time="0.199">
      <failure message="CommandNotFoundException: The term 'Read-NetCleanOption' is not recognized as the name of a cmdlet, function, script file, or operable program. Check the spelling of the name, or if a path was included, verify that the path is correct and try again.">at &lt;ScriptBlock&gt;, E:\DevRepos\NetworkCleaner\netclean\tests\Functional\NetClean.Launcher.Functional.Tests.ps1:91</failure>
    </testcase>
    <testcase name="NetClean launcher functional tests.Launcher workflow invocation.passes Skip switches into workflow" status="Failed" classname="E:\DevRepos\NetworkCleaner\netclean\tests\Functional\NetClean.Launcher.Functional.Tests.ps1" assertions="0" time="0.147">
      <failure message="CommandNotFoundException: The term 'Read-NetCleanOption' is not recognized as the name of a cmdlet, function, script file, or operable program. Check the spelling of the name, or if a path was included, verify that the path is correct and try again.">at &lt;ScriptBlock&gt;, E:\DevRepos\NetworkCleaner\netclean\tests\Functional\NetClean.Launcher.Functional.Tests.ps1:106</failure>
    </testcase>
    <testcase name="NetClean launcher functional tests.Launcher workflow invocation.passes PerformanceProfile when using PerformanceTune mode" status="Failed" classname="E:\DevRepos\NetworkCleaner\netclean\tests\Functional\NetClean.Launcher.Functional.Tests.ps1" assertions="0" time="0.146">
      <failure message="CommandNotFoundException: The term 'Read-NetCleanOption' is not recognized as the name of a cmdlet, function, script file, or operable program. Check the spelling of the name, or if a path was included, verify that the path is correct and try again.">at &lt;ScriptBlock&gt;, E:\DevRepos\NetworkCleaner\netclean\tests\Functional\NetClean.Launcher.Functional.Tests.ps1:125</failure>
    </testcase>
    <testcase name="NetClean launcher functional tests.Logging initialization.initializes logging before workflow execution" status="Passed" classname="E:\DevRepos\NetworkCleaner\netclean\tests\Functional\NetClean.Launcher.Functional.Tests.ps1" assertions="0" time="0.330" />
    <testcase name="NetClean launcher functional tests.Console output behavior.prints verification success message when workflow passes" status="Passed" classname="E:\DevRepos\NetworkCleaner\netclean\tests\Functional\NetClean.Launcher.Functional.Tests.ps1" assertions="0" time="0.117" />
    <testcase name="NetClean launcher functional tests.Console output behavior.detects verification failure from workflow output" status="Passed" classname="E:\DevRepos\NetworkCleaner\netclean\tests\Functional\NetClean.Launcher.Functional.Tests.ps1" assertions="0" time="0.106" />
  </testsuite>
  <testsuite name="E:\DevRepos\NetworkCleaner\netclean\tests\Functional\NetClean.Workflow.Functional.Tests.ps1" tests="9" errors="0" failures="9" hostname="BADROCK-PC" id="1" skipped="0" disabled="0" package="E:\DevRepos\NetworkCleaner\netclean\tests\Functional\NetClean.Workflow.Functional.Tests.ps1" time="2.159">
    <properties>
      <property name="clr-version" value="4.0.30319.42000" />
      <property name="user-domain" value="BADROCK-PC" />
      <property name="cwd" value="E:\DevRepos\NetworkCleaner\netclean" />
      <property name="platform" value="Microsoft Windows 11 Pro|C:\WINDOWS|\Device\Harddisk0\Partition3" />
      <property name="machine-name" value="BADROCK-PC" />
      <property name="framework-version" value="5.7.1" />
      <property name="os-version" value="10.0.26200" />
      <property name="junit-version" value="4" />
      <property name="user" value="seanw" />
    </properties>
    <testcase name="NetClean workflow functional tests.Preview mode.runs Detect and Protect only, then returns the Protect context with timings" status="Failed" classname="E:\DevRepos\NetworkCleaner\netclean\tests\Functional\NetClean.Workflow.Functional.Tests.ps1" assertions="0" time="0.176">
      <failure message="CommandNotFoundException: Could not find Command Get-NetworkListProfileNames"></failure>
    </testcase>
    <testcase name="NetClean workflow functional tests.SafeConferencePrep mode.runs all four phases and returns a Verify context" status="Failed" classname="E:\DevRepos\NetworkCleaner\netclean\tests\Functional\NetClean.Workflow.Functional.Tests.ps1" assertions="0" time="0.172">
      <failure message="CommandNotFoundException: Could not find Command Get-NetworkListProfileNames"></failure>
    </testcase>
    <testcase name="NetClean workflow functional tests.SafeConferencePrep mode.passes skip switches through to Phase 3" status="Failed" classname="E:\DevRepos\NetworkCleaner\netclean\tests\Functional\NetClean.Workflow.Functional.Tests.ps1" assertions="0" time="0.158">
      <failure message="CommandNotFoundException: Could not find Command Get-NetworkListProfileNames"></failure>
    </testcase>
    <testcase name="NetClean workflow functional tests.AdvancedRepair mode.passes AdvancedRepair mode through to Phase 3" status="Failed" classname="E:\DevRepos\NetworkCleaner\netclean\tests\Functional\NetClean.Workflow.Functional.Tests.ps1" assertions="0" time="0.162">
      <failure message="CommandNotFoundException: Could not find Command Get-NetworkListProfileNames"></failure>
    </testcase>
    <testcase name="NetClean workflow functional tests.PerformanceTune mode.throws when PerformanceProfile is not provided" status="Failed" classname="E:\DevRepos\NetworkCleaner\netclean\tests\Functional\NetClean.Workflow.Functional.Tests.ps1" assertions="0" time="0.122">
      <failure message="CommandNotFoundException: Could not find Command Get-NetworkListProfileNames"></failure>
    </testcase>
    <testcase name="NetClean workflow functional tests.PerformanceTune mode.passes PerformanceProfile through to Phase 3" status="Failed" classname="E:\DevRepos\NetworkCleaner\netclean\tests\Functional\NetClean.Workflow.Functional.Tests.ps1" assertions="0" time="0.161">
      <failure message="CommandNotFoundException: Could not find Command Get-NetworkListProfileNames"></failure>
    </testcase>
    <testcase name="NetClean workflow functional tests.PerformanceTune mode.stores PerformanceProfile on the returned context" status="Failed" classname="E:\DevRepos\NetworkCleaner\netclean\tests\Functional\NetClean.Workflow.Functional.Tests.ps1" assertions="0" time="0.162">
      <failure message="CommandNotFoundException: Could not find Command Get-NetworkListProfileNames"></failure>
    </testcase>
    <testcase name="NetClean workflow functional tests.Shared workflow behavior.preserves BackupPath across phases even when later phases omit it" status="Failed" classname="E:\DevRepos\NetworkCleaner\netclean\tests\Functional\NetClean.Workflow.Functional.Tests.ps1" assertions="0" time="0.165">
      <failure message="CommandNotFoundException: Could not find Command Get-NetworkListProfileNames"></failure>
    </testcase>
    <testcase name="NetClean workflow functional tests.Shared workflow behavior.adds timings for all phases in non-preview flows" status="Failed" classname="E:\DevRepos\NetworkCleaner\netclean\tests\Functional\NetClean.Workflow.Functional.Tests.ps1" assertions="0" time="0.159">
      <failure message="CommandNotFoundException: Could not find Command Get-NetworkListProfileNames"></failure>
    </testcase>
  </testsuite>
  <testsuite name="E:\DevRepos\NetworkCleaner\netclean\tests\Integration\NetClean.Module.Integration.Tests.ps1" tests="6" errors="0" failures="0" hostname="BADROCK-PC" id="2" skipped="0" disabled="0" package="E:\DevRepos\NetworkCleaner\netclean\tests\Integration\NetClean.Module.Integration.Tests.ps1" time="0.493">
    <properties>
      <property name="clr-version" value="4.0.30319.42000" />
      <property name="user-domain" value="BADROCK-PC" />
      <property name="cwd" value="E:\DevRepos\NetworkCleaner\netclean" />
      <property name="platform" value="Microsoft Windows 11 Pro|C:\WINDOWS|\Device\Harddisk0\Partition3" />
      <property name="machine-name" value="BADROCK-PC" />
      <property name="framework-version" value="5.7.1" />
      <property name="os-version" value="10.0.26200" />
      <property name="junit-version" value="4" />
      <property name="user" value="seanw" />
    </properties>
    <testcase name="NetClean module integration tests.validates the module manifest" status="Passed" classname="E:\DevRepos\NetworkCleaner\netclean\tests\Integration\NetClean.Module.Integration.Tests.ps1" assertions="0" time="0.041" />
    <testcase name="NetClean module integration tests.imports the module manifest without throwing" status="Passed" classname="E:\DevRepos\NetworkCleaner\netclean\tests\Integration\NetClean.Module.Integration.Tests.ps1" assertions="0" time="0.136" />
    <testcase name="NetClean module integration tests.exports the expected primary phase functions" status="Passed" classname="E:\DevRepos\NetworkCleaner\netclean\tests\Integration\NetClean.Module.Integration.Tests.ps1" assertions="0" time="0.059" />
    <testcase name="NetClean module integration tests.exports the expected aliases" status="Passed" classname="E:\DevRepos\NetworkCleaner\netclean\tests\Integration\NetClean.Module.Integration.Tests.ps1" assertions="0" time="0.040" />
    <testcase name="NetClean module integration tests.can access internal helper functions within module scope" status="Passed" classname="E:\DevRepos\NetworkCleaner\netclean\tests\Integration\NetClean.Module.Integration.Tests.ps1" assertions="0" time="0.044" />
    <testcase name="NetClean module integration tests.can access phase implementation functions within module scope" status="Passed" classname="E:\DevRepos\NetworkCleaner\netclean\tests\Integration\NetClean.Module.Integration.Tests.ps1" assertions="0" time="0.055" />
  </testsuite>
  <testsuite name="E:\DevRepos\NetworkCleaner\netclean\tests\Integration\NetClean.Script.Integration.Tests.ps1" tests="5" errors="0" failures="0" hostname="BADROCK-PC" id="3" skipped="0" disabled="0" package="E:\DevRepos\NetworkCleaner\netclean\tests\Integration\NetClean.Script.Integration.Tests.ps1" time="0.995">
    <properties>
      <property name="clr-version" value="4.0.30319.42000" />
      <property name="user-domain" value="BADROCK-PC" />
      <property name="cwd" value="E:\DevRepos\NetworkCleaner\netclean" />
      <property name="platform" value="Microsoft Windows 11 Pro|C:\WINDOWS|\Device\Harddisk0\Partition3" />
      <property name="machine-name" value="BADROCK-PC" />
      <property name="framework-version" value="5.7.1" />
      <property name="os-version" value="10.0.26200" />
      <property name="junit-version" value="4" />
      <property name="user" value="seanw" />
    </properties>
    <testcase name="NetClean script integration tests.dot-sources the launcher script without throwing" status="Passed" classname="E:\DevRepos\NetworkCleaner\netclean\tests\Integration\NetClean.Script.Integration.Tests.ps1" assertions="0" time="0.376" />
    <testcase name="NetClean script integration tests.exposes the expected launcher functions after dot-sourcing" status="Passed" classname="E:\DevRepos\NetworkCleaner\netclean\tests\Integration\NetClean.Script.Integration.Tests.ps1" assertions="0" time="0.159" />
    <testcase name="NetClean script integration tests.Read-NetCleanOption forces DryRun in Preview mode" status="Passed" classname="E:\DevRepos\NetworkCleaner\netclean\tests\Integration\NetClean.Script.Integration.Tests.ps1" assertions="0" time="0.121" />
    <testcase name="NetClean script integration tests.Read-NetCleanOption requires a PerformanceProfile for PerformanceTune mode" status="Passed" classname="E:\DevRepos\NetworkCleaner\netclean\tests\Integration\NetClean.Script.Integration.Tests.ps1" assertions="0" time="0.124" />
    <testcase name="NetClean script integration tests.Read-NetCleanOption accepts a valid performance profile" status="Passed" classname="E:\DevRepos\NetworkCleaner\netclean\tests\Integration\NetClean.Script.Integration.Tests.ps1" assertions="0" time="0.113" />
  </testsuite>
  <testsuite name="E:\DevRepos\NetworkCleaner\netclean\tests\Unit\NetClean.Core.Unit.Tests.ps1" tests="44" errors="0" failures="1" hostname="BADROCK-PC" id="4" skipped="0" disabled="0" package="E:\DevRepos\NetworkCleaner\netclean\tests\Unit\NetClean.Core.Unit.Tests.ps1" time="3.398">
    <properties>
      <property name="clr-version" value="4.0.30319.42000" />
      <property name="user-domain" value="BADROCK-PC" />
      <property name="cwd" value="E:\DevRepos\NetworkCleaner\netclean" />
      <property name="platform" value="Microsoft Windows 11 Pro|C:\WINDOWS|\Device\Harddisk0\Partition3" />
      <property name="machine-name" value="BADROCK-PC" />
      <property name="framework-version" value="5.7.1" />
      <property name="os-version" value="10.0.26200" />
      <property name="junit-version" value="4" />
      <property name="user" value="seanw" />
    </properties>
    <testcase name="NetClean core/shared helper unit tests.Convert-RegKeyPath.normalizes Microsoft.PowerShell.Core registry provider paths" status="Passed" classname="E:\DevRepos\NetworkCleaner\netclean\tests\Unit\NetClean.Core.Unit.Tests.ps1" assertions="0" time="0.047" />
    <testcase name="NetClean core/shared helper unit tests.Convert-RegKeyPath.normalizes Registry:: prefixed paths" status="Passed" classname="E:\DevRepos\NetworkCleaner\netclean\tests\Unit\NetClean.Core.Unit.Tests.ps1" assertions="0" time="0.036" />
    <testcase name="NetClean core/shared helper unit tests.Convert-RegKeyPath.preserves already normalized registry paths" status="Passed" classname="E:\DevRepos\NetworkCleaner\netclean\tests\Unit\NetClean.Core.Unit.Tests.ps1" assertions="0" time="0.033" />
    <testcase name="NetClean core/shared helper unit tests.Convert-RegKeyPath.returns null when input is null" status="Passed" classname="E:\DevRepos\NetworkCleaner\netclean\tests\Unit\NetClean.Core.Unit.Tests.ps1" assertions="0" time="0.028" />
    <testcase name="NetClean core/shared helper unit tests.Convert-RegKeyPath.returns empty string when input is empty" status="Passed" classname="E:\DevRepos\NetworkCleaner\netclean\tests\Unit\NetClean.Core.Unit.Tests.ps1" assertions="0" time="0.028" />
    <testcase name="NetClean core/shared helper unit tests.Convert-RegToProviderPath.converts HKLM path to provider form" status="Passed" classname="E:\DevRepos\NetworkCleaner\netclean\tests\Unit\NetClean.Core.Unit.Tests.ps1" assertions="0" time="0.040" />
    <testcase name="NetClean core/shared helper unit tests.Convert-RegToProviderPath.converts HKCU path to provider form" status="Passed" classname="E:\DevRepos\NetworkCleaner\netclean\tests\Unit\NetClean.Core.Unit.Tests.ps1" assertions="0" time="0.031" />
    <testcase name="NetClean core/shared helper unit tests.Convert-RegToProviderPath.preserves already provider-qualified paths" status="Passed" classname="E:\DevRepos\NetworkCleaner\netclean\tests\Unit\NetClean.Core.Unit.Tests.ps1" assertions="0" time="0.031" />
    <testcase name="NetClean core/shared helper unit tests.Convert-RegToProviderPath.returns null when input is null" status="Passed" classname="E:\DevRepos\NetworkCleaner\netclean\tests\Unit\NetClean.Core.Unit.Tests.ps1" assertions="0" time="0.026" />
    <testcase name="NetClean core/shared helper unit tests.Convert-Guid.normalizes GUIDs with braces and uppercase characters" status="Passed" classname="E:\DevRepos\NetworkCleaner\netclean\tests\Unit\NetClean.Core.Unit.Tests.ps1" assertions="0" time="0.035" />
    <testcase name="NetClean core/shared helper unit tests.Convert-Guid.normalizes GUIDs without braces" status="Passed" classname="E:\DevRepos\NetworkCleaner\netclean\tests\Unit\NetClean.Core.Unit.Tests.ps1" assertions="0" time="0.027" />
    <testcase name="NetClean core/shared helper unit tests.Convert-Guid.returns null for null input" status="Passed" classname="E:\DevRepos\NetworkCleaner\netclean\tests\Unit\NetClean.Core.Unit.Tests.ps1" assertions="0" time="0.027" />
    <testcase name="NetClean core/shared helper unit tests.Convert-Guid.returns null for empty input" status="Passed" classname="E:\DevRepos\NetworkCleaner\netclean\tests\Unit\NetClean.Core.Unit.Tests.ps1" assertions="0" time="0.026" />
    <testcase name="NetClean core/shared helper unit tests.Get-UniqueNonEmptyString.returns distinct non-empty strings only" status="Passed" classname="E:\DevRepos\NetworkCleaner\netclean\tests\Unit\NetClean.Core.Unit.Tests.ps1" assertions="0" time="0.044" />
    <testcase name="NetClean core/shared helper unit tests.Get-UniqueNonEmptyString.returns an empty collection for null input" status="Passed" classname="E:\DevRepos\NetworkCleaner\netclean\tests\Unit\NetClean.Core.Unit.Tests.ps1" assertions="0" time="0.032" />
    <testcase name="NetClean core/shared helper unit tests.Add-HashSetValue.adds a new value to the hashset" status="Passed" classname="E:\DevRepos\NetworkCleaner\netclean\tests\Unit\NetClean.Core.Unit.Tests.ps1" assertions="0" time="0.034" />
    <testcase name="NetClean core/shared helper unit tests.Add-HashSetValue.does not fail when value is already present" status="Passed" classname="E:\DevRepos\NetworkCleaner\netclean\tests\Unit\NetClean.Core.Unit.Tests.ps1" assertions="0" time="0.037" />
    <testcase name="NetClean core/shared helper unit tests.Add-HashSetValue.ignores null or whitespace values" status="Passed" classname="E:\DevRepos\NetworkCleaner\netclean\tests\Unit\NetClean.Core.Unit.Tests.ps1" assertions="0" time="0.031" />
    <testcase name="NetClean core/shared helper unit tests.Compare-StringSet.identifies missing items from baseline to current" status="Passed" classname="E:\DevRepos\NetworkCleaner\netclean\tests\Unit\NetClean.Core.Unit.Tests.ps1" assertions="0" time="0.047" />
    <testcase name="NetClean core/shared helper unit tests.Compare-StringSet.identifies added items from current to baseline" status="Passed" classname="E:\DevRepos\NetworkCleaner\netclean\tests\Unit\NetClean.Core.Unit.Tests.ps1" assertions="0" time="0.037" />
    <testcase name="NetClean core/shared helper unit tests.Compare-StringSet.returns empty differences when sets match" status="Passed" classname="E:\DevRepos\NetworkCleaner\netclean\tests\Unit\NetClean.Core.Unit.Tests.ps1" assertions="0" time="0.044" />
    <testcase name="NetClean core/shared helper unit tests.Test-RegistryPathExist.returns true when Test-Path returns true" status="Passed" classname="E:\DevRepos\NetworkCleaner\netclean\tests\Unit\NetClean.Core.Unit.Tests.ps1" assertions="0" time="0.114" />
    <testcase name="NetClean core/shared helper unit tests.Test-RegistryPathExist.returns false when Test-Path returns false" status="Passed" classname="E:\DevRepos\NetworkCleaner\netclean\tests\Unit\NetClean.Core.Unit.Tests.ps1" assertions="0" time="0.071" />
    <testcase name="NetClean core/shared helper unit tests.Test-RegistryPathExist.returns false when Test-Path throws" status="Passed" classname="E:\DevRepos\NetworkCleaner\netclean\tests\Unit\NetClean.Core.Unit.Tests.ps1" assertions="0" time="0.066" />
    <testcase name="NetClean core/shared helper unit tests.Get-RegistryValuesSafe.returns registry property bag when item properties are available" status="Passed" classname="E:\DevRepos\NetworkCleaner\netclean\tests\Unit\NetClean.Core.Unit.Tests.ps1" assertions="0" time="0.113" />
    <testcase name="NetClean core/shared helper unit tests.Get-RegistryValuesSafe.returns null when Get-ItemProperty throws" status="Passed" classname="E:\DevRepos\NetworkCleaner\netclean\tests\Unit\NetClean.Core.Unit.Tests.ps1" assertions="0" time="0.063" />
    <testcase name="NetClean core/shared helper unit tests.Get-RegistryChildKeyNamesSafe.returns child key names when present" status="Passed" classname="E:\DevRepos\NetworkCleaner\netclean\tests\Unit\NetClean.Core.Unit.Tests.ps1" assertions="0" time="0.115" />
    <testcase name="NetClean core/shared helper unit tests.Get-RegistryChildKeyNamesSafe.returns empty collection when Get-ChildItem throws" status="Passed" classname="E:\DevRepos\NetworkCleaner\netclean\tests\Unit\NetClean.Core.Unit.Tests.ps1" assertions="0" time="0.068" />
    <testcase name="NetClean core/shared helper unit tests.New-DirectoryIfNotExist.creates a directory when it does not already exist" status="Passed" classname="E:\DevRepos\NetworkCleaner\netclean\tests\Unit\NetClean.Core.Unit.Tests.ps1" assertions="0" time="0.036" />
    <testcase name="NetClean core/shared helper unit tests.New-DirectoryIfNotExist.does not throw when the directory already exists" status="Passed" classname="E:\DevRepos\NetworkCleaner\netclean\tests\Unit\NetClean.Core.Unit.Tests.ps1" assertions="0" time="0.035" />
    <testcase name="NetClean core/shared helper unit tests.Get-NetCleanLogFile.returns null when no log file has been initialized" status="Passed" classname="E:\DevRepos\NetworkCleaner\netclean\tests\Unit\NetClean.Core.Unit.Tests.ps1" assertions="0" time="0.028" />
    <testcase name="NetClean core/shared helper unit tests.Get-NetCleanLogFile.returns the current module log file path when initialized" status="Passed" classname="E:\DevRepos\NetworkCleaner\netclean\tests\Unit\NetClean.Core.Unit.Tests.ps1" assertions="0" time="0.027" />
    <testcase name="NetClean core/shared helper unit tests.Start-NetCleanLog.creates a log file in the target directory" status="Passed" classname="E:\DevRepos\NetworkCleaner\netclean\tests\Unit\NetClean.Core.Unit.Tests.ps1" assertions="0" time="0.039" />
    <testcase name="NetClean core/shared helper unit tests.Start-NetCleanLog.creates the directory if it does not exist" status="Passed" classname="E:\DevRepos\NetworkCleaner\netclean\tests\Unit\NetClean.Core.Unit.Tests.ps1" assertions="0" time="0.032" />
    <testcase name="NetClean core/shared helper unit tests.Write-NetCleanLog.writes a log line to the current log file" status="Passed" classname="E:\DevRepos\NetworkCleaner\netclean\tests\Unit\NetClean.Core.Unit.Tests.ps1" assertions="0" time="0.051" />
    <testcase name="NetClean core/shared helper unit tests.Write-NetCleanLog.does not throw when no log file is initialized" status="Passed" classname="E:\DevRepos\NetworkCleaner\netclean\tests\Unit\NetClean.Core.Unit.Tests.ps1" assertions="0" time="0.032" />
    <testcase name="NetClean core/shared helper unit tests.Write-NetCleanLog.writes to the warning stream for WARN level" status="Passed" classname="E:\DevRepos\NetworkCleaner\netclean\tests\Unit\NetClean.Core.Unit.Tests.ps1" assertions="0" time="0.039" />
    <testcase name="NetClean core/shared helper unit tests.Write-NetCleanLog.writes to the error stream for ERROR level" status="Passed" classname="E:\DevRepos\NetworkCleaner\netclean\tests\Unit\NetClean.Core.Unit.Tests.ps1" assertions="0" time="0.040" />
    <testcase name="NetClean core/shared helper unit tests.Invoke-ExternalCommandSafe.returns a successful dry-run result" status="Passed" classname="E:\DevRepos\NetworkCleaner\netclean\tests\Unit\NetClean.Core.Unit.Tests.ps1" assertions="0" time="0.042" />
    <testcase name="NetClean core/shared helper unit tests.Invoke-ExternalCommandSafe.captures successful process execution" status="Passed" classname="E:\DevRepos\NetworkCleaner\netclean\tests\Unit\NetClean.Core.Unit.Tests.ps1" assertions="0" time="0.147" />
    <testcase name="NetClean core/shared helper unit tests.Invoke-ExternalCommandSafe.captures a non-zero exit code" status="Passed" classname="E:\DevRepos\NetworkCleaner\netclean\tests\Unit\NetClean.Core.Unit.Tests.ps1" assertions="0" time="0.072" />
    <testcase name="NetClean core/shared helper unit tests.Invoke-ExternalCommandSafe.returns failure details when Start-Process throws" status="Passed" classname="E:\DevRepos\NetworkCleaner\netclean\tests\Unit\NetClean.Core.Unit.Tests.ps1" assertions="0" time="0.087" />
    <testcase name="NetClean core/shared helper unit tests.Invoke-NetCleanNativeCapture.captures successful native output" status="Passed" classname="E:\DevRepos\NetworkCleaner\netclean\tests\Unit\NetClean.Core.Unit.Tests.ps1" assertions="0" time="0.591" />
    <testcase name="NetClean core/shared helper unit tests.Invoke-NetCleanNativeCapture.captures non-zero exit code and respects IgnoreExitCode" status="Failed" classname="E:\DevRepos\NetworkCleaner\netclean\tests\Unit\NetClean.Core.Unit.Tests.ps1" assertions="0" time="0.034">
      <failure message="ParameterBindingException: A parameter cannot be found that matches parameter name 'Values'.">at &lt;ScriptBlock&gt;, E:\DevRepos\NetworkCleaner\netclean\tests\Unit\NetClean.Core.Unit.Tests.ps1:375</failure>
    </testcase>
  </testsuite>
  <testsuite name="E:\DevRepos\NetworkCleaner\netclean\tests\Unit\NetClean.Phase1.Unit.Tests.ps1" tests="34" errors="0" failures="12" hostname="BADROCK-PC" id="5" skipped="0" disabled="0" package="E:\DevRepos\NetworkCleaner\netclean\tests\Unit\NetClean.Phase1.Unit.Tests.ps1" time="2053.293">
    <properties>
      <property name="clr-version" value="4.0.30319.42000" />
      <property name="user-domain" value="BADROCK-PC" />
      <property name="cwd" value="E:\DevRepos\NetworkCleaner\netclean" />
      <property name="platform" value="Microsoft Windows 11 Pro|C:\WINDOWS|\Device\Harddisk0\Partition3" />
      <property name="machine-name" value="BADROCK-PC" />
      <property name="framework-version" value="5.7.1" />
      <property name="os-version" value="10.0.26200" />
      <property name="junit-version" value="4" />
      <property name="user" value="seanw" />
    </properties>
    <testcase name="NetClean Phase 1 unit tests.Resolve-VendorFromText.returns the matched vendor when known text is present" status="Passed" classname="E:\DevRepos\NetworkCleaner\netclean\tests\Unit\NetClean.Phase1.Unit.Tests.ps1" assertions="0" time="0.056" />
    <testcase name="NetClean Phase 1 unit tests.Resolve-VendorFromText.returns null when no vendor text matches" status="Passed" classname="E:\DevRepos\NetworkCleaner\netclean\tests\Unit\NetClean.Phase1.Unit.Tests.ps1" assertions="0" time="0.055" />
    <testcase name="NetClean Phase 1 unit tests.Resolve-VendorFromText.returns null when input text is null" status="Passed" classname="E:\DevRepos\NetworkCleaner\netclean\tests\Unit\NetClean.Phase1.Unit.Tests.ps1" assertions="0" time="0.026" />
    <testcase name="NetClean Phase 1 unit tests.Get-VendorSignature.returns a normalized vendor signature object when evidence exists" status="Failed" classname="E:\DevRepos\NetworkCleaner\netclean\tests\Unit\NetClean.Phase1.Unit.Tests.ps1" assertions="0" time="0.032">
      <failure message="ParameterBindingException: A parameter cannot be found that matches parameter name 'Item'.">at &lt;ScriptBlock&gt;, E:\DevRepos\NetworkCleaner\netclean\tests\Unit\NetClean.Phase1.Unit.Tests.ps1:49</failure>
    </testcase>
    <testcase name="NetClean Phase 1 unit tests.Get-VendorSignature.returns null when item is null" status="Failed" classname="E:\DevRepos\NetworkCleaner\netclean\tests\Unit\NetClean.Phase1.Unit.Tests.ps1" assertions="0" time="0.026">
      <failure message="ParameterBindingException: A parameter cannot be found that matches parameter name 'Item'.">at &lt;ScriptBlock&gt;, E:\DevRepos\NetworkCleaner\netclean\tests\Unit\NetClean.Phase1.Unit.Tests.ps1:56</failure>
    </testcase>
    <testcase name="NetClean Phase 1 unit tests.Get-WfpStateEvidence.returns evidence when firewall/WFP state is present" status="Failed" classname="E:\DevRepos\NetworkCleaner\netclean\tests\Unit\NetClean.Phase1.Unit.Tests.ps1" assertions="0" time="0.703">
      <failure message="Expected a value, but got $null or empty.">at $result | Should -Not -BeNullOrEmpty, E:\DevRepos\NetworkCleaner\netclean\tests\Unit\NetClean.Phase1.Unit.Tests.ps1:71
at &lt;ScriptBlock&gt;, E:\DevRepos\NetworkCleaner\netclean\tests\Unit\NetClean.Phase1.Unit.Tests.ps1:71</failure>
    </testcase>
    <testcase name="NetClean Phase 1 unit tests.Get-WfpStateEvidence.returns empty when no WFP state evidence is present" status="Passed" classname="E:\DevRepos\NetworkCleaner\netclean\tests\Unit\NetClean.Phase1.Unit.Tests.ps1" assertions="0" time="0.664" />
    <testcase name="NetClean Phase 1 unit tests.Get-NdisFilterClassEvidence.returns evidence when NDIS filter classes are detected" status="Failed" classname="E:\DevRepos\NetworkCleaner\netclean\tests\Unit\NetClean.Phase1.Unit.Tests.ps1" assertions="0" time="0.112">
      <failure message="Expected the actual value to be greater than 0, but got 0.">at $result.Count | Should -BeGreaterThan 0, E:\DevRepos\NetworkCleaner\netclean\tests\Unit\NetClean.Phase1.Unit.Tests.ps1:94
at &lt;ScriptBlock&gt;, E:\DevRepos\NetworkCleaner\netclean\tests\Unit\NetClean.Phase1.Unit.Tests.ps1:94</failure>
    </testcase>
    <testcase name="NetClean Phase 1 unit tests.Get-NdisFilterClassEvidence.returns empty when filter keys are absent" status="Passed" classname="E:\DevRepos\NetworkCleaner\netclean\tests\Unit\NetClean.Phase1.Unit.Tests.ps1" assertions="0" time="0.050" />
    <testcase name="NetClean Phase 1 unit tests.Get-NdisServiceBindingEvidence.returns evidence when service bindings are present" status="Passed" classname="E:\DevRepos\NetworkCleaner\netclean\tests\Unit\NetClean.Phase1.Unit.Tests.ps1" assertions="0" time="0.165" />
    <testcase name="NetClean Phase 1 unit tests.Get-NdisServiceBindingEvidence.returns empty when no service bindings are found" status="Passed" classname="E:\DevRepos\NetworkCleaner\netclean\tests\Unit\NetClean.Phase1.Unit.Tests.ps1" assertions="0" time="0.112" />
    <testcase name="NetClean Phase 1 unit tests.Get-MsiRegistryEvidence.returns evidence when MSI uninstall entries exist" status="Passed" classname="E:\DevRepos\NetworkCleaner\netclean\tests\Unit\NetClean.Phase1.Unit.Tests.ps1" assertions="0" time="0.128" />
    <testcase name="NetClean Phase 1 unit tests.Get-MsiRegistryEvidence.returns empty when no uninstall entries exist" status="Passed" classname="E:\DevRepos\NetworkCleaner\netclean\tests\Unit\NetClean.Phase1.Unit.Tests.ps1" assertions="0" time="0.067" />
    <testcase name="NetClean Phase 1 unit tests.Get-InfFileEvidence.returns evidence when INF files contain vendor text" status="Failed" classname="E:\DevRepos\NetworkCleaner\netclean\tests\Unit\NetClean.Phase1.Unit.Tests.ps1" assertions="0" time="0.179">
      <failure message="Expected the actual value to be greater than 0, but got 0.">at $result.Count | Should -BeGreaterThan 0, E:\DevRepos\NetworkCleaner\netclean\tests\Unit\NetClean.Phase1.Unit.Tests.ps1:160
at &lt;ScriptBlock&gt;, E:\DevRepos\NetworkCleaner\netclean\tests\Unit\NetClean.Phase1.Unit.Tests.ps1:160</failure>
    </testcase>
    <testcase name="NetClean Phase 1 unit tests.Get-InfFileEvidence.returns empty when no INF files match" status="Passed" classname="E:\DevRepos\NetworkCleaner\netclean\tests\Unit\NetClean.Phase1.Unit.Tests.ps1" assertions="0" time="0.061" />
    <testcase name="NetClean Phase 1 unit tests.Get-ScheduledTaskEvidence.returns evidence when a scheduled task contains known vendor text" status="Failed" classname="E:\DevRepos\NetworkCleaner\netclean\tests\Unit\NetClean.Phase1.Unit.Tests.ps1" assertions="0" time="1.756">
      <failure message="Expected the actual value to be greater than 0, but got 0.">at $result.Count | Should -BeGreaterThan 0, E:\DevRepos\NetworkCleaner\netclean\tests\Unit\NetClean.Phase1.Unit.Tests.ps1:184
at &lt;ScriptBlock&gt;, E:\DevRepos\NetworkCleaner\netclean\tests\Unit\NetClean.Phase1.Unit.Tests.ps1:184</failure>
    </testcase>
    <testcase name="NetClean Phase 1 unit tests.Get-ScheduledTaskEvidence.returns empty when no scheduled tasks are found" status="Passed" classname="E:\DevRepos\NetworkCleaner\netclean\tests\Unit\NetClean.Phase1.Unit.Tests.ps1" assertions="0" time="0.051" />
    <testcase name="NetClean Phase 1 unit tests.Get-AppxPackageEvidence.returns evidence when an app package contains known vendor text" status="Failed" classname="E:\DevRepos\NetworkCleaner\netclean\tests\Unit\NetClean.Phase1.Unit.Tests.ps1" assertions="0" time="0.272">
      <failure message="Expected the actual value to be greater than 0, but got 0.">at $result.Count | Should -BeGreaterThan 0, E:\DevRepos\NetworkCleaner\netclean\tests\Unit\NetClean.Phase1.Unit.Tests.ps1:208
at &lt;ScriptBlock&gt;, E:\DevRepos\NetworkCleaner\netclean\tests\Unit\NetClean.Phase1.Unit.Tests.ps1:208</failure>
    </testcase>
    <testcase name="NetClean Phase 1 unit tests.Get-AppxPackageEvidence.returns empty when no matching app packages are found" status="Passed" classname="E:\DevRepos\NetworkCleaner\netclean\tests\Unit\NetClean.Phase1.Unit.Tests.ps1" assertions="0" time="0.056" />
    <testcase name="NetClean Phase 1 unit tests.Get-ProtectionEvidence.aggregates evidence from all enabled evidence sources" status="Failed" classname="E:\DevRepos\NetworkCleaner\netclean\tests\Unit\NetClean.Phase1.Unit.Tests.ps1" assertions="0" time="42.473">
      <failure message="Expected 2, but got 914.">at $result.Count | Should -Be 2, E:\DevRepos\NetworkCleaner\netclean\tests\Unit\NetClean.Phase1.Unit.Tests.ps1:231
at &lt;ScriptBlock&gt;, E:\DevRepos\NetworkCleaner\netclean\tests\Unit\NetClean.Phase1.Unit.Tests.ps1:231</failure>
    </testcase>
    <testcase name="NetClean Phase 1 unit tests.Get-ProtectionEvidence.returns empty when no evidence sources produce results" status="Failed" classname="E:\DevRepos\NetworkCleaner\netclean\tests\Unit\NetClean.Phase1.Unit.Tests.ps1" assertions="0" time="27.196">
      <failure message="Expected 0, but got 912.">at $result.Count | Should -Be 0, E:\DevRepos\NetworkCleaner\netclean\tests\Unit\NetClean.Phase1.Unit.Tests.ps1:244
at &lt;ScriptBlock&gt;, E:\DevRepos\NetworkCleaner\netclean\tests\Unit\NetClean.Phase1.Unit.Tests.ps1:244</failure>
    </testcase>
    <testcase name="NetClean Phase 1 unit tests.Get-ProtectionEvidence.continues when Get-CimInstance throws for some classes" status="Failed" classname="E:\DevRepos\NetworkCleaner\netclean\tests\Unit\NetClean.Phase1.Unit.Tests.ps1" assertions="0" time="525.478">
      <failure message="Expected $null, because No other evidence providers were mocked to return results, but got @(@{Source=Uninstall; ProductClass=InstalledProduct; Name=7-Zip 24.09 (x64); DisplayName=7-Zip 24.09 (x64); Path=C:\Program Files\7-Zip\7zFM.exe; Publisher=Igor Pavlov; InstallPath=C:\Program Files\7-Zip\; InterfaceDescription=; Manufacturer=Igor Pavlov; CompanyName=Igor Pavlov; FileDescription=7-Zip File Manager; ProductName=7-Zip; SignerSubject=; InferredVendor=; UninstallString=&quot;C:\Program Files\7-Zip\Uninstall.exe&quot;; Instance=@{DisplayName=7-Zip 24.09 (x64); DisplayVersion=24.09; DisplayIcon=C:\Program Files\7-Zip\7zFM.exe; InstallLocation=C:\Program Files\7-Zip\; UninstallString=&quot;C:\Program Files\7-Zip\Uninstall.exe&quot;; QuietUninstallString=&quot;C:\Program Files\7-Zip\Uninstall.exe&quot; /S; NoModify=1; NoRepair=1; EstimatedSize=5727; VersionMajor=24; VersionMinor=9; Publisher=Igor Pavlov; PSPath=Microsoft.PowerShell.Core\Registry::HKEY_LOCAL_MACHINE\SOFTWARE\Microsoft\Windows\CurrentVersion\Uninstall\7-Zip; PSParentPath=Microsoft.PowerShell.Core\Registry::HKEY_LOCAL_MACHINE\SOFTWARE\Microsoft\Windows\CurrentVersion\Uninstall; PSChildName=7-Zip; PSDrive=HKLM; PSProvider=Microsoft.PowerShell.Core\Registry}}, @{Source=Uninstall; ProductClass=InstalledProduct; Name=Windows Admin Center (v2); DisplayName=Windows Admin Center (v2); Path=C:\Program Files\WindowsAdminCenter\Service\WindowsAdminCenter.exe; Publisher=Microsoft Corporation; InstallPath=C:\Program Files\WindowsAdminCenter\; InterfaceDescription=; Manufacturer=Microsoft Corporation; CompanyName=Microsoft Corporation; FileDescription=Windows Admin Center; ProductName=WindowsAdminCenter; SignerSubject=CN=Microsoft Corporation, O=Microsoft Corporation, L=Redmond, S=Washington, C=US; InferredVendor=Microsoft; UninstallString=&quot;C:\Program Files\WindowsAdminCenter\unins000.exe&quot;; Instance=@{Inno Setup: Setup Version=6.2.2; Inno Setup: App Path=C:\Program Files\WindowsAdminCenter; InstallLocation=C:\Program Files\WindowsAdminCenter\; Inno Setup: Icon Group=Windows Admin Center (v2); Inno Setup: User=seanw; Inno Setup: Selected Tasks=desktopshortcut; Inno Setup: Deselected Tasks=; Inno Setup: Language=en; DisplayName=Windows Admin Center (v2); DisplayIcon=C:\Program Files\WindowsAdminCenter\Service\WindowsAdminCenter.exe; UninstallString=&quot;C:\Program Files\WindowsAdminCenter\unins000.exe&quot;; QuietUninstallString=&quot;C:\Program Files\WindowsAdminCenter\unins000.exe&quot; /SILENT; DisplayVersion=2.4.1.2; Publisher=Microsoft Corporation; URLInfoAbout=https://www.microsoft.com/en-us/windows-server/windows-admin-center; HelpLink=https://www.microsoft.com/en-us/windows-server/windows-admin-center; URLUpdateInfo=https://www.microsoft.com/en-us/windows-server/windows-admin-center; NoModify=1; NoRepair=1; InstallDate=20251022; MajorVersion=2; MinorVersion=4; VersionMajor=2; VersionMinor=4; EstimatedSize=715314; Inno Setup CodeFile: InstallationMode=Express; PSPath=Microsoft.PowerShell.Core\Registry::HKEY_LOCAL_MACHINE\SOFTWARE\Microsoft\Windows\CurrentVersion\Uninstall\9B27DF2F-5386-41DF-B52B-5DF81914B043_is1; PSParentPath=Microsoft.PowerShell.Core\Registry::HKEY_LOCAL_MACHINE\SOFTWARE\Microsoft\Windows\CurrentVersion\Uninstall; PSChildName=9B27DF2F-5386-41DF-B52B-5DF81914B043_is1; PSDrive=HKLM; PSProvider=Microsoft.PowerShell.Core\Registry}}, @{Source=Uninstall; ProductClass=InstalledProduct; Name=Northgard; DisplayName=Northgard; Path=E:\Program Files\Northgard\goggame-1076977034.ico; Publisher=GOG.com; InstallPath=E:\Program Files\Northgard\; InterfaceDescription=; Manufacturer=GOG.com; CompanyName=; FileDescription=; ProductName=; SignerSubject=; InferredVendor=; UninstallString=&quot;E:\Program Files\Northgard\unins000.exe&quot;; Instance=@{Inno Setup: Setup Version=5.6.1 (u); Inno Setup: App Path=E:\Program Files\Northgard; InstallLocation=E:\Program Files\Northgard\; Inno Setup: Icon Group=Northgard [GOG.com]; Inno Setup: User=seanw; Inno Setup: Language=english; DisplayName=Northgard; DisplayIcon=E:\Program Files\Northgard\goggame-1076977034.ico; UninstallString=&quot;E:\Program Files\Northgard\unins000.exe&quot;; QuietUninstallString=&quot;E:\Program Files\Northgard\unins000.exe&quot; /SILENT; DisplayVersion=4.0.17.43257; Publisher=GOG.com; URLInfoAbout=http://www.gog.com; HelpLink=http://www.gog.com; URLUpdateInfo=http://www.gog.com; NoModify=1; NoRepair=1; InstallDate=20260206; MajorVersion=4; MinorVersion=0; VersionMajor=4; VersionMinor=0; EstimatedSize=2153; PSPath=Microsoft.PowerShell.Core\Registry::HKEY_LOCAL_MACHINE\SOFTWARE\WOW6432Node\Microsoft\Windows\CurrentVersion\Uninstall\1076977034_is1; PSParentPath=Microsoft.PowerShell.Core\Registry::HKEY_LOCAL_MACHINE\SOFTWARE\WOW6432Node\Microsoft\Windows\CurrentVersion\Uninstall; PSChildName=1076977034_is1; PSDrive=HKLM; PSProvider=Microsoft.PowerShell.Core\Registry}}, @{Source=Uninstall; ProductClass=InstalledProduct; Name=Northgard - Cross of Vidar Expansion Pack; DisplayName=Northgard - Cross of Vidar Expansion Pack; Path=E:\Program Files\Northgard\goggame-1076977034.ico; Publisher=GOG.com; InstallPath=E:\Program Files\Northgard\; InterfaceDescription=; Manufacturer=GOG.com; CompanyName=; FileDescription=; ProductName=; SignerSubject=; InferredVendor=; UninstallString=&quot;E:\Program Files\Northgard\unins010.exe&quot;; Instance=@{Inno Setup: Setup Version=5.6.1 (u); Inno Setup: App Path=E:\Program Files\Northgard; InstallLocation=E:\Program Files\Northgard\; Inno Setup: Icon Group=Northgard - Cross of Vidar Expansion Pack [GOG.com]; Inno Setup: User=seanw; Inno Setup: Language=english; DisplayName=Northgard - Cross of Vidar Expansion Pack; DisplayIcon=E:\Program Files\Northgard\goggame-1076977034.ico; UninstallString=&quot;E:\Program Files\Northgard\unins010.exe&quot;; QuietUninstallString=&quot;E:\Program Files\Northgard\unins010.exe&quot; /SILENT; DisplayVersion=4.0.17.43257; Publisher=GOG.com; URLInfoAbout=http://www.gog.com; HelpLink=http://www.gog.com; URLUpdateInfo=http://www.gog.com; NoModify=1; NoRepair=1; InstallDate=20260206; MajorVersion=4; MinorVersion=0; VersionMajor=4; VersionMinor=0; EstimatedSize=2153; PSPath=Microsoft.PowerShell.Core\Registry::HKEY_LOCAL_MACHINE\SOFTWARE\WOW6432Node\Microsoft\Windows\CurrentVersion\Uninstall\1090140888_is1; PSParentPath=Microsoft.PowerShell.Core\Registry::HKEY_LOCAL_MACHINE\SOFTWARE\WOW6432Node\Microsoft\Windows\CurrentVersion\Uninstall; PSChildName=1090140888_is1; PSDrive=HKLM; PSProvider=Microsoft.PowerShell.Core\Registry}}, @{Source=Uninstall; ProductClass=InstalledProduct; Name=Descent 3; DisplayName=Descent 3; Path=E:\Program Files\GOG\Descent 3\goggame-1207658657.ico; Publisher=GOG.com; InstallPath=E:\Program Files\GOG\Descent 3\; InterfaceDescription=; Manufacturer=GOG.com; CompanyName=; FileDescription=; ProductName=; SignerSubject=; InferredVendor=; UninstallString=&quot;E:\Program Files\GOG\Descent 3\unins000.exe&quot;; Instance=@{Inno Setup: Setup Version=5.6.1 (u); Inno Setup: App Path=E:\Program Files\GOG\Descent 3; InstallLocation=E:\Program Files\GOG\Descent 3\; Inno Setup: Icon Group=Descent 3 [GOG.com]; Inno Setup: User=seanw; Inno Setup: Language=english; DisplayName=Descent 3; DisplayIcon=E:\Program Files\GOG\Descent 3\goggame-1207658657.ico; UninstallString=&quot;E:\Program Files\GOG\Descent 3\unins000.exe&quot;; QuietUninstallString=&quot;E:\Program Files\GOG\Descent 3\unins000.exe&quot; /SILENT; DisplayVersion=1.4; Publisher=GOG.com; URLInfoAbout=http://www.gog.com; HelpLink=http://www.gog.com; URLUpdateInfo=http://www.gog.com; NoModify=1; NoRepair=1; InstallDate=20251003; MajorVersion=1; MinorVersion=4; VersionMajor=1; VersionMinor=4; EstimatedSize=2153; PSPath=Microsoft.PowerShell.Core\Registry::HKEY_LOCAL_MACHINE\SOFTWARE\WOW6432Node\Microsoft\Windows\CurrentVersion\Uninstall\1207658657_is1; PSParentPath=Microsoft.PowerShell.Core\Registry::HKEY_LOCAL_MACHINE\SOFTWARE\WOW6432Node\Microsoft\Windows\CurrentVersion\Uninstall; PSChildName=1207658657_is1; PSDrive=HKLM; PSProvider=Microsoft.PowerShell.Core\Registry}}, @{Source=Uninstall; ProductClass=InstalledProduct; Name=Heroes of Might and Magic 3 Complete; DisplayName=Heroes of Might and Magic 3 Complete; Path=E:\Program Files\GOG\HoMM 3 Complete\goggame-1207658787.ico; Publisher=GOG.com; InstallPath=E:\Program Files\GOG\HoMM 3 Complete\; InterfaceDescription=; Manufacturer=GOG.com; CompanyName=; FileDescription=; ProductName=; SignerSubject=; InferredVendor=; UninstallString=&quot;E:\Program Files\GOG\HoMM 3 Complete\unins000.exe&quot;; Instance=@{Inno Setup: Setup Version=5.6.1 (u); Inno Setup: App Path=E:\Program Files\GOG\HoMM 3 Complete; InstallLocation=E:\Program Files\GOG\HoMM 3 Complete\; Inno Setup: Icon Group=Heroes of Might and Magic 3 Complete [GOG.com]; Inno Setup: User=seanw; Inno Setup: Language=english; DisplayName=Heroes of Might and Magic 3 Complete; DisplayIcon=E:\Program Files\GOG\HoMM 3 Complete\goggame-1207658787.ico; UninstallString=&quot;E:\Program Files\GOG\HoMM 3 Complete\unins000.exe&quot;; QuietUninstallString=&quot;E:\Program Files\GOG\HoMM 3 Complete\unins000.exe&quot; /SILENT; DisplayVersion=4.0 (3.2) GOG 0.1; Publisher=GOG.com; URLInfoAbout=http://www.gog.com; HelpLink=http://www.gog.com; URLUpdateInfo=http://www.gog.com; NoModify=1; NoRepair=1; InstallDate=20251002; EstimatedSize=2153; PSPath=Microsoft.PowerShell.Core\Registry::HKEY_LOCAL_MACHINE\SOFTWARE\WOW6432Node\Microsoft\Windows\CurrentVersion\Uninstall\1207658787_is1; PSParentPath=Microsoft.PowerShell.Core\Registry::HKEY_LOCAL_MACHINE\SOFTWARE\WOW6432Node\Microsoft\Windows\CurrentVersion\Uninstall; PSChildName=1207658787_is1; PSDrive=HKLM; PSProvider=Microsoft.PowerShell.Core\Registry}}, @{Source=Uninstall; ProductClass=InstalledProduct; Name=Zeus and Poseidon; DisplayName=Zeus and Poseidon; Path=E:\Program Files\GOG\Zeus and Poseidon\gog.ico; Publisher=GOG.com; InstallPath=E:\Program Files\GOG\Zeus and Poseidon\; InterfaceDescription=; Manufacturer=GOG.com; CompanyName=; FileDescription=; ProductName=; SignerSubject=; InferredVendor=; UninstallString=&quot;E:\Program Files\GOG\Zeus and Poseidon\unins000.exe&quot;; Instance=@{Inno Setup: Setup Version=5.5.5 (u); Inno Setup: App Path=E:\Program Files\GOG\Zeus and Poseidon; InstallLocation=E:\Program Files\GOG\Zeus and Poseidon\; Inno Setup: Icon Group=Zeus and Poseidon [GOG.com]; Inno Setup: User=seanw; Inno Setup: Setup Type=full; Inno Setup: Selected Components=component0; Inno Setup: Deselected Components=; Inno Setup: Language=english; DisplayName=Zeus and Poseidon; DisplayIcon=E:\Program Files\GOG\Zeus and Poseidon\gog.ico; UninstallString=&quot;E:\Program Files\GOG\Zeus and Poseidon\unins000.exe&quot;; QuietUninstallString=&quot;E:\Program Files\GOG\Zeus and Poseidon\unins000.exe&quot; /SILENT; DisplayVersion=2.1.0.10; Publisher=GOG.com; URLInfoAbout=http://www.gog.com; HelpLink=http://www.gog.com; URLUpdateInfo=http://www.gog.com; NoModify=1; NoRepair=1; InstallDate=20250613; MajorVersion=2; MinorVersion=1; EstimatedSize=1390; PSPath=Microsoft.PowerShell.Core\Registry::HKEY_LOCAL_MACHINE\SOFTWARE\WOW6432Node\Microsoft\Windows\CurrentVersion\Uninstall\1207659039_is1; PSParentPath=Microsoft.PowerShell.Core\Registry::HKEY_LOCAL_MACHINE\SOFTWARE\WOW6432Node\Microsoft\Windows\CurrentVersion\Uninstall; PSChildName=1207659039_is1; PSDrive=HKLM; PSProvider=Microsoft.PowerShell.Core\Registry}}, @{Source=Uninstall; ProductClass=InstalledProduct; Name=Warlords Battlecry; DisplayName=Warlords Battlecry; Path=E:\Program Files\GOG\Warlords Battlecry\gog.ico; Publisher=GOG.com; InstallPath=E:\Program Files\GOG\Warlords Battlecry\; InterfaceDescription=; Manufacturer=GOG.com; CompanyName=; FileDescription=; ProductName=; SignerSubject=; InferredVendor=; UninstallString=&quot;E:\Program Files\GOG\Warlords Battlecry\unins000.exe&quot;; Instance=@{Inno Setup: Setup Version=5.5.5 (u); Inno Setup: App Path=E:\Program Files\GOG\Warlords Battlecry; InstallLocation=E:\Program Files\GOG\Warlords Battlecry\; Inno Setup: Icon Group=Warlords Battlecry [GOG.com]; Inno Setup: User=seanw; Inno Setup: Setup Type=full; Inno Setup: Selected Components=component0; Inno Setup: Deselected Components=; Inno Setup: Language=english; DisplayName=Warlords Battlecry; DisplayIcon=E:\Program Files\GOG\Warlords Battlecry\gog.ico; UninstallString=&quot;E:\Program Files\GOG\Warlords Battlecry\unins000.exe&quot;; QuietUninstallString=&quot;E:\Program Files\GOG\Warlords Battlecry\unins000.exe&quot; /SILENT; DisplayVersion=2.1.0.14; Publisher=GOG.com; URLInfoAbout=http://www.gog.com; HelpLink=http://www.gog.com; URLUpdateInfo=http://www.gog.com; NoModify=1; NoRepair=1; InstallDate=20250613; MajorVersion=2; MinorVersion=1; EstimatedSize=1310; PSPath=Microsoft.PowerShell.Core\Registry::HKEY_LOCAL_MACHINE\SOFTWARE\WOW6432Node\Microsoft\Windows\CurrentVersion\Uninstall\1207659110_is1; PSParentPath=Microsoft.PowerShell.Core\Registry::HKEY_LOCAL_MACHINE\SOFTWARE\WOW6432Node\Microsoft\Windows\CurrentVersion\Uninstall; PSChildName=1207659110_is1; PSDrive=HKLM; PSProvider=Microsoft.PowerShell.Core\Registry}}, @{Source=Uninstall; ProductClass=InstalledProduct; Name=The Settlers 3 - Ultimate Collection; DisplayName=The Settlers 3 - Ultimate Collection; Path=E:\Program Files\GOG\Settlers 3 Ultimate\goggame-1207659185.ico; Publisher=GOG.com; InstallPath=E:\Program Files\GOG\Settlers 3 Ultimate\; InterfaceDescription=; Manufacturer=GOG.com; CompanyName=; FileDescription=; ProductName=; SignerSubject=; InferredVendor=; UninstallString=&quot;E:\Program Files\GOG\Settlers 3 Ultimate\unins000.exe&quot;; Instance=@{Inno Setup: Setup Version=5.6.1 (u); Inno Setup: App Path=E:\Program Files\GOG\Settlers 3 Ultimate; InstallLocation=E:\Program Files\GOG\Settlers 3 Ultimate\; Inno Setup: Icon Group=The Settlers 3 - Ultimate Collection [GOG.com]; Inno Setup: User=seanw; Inno Setup: Language=english; DisplayName=The Settlers 3 - Ultimate Collection; DisplayIcon=E:\Program Files\GOG\Settlers 3 Ultimate\goggame-1207659185.ico; UninstallString=&quot;E:\Program Files\GOG\Settlers 3 Ultimate\unins000.exe&quot;; QuietUninstallString=&quot;E:\Program Files\GOG\Settlers 3 Ultimate\unins000.exe&quot; /SILENT; DisplayVersion=1.60 v3 win11 fix; Publisher=GOG.com; URLInfoAbout=http://www.gog.com; HelpLink=http://www.gog.com; URLUpdateInfo=http://www.gog.com; NoModify=1; NoRepair=1; InstallDate=20251210; EstimatedSize=2153; PSPath=Microsoft.PowerShell.Core\Registry::HKEY_LOCAL_MACHINE\SOFTWARE\WOW6432Node\Microsoft\Windows\CurrentVersion\Uninstall\1207659185_is1; PSParentPath=Microsoft.PowerShell.Core\Registry::HKEY_LOCAL_MACHINE\SOFTWARE\WOW6432Node\Microsoft\Windows\CurrentVersion\Uninstall; PSChildName=1207659185_is1; PSDrive=HKLM; PSProvider=Microsoft.PowerShell.Core\Registry}}, @{Source=Uninstall; ProductClass=InstalledProduct; Name=Heroes of Might and Magic V; DisplayName=Heroes of Might and Magic V; Path=E:\Program Files\GOG\Heroes of Might and Magic V\goggame-1207661143.ico; Publisher=GOG.com; InstallPath=E:\Program Files\GOG\Heroes of Might and Magic V\; InterfaceDescription=; Manufacturer=GOG.com; CompanyName=; FileDescription=; ProductName=; SignerSubject=; InferredVendor=; UninstallString=&quot;E:\Program Files\GOG\Heroes of Might and Magic V\unins000.exe&quot;; Instance=@{Inno Setup: Setup Version=5.6.1 (u); Inno Setup: App Path=E:\Program Files\GOG\Heroes of Might and Magic V; InstallLocation=E:\Program Files\GOG\Heroes of Might and Magic V\; Inno Setup: Icon Group=Heroes of Might and Magic V [GOG.com]; Inno Setup: User=seanw; Inno Setup: Language=english; DisplayName=Heroes of Might and Magic V; DisplayIcon=E:\Program Files\GOG\Heroes of Might and Magic V\goggame-1207661143.ico; UninstallString=&quot;E:\Program Files\GOG\Heroes of Might and Magic V\unins000.exe&quot;; QuietUninstallString=&quot;E:\Program Files\GOG\Heroes of Might and Magic V\unins000.exe&quot; /SILENT; DisplayVersion=2.1 v3 GOG; Publisher=GOG.com; URLInfoAbout=http://www.gog.com; HelpLink=http://www.gog.com; URLUpdateInfo=http://www.gog.com; NoModify=1; NoRepair=1; InstallDate=20250918; EstimatedSize=2153; PSPath=Microsoft.PowerShell.Core\Registry::HKEY_LOCAL_MACHINE\SOFTWARE\WOW6432Node\Microsoft\Windows\CurrentVersion\Uninstall\1207661143_is1; PSParentPath=Microsoft.PowerShell.Core\Registry::HKEY_LOCAL_MACHINE\SOFTWARE\WOW6432Node\Microsoft\Windows\CurrentVersion\Uninstall; PSChildName=1207661143_is1; PSDrive=HKLM; PSProvider=Microsoft.PowerShell.Core\Registry}}, ...635 more).">at $res | Should -Be @() -Because 'No other evidence providers were mocked to return results', E:\DevRepos\NetworkCleaner\netclean\tests\Unit\NetClean.Phase1.Unit.Tests.ps1:255
at &lt;ScriptBlock&gt;, E:\DevRepos\NetworkCleaner\netclean\tests\Unit\NetClean.Phase1.Unit.Tests.ps1:255</failure>
    </testcase>
    <testcase name="NetClean Phase 1 unit tests.Get-ProtectionInventory.builds vendor inventory from evidence" status="Failed" classname="E:\DevRepos\NetworkCleaner\netclean\tests\Unit\NetClean.Phase1.Unit.Tests.ps1" assertions="0" time="32.702">
      <failure message="PropertyNotFoundException: The property 'Name' cannot be found on this object. Verify that the property exists.">at Test-VendorPatternMatch, E:\DevRepos\NetworkCleaner\netclean\Modules\NetClean.psm1:1121
at Get-ProtectionInventory, E:\DevRepos\NetworkCleaner\netclean\Modules\NetCleanPhase1.ps1:928
at &lt;ScriptBlock&gt;, E:\DevRepos\NetworkCleaner\netclean\tests\Unit\NetClean.Phase1.Unit.Tests.ps1:278</failure>
    </testcase>
    <testcase name="NetClean Phase 1 unit tests.Get-ProtectionInventory.returns empty inventory when no evidence exists" status="Passed" classname="E:\DevRepos\NetworkCleaner\netclean\tests\Unit\NetClean.Phase1.Unit.Tests.ps1" assertions="0" time="31.100" />
    <testcase name="NetClean Phase 1 unit tests.Get-ProtectionRegistryMap.returns a registry map based on inventory" status="Passed" classname="E:\DevRepos\NetworkCleaner\netclean\tests\Unit\NetClean.Phase1.Unit.Tests.ps1" assertions="0" time="0.190" />
    <testcase name="NetClean Phase 1 unit tests.Get-ProtectionRegistryMap.returns empty when inventory is empty" status="Passed" classname="E:\DevRepos\NetworkCleaner\netclean\tests\Unit\NetClean.Phase1.Unit.Tests.ps1" assertions="0" time="0.037" />
    <testcase name="NetClean Phase 1 unit tests.Get-ProtectedInterfaceGuidSet.returns distinct protected interface GUIDs from inventory" status="Passed" classname="E:\DevRepos\NetworkCleaner\netclean\tests\Unit\NetClean.Phase1.Unit.Tests.ps1" assertions="0" time="0.060" />
    <testcase name="NetClean Phase 1 unit tests.Get-ProtectedInterfaceGuidSet.returns empty when no protected GUIDs exist" status="Passed" classname="E:\DevRepos\NetworkCleaner\netclean\tests\Unit\NetClean.Phase1.Unit.Tests.ps1" assertions="0" time="0.038" />
    <testcase name="NetClean Phase 1 unit tests.Get-NetworkPrivacyArtifactCandidate.returns candidate artifacts when registry paths exist" status="Passed" classname="E:\DevRepos\NetworkCleaner\netclean\tests\Unit\NetClean.Phase1.Unit.Tests.ps1" assertions="0" time="255.561" />
    <testcase name="NetClean Phase 1 unit tests.Get-NetworkPrivacyArtifactCandidate.returns empty when candidate paths do not exist" status="Failed" classname="E:\DevRepos\NetworkCleaner\netclean\tests\Unit\NetClean.Phase1.Unit.Tests.ps1" assertions="0" time="376.422">
      <failure message="Expected 0, but got 15.">at $result.Count | Should -Be 0, E:\DevRepos\NetworkCleaner\netclean\tests\Unit\NetClean.Phase1.Unit.Tests.ps1:373
at &lt;ScriptBlock&gt;, E:\DevRepos\NetworkCleaner\netclean\tests\Unit\NetClean.Phase1.Unit.Tests.ps1:373</failure>
    </testcase>
    <testcase name="NetClean Phase 1 unit tests.Get-SanitizableNetworkArtifact.filters out protected artifacts and keeps sanitizable ones" status="Passed" classname="E:\DevRepos\NetworkCleaner\netclean\tests\Unit\NetClean.Phase1.Unit.Tests.ps1" assertions="0" time="377.657" />
    <testcase name="NetClean Phase 1 unit tests.Get-SanitizableNetworkArtifact.returns empty when no candidate artifacts are sanitizable" status="Passed" classname="E:\DevRepos\NetworkCleaner\netclean\tests\Unit\NetClean.Phase1.Unit.Tests.ps1" assertions="0" time="378.584" />
    <testcase name="NetClean Phase 1 unit tests.Invoke-NetCleanPhase1Detect.returns a detect context with populated summary fields" status="Passed" classname="E:\DevRepos\NetworkCleaner\netclean\tests\Unit\NetClean.Phase1.Unit.Tests.ps1" assertions="0" time="0.308" />
    <testcase name="NetClean Phase 1 unit tests.Invoke-NetCleanPhase1Detect.returns zero counts when no inventory or artifacts are found" status="Passed" classname="E:\DevRepos\NetworkCleaner\netclean\tests\Unit\NetClean.Phase1.Unit.Tests.ps1" assertions="0" time="0.150" />
  </testsuite>
  <testsuite name="E:\DevRepos\NetworkCleaner\netclean\tests\Unit\NetClean.Phase2.Unit.Tests.ps1" tests="28" errors="0" failures="12" hostname="BADROCK-PC" id="6" skipped="0" disabled="0" package="E:\DevRepos\NetworkCleaner\netclean\tests\Unit\NetClean.Phase2.Unit.Tests.ps1" time="4.561">
    <properties>
      <property name="clr-version" value="4.0.30319.42000" />
      <property name="user-domain" value="BADROCK-PC" />
      <property name="cwd" value="E:\DevRepos\NetworkCleaner\netclean" />
      <property name="platform" value="Microsoft Windows 11 Pro|C:\WINDOWS|\Device\Harddisk0\Partition3" />
      <property name="machine-name" value="BADROCK-PC" />
      <property name="framework-version" value="5.7.1" />
      <property name="os-version" value="10.0.26200" />
      <property name="junit-version" value="4" />
      <property name="user" value="seanw" />
    </properties>
    <testcase name="NetClean Phase 2 unit tests.Get-WiFiProfileName.returns Wi-Fi profile names parsed from netsh output" status="Passed" classname="E:\DevRepos\NetworkCleaner\netclean\tests\Unit\NetClean.Phase2.Unit.Tests.ps1" assertions="0" time="0.109" />
    <testcase name="NetClean Phase 2 unit tests.Get-WiFiProfileName.returns distinct profile names only" status="Passed" classname="E:\DevRepos\NetworkCleaner\netclean\tests\Unit\NetClean.Phase2.Unit.Tests.ps1" assertions="0" time="0.054" />
    <testcase name="NetClean Phase 2 unit tests.Get-WiFiProfileName.returns an empty collection when netsh returns no output" status="Passed" classname="E:\DevRepos\NetworkCleaner\netclean\tests\Unit\NetClean.Phase2.Unit.Tests.ps1" assertions="0" time="0.043" />
    <testcase name="NetClean Phase 2 unit tests.Get-WiFiProfileName.returns an empty collection when native capture reports failure" status="Passed" classname="E:\DevRepos\NetworkCleaner\netclean\tests\Unit\NetClean.Phase2.Unit.Tests.ps1" assertions="0" time="0.042" />
    <testcase name="NetClean Phase 2 unit tests.Export-WiFiProfile.returns empty when no Wi-Fi profiles are detected" status="Passed" classname="E:\DevRepos\NetworkCleaner\netclean\tests\Unit\NetClean.Phase2.Unit.Tests.ps1" assertions="0" time="0.100" />
    <testcase name="NetClean Phase 2 unit tests.Export-WiFiProfile.returns planned outputs in dry-run mode" status="Passed" classname="E:\DevRepos\NetworkCleaner\netclean\tests\Unit\NetClean.Phase2.Unit.Tests.ps1" assertions="0" time="0.080" />
    <testcase name="NetClean Phase 2 unit tests.Export-WiFiProfile.writes the list file and records exported XMLs when bulk export succeeds" status="Failed" classname="E:\DevRepos\NetworkCleaner\netclean\tests\Unit\NetClean.Phase2.Unit.Tests.ps1" assertions="0" time="0.171">
      <failure message="Expected 2, but got 1.">at $result.Count | Should -Be 2, E:\DevRepos\NetworkCleaner\netclean\tests\Unit\NetClean.Phase2.Unit.Tests.ps1:149
at &lt;ScriptBlock&gt;, E:\DevRepos\NetworkCleaner\netclean\tests\Unit\NetClean.Phase2.Unit.Tests.ps1:149</failure>
    </testcase>
    <testcase name="NetClean Phase 2 unit tests.Export-WiFiProfile.falls back to per-profile export when bulk export creates no files" status="Passed" classname="E:\DevRepos\NetworkCleaner\netclean\tests\Unit\NetClean.Phase2.Unit.Tests.ps1" assertions="0" time="0.343" />
    <testcase name="NetClean Phase 2 unit tests.Export-WiFiProfile.continues when a per-profile export fails and still returns successful exports" status="Passed" classname="E:\DevRepos\NetworkCleaner\netclean\tests\Unit\NetClean.Phase2.Unit.Tests.ps1" assertions="0" time="0.195" />
    <testcase name="NetClean Phase 2 unit tests.Export-NetworkList.returns the expected file path in dry-run mode" status="Passed" classname="E:\DevRepos\NetworkCleaner\netclean\tests\Unit\NetClean.Phase2.Unit.Tests.ps1" assertions="0" time="0.023" />
    <testcase name="NetClean Phase 2 unit tests.Export-NetworkList.calls reg export through safe external command helper" status="Failed" classname="E:\DevRepos\NetworkCleaner\netclean\tests\Unit\NetClean.Phase2.Unit.Tests.ps1" assertions="0" time="1.068">
      <failure message="RuntimeException: reg.exe export failed for 'HKLM\SOFTWARE\Microsoft\Windows NT\CurrentVersion\NetworkList' with exit code 1">at Invoke-RegExport, E:\DevRepos\NetworkCleaner\netclean\Modules\NetClean.psm1:1378
at Export-NetworkList, E:\DevRepos\NetworkCleaner\netclean\Modules\NetCleanPhase2.ps1:120
at &lt;ScriptBlock&gt;, E:\DevRepos\NetworkCleaner\netclean\tests\Unit\NetClean.Phase2.Unit.Tests.ps1:249</failure>
    </testcase>
    <testcase name="NetClean Phase 2 unit tests.Export-ProtectedRegistryKey.returns planned output in dry-run mode" status="Failed" classname="E:\DevRepos\NetworkCleaner\netclean\tests\Unit\NetClean.Phase2.Unit.Tests.ps1" assertions="0" time="0.024">
      <failure message="ParameterBindingException: A parameter cannot be found that matches parameter name 'RegistryPaths'.">at &lt;ScriptBlock&gt;, E:\DevRepos\NetworkCleaner\netclean\tests\Unit\NetClean.Phase2.Unit.Tests.ps1:259</failure>
    </testcase>
    <testcase name="NetClean Phase 2 unit tests.Export-ProtectedRegistryKey.exports each protected registry key path" status="Failed" classname="E:\DevRepos\NetworkCleaner\netclean\tests\Unit\NetClean.Phase2.Unit.Tests.ps1" assertions="0" time="0.032">
      <failure message="ParameterBindingException: A parameter cannot be found that matches parameter name 'RegistryPaths'.">at &lt;ScriptBlock&gt;, E:\DevRepos\NetworkCleaner\netclean\tests\Unit\NetClean.Phase2.Unit.Tests.ps1:268</failure>
    </testcase>
    <testcase name="NetClean Phase 2 unit tests.Export-ProtectedRegistryKey.returns empty when no registry paths are supplied" status="Failed" classname="E:\DevRepos\NetworkCleaner\netclean\tests\Unit\NetClean.Phase2.Unit.Tests.ps1" assertions="0" time="0.026">
      <failure message="ParameterBindingException: A parameter cannot be found that matches parameter name 'RegistryPaths'.">at &lt;ScriptBlock&gt;, E:\DevRepos\NetworkCleaner\netclean\tests\Unit\NetClean.Phase2.Unit.Tests.ps1:278</failure>
    </testcase>
    <testcase name="NetClean Phase 2 unit tests.Export-ProtectedRegistryKey.skips invalid registry paths and continues exporting valid ones" status="Failed" classname="E:\DevRepos\NetworkCleaner\netclean\tests\Unit\NetClean.Phase2.Unit.Tests.ps1" assertions="0" time="0.038">
      <failure message="ParameterBindingException: A parameter cannot be found that matches parameter name 'RegistryPaths'.">at &lt;ScriptBlock&gt;, E:\DevRepos\NetworkCleaner\netclean\tests\Unit\NetClean.Phase2.Unit.Tests.ps1:289</failure>
    </testcase>
    <testcase name="NetClean Phase 2 unit tests.Export-ProtectionInventory.returns expected output path in dry-run mode" status="Passed" classname="E:\DevRepos\NetworkCleaner\netclean\tests\Unit\NetClean.Phase2.Unit.Tests.ps1" assertions="0" time="0.027" />
    <testcase name="NetClean Phase 2 unit tests.Export-ProtectionInventory.writes inventory JSON to disk" status="Passed" classname="E:\DevRepos\NetworkCleaner\netclean\tests\Unit\NetClean.Phase2.Unit.Tests.ps1" assertions="0" time="0.074" />
    <testcase name="NetClean Phase 2 unit tests.Export-ProtectionRegistryMap.returns expected output path in dry-run mode" status="Failed" classname="E:\DevRepos\NetworkCleaner\netclean\tests\Unit\NetClean.Phase2.Unit.Tests.ps1" assertions="0" time="0.024">
      <failure message="ParameterBindingException: A parameter cannot be found that matches parameter name 'RegistryMap'.">at &lt;ScriptBlock&gt;, E:\DevRepos\NetworkCleaner\netclean\tests\Unit\NetClean.Phase2.Unit.Tests.ps1:320</failure>
    </testcase>
    <testcase name="NetClean Phase 2 unit tests.Export-SanitizableNetworkArtifact.returns expected output path in dry-run mode" status="Failed" classname="E:\DevRepos\NetworkCleaner\netclean\tests\Unit\NetClean.Phase2.Unit.Tests.ps1" assertions="0" time="0.023">
      <failure message="ParameterBindingException: A parameter cannot be found that matches parameter name 'Artifacts'.">at &lt;ScriptBlock&gt;, E:\DevRepos\NetworkCleaner\netclean\tests\Unit\NetClean.Phase2.Unit.Tests.ps1:330</failure>
    </testcase>
    <testcase name="NetClean Phase 2 unit tests.Export-FirewallPolicy.returns expected output path in dry-run mode" status="Passed" classname="E:\DevRepos\NetworkCleaner\netclean\tests\Unit\NetClean.Phase2.Unit.Tests.ps1" assertions="0" time="0.027" />
    <testcase name="NetClean Phase 2 unit tests.Export-FirewallPolicy.uses external command helper when not in dry-run mode" status="Passed" classname="E:\DevRepos\NetworkCleaner\netclean\tests\Unit\NetClean.Phase2.Unit.Tests.ps1" assertions="0" time="0.052" />
    <testcase name="NetClean Phase 2 unit tests.Export-NetCleanManifest.returns expected output path in dry-run mode" status="Failed" classname="E:\DevRepos\NetworkCleaner\netclean\tests\Unit\NetClean.Phase2.Unit.Tests.ps1" assertions="0" time="0.034">
      <failure message="InvalidOperationException: The BackupPath property was not found for the System.Collections.Hashtable object. The available property is: [IsReadOnly &lt;System.Boolean&gt;] , [IsFixedSize &lt;System.Boolean&gt;] , [IsSynchronized &lt;System.Boolean&gt;] , [Keys &lt;System.Collections.ICollection&gt;] , [Values &lt;System.Collections.ICollection&gt;] , [SyncRoot &lt;System.Object&gt;] , [Count &lt;System.Int32&gt;]&#xD;&#xA;PSInvalidCastException: Cannot convert the &quot;@{BackupPath=C:\backup}&quot; value of type &quot;System.Management.Automation.PSCustomObject&quot; to type &quot;System.Collections.Hashtable&quot;.&#xD;&#xA;PSInvalidCastException: Cannot convert value &quot;@{BackupPath=C:\backup}&quot; to type &quot;System.Collections.Hashtable&quot;. Error: &quot;Cannot convert the &quot;@{BackupPath=C:\backup}&quot; value of type &quot;System.Management.Automation.PSCustomObject&quot; to type &quot;System.Collections.Hashtable&quot;.&quot;&#xD;&#xA;ArgumentTransformationMetadataException: Cannot convert value &quot;@{BackupPath=C:\backup}&quot; to type &quot;System.Collections.Hashtable&quot;. Error: &quot;Cannot convert the &quot;@{BackupPath=C:\backup}&quot; value of type &quot;System.Management.Automation.PSCustomObject&quot; to type &quot;System.Collections.Hashtable&quot;.&quot;&#xD;&#xA;ParameterBindingArgumentTransformationException: Cannot process argument transformation on parameter 'Manifest'. Cannot convert value &quot;@{BackupPath=C:\backup}&quot; to type &quot;System.Collections.Hashtable&quot;. Error: &quot;Cannot convert the &quot;@{BackupPath=C:\backup}&quot; value of type &quot;System.Management.Automation.PSCustomObject&quot; to type &quot;System.Collections.Hashtable&quot;.&quot;">at &lt;ScriptBlock&gt;, E:\DevRepos\NetworkCleaner\netclean\tests\Unit\NetClean.Phase2.Unit.Tests.ps1:364</failure>
    </testcase>
    <testcase name="NetClean Phase 2 unit tests.Export-NetCleanManifest.writes manifest JSON when not in dry-run mode" status="Failed" classname="E:\DevRepos\NetworkCleaner\netclean\tests\Unit\NetClean.Phase2.Unit.Tests.ps1" assertions="0" time="0.029">
      <failure message="InvalidOperationException: The BackupPath property was not found for the System.Collections.Hashtable object. The available property is: [IsReadOnly &lt;System.Boolean&gt;] , [IsFixedSize &lt;System.Boolean&gt;] , [IsSynchronized &lt;System.Boolean&gt;] , [Keys &lt;System.Collections.ICollection&gt;] , [Values &lt;System.Collections.ICollection&gt;] , [SyncRoot &lt;System.Object&gt;] , [Count &lt;System.Int32&gt;]&#xD;&#xA;PSInvalidCastException: Cannot convert the &quot;@{BackupPath=C:\backup}&quot; value of type &quot;System.Management.Automation.PSCustomObject&quot; to type &quot;System.Collections.Hashtable&quot;.&#xD;&#xA;PSInvalidCastException: Cannot convert value &quot;@{BackupPath=C:\backup}&quot; to type &quot;System.Collections.Hashtable&quot;. Error: &quot;Cannot convert the &quot;@{BackupPath=C:\backup}&quot; value of type &quot;System.Management.Automation.PSCustomObject&quot; to type &quot;System.Collections.Hashtable&quot;.&quot;&#xD;&#xA;ArgumentTransformationMetadataException: Cannot convert value &quot;@{BackupPath=C:\backup}&quot; to type &quot;System.Collections.Hashtable&quot;. Error: &quot;Cannot convert the &quot;@{BackupPath=C:\backup}&quot; value of type &quot;System.Management.Automation.PSCustomObject&quot; to type &quot;System.Collections.Hashtable&quot;.&quot;&#xD;&#xA;ParameterBindingArgumentTransformationException: Cannot process argument transformation on parameter 'Manifest'. Cannot convert value &quot;@{BackupPath=C:\backup}&quot; to type &quot;System.Collections.Hashtable&quot;. Error: &quot;Cannot convert the &quot;@{BackupPath=C:\backup}&quot; value of type &quot;System.Management.Automation.PSCustomObject&quot; to type &quot;System.Collections.Hashtable&quot;.&quot;">at &lt;ScriptBlock&gt;, E:\DevRepos\NetworkCleaner\netclean\tests\Unit\NetClean.Phase2.Unit.Tests.ps1:372</failure>
    </testcase>
    <testcase name="NetClean Phase 2 unit tests.Invoke-NetCleanPhase2Protect.returns a protect context with manifest and summary in dry-run mode" status="Failed" classname="E:\DevRepos\NetworkCleaner\netclean\tests\Unit\NetClean.Phase2.Unit.Tests.ps1" assertions="0" time="0.644">
      <failure message="PropertyNotFoundException: The property 'FirewallBackup' cannot be found on this object. Verify that the property exists.">at &lt;ScriptBlock&gt;, E:\DevRepos\NetworkCleaner\netclean\tests\Unit\NetClean.Phase2.Unit.Tests.ps1:419</failure>
    </testcase>
    <testcase name="NetClean Phase 2 unit tests.Invoke-NetCleanPhase2Protect.skips firewall backup when requested" status="Failed" classname="E:\DevRepos\NetworkCleaner\netclean\tests\Unit\NetClean.Phase2.Unit.Tests.ps1" assertions="0" time="0.165">
      <failure message="PropertyNotFoundException: The property 'FirewallBackup' cannot be found on this object. Verify that the property exists.">at &lt;ScriptBlock&gt;, E:\DevRepos\NetworkCleaner\netclean\tests\Unit\NetClean.Phase2.Unit.Tests.ps1:428</failure>
    </testcase>
    <testcase name="NetClean Phase 2 unit tests.Invoke-NetCleanPhase2Protect.creates backup directory when not in dry-run mode" status="Passed" classname="E:\DevRepos\NetworkCleaner\netclean\tests\Unit\NetClean.Phase2.Unit.Tests.ps1" assertions="0" time="0.182" />
    <testcase name="NetClean Phase 2 unit tests.Invoke-NetCleanPhase2Protect.handles empty protected registry paths gracefully" status="Passed" classname="E:\DevRepos\NetworkCleaner\netclean\tests\Unit\NetClean.Phase2.Unit.Tests.ps1" assertions="0" time="0.175" />
    <testcase name="NetClean Phase 2 unit tests.Invoke-NetCleanPhase2Protect.passes through manifest file path from export" status="Passed" classname="E:\DevRepos\NetworkCleaner\netclean\tests\Unit\NetClean.Phase2.Unit.Tests.ps1" assertions="0" time="0.167" />
  </testsuite>
  <testsuite name="E:\DevRepos\NetworkCleaner\netclean\tests\Unit\NetClean.Phase3.Unit.Tests.ps1" tests="48" errors="0" failures="26" hostname="BADROCK-PC" id="7" skipped="0" disabled="0" package="E:\DevRepos\NetworkCleaner\netclean\tests\Unit\NetClean.Phase3.Unit.Tests.ps1" time="3.894">
    <properties>
      <property name="clr-version" value="4.0.30319.42000" />
      <property name="user-domain" value="BADROCK-PC" />
      <property name="cwd" value="E:\DevRepos\NetworkCleaner\netclean" />
      <property name="platform" value="Microsoft Windows 11 Pro|C:\WINDOWS|\Device\Harddisk0\Partition3" />
      <property name="machine-name" value="BADROCK-PC" />
      <property name="framework-version" value="5.7.1" />
      <property name="os-version" value="10.0.26200" />
      <property name="junit-version" value="4" />
      <property name="user" value="seanw" />
    </properties>
    <testcase name="NetClean Phase 3 unit tests.Remove-WiFiProfilesSafe.returns empty results when no Wi-Fi profiles are found" status="Passed" classname="E:\DevRepos\NetworkCleaner\netclean\tests\Unit\NetClean.Phase3.Unit.Tests.ps1" assertions="0" time="0.068" />
    <testcase name="NetClean Phase 3 unit tests.Remove-WiFiProfilesSafe.returns planned removals in dry-run mode when profiles are discovered automatically" status="Passed" classname="E:\DevRepos\NetworkCleaner\netclean\tests\Unit\NetClean.Phase3.Unit.Tests.ps1" assertions="0" time="0.064" />
    <testcase name="NetClean Phase 3 unit tests.Remove-WiFiProfilesSafe.uses explicitly supplied WifiProfiles instead of auto-discovery" status="Passed" classname="E:\DevRepos\NetworkCleaner\netclean\tests\Unit\NetClean.Phase3.Unit.Tests.ps1" assertions="0" time="0.031" />
    <testcase name="NetClean Phase 3 unit tests.Remove-WiFiProfilesSafe.returns WhatIf-skipped operations when ShouldProcess declines" status="Failed" classname="E:\DevRepos\NetworkCleaner\netclean\tests\Unit\NetClean.Phase3.Unit.Tests.ps1" assertions="0" time="0.113">
      <failure message="CommandNotFoundException: Could not find Command ShouldProcess"></failure>
    </testcase>
    <testcase name="NetClean Phase 3 unit tests.Remove-WiFiProfilesSafe.returns successful removals when parallel processing succeeds" status="Passed" classname="E:\DevRepos\NetworkCleaner\netclean\tests\Unit\NetClean.Phase3.Unit.Tests.ps1" assertions="0" time="0.101" />
    <testcase name="NetClean Phase 3 unit tests.Remove-WiFiProfilesSafe.falls back to sequential native removal when parallel invocation fails" status="Passed" classname="E:\DevRepos\NetworkCleaner\netclean\tests\Unit\NetClean.Phase3.Unit.Tests.ps1" assertions="0" time="0.137" />
    <testcase name="NetClean Phase 3 unit tests.Clear-DnsCacheSafe.returns a dry-run result when DryRun is specified" status="Failed" classname="E:\DevRepos\NetworkCleaner\netclean\tests\Unit\NetClean.Phase3.Unit.Tests.ps1" assertions="0" time="0.034">
      <failure message="PropertyNotFoundException: The property 'DryRun' cannot be found on this object. Verify that the property exists.">at &lt;ScriptBlock&gt;, E:\DevRepos\NetworkCleaner\netclean\tests\Unit\NetClean.Phase3.Unit.Tests.ps1:101</failure>
    </testcase>
    <testcase name="NetClean Phase 3 unit tests.Clear-DnsCacheSafe.returns a skipped result when WhatIf is used" status="Passed" classname="E:\DevRepos\NetworkCleaner\netclean\tests\Unit\NetClean.Phase3.Unit.Tests.ps1" assertions="0" time="0.028" />
    <testcase name="NetClean Phase 3 unit tests.Clear-DnsCacheSafe.returns success when command execution succeeds" status="Passed" classname="E:\DevRepos\NetworkCleaner\netclean\tests\Unit\NetClean.Phase3.Unit.Tests.ps1" assertions="0" time="0.043" />
    <testcase name="NetClean Phase 3 unit tests.Clear-ArpCacheSafe.returns a dry-run result when DryRun is specified" status="Failed" classname="E:\DevRepos\NetworkCleaner\netclean\tests\Unit\NetClean.Phase3.Unit.Tests.ps1" assertions="0" time="0.025">
      <failure message="PropertyNotFoundException: The property 'DryRun' cannot be found on this object. Verify that the property exists.">at &lt;ScriptBlock&gt;, E:\DevRepos\NetworkCleaner\netclean\tests\Unit\NetClean.Phase3.Unit.Tests.ps1:135</failure>
    </testcase>
    <testcase name="NetClean Phase 3 unit tests.Clear-ArpCacheSafe.returns a skipped result when WhatIf is used" status="Passed" classname="E:\DevRepos\NetworkCleaner\netclean\tests\Unit\NetClean.Phase3.Unit.Tests.ps1" assertions="0" time="0.029" />
    <testcase name="NetClean Phase 3 unit tests.Clear-ArpCacheSafe.returns success when command execution succeeds" status="Passed" classname="E:\DevRepos\NetworkCleaner\netclean\tests\Unit\NetClean.Phase3.Unit.Tests.ps1" assertions="0" time="0.043" />
    <testcase name="NetClean Phase 3 unit tests.Remove-RegistryPathSafe.returns a dry-run result when DryRun is specified" status="Failed" classname="E:\DevRepos\NetworkCleaner\netclean\tests\Unit\NetClean.Phase3.Unit.Tests.ps1" assertions="0" time="0.033">
      <failure message="PropertyNotFoundException: The property 'Succeeded' cannot be found on this object. Verify that the property exists.">at &lt;ScriptBlock&gt;, E:\DevRepos\NetworkCleaner\netclean\tests\Unit\NetClean.Phase3.Unit.Tests.ps1:171</failure>
    </testcase>
    <testcase name="NetClean Phase 3 unit tests.Remove-RegistryPathSafe.returns not found when path does not exist" status="Failed" classname="E:\DevRepos\NetworkCleaner\netclean\tests\Unit\NetClean.Phase3.Unit.Tests.ps1" assertions="0" time="0.043">
      <failure message="PropertyNotFoundException: The property 'Succeeded' cannot be found on this object. Verify that the property exists.">at &lt;ScriptBlock&gt;, E:\DevRepos\NetworkCleaner\netclean\tests\Unit\NetClean.Phase3.Unit.Tests.ps1:180</failure>
    </testcase>
[...]
    <testcase name="NetClean Phase 3 unit tests.Remove-WiFiProfilesSafe.returns WhatIf-skipped operations when ShouldProcess declines" status="Failed" classname="E:\DevRepos\NetworkCleaner\netclean\tests\Unit\NetClean.Phase4.Unit.Tests.ps1" assertions="0" time="0.105">
      <failure message="CommandNotFoundException: Could not find Command ShouldProcess"></failure>
    </testcase>
    <testcase name="NetClean Phase 3 unit tests.Remove-WiFiProfilesSafe.returns successful removals when parallel processing succeeds" status="Passed" classname="E:\DevRepos\NetworkCleaner\netclean\tests\Unit\NetClean.Phase4.Unit.Tests.ps1" assertions="0" time="0.045" />
    <testcase name="NetClean Phase 3 unit tests.Remove-WiFiProfilesSafe.falls back to sequential native removal when parallel invocation fails" status="Passed" classname="E:\DevRepos\NetworkCleaner\netclean\tests\Unit\NetClean.Phase4.Unit.Tests.ps1" assertions="0" time="0.070" />
    <testcase name="NetClean Phase 3 unit tests.Clear-DnsCacheSafe.returns a dry-run result when DryRun is specified" status="Failed" classname="E:\DevRepos\NetworkCleaner\netclean\tests\Unit\NetClean.Phase4.Unit.Tests.ps1" assertions="0" time="0.023">
      <failure message="PropertyNotFoundException: The property 'DryRun' cannot be found on this object. Verify that the property exists.">at &lt;ScriptBlock&gt;, E:\DevRepos\NetworkCleaner\netclean\tests\Unit\NetClean.Phase4.Unit.Tests.ps1:101</failure>
    </testcase>
    <testcase name="NetClean Phase 3 unit tests.Clear-DnsCacheSafe.returns a skipped result when WhatIf is used" status="Passed" classname="E:\DevRepos\NetworkCleaner\netclean\tests\Unit\NetClean.Phase4.Unit.Tests.ps1" assertions="0" time="0.018" />
    <testcase name="NetClean Phase 3 unit tests.Clear-DnsCacheSafe.returns success when command execution succeeds" status="Passed" classname="E:\DevRepos\NetworkCleaner\netclean\tests\Unit\NetClean.Phase4.Unit.Tests.ps1" assertions="0" time="0.036" />
    <testcase name="NetClean Phase 3 unit tests.Clear-ArpCacheSafe.returns a dry-run result when DryRun is specified" status="Failed" classname="E:\DevRepos\NetworkCleaner\netclean\tests\Unit\NetClean.Phase4.Unit.Tests.ps1" assertions="0" time="0.020">
      <failure message="PropertyNotFoundException: The property 'DryRun' cannot be found on this object. Verify that the property exists.">at &lt;ScriptBlock&gt;, E:\DevRepos\NetworkCleaner\netclean\tests\Unit\NetClean.Phase4.Unit.Tests.ps1:135</failure>
    </testcase>
    <testcase name="NetClean Phase 3 unit tests.Clear-ArpCacheSafe.returns a skipped result when WhatIf is used" status="Passed" classname="E:\DevRepos\NetworkCleaner\netclean\tests\Unit\NetClean.Phase4.Unit.Tests.ps1" assertions="0" time="0.018" />
    <testcase name="NetClean Phase 3 unit tests.Clear-ArpCacheSafe.returns success when command execution succeeds" status="Passed" classname="E:\DevRepos\NetworkCleaner\netclean\tests\Unit\NetClean.Phase4.Unit.Tests.ps1" assertions="0" time="0.044" />
    <testcase name="NetClean Phase 3 unit tests.Remove-RegistryPathSafe.returns a dry-run result when DryRun is specified" status="Failed" classname="E:\DevRepos\NetworkCleaner\netclean\tests\Unit\NetClean.Phase4.Unit.Tests.ps1" assertions="0" time="0.026">
      <failure message="PropertyNotFoundException: The property 'Succeeded' cannot be found on this object. Verify that the property exists.">at &lt;ScriptBlock&gt;, E:\DevRepos\NetworkCleaner\netclean\tests\Unit\NetClean.Phase4.Unit.Tests.ps1:171</failure>
    </testcase>
    <testcase name="NetClean Phase 3 unit tests.Remove-RegistryPathSafe.returns not found when path does not exist" status="Failed" classname="E:\DevRepos\NetworkCleaner\netclean\tests\Unit\NetClean.Phase4.Unit.Tests.ps1" assertions="0" time="0.038">
      <failure message="PropertyNotFoundException: The property 'Succeeded' cannot be found on this object. Verify that the property exists.">at &lt;ScriptBlock&gt;, E:\DevRepos\NetworkCleaner\netclean\tests\Unit\NetClean.Phase4.Unit.Tests.ps1:180</failure>
    </testcase>
    <testcase name="NetClean Phase 3 unit tests.Remove-RegistryPathSafe.returns skipped when WhatIf is used" status="Passed" classname="E:\DevRepos\NetworkCleaner\netclean\tests\Unit\NetClean.Phase4.Unit.Tests.ps1" assertions="0" time="0.037" />
    <testcase name="NetClean Phase 3 unit tests.Remove-RegistryPathSafe.removes a registry path when it exists" status="Failed" classname="E:\DevRepos\NetworkCleaner\netclean\tests\Unit\NetClean.Phase4.Unit.Tests.ps1" assertions="0" time="0.061">
      <failure message="PropertyNotFoundException: The property 'Succeeded' cannot be found on this object. Verify that the property exists.">at &lt;ScriptBlock&gt;, E:\DevRepos\NetworkCleaner\netclean\tests\Unit\NetClean.Phase4.Unit.Tests.ps1:200</failure>
    </testcase>
    <testcase name="NetClean Phase 3 unit tests.Remove-RegistryPathSafe.returns failure details when Remove-Item throws" status="Failed" classname="E:\DevRepos\NetworkCleaner\netclean\tests\Unit\NetClean.Phase4.Unit.Tests.ps1" assertions="0" time="0.056">
      <failure message="WriteErrorException: Failed to remove registry path 'HKLM\SOFTWARE\Test': remove failed">at Write-NetCleanLog, E:\DevRepos\NetworkCleaner\netclean\Modules\NetClean.psm1:227
at Remove-RegistryPathSafe, E:\DevRepos\NetworkCleaner\netclean\Modules\NetCleanPhase3.ps1:411
at &lt;ScriptBlock&gt;, E:\DevRepos\NetworkCleaner\netclean\tests\Unit\NetClean.Phase4.Unit.Tests.ps1:209</failure>
    </testcase>
    <testcase name="NetClean Phase 3 unit tests.Remove-NetworkPrivacyArtifactsSafe.returns dry-run results without removing artifacts" status="Failed" classname="E:\DevRepos\NetworkCleaner\netclean\tests\Unit\NetClean.Phase4.Unit.Tests.ps1" assertions="0" time="0.031">
      <failure message="ParameterBindingException: A parameter cannot be found that matches parameter name 'Artifacts'.">at &lt;ScriptBlock&gt;, E:\DevRepos\NetworkCleaner\netclean\tests\Unit\NetClean.Phase4.Unit.Tests.ps1:235</failure>
    </testcase>
    <testcase name="NetClean Phase 3 unit tests.Remove-NetworkPrivacyArtifactsSafe.calls Remove-RegistryPathSafe for each artifact in normal mode" status="Failed" classname="E:\DevRepos\NetworkCleaner\netclean\tests\Unit\NetClean.Phase4.Unit.Tests.ps1" assertions="0" time="0.024">
      <failure message="ParameterBindingException: A parameter cannot be found that matches parameter name 'Artifacts'.">at &lt;ScriptBlock&gt;, E:\DevRepos\NetworkCleaner\netclean\tests\Unit\NetClean.Phase4.Unit.Tests.ps1:254</failure>
    </testcase>
    <testcase name="NetClean Phase 3 unit tests.Remove-NetworkPrivacyArtifactsSafe.returns empty summary when no artifacts are supplied" status="Failed" classname="E:\DevRepos\NetworkCleaner\netclean\tests\Unit\NetClean.Phase4.Unit.Tests.ps1" assertions="0" time="0.017">
      <failure message="ParameterBindingException: A parameter cannot be found that matches parameter name 'Artifacts'.">at &lt;ScriptBlock&gt;, E:\DevRepos\NetworkCleaner\netclean\tests\Unit\NetClean.Phase4.Unit.Tests.ps1:262</failure>
    </testcase>
    <testcase name="NetClean Phase 3 unit tests.Clear-NlaProbeStateSafe.returns dry-run results when DryRun is specified" status="Failed" classname="E:\DevRepos\NetworkCleaner\netclean\tests\Unit\NetClean.Phase4.Unit.Tests.ps1" assertions="0" time="0.046">
      <failure message="PropertyNotFoundException: The property 'Reason' cannot be found on this object. Verify that the property exists.">at &lt;ScriptBlock&gt;, E:\DevRepos\NetworkCleaner\netclean\tests\Unit\NetClean.Phase4.Unit.Tests.ps1:277
at &lt;ScriptBlock&gt;, E:\DevRepos\NetworkCleaner\netclean\tests\Unit\NetClean.Phase4.Unit.Tests.ps1:277</failure>
    </testcase>
    <testcase name="NetClean Phase 3 unit tests.Clear-NlaProbeStateSafe.returns skipped results when WhatIf is used" status="Failed" classname="E:\DevRepos\NetworkCleaner\netclean\tests\Unit\NetClean.Phase4.Unit.Tests.ps1" assertions="0" time="0.037">
      <failure message="PropertyNotFoundException: The property 'Reason' cannot be found on this object. Verify that the property exists.">at &lt;ScriptBlock&gt;, E:\DevRepos\NetworkCleaner\netclean\tests\Unit\NetClean.Phase4.Unit.Tests.ps1:284
at &lt;ScriptBlock&gt;, E:\DevRepos\NetworkCleaner\netclean\tests\Unit\NetClean.Phase4.Unit.Tests.ps1:284</failure>
    </testcase>
    <testcase name="NetClean Phase 3 unit tests.Clear-NlaProbeStateSafe.attempts to remove all configured NLA probe paths in normal mode" status="Failed" classname="E:\DevRepos\NetworkCleaner\netclean\tests\Unit\NetClean.Phase4.Unit.Tests.ps1" assertions="0" time="0.045">
      <failure message="Expected Remove-RegistryPathSafe in module NetClean to be called at least 4 times, but was called 0 times">at Should -Invoke Remove-RegistryPathSafe -Times $result.Count, E:\DevRepos\NetworkCleaner\netclean\tests\Unit\NetClean.Phase4.Unit.Tests.ps1:301
at &lt;ScriptBlock&gt;, E:\DevRepos\NetworkCleaner\netclean\tests\Unit\NetClean.Phase4.Unit.Tests.ps1:301</failure>
    </testcase>
    <testcase name="NetClean Phase 3 unit tests.Clear-NetworkEventLogsSafe.returns dry-run result objects for event logs" status="Passed" classname="E:\DevRepos\NetworkCleaner\netclean\tests\Unit\NetClean.Phase4.Unit.Tests.ps1" assertions="0" time="0.029" />
    <testcase name="NetClean Phase 3 unit tests.Clear-NetworkEventLogsSafe.returns skipped result objects when WhatIf is used" status="Passed" classname="E:\DevRepos\NetworkCleaner\netclean\tests\Unit\NetClean.Phase4.Unit.Tests.ps1" assertions="0" time="0.036" />
    <testcase name="NetClean Phase 3 unit tests.Clear-NetworkEventLogsSafe.calls external helper for each configured event log" status="Passed" classname="E:\DevRepos\NetworkCleaner\netclean\tests\Unit\NetClean.Phase4.Unit.Tests.ps1" assertions="0" time="0.070" />
    <testcase name="NetClean Phase 3 unit tests.Clear-UserNetworkArtifactsSafe.returns dry-run result objects for configured paths" status="Passed" classname="E:\DevRepos\NetworkCleaner\netclean\tests\Unit\NetClean.Phase4.Unit.Tests.ps1" assertions="0" time="0.035" />
    <testcase name="NetClean Phase 3 unit tests.Clear-UserNetworkArtifactsSafe.returns not-found entries when paths do not exist" status="Passed" classname="E:\DevRepos\NetworkCleaner\netclean\tests\Unit\NetClean.Phase4.Unit.Tests.ps1" assertions="0" time="0.070" />
    <testcase name="NetClean Phase 3 unit tests.Clear-UserNetworkArtifactsSafe.returns skipped entries when WhatIf is used" status="Passed" classname="E:\DevRepos\NetworkCleaner\netclean\tests\Unit\NetClean.Phase4.Unit.Tests.ps1" assertions="0" time="0.073" />
    <testcase name="NetClean Phase 3 unit tests.Clear-UserNetworkArtifactsSafe.removes paths when they exist and execution is allowed" status="Passed" classname="E:\DevRepos\NetworkCleaner\netclean\tests\Unit\NetClean.Phase4.Unit.Tests.ps1" assertions="0" time="0.115" />
    <testcase name="NetClean Phase 3 unit tests.Invoke-AdvancedNetworkRepair.returns dry-run actions when DryRun is specified" status="Passed" classname="E:\DevRepos\NetworkCleaner\netclean\tests\Unit\NetClean.Phase4.Unit.Tests.ps1" assertions="0" time="0.037" />
    <testcase name="NetClean Phase 3 unit tests.Invoke-AdvancedNetworkRepair.returns skipped actions when WhatIf is used" status="Passed" classname="E:\DevRepos\NetworkCleaner\netclean\tests\Unit\NetClean.Phase4.Unit.Tests.ps1" assertions="0" time="0.034" />
    <testcase name="NetClean Phase 3 unit tests.Invoke-AdvancedNetworkRepair.executes each configured repair command in normal mode" status="Passed" classname="E:\DevRepos\NetworkCleaner\netclean\tests\Unit\NetClean.Phase4.Unit.Tests.ps1" assertions="0" time="0.070" />
    <testcase name="NetClean Phase 3 unit tests.Invoke-NetworkPerformanceTune.throws when PerformanceProfile is missing or invalid if required by the function" status="Passed" classname="E:\DevRepos\NetworkCleaner\netclean\tests\Unit\NetClean.Phase4.Unit.Tests.ps1" assertions="0" time="0.021" />
    <testcase name="NetClean Phase 3 unit tests.Invoke-NetworkPerformanceTune.returns dry-run actions for the Conservative profile" status="Failed" classname="E:\DevRepos\NetworkCleaner\netclean\tests\Unit\NetClean.Phase4.Unit.Tests.ps1" assertions="0" time="0.017">
      <failure message="ParameterBindingException: A parameter cannot be found that matches parameter name 'PerformanceProfile'.">at &lt;ScriptBlock&gt;, E:\DevRepos\NetworkCleaner\netclean\tests\Unit\NetClean.Phase4.Unit.Tests.ps1:418</failure>
    </testcase>
    <testcase name="NetClean Phase 3 unit tests.Invoke-NetworkPerformanceTune.returns dry-run actions for the Optimal profile" status="Failed" classname="E:\DevRepos\NetworkCleaner\netclean\tests\Unit\NetClean.Phase4.Unit.Tests.ps1" assertions="0" time="0.017">
      <failure message="ParameterBindingException: A parameter cannot be found that matches parameter name 'PerformanceProfile'.">at &lt;ScriptBlock&gt;, E:\DevRepos\NetworkCleaner\netclean\tests\Unit\NetClean.Phase4.Unit.Tests.ps1:426</failure>
    </testcase>
    <testcase name="NetClean Phase 3 unit tests.Invoke-NetworkPerformanceTune.returns dry-run actions for the Gaming profile" status="Failed" classname="E:\DevRepos\NetworkCleaner\netclean\tests\Unit\NetClean.Phase4.Unit.Tests.ps1" assertions="0" time="0.016">
      <failure message="ParameterBindingException: A parameter cannot be found that matches parameter name 'PerformanceProfile'.">at &lt;ScriptBlock&gt;, E:\DevRepos\NetworkCleaner\netclean\tests\Unit\NetClean.Phase4.Unit.Tests.ps1:434</failure>
    </testcase>
    <testcase name="NetClean Phase 3 unit tests.Invoke-NetworkPerformanceTune.returns dry-run actions for the Default profile" status="Failed" classname="E:\DevRepos\NetworkCleaner\netclean\tests\Unit\NetClean.Phase4.Unit.Tests.ps1" assertions="0" time="0.023">
      <failure message="ParameterBindingException: A parameter cannot be found that matches parameter name 'PerformanceProfile'.">at &lt;ScriptBlock&gt;, E:\DevRepos\NetworkCleaner\netclean\tests\Unit\NetClean.Phase4.Unit.Tests.ps1:442</failure>
    </testcase>
    <testcase name="NetClean Phase 3 unit tests.Invoke-NetworkPerformanceTune.returns skipped actions when WhatIf is used" status="Failed" classname="E:\DevRepos\NetworkCleaner\netclean\tests\Unit\NetClean.Phase4.Unit.Tests.ps1" assertions="0" time="0.016">
      <failure message="ParameterBindingException: A parameter cannot be found that matches parameter name 'PerformanceProfile'.">at &lt;ScriptBlock&gt;, E:\DevRepos\NetworkCleaner\netclean\tests\Unit\NetClean.Phase4.Unit.Tests.ps1:450</failure>
    </testcase>
    <testcase name="NetClean Phase 3 unit tests.Invoke-NetworkPerformanceTune.executes tuning actions in normal mode" status="Failed" classname="E:\DevRepos\NetworkCleaner\netclean\tests\Unit\NetClean.Phase4.Unit.Tests.ps1" assertions="0" time="0.025">
      <failure message="ParameterBindingException: A parameter cannot be found that matches parameter name 'PerformanceProfile'.">at &lt;ScriptBlock&gt;, E:\DevRepos\NetworkCleaner\netclean\tests\Unit\NetClean.Phase4.Unit.Tests.ps1:466</failure>
    </testcase>
    <testcase name="NetClean Phase 3 unit tests.Invoke-NetCleanPhase3Clean.runs safe conference prep without advanced repair by default" status="Failed" classname="E:\DevRepos\NetworkCleaner\netclean\tests\Unit\NetClean.Phase4.Unit.Tests.ps1" assertions="0" time="0.151">
      <failure message="RuntimeException: The variable '$EnableConservativePerformanceTuning' cannot be retrieved because it has not been set.">at Invoke-NetCleanPhase3Clean, E:\DevRepos\NetworkCleaner\netclean\Modules\NetCleanPhase3.ps1:1377
at &lt;ScriptBlock&gt;, E:\DevRepos\NetworkCleaner\netclean\tests\Unit\NetClean.Phase4.Unit.Tests.ps1:534</failure>
    </testcase>
    <testcase name="NetClean Phase 3 unit tests.Invoke-NetCleanPhase3Clean.skips Wi-Fi cleanup when SkipWifi is used" status="Failed" classname="E:\DevRepos\NetworkCleaner\netclean\tests\Unit\NetClean.Phase4.Unit.Tests.ps1" assertions="0" time="0.102">
      <failure message="RuntimeException: The variable '$EnableConservativePerformanceTuning' cannot be retrieved because it has not been set.">at Invoke-NetCleanPhase3Clean, E:\DevRepos\NetworkCleaner\netclean\Modules\NetCleanPhase3.ps1:1377
at &lt;ScriptBlock&gt;, E:\DevRepos\NetworkCleaner\netclean\tests\Unit\NetClean.Phase4.Unit.Tests.ps1:544</failure>
    </testcase>
    <testcase name="NetClean Phase 3 unit tests.Invoke-NetCleanPhase3Clean.skips DNS cleanup when SkipDnsFlush is used" status="Failed" classname="E:\DevRepos\NetworkCleaner\netclean\tests\Unit\NetClean.Phase4.Unit.Tests.ps1" assertions="0" time="0.102">
      <failure message="RuntimeException: The variable '$EnableConservativePerformanceTuning' cannot be retrieved because it has not been set.">at Invoke-NetCleanPhase3Clean, E:\DevRepos\NetworkCleaner\netclean\Modules\NetCleanPhase3.ps1:1377
at &lt;ScriptBlock&gt;, E:\DevRepos\NetworkCleaner\netclean\tests\Unit\NetClean.Phase4.Unit.Tests.ps1:551</failure>
    </testcase>
    <testcase name="NetClean Phase 3 unit tests.Invoke-NetCleanPhase3Clean.skips event log cleanup when SkipEventLogs is used" status="Failed" classname="E:\DevRepos\NetworkCleaner\netclean\tests\Unit\NetClean.Phase4.Unit.Tests.ps1" assertions="0" time="0.094">
      <failure message="RuntimeException: The variable '$EnableConservativePerformanceTuning' cannot be retrieved because it has not been set.">at Invoke-NetCleanPhase3Clean, E:\DevRepos\NetworkCleaner\netclean\Modules\NetCleanPhase3.ps1:1377
at &lt;ScriptBlock&gt;, E:\DevRepos\NetworkCleaner\netclean\tests\Unit\NetClean.Phase4.Unit.Tests.ps1:558</failure>
    </testcase>
    <testcase name="NetClean Phase 3 unit tests.Invoke-NetCleanPhase3Clean.skips user artifact cleanup when SkipUserArtifacts is used" status="Failed" classname="E:\DevRepos\NetworkCleaner\netclean\tests\Unit\NetClean.Phase4.Unit.Tests.ps1" assertions="0" time="0.100">
      <failure message="RuntimeException: The variable '$EnableConservativePerformanceTuning' cannot be retrieved because it has not been set.">at Invoke-NetCleanPhase3Clean, E:\DevRepos\NetworkCleaner\netclean\Modules\NetCleanPhase3.ps1:1377
at &lt;ScriptBlock&gt;, E:\DevRepos\NetworkCleaner\netclean\tests\Unit\NetClean.Phase4.Unit.Tests.ps1:565</failure>
    </testcase>
    <testcase name="NetClean Phase 3 unit tests.Invoke-NetCleanPhase3Clean.includes advanced repair actions in AdvancedRepair mode" status="Failed" classname="E:\DevRepos\NetworkCleaner\netclean\tests\Unit\NetClean.Phase4.Unit.Tests.ps1" assertions="0" time="0.111">
      <failure message="RuntimeException: The variable '$EnableConservativePerformanceTuning' cannot be retrieved because it has not been set.">at Invoke-NetCleanPhase3Clean, E:\DevRepos\NetworkCleaner\netclean\Modules\NetCleanPhase3.ps1:1377
at &lt;ScriptBlock&gt;, E:\DevRepos\NetworkCleaner\netclean\tests\Unit\NetClean.Phase4.Unit.Tests.ps1:572</failure>
    </testcase>
    <testcase name="NetClean Phase 3 unit tests.Invoke-NetCleanPhase3Clean.includes performance tuning actions in PerformanceTune mode" status="Failed" classname="E:\DevRepos\NetworkCleaner\netclean\tests\Unit\NetClean.Phase4.Unit.Tests.ps1" assertions="0" time="0.119">
      <failure message="PropertyNotFoundException: The property 'Succeeded' cannot be found on this object. Verify that the property exists.">at Invoke-NetCleanPhase3Clean, E:\DevRepos\NetworkCleaner\netclean\Modules\NetCleanPhase3.ps1:1467
at &lt;ScriptBlock&gt;, E:\DevRepos\NetworkCleaner\netclean\tests\Unit\NetClean.Phase4.Unit.Tests.ps1:579</failure>
    </testcase>
    <testcase name="NetClean Phase 3 unit tests.Invoke-NetCleanPhase3Clean.throws when PerformanceTune mode is used without a PerformanceProfile" status="Passed" classname="E:\DevRepos\NetworkCleaner\netclean\tests\Unit\NetClean.Phase4.Unit.Tests.ps1" assertions="0" time="0.132" />
  </testsuite>
</testsuites>